UpdateCTestConfiguration  from :/home/kargla/robot_movement/build/movement_info/CTestConfiguration.ini
Parse Config file:/home/kargla/robot_movement/build/movement_info/CTestConfiguration.ini
   Site: kargla-ideapad
   Build name: (empty)
 Add coverage exclude regular expressions.
Create new tag: 20250101-1334 - Experimental
UpdateCTestConfiguration  from :/home/kargla/robot_movement/build/movement_info/CTestConfiguration.ini
Parse Config file:/home/kargla/robot_movement/build/movement_info/CTestConfiguration.ini
Test project /home/kargla/robot_movement/build/movement_info
Constructing a list of tests
Done constructing a list of tests
Updating test list for fixtures
Added 0 tests to meet fixture requirements
Checking test dependency graph...
Checking test dependency graph end
test 1
    Start 1: movement_info_movement_gtest

1: Test command: /usr/bin/python3 "-u" "/opt/ros/humble/share/ament_cmake_test/cmake/run_test.py" "/home/kargla/robot_movement/build/movement_info/test_results/movement_info/movement_info_movement_gtest.gtest.xml" "--package-name" "movement_info" "--output-file" "/home/kargla/robot_movement/build/movement_info/ament_cmake_gtest/movement_info_movement_gtest.txt" "--command" "/home/kargla/robot_movement/build/movement_info/movement_info_movement_gtest" "--gtest_output=xml:/home/kargla/robot_movement/build/movement_info/test_results/movement_info/movement_info_movement_gtest.gtest.xml"
1: Test timeout computed to be: 60
1: -- run_test.py: invoking following command in '/home/kargla/robot_movement/build/movement_info':
1:  - /home/kargla/robot_movement/build/movement_info/movement_info_movement_gtest --gtest_output=xml:/home/kargla/robot_movement/build/movement_info/test_results/movement_info/movement_info_movement_gtest.gtest.xml
1: [==========] Running 1 test from 1 test suite.
1: [----------] Global test environment set-up.
1: [----------] 1 test from MovementTest
1: [ RUN      ] MovementTest.HeadingDeterminationTest1
1: unknown file: Failure
1: C++ exception with description "failed to create guard condition: context argument is null, at ./src/rcl/guard_condition.c:65" thrown in the test body.
1: [  FAILED  ] MovementTest.HeadingDeterminationTest1 (9 ms)
1: [----------] 1 test from MovementTest (9 ms total)
1: 
1: [----------] Global test environment tear-down
1: [==========] 1 test from 1 test suite ran. (9 ms total)
1: [  PASSED  ] 0 tests.
1: [  FAILED  ] 1 test, listed below:
1: [  FAILED  ] MovementTest.HeadingDeterminationTest1
1: 
1:  1 FAILED TEST
1: -- run_test.py: return code 1
1: -- run_test.py: inject classname prefix into gtest result file '/home/kargla/robot_movement/build/movement_info/test_results/movement_info/movement_info_movement_gtest.gtest.xml'
1: -- run_test.py: verify result file '/home/kargla/robot_movement/build/movement_info/test_results/movement_info/movement_info_movement_gtest.gtest.xml'
1/2 Test #1: movement_info_movement_gtest .....***Failed    0.12 sec
test 2
    Start 2: movement_info_movement_gmock

2: Test command: /usr/bin/python3 "-u" "/opt/ros/humble/share/ament_cmake_test/cmake/run_test.py" "/home/kargla/robot_movement/build/movement_info/test_results/movement_info/movement_info_movement_gmock.gtest.xml" "--package-name" "movement_info" "--output-file" "/home/kargla/robot_movement/build/movement_info/ament_cmake_gmock/movement_info_movement_gmock.txt" "--command" "/home/kargla/robot_movement/build/movement_info/movement_info_movement_gmock" "--gtest_output=xml:/home/kargla/robot_movement/build/movement_info/test_results/movement_info/movement_info_movement_gmock.gtest.xml"
2: Test timeout computed to be: 60
2: -- run_test.py: invoking following command in '/home/kargla/robot_movement/build/movement_info':
2:  - /home/kargla/robot_movement/build/movement_info/movement_info_movement_gmock --gtest_output=xml:/home/kargla/robot_movement/build/movement_info/test_results/movement_info/movement_info_movement_gmock.gtest.xml
2: [==========] Running 1 test from 1 test suite.
2: [----------] Global test environment set-up.
2: [----------] 1 test from MovementTest
2: [ RUN      ] MovementTest.HeadingDeterminationTest1
2: unknown file: Failure
2: C++ exception with description "failed to create guard condition: context argument is null, at ./src/rcl/guard_condition.c:65" thrown in the test body.
2: [  FAILED  ] MovementTest.HeadingDeterminationTest1 (6 ms)
2: [----------] 1 test from MovementTest (6 ms total)
2: 
2: [----------] Global test environment tear-down
2: [==========] 1 test from 1 test suite ran. (6 ms total)
2: [  PASSED  ] 0 tests.
2: [  FAILED  ] 1 test, listed below:
2: [  FAILED  ] MovementTest.HeadingDeterminationTest1
2: 
2:  1 FAILED TEST
2: -- run_test.py: return code 1
2: -- run_test.py: inject classname prefix into gtest result file '/home/kargla/robot_movement/build/movement_info/test_results/movement_info/movement_info_movement_gmock.gtest.xml'
2: -- run_test.py: verify result file '/home/kargla/robot_movement/build/movement_info/test_results/movement_info/movement_info_movement_gmock.gtest.xml'
2/2 Test #2: movement_info_movement_gmock .....***Failed    0.10 sec

0% tests passed[0;0m, [0;31m2 tests failed[0;0m out of 2

Label Time Summary:
gmock    =   0.10 sec*proc (1 test)
gtest    =   0.12 sec*proc (1 test)

Total Test time (real) =   0.22 sec

The following tests FAILED:
	[0;31m  1 - movement_info_movement_gtest (Failed)[0;0m
	[0;31m  2 - movement_info_movement_gmock (Failed)[0;0m
Errors while running CTest
Output from these tests are in: /home/kargla/robot_movement/build/movement_info/Testing/Temporary/LastTest.log
Use "--rerun-failed --output-on-failure" to re-run the failed cases verbosely.
