[0.013s] Invoking command in '/home/kargla/robot_movement/build/movement_info': CMAKE_PREFIX_PATH=${CMAKE_PREFIX_PATH}:/opt/ros/humble /usr/bin/cmake --build /home/kargla/robot_movement/build/movement_info -- -j12 -l12
[0.078s] [ 10%] Built target gtest
[0.078s] [ 25%] Built target gmock
[0.081s] [ 45%] Built target gmock_main
[0.081s] [ 45%] Built target gtest_main
[0.087s] [ 80%] Built target movement_info_library
[0.087s] [ 80%] Built target movement
[0.103s] [35m[1mConsolidate compiler generated dependencies of target movement_info_movement_gtest[0m
[0.105s] [35m[1mConsolidate compiler generated dependencies of target movement_info_movement_gmock[0m
[0.126s] [ 85%] [32mBuilding CXX object CMakeFiles/movement_info_movement_gtest.dir/test/movement_test.cpp.o[0m
[0.129s] [ 90%] [32mBuilding CXX object CMakeFiles/movement_info_movement_gmock.dir/test/movement_test.cpp.o[0m
[3.252s] [01m[K/home/kargla/robot_movement/src/movement_info/test/movement_test.cpp:[m[K In member function â€˜[01m[Kvirtual void MovementTest_MovementInfoPublishingTest_Test::TestBody()[m[Kâ€™:
[3.252s] [01m[K/home/kargla/robot_movement/src/movement_info/test/movement_test.cpp:75:26:[m[K [01;31m[Kerror: [m[Kno matching function for call to â€˜[01m[Kspin_some(MockPublisher&)[m[Kâ€™
[3.252s]    75 |         [01;31m[Krclcpp::spin_some(mockPublisher)[m[K;
[3.252s]       |         [01;31m[K~~~~~~~~~~~~~~~~~^~~~~~~~~~~~~~~[m[K
[3.252s] In file included from [01m[K/opt/ros/humble/include/rclcpp/rclcpp/rclcpp.hpp:155[m[K,
[3.253s]                  from [01m[K/home/kargla/robot_movement/src/movement_info/include/movement_info/movement.hpp:4[m[K,
[3.253s]                  from [01m[K/home/kargla/robot_movement/src/movement_info/test/movement_test.cpp:3[m[K:
[3.253s] [01m[K/opt/ros/humble/include/rclcpp/rclcpp/executors.hpp:35:1:[m[K [01;36m[Knote: [m[Kcandidate: â€˜[01m[Kvoid rclcpp::spin_some(rclcpp::node_interfaces::NodeBaseInterface::SharedPtr)[m[Kâ€™
[3.253s]    35 | [01;36m[Kspin_some[m[K(rclcpp::node_interfaces::NodeBaseInterface::SharedPtr node_ptr);
[3.253s]       | [01;36m[K^~~~~~~~~[m[K
[3.253s] [01m[K/opt/ros/humble/include/rclcpp/rclcpp/executors.hpp:35:65:[m[K [01;36m[Knote: [m[K  no known conversion for argument 1 from â€˜[01m[KMockPublisher[m[Kâ€™ to â€˜[01m[Krclcpp::node_interfaces::NodeBaseInterface::SharedPtr[m[Kâ€™ {aka â€˜[01m[Kstd::shared_ptr<rclcpp::node_interfaces::NodeBaseInterface>[m[Kâ€™}
[3.253s]    35 | spin_some([01;36m[Krclcpp::node_interfaces::NodeBaseInterface::SharedPtr node_ptr[m[K);
[3.253s]       |           [01;36m[K~~~~~~~~~~~~~~~~~~~~~~~~~~~~~~~~~~~~~~~~~~~~~~~~~~~~~~^~~~~~~~[m[K
[3.253s] [01m[K/opt/ros/humble/include/rclcpp/rclcpp/executors.hpp:39:1:[m[K [01;36m[Knote: [m[Kcandidate: â€˜[01m[Kvoid rclcpp::spin_some(rclcpp::Node::SharedPtr)[m[Kâ€™
[3.253s]    39 | [01;36m[Kspin_some[m[K(rclcpp::Node::SharedPtr node_ptr);
[3.253s]       | [01;36m[K^~~~~~~~~[m[K
[3.253s] [01m[K/opt/ros/humble/include/rclcpp/rclcpp/executors.hpp:39:35:[m[K [01;36m[Knote: [m[K  no known conversion for argument 1 from â€˜[01m[KMockPublisher[m[Kâ€™ to â€˜[01m[Krclcpp::Node::SharedPtr[m[Kâ€™ {aka â€˜[01m[Kstd::shared_ptr<rclcpp::Node>[m[Kâ€™}
[3.253s]    39 | spin_some([01;36m[Krclcpp::Node::SharedPtr node_ptr[m[K);
[3.254s]       |           [01;36m[K~~~~~~~~~~~~~~~~~~~~~~~~^~~~~~~~[m[K
[3.390s] [01m[K/home/kargla/robot_movement/src/movement_info/test/movement_test.cpp:[m[K In member function â€˜[01m[Kvirtual void MovementTest_MovementInfoPublishingTest_Test::TestBody()[m[Kâ€™:
[3.390s] [01m[K/home/kargla/robot_movement/src/movement_info/test/movement_test.cpp:75:26:[m[K [01;31m[Kerror: [m[Kno matching function for call to â€˜[01m[Kspin_some(MockPublisher&)[m[Kâ€™
[3.390s]    75 |         [01;31m[Krclcpp::spin_some(mockPublisher)[m[K;
[3.390s]       |         [01;31m[K~~~~~~~~~~~~~~~~~^~~~~~~~~~~~~~~[m[K
[3.390s] In file included from [01m[K/opt/ros/humble/include/rclcpp/rclcpp/rclcpp.hpp:155[m[K,
[3.390s]                  from [01m[K/home/kargla/robot_movement/src/movement_info/include/movement_info/movement.hpp:4[m[K,
[3.390s]                  from [01m[K/home/kargla/robot_movement/src/movement_info/test/movement_test.cpp:3[m[K:
[3.390s] [01m[K/opt/ros/humble/include/rclcpp/rclcpp/executors.hpp:35:1:[m[K [01;36m[Knote: [m[Kcandidate: â€˜[01m[Kvoid rclcpp::spin_some(rclcpp::node_interfaces::NodeBaseInterface::SharedPtr)[m[Kâ€™
[3.390s]    35 | [01;36m[Kspin_some[m[K(rclcpp::node_interfaces::NodeBaseInterface::SharedPtr node_ptr);
[3.390s]       | [01;36m[K^~~~~~~~~[m[K
[3.390s] [01m[K/opt/ros/humble/include/rclcpp/rclcpp/executors.hpp:35:65:[m[K [01;36m[Knote: [m[K  no known conversion for argument 1 from â€˜[01m[KMockPublisher[m[Kâ€™ to â€˜[01m[Krclcpp::node_interfaces::NodeBaseInterface::SharedPtr[m[Kâ€™ {aka â€˜[01m[Kstd::shared_ptr<rclcpp::node_interfaces::NodeBaseInterface>[m[Kâ€™}
[3.390s]    35 | n_some([01;36m[Krclcpp::node_interfaces::NodeBaseInterface::SharedPtr node_ptr[m[K);
[3.391s]       |        [01;36m[K~~~~~~~~~~~~~~~~~~~~~~~~~~~~~~~~~~~~~~~~~~~~~~~~~~~~~~^~~~~~~~[m[K
[3.391s] 
[3.391s] [01m[K/opt/ros/humble/include/rclcpp/rclcpp/executors.hpp:39:1:[m[K [01;36m[Knote: [m[Kcandidate: â€˜[01m[Kvoid rclcpp::spin_some(rclcpp::Node::SharedPtr)[m[Kâ€™
[3.391s]    39 | [01;36m[Kspin_some[m[K(rclcpp::Node::SharedPtr node_ptr);
[3.391s]       | [01;36m[K^~~~~~~~~[m[K
[3.391s] [01m[K/opt/ros/humble/include/rclcpp/rclcpp/executors.hpp:39:35:[m[K [01;36m[Knote: [m[K  no known conversion for argument 1 from â€˜[01m[KMockPublisher[m[Kâ€™ to â€˜[01m[Krclcpp::Node::SharedPtr[m[Kâ€™ {aka â€˜[01m[Kstd::shared_ptr<rclcpp::Node>[m[Kâ€™}
[3.391s]    39 | spin_some([01;36m[Krclcpp::Node::SharedPtr node_ptr[m[K);
[3.391s]       |           [01;36m[K~~~~~~~~~~~~~~~~~~~~~~~~^~~~~~~~[m[K
[5.496s] gmake[2]: *** [CMakeFiles/movement_info_movement_gmock.dir/build.make:76: CMakeFiles/movement_info_movement_gmock.dir/test/movement_test.cpp.o] Error 1
[5.497s] gmake[1]: *** [CMakeFiles/Makefile2:264: CMakeFiles/movement_info_movement_gmock.dir/all] Error 2
[5.497s] gmake[1]: *** Waiting for unfinished jobs....
[5.647s] gmake[2]: *** [CMakeFiles/movement_info_movement_gtest.dir/build.make:76: CMakeFiles/movement_info_movement_gtest.dir/test/movement_test.cpp.o] Error 1
[5.648s] gmake[1]: *** [CMakeFiles/Makefile2:235: CMakeFiles/movement_info_movement_gtest.dir/all] Error 2
[5.649s] gmake: *** [Makefile:146: all] Error 2
[5.652s] Invoked command in '/home/kargla/robot_movement/build/movement_info' returned '2': CMAKE_PREFIX_PATH=${CMAKE_PREFIX_PATH}:/opt/ros/humble /usr/bin/cmake --build /home/kargla/robot_movement/build/movement_info -- -j12 -l12
