<?xml version="1.0" encoding="UTF-8"?>
<Site BuildName="(empty)"
	BuildStamp="20241227-1536-Experimental"
	Name="kargla-ideapad"
	Generator="ctest-3.22.1"
	CompilerName="/usr/bin/c++"
	CompilerVersion="11.4.0"
	OSName="Linux"
	Hostname="kargla-ideapad"
	OSRelease="6.8.0-50-generic"
	OSVersion="#51~22.04.1-Ubuntu SMP PREEMPT_DYNAMIC Thu Nov 21 12:03:03 UTC 2"
	OSPlatform="x86_64"
	Is64Bits="1"
	VendorString="AuthenticAMD"
	VendorID="Advanced Micro Devices"
	FamilyID="23"
	ModelID="104"
	ProcessorCacheSize="512"
	NumberOfLogicalCPU="12"
	NumberOfPhysicalCPU="6"
	TotalVirtualMemory="2047"
	TotalPhysicalMemory="15319"
	LogicalProcessorsPerPhysical="2"
	ProcessorClockFrequency="1796.92"
	>
	<Testing>
		<StartDateTime>Dec 27 16:36 CET</StartDateTime>
		<StartTestTime>1735313806</StartTestTime>
		<TestList>
			<Test>./movement_info_movement_test</Test>
		</TestList>
		<Test Status="passed">
			<Name>movement_info_movement_test</Name>
			<Path>.</Path>
			<FullName>./movement_info_movement_test</FullName>
			<FullCommandLine>/usr/bin/python3 "-u" "/opt/ros/humble/share/ament_cmake_test/cmake/run_test.py" "/home/kargla/robot_movement/build/movement_info/test_results/movement_info/movement_info_movement_test.gtest.xml" "--package-name" "movement_info" "--output-file" "/home/kargla/robot_movement/build/movement_info/ament_cmake_gtest/movement_info_movement_test.txt" "--command" "/home/kargla/robot_movement/build/movement_info/movement_info_movement_test" "--gtest_output=xml:/home/kargla/robot_movement/build/movement_info/test_results/movement_info/movement_info_movement_test.gtest.xml"</FullCommandLine>
			<Results>
				<NamedMeasurement type="numeric/double" name="Execution Time">
					<Value>0.0660638</Value>
				</NamedMeasurement>
				<NamedMeasurement type="numeric/double" name="Processors">
					<Value>1</Value>
				</NamedMeasurement>
				<NamedMeasurement type="text/string" name="Completion Status">
					<Value>Completed</Value>
				</NamedMeasurement>
				<NamedMeasurement type="text/string" name="Command Line">
					<Value>/usr/bin/python3 "-u" "/opt/ros/humble/share/ament_cmake_test/cmake/run_test.py" "/home/kargla/robot_movement/build/movement_info/test_results/movement_info/movement_info_movement_test.gtest.xml" "--package-name" "movement_info" "--output-file" "/home/kargla/robot_movement/build/movement_info/ament_cmake_gtest/movement_info_movement_test.txt" "--command" "/home/kargla/robot_movement/build/movement_info/movement_info_movement_test" "--gtest_output=xml:/home/kargla/robot_movement/build/movement_info/test_results/movement_info/movement_info_movement_test.gtest.xml"</Value>
				</NamedMeasurement>
				<NamedMeasurement type="text/string" name="Environment">
					<Value>#CTEST_RESOURCE_GROUP_COUNT=</Value>
				</NamedMeasurement>
				<Measurement>
					<Value>-- run_test.py: invoking following command in '/home/kargla/robot_movement/build/movement_info':
 - /home/kargla/robot_movement/build/movement_info/movement_info_movement_test --gtest_output=xml:/home/kargla/robot_movement/build/movement_info/test_results/movement_info/movement_info_movement_test.gtest.xml
Running main() from /opt/ros/humble/src/gtest_vendor/src/gtest_main.cc
[==========] Running 0 tests from 0 test suites.
[==========] 0 tests from 0 test suites ran. (0 ms total)
[  PASSED  ] 0 tests.
-- run_test.py: return code 0
-- run_test.py: verify result file '/home/kargla/robot_movement/build/movement_info/test_results/movement_info/movement_info_movement_test.gtest.xml'
</Value>
				</Measurement>
			</Results>
			<Labels>
				<Label>gtest</Label>
			</Labels>
		</Test>
		<EndDateTime>Dec 27 16:36 CET</EndDateTime>
		<EndTestTime>1735313806</EndTestTime>
		<ElapsedMinutes>0</ElapsedMinutes>
	</Testing>
</Site>
