In file included from [01m[K/opt/ros/humble/include/rclcpp/rclcpp/logging.hpp:24[m[K,
                 from [01m[K/opt/ros/humble/include/rclcpp/rclcpp/client.hpp:40[m[K,
                 from [01m[K/opt/ros/humble/include/rclcpp/rclcpp/callback_group.hpp:24[m[K,
                 from [01m[K/opt/ros/humble/include/rclcpp/rclcpp/any_executable.hpp:20[m[K,
                 from [01m[K/opt/ros/humble/include/rclcpp/rclcpp/memory_strategy.hpp:25[m[K,
                 from [01m[K/opt/ros/humble/include/rclcpp/rclcpp/memory_strategies.hpp:18[m[K,
                 from [01m[K/opt/ros/humble/include/rclcpp/rclcpp/executor_options.hpp:20[m[K,
                 from [01m[K/opt/ros/humble/include/rclcpp/rclcpp/executor.hpp:37[m[K,
                 from [01m[K/opt/ros/humble/include/rclcpp/rclcpp/executors/multi_threaded_executor.hpp:25[m[K,
                 from [01m[K/opt/ros/humble/include/rclcpp/rclcpp/executors.hpp:21[m[K,
                 from [01m[K/opt/ros/humble/include/rclcpp/rclcpp/rclcpp.hpp:155[m[K,
                 from [01m[K/home/kargla/robot_movement/src/movement_info/src/movement.cpp:1[m[K:
[01m[K/home/kargla/robot_movement/src/movement_info/src/movement.cpp:[m[K In constructor â€˜[01m[KMovement::Movement()[m[Kâ€™:
[01m[K/home/kargla/robot_movement/src/movement_info/src/movement.cpp:24:65:[m[K [01;31m[Kerror: [m[Kâ€˜[01m[Kodom_topic[m[Kâ€™ was not declared in this scope; did you mean â€˜[01m[Kodometry_topic[m[Kâ€™?
   24 |     RCLCPP_INFO(this->get_logger(), "Odometry topic: '%s'", [01;31m[Kodom_topic[m[K.c_str());
      |                                                             [01;31m[K^~~~~~~~~~[m[K

[01m[K/home/kargla/robot_movement/src/movement_info/src/movement.cpp:25:65:[m[K [01;31m[Kerror: [m[Kâ€˜[01m[Kvel_topic[m[Kâ€™ was not declared in this scope; did you mean â€˜[01m[Kvelocity_topic[m[Kâ€™?
   25 |     RCLCPP_INFO(this->get_logger(), "Velocity topic: '%s'", [01;31m[Kvel_topic[m[K.c_str());
      |                                                             [01;31m[K^~~~~~~~~[m[K

gmake[2]: *** [CMakeFiles/movement.dir/build.make:76: CMakeFiles/movement.dir/src/movement.cpp.o] Error 1
gmake[1]: *** [CMakeFiles/Makefile2:137: CMakeFiles/movement.dir/all] Error 2
gmake: *** [Makefile:146: all] Error 2
