Start testing: Dec 27 16:36 CET
----------------------------------------------------------
1/2 Testing: lint_cmake
1/2 Test: lint_cmake
Command: "/usr/bin/python3" "-u" "/opt/ros/humble/share/ament_cmake_test/cmake/run_test.py" "/home/kargla/robot_movement/build/movement_info_msgs/test_results/movement_info_msgs/lint_cmake.xunit.xml" "--package-name" "movement_info_msgs" "--output-file" "/home/kargla/robot_movement/build/movement_info_msgs/ament_lint_cmake/lint_cmake.txt" "--command" "/opt/ros/humble/bin/ament_lint_cmake" "--xunit-file" "/home/kargla/robot_movement/build/movement_info_msgs/test_results/movement_info_msgs/lint_cmake.xunit.xml"
Directory: /home/kargla/robot_movement/src/movement_info_msgs
"lint_cmake" start time: Dec 27 16:36 CET
Output:
----------------------------------------------------------
-- run_test.py: invoking following command in '/home/kargla/robot_movement/src/movement_info_msgs':
 - /opt/ros/humble/bin/ament_lint_cmake --xunit-file /home/kargla/robot_movement/build/movement_info_msgs/test_results/movement_info_msgs/lint_cmake.xunit.xml

No problems found
-- run_test.py: return code 0
-- run_test.py: verify result file '/home/kargla/robot_movement/build/movement_info_msgs/test_results/movement_info_msgs/lint_cmake.xunit.xml'
<end of output>
Test time =   0.13 sec
----------------------------------------------------------
Test Passed.
"lint_cmake" end time: Dec 27 16:36 CET
"lint_cmake" time elapsed: 00:00:00
----------------------------------------------------------

2/2 Testing: xmllint
2/2 Test: xmllint
Command: "/usr/bin/python3" "-u" "/opt/ros/humble/share/ament_cmake_test/cmake/run_test.py" "/home/kargla/robot_movement/build/movement_info_msgs/test_results/movement_info_msgs/xmllint.xunit.xml" "--package-name" "movement_info_msgs" "--output-file" "/home/kargla/robot_movement/build/movement_info_msgs/ament_xmllint/xmllint.txt" "--command" "/opt/ros/humble/bin/ament_xmllint" "--xunit-file" "/home/kargla/robot_movement/build/movement_info_msgs/test_results/movement_info_msgs/xmllint.xunit.xml"
Directory: /home/kargla/robot_movement/src/movement_info_msgs
"xmllint" start time: Dec 27 16:36 CET
Output:
----------------------------------------------------------
-- run_test.py: invoking following command in '/home/kargla/robot_movement/src/movement_info_msgs':
 - /opt/ros/humble/bin/ament_xmllint --xunit-file /home/kargla/robot_movement/build/movement_info_msgs/test_results/movement_info_msgs/xmllint.xunit.xml
File 'package.xml' is invalid:
/home/kargla/robot_movement/src/movement_info_msgs/package.xml:16: element buildtool_depend: Schemas validity error : Element 'buildtool_depend': This element is not expected. Expected is one of ( member_of_group, export ).
/home/kargla/robot_movement/src/movement_info_msgs/package.xml fails to validate

1 files are invalid
-- run_test.py: return code 1
-- run_test.py: verify result file '/home/kargla/robot_movement/build/movement_info_msgs/test_results/movement_info_msgs/xmllint.xunit.xml'
<end of output>
Test time =   1.63 sec
----------------------------------------------------------
Test Failed.
"xmllint" end time: Dec 27 16:36 CET
"xmllint" time elapsed: 00:00:01
----------------------------------------------------------

End testing: Dec 27 16:36 CET

lint_cmake =   0.13 sec*proc

linter =   1.76 sec*proc

xmllint =   1.63 sec*proc

