[0.019s] Invoking command in '/home/kargla/robot_movement/build/movement_info': CMAKE_PREFIX_PATH=${CMAKE_PREFIX_PATH}:/opt/ros/humble /usr/bin/cmake --build /home/kargla/robot_movement/build/movement_info -- -j12 -l12
[0.127s] [ 10%] Built target gtest_main
[0.128s] [ 20%] Built target gtest
[0.130s] [ 35%] Built target gmock
[0.131s] [ 45%] Built target gmock_main
[0.137s] [ 60%] Built target movement_info_library
[0.145s] [ 80%] Built target movement
[0.164s] [35m[1mConsolidate compiler generated dependencies of target movement_info_movement_gtest[0m
[0.169s] [35m[1mConsolidate compiler generated dependencies of target movement_info_movement_gmock[0m
[0.200s] [ 85%] [32mBuilding CXX object CMakeFiles/movement_info_movement_gtest.dir/test/movement_test.cpp.o[0m
[0.203s] [ 90%] [32mBuilding CXX object CMakeFiles/movement_info_movement_gmock.dir/test/movement_test.cpp.o[0m
[4.483s] In file included from [01m[K/opt/ros/humble/src/gmock_vendor/include/gmock/gmock-function-mocker.h:39[m[K,
[4.483s]                  from [01m[K/opt/ros/humble/src/gmock_vendor/include/gmock/gmock.h:61[m[K,
[4.483s]                  from [01m[K/home/kargla/robot_movement/src/movement_info/test/movement_test.cpp:2[m[K:
[4.484s] [01m[K/home/kargla/robot_movement/src/movement_info/include/movement_info/MockPublisher.hpp:15:24:[m[K [01;31m[Kerror: [m[Kinvalid use of â€˜[01m[Kthis[m[Kâ€™ at top level
[4.484s]    15 |     MOCK_METHOD0(void, [01;31m[Kthis[m[K->publish_movement_info());
[4.484s]       |                        [01;31m[K^~~~[m[K
[4.484s] [01m[K/home/kargla/robot_movement/src/movement_info/include/movement_info/MockPublisher.hpp:15:5:[m[K [01;31m[Kerror: [m[Ktemplate argument 1 is invalid
[4.484s]    15 |     [01;31m[KMOCK_METHOD0[m[K(void, this->publish_movement_info());
[4.484s]       |     [01;31m[K^~~~~~~~~~~~[m[K
[4.484s] [01m[K/home/kargla/robot_movement/src/movement_info/include/movement_info/MockPublisher.hpp:15:24:[m[K [01;31m[Kerror: [m[Kinvalid use of â€˜[01m[Kthis[m[Kâ€™ at top level
[4.484s]    15 |     MOCK_METHOD0(void, [01;31m[Kthis[m[K->publish_movement_info());
[4.484s]       |                        [01;31m[K^~~~[m[K
[4.485s] [01m[K/home/kargla/robot_movement/src/movement_info/include/movement_info/MockPublisher.hpp:15:5:[m[K [01;31m[Kerror: [m[Ktemplate argument 1 is invalid
[4.485s]    15 |     [01;31m[KMOCK_METHOD0[m[K(void, this->publish_movement_info());
[4.485s]       |     [01;31m[K^~~~~~~~~~~~[m[K
[4.485s] [01m[K/home/kargla/robot_movement/src/movement_info/include/movement_info/MockPublisher.hpp:15:5:[m[K [01;31m[Kerror: [m[Kexpected â€˜[01m[K;[m[Kâ€™ at end of member declaration
[4.485s]    15 |     [01;31m[KMOCK_METHOD0[m[K(void, this->publish_movement_info());
[4.485s]       |     [01;31m[K^~~~~~~~~~~~[m[K
[4.485s] [01m[K/home/kargla/robot_movement/src/movement_info/include/movement_info/MockPublisher.hpp:15:5:[m[K [01;31m[Kerror: [m[Kexpected unqualified-id before â€˜[01m[K)[m[Kâ€™ token
[4.485s]    15 |     [01;31m[KMOCK_METHOD0[m[K(void, this->publish_movement_info());
[4.485s]       |     [01;31m[K^~~~~~~~~~~~[m[K
[4.485s] [01m[K/home/kargla/robot_movement/src/movement_info/include/movement_info/MockPublisher.hpp:15:24:[m[K [01;31m[Kerror: [m[Kinvalid use of â€˜[01m[Kthis[m[Kâ€™ at top level
[4.485s]    15 |     MOCK_METHOD0(void, [01;31m[Kthis[m[K->publish_movement_info());
[4.486s]       |                        [01;31m[K^~~~[m[K
[4.486s] [01m[K/home/kargla/robot_movement/src/movement_info/include/movement_info/MockPublisher.hpp:15:5:[m[K [01;31m[Kerror: [m[Ktemplate argument 1 is invalid
[4.486s]    15 |     [01;31m[KMOCK_METHOD0[m[K(void, this->publish_movement_info());
[4.486s]       |     [01;31m[K^~~~~~~~~~~~[m[K
[4.486s] [01m[K/home/kargla/robot_movement/src/movement_info/include/movement_info/MockPublisher.hpp:15:24:[m[K [01;31m[Kerror: [m[Kinvalid use of â€˜[01m[Kthis[m[Kâ€™ at top level
[4.486s]    15 |     MOCK_METHOD0(void, [01;31m[Kthis[m[K->publish_movement_info());
[4.486s]       |                        [01;31m[K^~~~[m[K
[4.486s] [01m[K/home/kargla/robot_movement/src/movement_info/include/movement_info/MockPublisher.hpp:15:5:[m[K [01;31m[Kerror: [m[Ktemplate argument 1 is invalid
[4.486s]    15 |     [01;31m[KMOCK_METHOD0[m[K(void, this->publish_movement_info());
[4.486s]       |     [01;31m[K^~~~~~~~~~~~[m[K
[4.486s] [01m[K/home/kargla/robot_movement/src/movement_info/include/movement_info/MockPublisher.hpp:15:24:[m[K [01;31m[Kerror: [m[Kinvalid use of â€˜[01m[Kthis[m[Kâ€™ at top level
[4.487s]    15 |     MOCK_METHOD0(void, [01;31m[Kthis[m[K->publish_movement_info());
[4.487s]       |                        [01;31m[K^~~~[m[K
[4.487s] [01m[K/home/kargla/robot_movement/src/movement_info/include/movement_info/MockPublisher.hpp:15:5:[m[K [01;31m[Kerror: [m[Ktemplate argument 1 is invalid
[4.487s]    15 |     [01;31m[KMOCK_METHOD0[m[K(void, this->publish_movement_info());
[4.487s]       |     [01;31m[K^~~~~~~~~~~~[m[K
[4.487s] [01m[K/home/kargla/robot_movement/src/movement_info/include/movement_info/MockPublisher.hpp:15:24:[m[K [01;31m[Kerror: [m[Kinvalid use of â€˜[01m[Kthis[m[Kâ€™ at top level
[4.487s]    15 |     MOCK_METHOD0(void, [01;31m[Kthis[m[K->publish_movement_info());
[4.487s]       |                        [01;31m[K^~~~[m[K
[4.487s] [01m[K/home/kargla/robot_movement/src/movement_info/include/movement_info/MockPublisher.hpp:15:5:[m[K [01;31m[Kerror: [m[Ktemplate argument 1 is invalid
[4.487s]    15 |     [01;31m[KMOCK_METHOD0[m[K(void, this->publish_movement_info());
[4.487s]       |     [01;31m[K^~~~~~~~~~~~[m[K
[4.488s] [01m[K/home/kargla/robot_movement/src/movement_info/include/movement_info/MockPublisher.hpp:[m[K In member function â€˜[01m[Kint MockPublisher::gmock_void()[m[Kâ€™:
[4.488s] [01m[K/home/kargla/robot_movement/src/movement_info/include/movement_info/MockPublisher.hpp:15:5:[m[K [01;31m[Kerror: [m[Krequest for member â€˜[01m[KRegisterOwner[m[Kâ€™ in â€˜[01m[K((MockPublisher*)this)->MockPublisher::gmock0_void_15[m[Kâ€™, which is of non-class type â€˜[01m[Kint[m[Kâ€™
[4.488s]    15 |     [01;31m[KMOCK_METHOD0[m[K(void, this->publish_movement_info());
[4.488s]       |     [01;31m[K^~~~~~~~~~~~[m[K
[4.488s] [01m[K/home/kargla/robot_movement/src/movement_info/include/movement_info/MockPublisher.hpp:15:5:[m[K [01;31m[Kerror: [m[Krequest for member â€˜[01m[KWith[m[Kâ€™ in â€˜[01m[K((MockPublisher*)this)->MockPublisher::gmock0_void_15[m[Kâ€™, which is of non-class type â€˜[01m[Kint[m[Kâ€™
[4.488s]    15 |     [01;31m[KMOCK_METHOD0[m[K(void, this->publish_movement_info());
[4.488s]       |     [01;31m[K^~~~~~~~~~~~[m[K
[4.497s] In file included from [01m[K/opt/ros/humble/src/gmock_vendor/include/gmock/gmock-generated-function-mockers.h:47[m[K,
[4.497s]                  from [01m[K/opt/ros/humble/src/gmock_vendor/include/gmock/gmock-function-mocker.h:39[m[K,
[4.498s]                  from [01m[K/opt/ros/humble/src/gmock_vendor/include/gmock/gmock.h:61[m[K,
[4.498s]                  from [01m[K/home/kargla/robot_movement/src/movement_info/test/movement_test.cpp:2[m[K:
[4.498s] [01m[K/home/kargla/robot_movement/src/movement_info/test/movement_test.cpp:[m[K In member function â€˜[01m[Kvirtual void MovementTest_MovementInfoPublishingTest_Test::TestBody()[m[Kâ€™:
[4.498s] [01m[K/home/kargla/robot_movement/src/movement_info/test/movement_test.cpp:59:5:[m[K [01;31m[Kerror: [m[Kâ€˜[01m[Kclass MockPublisher[m[Kâ€™ has no member named â€˜[01m[Kgmock_publish_movement_info[m[Kâ€™; did you mean â€˜[01m[Kpublish_movement_info[m[Kâ€™?
[4.498s]    59 |     [01;31m[KEXPECT_CALL[m[K(mockPublisher, publish_movement_info()).Times(1);
[4.498s]       |     [01;31m[K^~~~~~~~~~~[m[K
[4.617s] In file included from [01m[K/opt/ros/humble/src/gmock_vendor/include/gmock/gmock-function-mocker.h:39[m[K,
[4.617s]                  from [01m[K/opt/ros/humble/src/gmock_vendor/include/gmock/gmock.h:61[m[K,
[4.618s]                  from [01m[K/home/kargla/robot_movement/src/movement_info/test/movement_test.cpp:2[m[K:
[4.618s] [01m[K/home/kargla/robot_movement/src/movement_info/include/movement_info/MockPublisher.hpp:15:24:[m[K [01;31m[Kerror: [m[Kinvalid use of â€˜[01m[Kthis[m[Kâ€™ at top level
[4.618s]    15 |     MOCK_METHOD0(void, [01;31m[Kthis[m[K->publish_movement_info());
[4.619s]       |                        [01;31m[K^~~~[m[K
[4.619s] [01m[K/opt/ros/humble/src/gmock_vendor/include/gmock/gmock-generated-function-mockers.h:139:37:[m[K [01;36m[Knote: [m[Kin definition of macro â€˜[01m[KGMOCK_METHOD0_[m[Kâ€™
[4.619s]   139 |       ::testing::internal::Function<[01;36m[K__VA_ARGS__[m[K>::ArgumentCount, \
[4.619s]       |                                     [01;36m[K^~~~~~~~~~~[m[K
[4.619s] [01m[K/home/kargla/robot_movement/src/movement_info/include/movement_info/MockPublisher.hpp:15:5:[m[K [01;36m[Knote: [m[Kin expansion of macro â€˜[01m[KMOCK_METHOD0[m[Kâ€™
[4.620s]    15 |     [01;36m[KMOCK_METHOD0[m[K(void, this->publish_movement_info());
[4.620s]       |     [01;36m[K^~~~~~~~~~~~[m[K
[4.620s] [01m[K/opt/ros/humble/src/gmock_vendor/include/gmock/gmock-generated-function-mockers.h:139:48:[m[K [01;31m[Kerror: [m[Ktemplate argument 1 is invalid
[4.620s]   139 |       ::testing::internal::Function<__VA_ARGS__[01;31m[K>[m[K::ArgumentCount, \
[4.620s]       |                                                [01;31m[K^[m[K
[4.620s] [01m[K/opt/ros/humble/src/gmock_vendor/include/gmock/gmock-generated-function-mockers.h:599:30:[m[K [01;36m[Knote: [m[Kin expansion of macro â€˜[01m[KGMOCK_METHOD0_[m[Kâ€™
[4.620s]   599 | #define MOCK_METHOD0(m, ...) [01;36m[KGMOCK_METHOD0_[m[K(, , , m, __VA_ARGS__)
[4.620s]       |                              [01;36m[K^~~~~~~~~~~~~~[m[K
[4.620s] [01m[K/home/kargla/robot_movement/src/movement_info/include/movement_info/MockPublisher.hpp:15:5:[m[K [01;36m[Knote: [m[Kin expansion of macro â€˜[01m[KMOCK_METHOD0[m[Kâ€™
[4.620s]    15 |     [01;36m[KMOCK_METHOD0[m[K(void, this->publish_movement_info());
[4.620s]       |     [01;36m[K^~~~~~~~~~~~[m[K
[4.620s] [01m[K/home/kargla/robot_movement/src/movement_info/include/movement_info/MockPublisher.hpp:15:24:[m[K [01;31m[Kerror: [m[Kinvalid use of â€˜[01m[Kthis[m[Kâ€™ at top level
[4.621s]    15 |     MOCK_METHOD0(void, [01;31m[Kthis[m[K->publish_movement_info());
[4.621s]       |                        [01;31m[K^~~~[m[K
[4.621s] [01m[K/opt/ros/humble/src/gmock_vendor/include/gmock/gmock-generated-function-mockers.h:119:38:[m[K [01;36m[Knote: [m[Kin definition of macro â€˜[01m[KGMOCK_RESULT_[m[Kâ€™
[4.621s]   119 |     tn ::testing::internal::Function<[01;36m[K__VA_ARGS__[m[K>::Result
[4.621s]       |                                      [01;36m[K^~~~~~~~~~~[m[K
[4.621s] [01m[K/opt/ros/humble/src/gmock_vendor/include/gmock/gmock-generated-function-mockers.h:599:30:[m[K [01;36m[Knote: [m[Kin expansion of macro â€˜[01m[KGMOCK_METHOD0_[m[Kâ€™
[4.621s]   599 | #define MOCK_METHOD0(m, ...) [01;36m[KGMOCK_METHOD0_[m[K(, , , m, __VA_ARGS__)
[4.621s]       |                              [01;36m[K^~~~~~~~~~~~~~[m[K
[4.621s] [01m[K/home/kargla/robot_movement/src/movement_info/include/movement_info/MockPublisher.hpp:15:5:[m[K [01;36m[Knote: [m[Kin expansion of macro â€˜[01m[KMOCK_METHOD0[m[Kâ€™
[4.621s]    15 |     [01;36m[KMOCK_METHOD0[m[K(void, this->publish_movement_info());
[4.621s]       |     [01;36m[K^~~~~~~~~~~~[m[K
[4.622s] [01m[K/opt/ros/humble/src/gmock_vendor/include/gmock/gmock-generated-function-mockers.h:119:49:[m[K [01;31m[Kerror: [m[Ktemplate argument 1 is invalid
[4.622s]   119 |     tn ::testing::internal::Function<__VA_ARGS__[01;31m[K>[m[K::Result
[4.622s]       |                                                 [01;31m[K^[m[K
[4.622s] [01m[K/opt/ros/humble/src/gmock_vendor/include/gmock/gmock-generated-function-mockers.h:141:3:[m[K [01;36m[Knote: [m[Kin expansion of macro â€˜[01m[KGMOCK_RESULT_[m[Kâ€™
[4.622s]   141 |   [01;36m[KGMOCK_RESULT_[m[K(tn, __VA_ARGS__) ct Method( \
[4.622s]       |   [01;36m[K^~~~~~~~~~~~~[m[K
[4.622s] [01m[K/opt/ros/humble/src/gmock_vendor/include/gmock/gmock-generated-function-mockers.h:599:30:[m[K [01;36m[Knote: [m[Kin expansion of macro â€˜[01m[KGMOCK_METHOD0_[m[Kâ€™
[4.622s]   599 | #define MOCK_METHOD0(m, ...) [01;36m[KGMOCK_METHOD0_[m[K(, , , m, __VA_ARGS__)
[4.622s]       |                              [01;36m[K^~~~~~~~~~~~~~[m[K
[4.622s] [01m[K/home/kargla/robot_movement/src/movement_info/include/movement_info/MockPublisher.hpp:15:5:[m[K [01;36m[Knote: [m[Kin expansion of macro â€˜[01m[KMOCK_METHOD0[m[Kâ€™
[4.623s]    15 |     [01;36m[KMOCK_METHOD0[m[K(void, this->publish_movement_info());
[4.623s]       |     [01;36m[K^~~~~~~~~~~~[m[K
[4.623s] [01m[K/opt/ros/humble/src/gmock_vendor/include/gmock/gmock-generated-function-mockers.h:119:52:[m[K [01;31m[Kerror: [m[Kexpected â€˜[01m[K;[m[Kâ€™ at end of member declaration
[4.623s]   119 |     tn ::testing::internal::Function<__VA_ARGS__>::[01;31m[KResult[m[K
[4.623s]       |                                                    [01;31m[K^~~~~~[m[K
[4.623s] [01m[K/opt/ros/humble/src/gmock_vendor/include/gmock/gmock-generated-function-mockers.h:141:3:[m[K [01;36m[Knote: [m[Kin expansion of macro â€˜[01m[KGMOCK_RESULT_[m[Kâ€™
[4.623s]   141 |   [01;36m[KGMOCK_RESULT_[m[K(tn, __VA_ARGS__) ct Method( \
[4.623s]       |   [01;36m[K^~~~~~~~~~~~~[m[K
[4.623s] [01m[K/opt/ros/humble/src/gmock_vendor/include/gmock/gmock-generated-function-mockers.h:599:30:[m[K [01;36m[Knote: [m[Kin expansion of macro â€˜[01m[KGMOCK_METHOD0_[m[Kâ€™
[4.623s]   599 | #define MOCK_METHOD0(m, ...) [01;36m[KGMOCK_METHOD0_[m[K(, , , m, __VA_ARGS__)
[4.623s]       |                              [01;36m[K^~~~~~~~~~~~~~[m[K
[4.624s] [01m[K/home/kargla/robot_movement/src/movement_info/include/movement_info/MockPublisher.hpp:15:5:[m[K [01;36m[Knote: [m[Kin expansion of macro â€˜[01m[KMOCK_METHOD0[m[Kâ€™
[4.624s]    15 |     [01;36m[KMOCK_METHOD0[m[K(void, this->publish_movement_info());
[4.624s]       |     [01;36m[K^~~~~~~~~~~~[m[K
[4.624s] [01m[K/opt/ros/humble/src/gmock_vendor/include/gmock/gmock-generated-function-mockers.h:142:7:[m[K [01;31m[Kerror: [m[Kexpected unqualified-id before â€˜[01m[K)[m[Kâ€™ token
[4.624s]   142 |       [01;31m[K)[m[K constness { \
[4.624s]       |       [01;31m[K^[m[K
[4.624s] [01m[K/opt/ros/humble/src/gmock_vendor/include/gmock/gmock-generated-function-mockers.h:599:30:[m[K [01;36m[Knote: [m[Kin expansion of macro â€˜[01m[KGMOCK_METHOD0_[m[Kâ€™
[4.624s]   599 | #define MOCK_METHOD0(m, ...) [01;36m[KGMOCK_METHOD0_[m[K(, , , m, __VA_ARGS__)
[4.624s]       |                              [01;36m[K^~~~~~~~~~~~~~[m[K
[4.624s] [01m[K/home/kargla/robot_movement/src/movement_info/include/movement_info/MockPublisher.hpp:15:5:[m[K [01;36m[Knote: [m[Kin expansion of macro â€˜[01m[KMOCK_METHOD0[m[Kâ€™
[4.625s]    15 |     [01;36m[KMOCK_METHOD0[m[K(void, this->publish_movement_info());
[4.625s]       |     [01;36m[K^~~~~~~~~~~~[m[K
[4.625s] [01m[K/home/kargla/robot_movement/src/movement_info/include/movement_info/MockPublisher.hpp:15:24:[m[K [01;31m[Kerror: [m[Kinvalid use of â€˜[01m[Kthis[m[Kâ€™ at top level
[4.625s]    15 |     MOCK_METHOD0(void, [01;31m[Kthis[m[K->publish_movement_info());
[4.625s]       |                        [01;31m[K^~~~[m[K
[4.625s] [01m[K/opt/ros/humble/src/gmock_vendor/include/gmock/gmock-generated-function-mockers.h:146:23:[m[K [01;36m[Knote: [m[Kin definition of macro â€˜[01m[KGMOCK_METHOD0_[m[Kâ€™
[4.625s]   146 |   ::testing::MockSpec<[01;36m[K__VA_ARGS__[m[K> \
[4.625s]       |                       [01;36m[K^~~~~~~~~~~[m[K
[4.625s] [01m[K/home/kargla/robot_movement/src/movement_info/include/movement_info/MockPublisher.hpp:15:5:[m[K [01;36m[Knote: [m[Kin expansion of macro â€˜[01m[KMOCK_METHOD0[m[Kâ€™
[4.625s]    15 |     [01;36m[KMOCK_METHOD0[m[K(void, this->publish_movement_info());
[4.625s]       |     [01;36m[K^~~~~~~~~~~~[m[K
[4.626s] [01m[K/opt/ros/humble/src/gmock_vendor/include/gmock/gmock-generated-function-mockers.h:146:34:[m[K [01;31m[Kerror: [m[Ktemplate argument 1 is invalid
[4.626s]   146 |   ::testing::MockSpec<__VA_ARGS__[01;31m[K>[m[K \
[4.626s]       |                                  [01;31m[K^[m[K
[4.626s] [01m[K/opt/ros/humble/src/gmock_vendor/include/gmock/gmock-generated-function-mockers.h:599:30:[m[K [01;36m[Knote: [m[Kin expansion of macro â€˜[01m[KGMOCK_METHOD0_[m[Kâ€™
[4.626s]   599 | #define MOCK_METHOD0(m, ...) [01;36m[KGMOCK_METHOD0_[m[K(, , , m, __VA_ARGS__)
[4.626s]       |                              [01;36m[K^~~~~~~~~~~~~~[m[K
[4.626s] [01m[K/home/kargla/robot_movement/src/movement_info/include/movement_info/MockPublisher.hpp:15:5:[m[K [01;36m[Knote: [m[Kin expansion of macro â€˜[01m[KMOCK_METHOD0[m[Kâ€™
[4.626s]    15 |     [01;36m[KMOCK_METHOD0[m[K(void, this->publish_movement_info());
[4.626s]       |     [01;36m[K^~~~~~~~~~~~[m[K
[4.626s] [01m[K/home/kargla/robot_movement/src/movement_info/include/movement_info/MockPublisher.hpp:15:24:[m[K [01;31m[Kerror: [m[Kinvalid use of â€˜[01m[Kthis[m[Kâ€™ at top level
[4.626s]    15 |     MOCK_METHOD0(void, [01;31m[Kthis[m[K->publish_movement_info());
[4.627s]       |                        [01;31m[K^~~~[m[K
[4.627s] [01m[K/opt/ros/humble/src/gmock_vendor/include/gmock/gmock-generated-function-mockers.h:151:23:[m[K [01;36m[Knote: [m[Kin definition of macro â€˜[01m[KGMOCK_METHOD0_[m[Kâ€™
[4.627s]   151 |   ::testing::MockSpec<[01;36m[K__VA_ARGS__[m[K> gmock_##Method( \
[4.627s]       |                       [01;36m[K^~~~~~~~~~~[m[K
[4.627s] [01m[K/home/kargla/robot_movement/src/movement_info/include/movement_info/MockPublisher.hpp:15:5:[m[K [01;36m[Knote: [m[Kin expansion of macro â€˜[01m[KMOCK_METHOD0[m[Kâ€™
[4.627s]    15 |     [01;36m[KMOCK_METHOD0[m[K(void, this->publish_movement_info());
[4.627s]       |     [01;36m[K^~~~~~~~~~~~[m[K
[4.627s] [01m[K/opt/ros/humble/src/gmock_vendor/include/gmock/gmock-generated-function-mockers.h:151:34:[m[K [01;31m[Kerror: [m[Ktemplate argument 1 is invalid
[4.627s]   151 |   ::testing::MockSpec<__VA_ARGS__[01;31m[K>[m[K gmock_##Method( \
[4.627s]       |                                  [01;31m[K^[m[K
[4.627s] [01m[K/opt/ros/humble/src/gmock_vendor/include/gmock/gmock-generated-function-mockers.h:599:30:[m[K [01;36m[Knote: [m[Kin expansion of macro â€˜[01m[KGMOCK_METHOD0_[m[Kâ€™
[4.628s]   599 | #define MOCK_METHOD0(m, ...) [01;36m[KGMOCK_METHOD0_[m[K(, , , m, __VA_ARGS__)
[4.628s]       |                              [01;36m[K^~~~~~~~~~~~~~[m[K
[4.628s] [01m[K/home/kargla/robot_movement/src/movement_info/include/movement_info/MockPublisher.hpp:15:5:[m[K [01;36m[Knote: [m[Kin expansion of macro â€˜[01m[KMOCK_METHOD0[m[Kâ€™
[4.628s]    15 |     [01;36m[KMOCK_METHOD0[m[K(void, this->publish_movement_info());
[4.628s]       |     [01;36m[K^~~~~~~~~~~~[m[K
[4.628s] [01m[K/home/kargla/robot_movement/src/movement_info/include/movement_info/MockPublisher.hpp:15:24:[m[K [01;31m[Kerror: [m[Kinvalid use of â€˜[01m[Kthis[m[Kâ€™ at top level
[4.628s]    15 |     MOCK_METHOD0(void, [01;31m[Kthis[m[K->publish_movement_info());
[4.628s]       |                        [01;31m[K^~~~[m[K
[4.628s] [01m[K/opt/ros/humble/src/gmock_vendor/include/gmock/gmock-generated-function-mockers.h:153:47:[m[K [01;36m[Knote: [m[Kin definition of macro â€˜[01m[KGMOCK_METHOD0_[m[Kâ€™
[4.628s]   153 |       constness ::testing::internal::Function<[01;36m[K__VA_ARGS__[m[K>* ) const { \
[4.629s]       |                                               [01;36m[K^~~~~~~~~~~[m[K
[4.629s] [01m[K/home/kargla/robot_movement/src/movement_info/include/movement_info/MockPublisher.hpp:15:5:[m[K [01;36m[Knote: [m[Kin expansion of macro â€˜[01m[KMOCK_METHOD0[m[Kâ€™
[4.629s]    15 |     [01;36m[KMOCK_METHOD0[m[K(void, this->publish_movement_info());
[4.629s]       |     [01;36m[K^~~~~~~~~~~~[m[K
[4.629s] [01m[K/opt/ros/humble/src/gmock_vendor/include/gmock/gmock-generated-function-mockers.h:153:58:[m[K [01;31m[Kerror: [m[Ktemplate argument 1 is invalid
[4.629s]   153 |       constness ::testing::internal::Function<__VA_ARGS__[01;31m[K>[m[K* ) const { \
[4.629s]       |                                                          [01;31m[K^[m[K
[4.629s] [01m[K/opt/ros/humble/src/gmock_vendor/include/gmock/gmock-generated-function-mockers.h:599:30:[m[K [01;36m[Knote: [m[Kin expansion of macro â€˜[01m[KGMOCK_METHOD0_[m[Kâ€™
[4.629s]   599 | #define MOCK_METHOD0(m, ...) [01;36m[KGMOCK_METHOD0_[m[K(, , , m, __VA_ARGS__)
[4.629s]       |                              [01;36m[K^~~~~~~~~~~~~~[m[K
[4.629s] [01m[K/home/kargla/robot_movement/src/movement_info/include/movement_info/MockPublisher.hpp:15:5:[m[K [01;36m[Knote: [m[Kin expansion of macro â€˜[01m[KMOCK_METHOD0[m[Kâ€™
[4.630s]    15 |     [01;36m[KMOCK_METHOD0[m[K(void, this->publish_movement_info());
[4.630s]       |     [01;36m[K^~~~~~~~~~~~[m[K
[4.630s] [01m[K/home/kargla/robot_movement/src/movement_info/include/movement_info/MockPublisher.hpp:15:24:[m[K [01;31m[Kerror: [m[Kinvalid use of â€˜[01m[Kthis[m[Kâ€™ at top level
[4.630s]    15 |     MOCK_METHOD0(void, [01;31m[Kthis[m[K->publish_movement_info());
[4.630s]       |                        [01;31m[K^~~~[m[K
[4.630s] [01m[K/opt/ros/humble/src/gmock_vendor/include/gmock/gmock-generated-function-mockers.h:157:37:[m[K [01;36m[Knote: [m[Kin definition of macro â€˜[01m[KGMOCK_METHOD0_[m[Kâ€™
[4.630s]   157 |   mutable ::testing::FunctionMocker<[01;36m[K__VA_ARGS__[m[K> GMOCK_MOCKER_(0, constness, \
[4.630s]       |                                     [01;36m[K^~~~~~~~~~~[m[K
[4.630s] [01m[K/home/kargla/robot_movement/src/movement_info/include/movement_info/MockPublisher.hpp:15:5:[m[K [01;36m[Knote: [m[Kin expansion of macro â€˜[01m[KMOCK_METHOD0[m[Kâ€™
[4.630s]    15 |     [01;36m[KMOCK_METHOD0[m[K(void, this->publish_movement_info());
[4.631s]       |     [01;36m[K^~~~~~~~~~~~[m[K
[4.631s] [01m[K/opt/ros/humble/src/gmock_vendor/include/gmock/gmock-generated-function-mockers.h:157:48:[m[K [01;31m[Kerror: [m[Ktemplate argument 1 is invalid
[4.631s]   157 |   mutable ::testing::FunctionMocker<__VA_ARGS__[01;31m[K>[m[K GMOCK_MOCKER_(0, constness, \
[4.631s]       |                                                [01;31m[K^[m[K
[4.631s] [01m[K/opt/ros/humble/src/gmock_vendor/include/gmock/gmock-generated-function-mockers.h:599:30:[m[K [01;36m[Knote: [m[Kin expansion of macro â€˜[01m[KGMOCK_METHOD0_[m[Kâ€™
[4.631s]   599 | #define MOCK_METHOD0(m, ...) [01;36m[KGMOCK_METHOD0_[m[K(, , , m, __VA_ARGS__)
[4.631s]       |                              [01;36m[K^~~~~~~~~~~~~~[m[K
[4.631s] [01m[K/home/kargla/robot_movement/src/movement_info/include/movement_info/MockPublisher.hpp:15:5:[m[K [01;36m[Knote: [m[Kin expansion of macro â€˜[01m[KMOCK_METHOD0[m[Kâ€™
[4.631s]    15 |     [01;36m[KMOCK_METHOD0[m[K(void, this->publish_movement_info());
[4.631s]       |     [01;36m[K^~~~~~~~~~~~[m[K
[4.632s] [01m[K/home/kargla/robot_movement/src/movement_info/include/movement_info/MockPublisher.hpp:[m[K In member function â€˜[01m[Kint MockPublisher::gmock_void()[m[Kâ€™:
[4.632s] [01m[K/opt/ros/humble/src/gmock_vendor/include/gmock/gmock-generated-function-mockers.h:148:41:[m[K [01;31m[Kerror: [m[Krequest for member â€˜[01m[KRegisterOwner[m[Kâ€™ in â€˜[01m[K((MockPublisher*)this)->MockPublisher::gmock0_void_15[m[Kâ€™, which is of non-class type â€˜[01m[Kint[m[Kâ€™
[4.632s]   148 |     GMOCK_MOCKER_(0, constness, Method).[01;31m[KRegisterOwner[m[K(this); \
[4.632s]       |                                         [01;31m[K^~~~~~~~~~~~~[m[K
[4.632s] [01m[K/opt/ros/humble/src/gmock_vendor/include/gmock/gmock-generated-function-mockers.h:599:30:[m[K [01;36m[Knote: [m[Kin expansion of macro â€˜[01m[KGMOCK_METHOD0_[m[Kâ€™
[4.632s]   599 | #define MOCK_METHOD0(m, ...) [01;36m[KGMOCK_METHOD0_[m[K(, , , m, __VA_ARGS__)
[4.632s]       |                              [01;36m[K^~~~~~~~~~~~~~[m[K
[4.632s] [01m[K/home/kargla/robot_movement/src/movement_info/include/movement_info/MockPublisher.hpp:15:5:[m[K [01;36m[Knote: [m[Kin expansion of macro â€˜[01m[KMOCK_METHOD0[m[Kâ€™
[4.632s]    15 |     [01;36m[KMOCK_METHOD0[m[K(void, this->publish_movement_info());
[4.633s]       |     [01;36m[K^~~~~~~~~~~~[m[K
[4.633s] [01m[K/opt/ros/humble/src/gmock_vendor/include/gmock/gmock-generated-function-mockers.h:149:48:[m[K [01;31m[Kerror: [m[Krequest for member â€˜[01m[KWith[m[Kâ€™ in â€˜[01m[K((MockPublisher*)this)->MockPublisher::gmock0_void_15[m[Kâ€™, which is of non-class type â€˜[01m[Kint[m[Kâ€™
[4.633s]   149 |     return GMOCK_MOCKER_(0, constness, Method).[01;31m[KWith[m[K(); \
[4.633s]       |                                                [01;31m[K^~~~[m[K
[4.633s] [01m[K/opt/ros/humble/src/gmock_vendor/include/gmock/gmock-generated-function-mockers.h:599:30:[m[K [01;36m[Knote: [m[Kin expansion of macro â€˜[01m[KGMOCK_METHOD0_[m[Kâ€™
[4.633s]   599 | #define MOCK_METHOD0(m, ...) [01;36m[KGMOCK_METHOD0_[m[K(, , , m, __VA_ARGS__)
[4.633s]       |                              [01;36m[K^~~~~~~~~~~~~~[m[K
[4.634s] [01m[K/home/kargla/robot_movement/src/movement_info/include/movement_info/MockPublisher.hpp:15:5:[m[K [01;36m[Knote: [m[Kin expansion of macro â€˜[01m[KMOCK_METHOD0[m[Kâ€™
[4.634s]    15 |     [01;36m[KMOCK_METHOD0[m[K(void, this->publish_movement_info());
[4.634s]       |     [01;36m[K^~~~~~~~~~~~[m[K
[4.634s] In file included from [01m[K/opt/ros/humble/src/gmock_vendor/include/gmock/gmock-generated-function-mockers.h:47[m[K,
[4.634s]                  from [01m[K/opt/ros/humble/src/gmock_vendor/include/gmock/gmock-function-mocker.h:39[m[K,
[4.634s]                  from [01m[K/opt/ros/humble/src/gmock_vendor/include/gmock/gmock.h:61[m[K,
[4.634s]                  from [01m[K/home/kargla/robot_movement/src/movement_info/test/movement_test.cpp:2[m[K:
[4.634s] [01m[K/home/kargla/robot_movement/src/movement_info/test/movement_test.cpp:[m[K In member function â€˜[01m[Kvirtual void MovementTest_MovementInfoPublishingTest_Test::TestBody()[m[Kâ€™:
[4.634s] [01m[K/opt/ros/humble/src/gmock_vendor/include/gmock/gmock-spec-builders.h:1975:16:[m[K [01;31m[Kerror: [m[Kâ€˜[01m[Kclass MockPublisher[m[Kâ€™ has no member named â€˜[01m[Kgmock_publish_movement_info[m[Kâ€™; did you mean â€˜[01m[Kpublish_movement_info[m[Kâ€™?
[4.634s]  1975 |   ((mock_expr).[01;31m[Kgmock_[m[K##call)(::testing::internal::GetWithoutMatchers(), \
[4.635s]       |                [01;31m[K^~~~~~[m[K
[4.635s] [01m[K/opt/ros/humble/src/gmock_vendor/include/gmock/gmock-spec-builders.h:1983:3:[m[K [01;36m[Knote: [m[Kin expansion of macro â€˜[01m[KGMOCK_ON_CALL_IMPL_[m[Kâ€™
[4.635s]  1983 |   [01;36m[KGMOCK_ON_CALL_IMPL_[m[K(obj, InternalExpectedAt, call)
[4.635s]       |   [01;36m[K^~~~~~~~~~~~~~~~~~~[m[K
[4.635s] [01m[K/home/kargla/robot_movement/src/movement_info/test/movement_test.cpp:59:5:[m[K [01;36m[Knote: [m[Kin expansion of macro â€˜[01m[KEXPECT_CALL[m[Kâ€™
[4.635s]    59 |     [01;36m[KEXPECT_CALL[m[K(mockPublisher, publish_movement_info()).Times(1);
[4.635s]       |     [01;36m[K^~~~~~~~~~~[m[K
[5.478s] gmake[2]: *** [CMakeFiles/movement_info_movement_gmock.dir/build.make:76: CMakeFiles/movement_info_movement_gmock.dir/test/movement_test.cpp.o] Error 1
[5.478s] gmake[1]: *** [CMakeFiles/Makefile2:264: CMakeFiles/movement_info_movement_gmock.dir/all] Error 2
[5.478s] gmake[1]: *** Waiting for unfinished jobs....
[5.602s] gmake[2]: *** [CMakeFiles/movement_info_movement_gtest.dir/build.make:76: CMakeFiles/movement_info_movement_gtest.dir/test/movement_test.cpp.o] Error 1
[5.602s] gmake[1]: *** [CMakeFiles/Makefile2:235: CMakeFiles/movement_info_movement_gtest.dir/all] Error 2
[5.602s] gmake: *** [Makefile:146: all] Error 2
[5.605s] Invoked command in '/home/kargla/robot_movement/build/movement_info' returned '2': CMAKE_PREFIX_PATH=${CMAKE_PREFIX_PATH}:/opt/ros/humble /usr/bin/cmake --build /home/kargla/robot_movement/build/movement_info -- -j12 -l12
