UpdateCTestConfiguration  from :/home/kargla/robot_movement/build/movement_info/CTestConfiguration.ini
Parse Config file:/home/kargla/robot_movement/build/movement_info/CTestConfiguration.ini
   Site: kargla-ideapad
   Build name: (empty)
 Add coverage exclude regular expressions.
Create new tag: 20250102-1417 - Experimental
UpdateCTestConfiguration  from :/home/kargla/robot_movement/build/movement_info/CTestConfiguration.ini
Parse Config file:/home/kargla/robot_movement/build/movement_info/CTestConfiguration.ini
Test project /home/kargla/robot_movement/build/movement_info
Constructing a list of tests
Done constructing a list of tests
Updating test list for fixtures
Added 0 tests to meet fixture requirements
Checking test dependency graph...
Checking test dependency graph end
test 1
    Start 1: movement_info_movement_gtest

1: Test command: /usr/bin/python3 "-u" "/opt/ros/humble/share/ament_cmake_test/cmake/run_test.py" "/home/kargla/robot_movement/build/movement_info/test_results/movement_info/movement_info_movement_gtest.gtest.xml" "--package-name" "movement_info" "--output-file" "/home/kargla/robot_movement/build/movement_info/ament_cmake_gtest/movement_info_movement_gtest.txt" "--command" "/home/kargla/robot_movement/build/movement_info/movement_info_movement_gtest" "--gtest_output=xml:/home/kargla/robot_movement/build/movement_info/test_results/movement_info/movement_info_movement_gtest.gtest.xml"
1: Test timeout computed to be: 60
1: -- run_test.py: invoking following command in '/home/kargla/robot_movement/build/movement_info':
1:  - /home/kargla/robot_movement/build/movement_info/movement_info_movement_gtest --gtest_output=xml:/home/kargla/robot_movement/build/movement_info/test_results/movement_info/movement_info_movement_gtest.gtest.xml
1: [==========] Running 3 tests from 2 test suites.
1: [----------] Global test environment set-up.
1: [----------] 2 tests from MovementTest
1: [ RUN      ] MovementTest.HeadingDeterminationTest
1: [INFO] [1735827444.530317931] [movement]: Direction treshold: '0.100000'
1: [INFO] [1735827444.530498386] [movement]: Heading treshold: '0.100000'
1: [INFO] [1735827444.530516823] [movement]: Movement topic: '/movement_info'
1: [INFO] [1735827444.530531279] [movement]: Odometry topic: '/diff_drive/odom'
1: [INFO] [1735827444.530545037] [movement]: Velocity topic: '/diff_drive/cmd_vel'
1: unknown file: Failure
1: C++ exception with description "could not create publisher: Type support not from this implementation. Got:
1:     Handle's typesupport identifier (rosidl_typesupport_cpp) is not supported by this library, at ./src/type_support_dispatch.hpp:111
1:     Could not load library libmovement_info_msgs__rosidl_typesupport_fastrtps_cpp.so: dlopen error: libmovement_info_msgs__rosidl_typesupport_fastrtps_cpp.so: cannot open shared object file: No such file or directory, at ./src/shared_library.c:99, at ./src/type_support_dispatch.hpp:76
1: while fetching it, at ./src/publisher.cpp:119, at ./src/rcl/publisher.c:116" thrown in the test body.
1: [  FAILED  ] MovementTest.HeadingDeterminationTest (26 ms)
1: [ RUN      ] MovementTest.MovementInfoPublishingTest
1: [INFO] [1735827444.541063693] [movement]: Direction treshold: '0.100000'
1: [INFO] [1735827444.541189607] [movement]: Heading treshold: '0.100000'
1: [INFO] [1735827444.541208602] [movement]: Movement topic: '/movement_info'
1: [INFO] [1735827444.541222499] [movement]: Odometry topic: '/diff_drive/odom'
1: [INFO] [1735827444.541236606] [movement]: Velocity topic: '/diff_drive/cmd_vel'
1: unknown file: Failure
1: C++ exception with description "could not create publisher: Type support not from this implementation. Got:
1:     Handle's typesupport identifier (rosidl_typesupport_cpp) is not supported by this library, at ./src/type_support_dispatch.hpp:111
1:     Could not load library libmovement_info_msgs__rosidl_typesupport_fastrtps_cpp.so: dlopen error: libmovement_info_msgs__rosidl_typesupport_fastrtps_cpp.so: cannot open shared object file: No such file or directory, at ./src/shared_library.c:99, at ./src/type_support_dispatch.hpp:76
1: while fetching it, at ./src/publisher.cpp:119, at ./src/rcl/publisher.c:116" thrown in the test body.
1: [  FAILED  ] MovementTest.MovementInfoPublishingTest (9 ms)
1: [----------] 2 tests from MovementTest (35 ms total)
1: 
1: [----------] 1 test from MovementTEST
1: [ RUN      ] MovementTEST.DirectionDeterminationTest
1: [INFO] [1735827444.548912599] [movement]: Direction treshold: '0.100000'
1: [INFO] [1735827444.548971750] [movement]: Heading treshold: '0.100000'
1: [INFO] [1735827444.548987463] [movement]: Movement topic: '/movement_info'
1: [INFO] [1735827444.549002268] [movement]: Odometry topic: '/diff_drive/odom'
1: [INFO] [1735827444.549016515] [movement]: Velocity topic: '/diff_drive/cmd_vel'
1: unknown file: Failure
1: C++ exception with description "could not create publisher: Type support not from this implementation. Got:
1:     Handle's typesupport identifier (rosidl_typesupport_cpp) is not supported by this library, at ./src/type_support_dispatch.hpp:111
1:     Could not load library libmovement_info_msgs__rosidl_typesupport_fastrtps_cpp.so: dlopen error: libmovement_info_msgs__rosidl_typesupport_fastrtps_cpp.so: cannot open shared object file: No such file or directory, at ./src/shared_library.c:99, at ./src/type_support_dispatch.hpp:76
1: while fetching it, at ./src/publisher.cpp:119, at ./src/rcl/publisher.c:116" thrown in the test body.
1: [  FAILED  ] MovementTEST.DirectionDeterminationTest (7 ms)
1: [----------] 1 test from MovementTEST (7 ms total)
1: 
1: [----------] Global test environment tear-down
1: [==========] 3 tests from 2 test suites ran. (42 ms total)
1: [  PASSED  ] 0 tests.
1: [  FAILED  ] 3 tests, listed below:
1: [  FAILED  ] MovementTest.HeadingDeterminationTest
1: [  FAILED  ] MovementTest.MovementInfoPublishingTest
1: [  FAILED  ] MovementTEST.DirectionDeterminationTest
1: 
1:  3 FAILED TESTS
1: -- run_test.py: return code 1
1: -- run_test.py: inject classname prefix into gtest result file '/home/kargla/robot_movement/build/movement_info/test_results/movement_info/movement_info_movement_gtest.gtest.xml'
1: -- run_test.py: verify result file '/home/kargla/robot_movement/build/movement_info/test_results/movement_info/movement_info_movement_gtest.gtest.xml'
1/2 Test #1: movement_info_movement_gtest .....***Failed    0.27 sec
test 2
    Start 2: movement_info_movement_gmock

2: Test command: /usr/bin/python3 "-u" "/opt/ros/humble/share/ament_cmake_test/cmake/run_test.py" "/home/kargla/robot_movement/build/movement_info/test_results/movement_info/movement_info_movement_gmock.gtest.xml" "--package-name" "movement_info" "--output-file" "/home/kargla/robot_movement/build/movement_info/ament_cmake_gmock/movement_info_movement_gmock.txt" "--command" "/home/kargla/robot_movement/build/movement_info/movement_info_movement_gmock" "--gtest_output=xml:/home/kargla/robot_movement/build/movement_info/test_results/movement_info/movement_info_movement_gmock.gtest.xml"
2: Test timeout computed to be: 60
2: -- run_test.py: invoking following command in '/home/kargla/robot_movement/build/movement_info':
2:  - /home/kargla/robot_movement/build/movement_info/movement_info_movement_gmock --gtest_output=xml:/home/kargla/robot_movement/build/movement_info/test_results/movement_info/movement_info_movement_gmock.gtest.xml
2: [==========] Running 3 tests from 2 test suites.
2: [----------] Global test environment set-up.
2: [----------] 2 tests from MovementTest
2: [ RUN      ] MovementTest.HeadingDeterminationTest
2: [INFO] [1735827444.783180992] [movement]: Direction treshold: '0.100000'
2: [INFO] [1735827444.783496161] [movement]: Heading treshold: '0.100000'
2: [INFO] [1735827444.783512363] [movement]: Movement topic: '/movement_info'
2: [INFO] [1735827444.783524794] [movement]: Odometry topic: '/diff_drive/odom'
2: [INFO] [1735827444.783537783] [movement]: Velocity topic: '/diff_drive/cmd_vel'
2: unknown file: Failure
2: C++ exception with description "could not create publisher: Type support not from this implementation. Got:
2:     Handle's typesupport identifier (rosidl_typesupport_cpp) is not supported by this library, at ./src/type_support_dispatch.hpp:111
2:     Could not load library libmovement_info_msgs__rosidl_typesupport_fastrtps_cpp.so: dlopen error: libmovement_info_msgs__rosidl_typesupport_fastrtps_cpp.so: cannot open shared object file: No such file or directory, at ./src/shared_library.c:99, at ./src/type_support_dispatch.hpp:76
2: while fetching it, at ./src/publisher.cpp:119, at ./src/rcl/publisher.c:116" thrown in the test body.
2: [  FAILED  ] MovementTest.HeadingDeterminationTest (22 ms)
2: [ RUN      ] MovementTest.MovementInfoPublishingTest
2: [INFO] [1735827444.795649532] [movement]: Direction treshold: '0.100000'
2: [INFO] [1735827444.795733753] [movement]: Heading treshold: '0.100000'
2: [INFO] [1735827444.795748838] [movement]: Movement topic: '/movement_info'
2: [INFO] [1735827444.795761827] [movement]: Odometry topic: '/diff_drive/odom'
2: [INFO] [1735827444.795775515] [movement]: Velocity topic: '/diff_drive/cmd_vel'
2: unknown file: Failure
2: C++ exception with description "could not create publisher: Type support not from this implementation. Got:
2:     Handle's typesupport identifier (rosidl_typesupport_cpp) is not supported by this library, at ./src/type_support_dispatch.hpp:111
2:     Could not load library libmovement_info_msgs__rosidl_typesupport_fastrtps_cpp.so: dlopen error: libmovement_info_msgs__rosidl_typesupport_fastrtps_cpp.so: cannot open shared object file: No such file or directory, at ./src/shared_library.c:99, at ./src/type_support_dispatch.hpp:76
2: while fetching it, at ./src/publisher.cpp:119, at ./src/rcl/publisher.c:116" thrown in the test body.
2: [  FAILED  ] MovementTest.MovementInfoPublishingTest (10 ms)
2: [----------] 2 tests from MovementTest (32 ms total)
2: 
2: [----------] 1 test from MovementTEST
2: [ RUN      ] MovementTEST.DirectionDeterminationTest
2: [INFO] [1735827444.806298501] [movement]: Direction treshold: '0.100000'
2: [INFO] [1735827444.806392989] [movement]: Heading treshold: '0.100000'
2: [INFO] [1735827444.806409680] [movement]: Movement topic: '/movement_info'
2: [INFO] [1735827444.806424345] [movement]: Odometry topic: '/diff_drive/odom'
2: [INFO] [1735827444.806438662] [movement]: Velocity topic: '/diff_drive/cmd_vel'
2: unknown file: Failure
2: C++ exception with description "could not create publisher: Type support not from this implementation. Got:
2:     Handle's typesupport identifier (rosidl_typesupport_cpp) is not supported by this library, at ./src/type_support_dispatch.hpp:111
2:     Could not load library libmovement_info_msgs__rosidl_typesupport_fastrtps_cpp.so: dlopen error: libmovement_info_msgs__rosidl_typesupport_fastrtps_cpp.so: cannot open shared object file: No such file or directory, at ./src/shared_library.c:99, at ./src/type_support_dispatch.hpp:76
2: while fetching it, at ./src/publisher.cpp:119, at ./src/rcl/publisher.c:116" thrown in the test body.
2: [  FAILED  ] MovementTEST.DirectionDeterminationTest (19 ms)
2: [----------] 1 test from MovementTEST (19 ms total)
2: 
2: [----------] Global test environment tear-down
2: [==========] 3 tests from 2 test suites ran. (51 ms total)
2: [  PASSED  ] 0 tests.
2: [  FAILED  ] 3 tests, listed below:
2: [  FAILED  ] MovementTest.HeadingDeterminationTest
2: [  FAILED  ] MovementTest.MovementInfoPublishingTest
2: [  FAILED  ] MovementTEST.DirectionDeterminationTest
2: 
2:  3 FAILED TESTS
2: -- run_test.py: return code 1
2: -- run_test.py: inject classname prefix into gtest result file '/home/kargla/robot_movement/build/movement_info/test_results/movement_info/movement_info_movement_gmock.gtest.xml'
2: -- run_test.py: verify result file '/home/kargla/robot_movement/build/movement_info/test_results/movement_info/movement_info_movement_gmock.gtest.xml'
2/2 Test #2: movement_info_movement_gmock .....***Failed    0.27 sec

0% tests passed[0;0m, [0;31m2 tests failed[0;0m out of 2

Label Time Summary:
gmock    =   0.27 sec*proc (1 test)
gtest    =   0.27 sec*proc (1 test)

Total Test time (real) =   0.55 sec

The following tests FAILED:
	[0;31m  1 - movement_info_movement_gtest (Failed)[0;0m
	[0;31m  2 - movement_info_movement_gmock (Failed)[0;0m
