[0.055s] Invoking command in '/home/kargla/robot_movement/build/movement_info': AMENT_PREFIX_PATH=/home/kargla/robot_movement/install/movement_info:${AMENT_PREFIX_PATH} CMAKE_PREFIX_PATH=/home/kargla/robot_movement/install/movement_info /usr/bin/ctest -C Release -D ExperimentalTest --no-compress-output -V --force-new-ctest-process
[0.067s] UpdateCTestConfiguration  from :/home/kargla/robot_movement/build/movement_info/CTestConfiguration.ini
[0.067s] Parse Config file:/home/kargla/robot_movement/build/movement_info/CTestConfiguration.ini
[0.067s]    Site: kargla-ideapad
[0.067s]    Build name: (empty)
[0.068s]  Add coverage exclude regular expressions.
[0.068s] Create new tag: 20250102-1417 - Experimental
[0.068s] UpdateCTestConfiguration  from :/home/kargla/robot_movement/build/movement_info/CTestConfiguration.ini
[0.068s] Parse Config file:/home/kargla/robot_movement/build/movement_info/CTestConfiguration.ini
[0.068s] Test project /home/kargla/robot_movement/build/movement_info
[0.068s] Constructing a list of tests
[0.068s] Done constructing a list of tests
[0.068s] Updating test list for fixtures
[0.068s] Added 0 tests to meet fixture requirements
[0.068s] Checking test dependency graph...
[0.068s] Checking test dependency graph end
[0.068s] test 1
[0.068s]     Start 1: movement_info_movement_gtest
[0.069s] 
[0.069s] 1: Test command: /usr/bin/python3 "-u" "/opt/ros/humble/share/ament_cmake_test/cmake/run_test.py" "/home/kargla/robot_movement/build/movement_info/test_results/movement_info/movement_info_movement_gtest.gtest.xml" "--package-name" "movement_info" "--output-file" "/home/kargla/robot_movement/build/movement_info/ament_cmake_gtest/movement_info_movement_gtest.txt" "--command" "/home/kargla/robot_movement/build/movement_info/movement_info_movement_gtest" "--gtest_output=xml:/home/kargla/robot_movement/build/movement_info/test_results/movement_info/movement_info_movement_gtest.gtest.xml"
[0.069s] 1: Test timeout computed to be: 60
[0.144s] 1: -- run_test.py: invoking following command in '/home/kargla/robot_movement/build/movement_info':
[0.145s] 1:  - /home/kargla/robot_movement/build/movement_info/movement_info_movement_gtest --gtest_output=xml:/home/kargla/robot_movement/build/movement_info/test_results/movement_info/movement_info_movement_gtest.gtest.xml
[0.175s] 1: [==========] Running 3 tests from 2 test suites.
[0.175s] 1: [----------] Global test environment set-up.
[0.175s] 1: [----------] 2 tests from MovementTest
[0.175s] 1: [ RUN      ] MovementTest.HeadingDeterminationTest
[0.195s] 1: [INFO] [1735827444.530317931] [movement]: Direction treshold: '0.100000'
[0.196s] 1: [INFO] [1735827444.530498386] [movement]: Heading treshold: '0.100000'
[0.196s] 1: [INFO] [1735827444.530516823] [movement]: Movement topic: '/movement_info'
[0.196s] 1: [INFO] [1735827444.530531279] [movement]: Odometry topic: '/diff_drive/odom'
[0.196s] 1: [INFO] [1735827444.530545037] [movement]: Velocity topic: '/diff_drive/cmd_vel'
[0.200s] 1: unknown file: Failure
[0.200s] 1: C++ exception with description "could not create publisher: Type support not from this implementation. Got:
[0.200s] 1:     Handle's typesupport identifier (rosidl_typesupport_cpp) is not supported by this library, at ./src/type_support_dispatch.hpp:111
[0.200s] 1:     Could not load library libmovement_info_msgs__rosidl_typesupport_fastrtps_cpp.so: dlopen error: libmovement_info_msgs__rosidl_typesupport_fastrtps_cpp.so: cannot open shared object file: No such file or directory, at ./src/shared_library.c:99, at ./src/type_support_dispatch.hpp:76
[0.200s] 1: while fetching it, at ./src/publisher.cpp:119, at ./src/rcl/publisher.c:116" thrown in the test body.
[0.200s] 1: [  FAILED  ] MovementTest.HeadingDeterminationTest (26 ms)
[0.200s] 1: [ RUN      ] MovementTest.MovementInfoPublishingTest
[0.206s] 1: [INFO] [1735827444.541063693] [movement]: Direction treshold: '0.100000'
[0.206s] 1: [INFO] [1735827444.541189607] [movement]: Heading treshold: '0.100000'
[0.207s] 1: [INFO] [1735827444.541208602] [movement]: Movement topic: '/movement_info'
[0.207s] 1: [INFO] [1735827444.541222499] [movement]: Odometry topic: '/diff_drive/odom'
[0.207s] 1: [INFO] [1735827444.541236606] [movement]: Velocity topic: '/diff_drive/cmd_vel'
[0.209s] 1: unknown file: Failure
[0.209s] 1: C++ exception with description "could not create publisher: Type support not from this implementation. Got:
[0.209s] 1:     Handle's typesupport identifier (rosidl_typesupport_cpp) is not supported by this library, at ./src/type_support_dispatch.hpp:111
[0.209s] 1:     Could not load library libmovement_info_msgs__rosidl_typesupport_fastrtps_cpp.so: dlopen error: libmovement_info_msgs__rosidl_typesupport_fastrtps_cpp.so: cannot open shared object file: No such file or directory, at ./src/shared_library.c:99, at ./src/type_support_dispatch.hpp:76
[0.209s] 1: while fetching it, at ./src/publisher.cpp:119, at ./src/rcl/publisher.c:116" thrown in the test body.
[0.209s] 1: [  FAILED  ] MovementTest.MovementInfoPublishingTest (9 ms)
[0.210s] 1: [----------] 2 tests from MovementTest (35 ms total)
[0.210s] 1: 
[0.210s] 1: [----------] 1 test from MovementTEST
[0.210s] 1: [ RUN      ] MovementTEST.DirectionDeterminationTest
[0.214s] 1: [INFO] [1735827444.548912599] [movement]: Direction treshold: '0.100000'
[0.214s] 1: [INFO] [1735827444.548971750] [movement]: Heading treshold: '0.100000'
[0.214s] 1: [INFO] [1735827444.548987463] [movement]: Movement topic: '/movement_info'
[0.214s] 1: [INFO] [1735827444.549002268] [movement]: Odometry topic: '/diff_drive/odom'
[0.214s] 1: [INFO] [1735827444.549016515] [movement]: Velocity topic: '/diff_drive/cmd_vel'
[0.216s] 1: unknown file: Failure
[0.216s] 1: C++ exception with description "could not create publisher: Type support not from this implementation. Got:
[0.216s] 1:     Handle's typesupport identifier (rosidl_typesupport_cpp) is not supported by this library, at ./src/type_support_dispatch.hpp:111
[0.216s] 1:     Could not load library libmovement_info_msgs__rosidl_typesupport_fastrtps_cpp.so: dlopen error: libmovement_info_msgs__rosidl_typesupport_fastrtps_cpp.so: cannot open shared object file: No such file or directory, at ./src/shared_library.c:99, at ./src/type_support_dispatch.hpp:76
[0.216s] 1: while fetching it, at ./src/publisher.cpp:119, at ./src/rcl/publisher.c:116" thrown in the test body.
[0.216s] 1: [  FAILED  ] MovementTEST.DirectionDeterminationTest (7 ms)
[0.216s] 1: [----------] 1 test from MovementTEST (7 ms total)
[0.216s] 1: 
[0.216s] 1: [----------] Global test environment tear-down
[0.217s] 1: [==========] 3 tests from 2 test suites ran. (42 ms total)
[0.217s] 1: [  PASSED  ] 0 tests.
[0.217s] 1: [  FAILED  ] 3 tests, listed below:
[0.217s] 1: [  FAILED  ] MovementTest.HeadingDeterminationTest
[0.217s] 1: [  FAILED  ] MovementTest.MovementInfoPublishingTest
[0.217s] 1: [  FAILED  ] MovementTEST.DirectionDeterminationTest
[0.217s] 1: 
[0.217s] 1:  3 FAILED TESTS
[0.323s] 1: -- run_test.py: return code 1
[0.323s] 1: -- run_test.py: inject classname prefix into gtest result file '/home/kargla/robot_movement/build/movement_info/test_results/movement_info/movement_info_movement_gtest.gtest.xml'
[0.324s] 1: -- run_test.py: verify result file '/home/kargla/robot_movement/build/movement_info/test_results/movement_info/movement_info_movement_gtest.gtest.xml'
[0.340s] 1/2 Test #1: movement_info_movement_gtest .....***Failed    0.27 sec
[0.341s] test 2
[0.341s]     Start 2: movement_info_movement_gmock
[0.341s] 
[0.341s] 2: Test command: /usr/bin/python3 "-u" "/opt/ros/humble/share/ament_cmake_test/cmake/run_test.py" "/home/kargla/robot_movement/build/movement_info/test_results/movement_info/movement_info_movement_gmock.gtest.xml" "--package-name" "movement_info" "--output-file" "/home/kargla/robot_movement/build/movement_info/ament_cmake_gmock/movement_info_movement_gmock.txt" "--command" "/home/kargla/robot_movement/build/movement_info/movement_info_movement_gmock" "--gtest_output=xml:/home/kargla/robot_movement/build/movement_info/test_results/movement_info/movement_info_movement_gmock.gtest.xml"
[0.341s] 2: Test timeout computed to be: 60
[0.415s] 2: -- run_test.py: invoking following command in '/home/kargla/robot_movement/build/movement_info':
[0.415s] 2:  - /home/kargla/robot_movement/build/movement_info/movement_info_movement_gmock --gtest_output=xml:/home/kargla/robot_movement/build/movement_info/test_results/movement_info/movement_info_movement_gmock.gtest.xml
[0.432s] 2: [==========] Running 3 tests from 2 test suites.
[0.432s] 2: [----------] Global test environment set-up.
[0.432s] 2: [----------] 2 tests from MovementTest
[0.433s] 2: [ RUN      ] MovementTest.HeadingDeterminationTest
[0.448s] 2: [INFO] [1735827444.783180992] [movement]: Direction treshold: '0.100000'
[0.449s] 2: [INFO] [1735827444.783496161] [movement]: Heading treshold: '0.100000'
[0.449s] 2: [INFO] [1735827444.783512363] [movement]: Movement topic: '/movement_info'
[0.449s] 2: [INFO] [1735827444.783524794] [movement]: Odometry topic: '/diff_drive/odom'
[0.449s] 2: [INFO] [1735827444.783537783] [movement]: Velocity topic: '/diff_drive/cmd_vel'
[0.454s] 2: unknown file: Failure
[0.454s] 2: C++ exception with description "could not create publisher: Type support not from this implementation. Got:
[0.454s] 2:     Handle's typesupport identifier (rosidl_typesupport_cpp) is not supported by this library, at ./src/type_support_dispatch.hpp:111
[0.454s] 2:     Could not load library libmovement_info_msgs__rosidl_typesupport_fastrtps_cpp.so: dlopen error: libmovement_info_msgs__rosidl_typesupport_fastrtps_cpp.so: cannot open shared object file: No such file or directory, at ./src/shared_library.c:99, at ./src/type_support_dispatch.hpp:76
[0.454s] 2: while fetching it, at ./src/publisher.cpp:119, at ./src/rcl/publisher.c:116" thrown in the test body.
[0.454s] 2: [  FAILED  ] MovementTest.HeadingDeterminationTest (22 ms)
[0.455s] 2: [ RUN      ] MovementTest.MovementInfoPublishingTest
[0.460s] 2: [INFO] [1735827444.795649532] [movement]: Direction treshold: '0.100000'
[0.461s] 2: [INFO] [1735827444.795733753] [movement]: Heading treshold: '0.100000'
[0.461s] 2: [INFO] [1735827444.795748838] [movement]: Movement topic: '/movement_info'
[0.461s] 2: [INFO] [1735827444.795761827] [movement]: Odometry topic: '/diff_drive/odom'
[0.461s] 2: [INFO] [1735827444.795775515] [movement]: Velocity topic: '/diff_drive/cmd_vel'
[0.465s] 2: unknown file: Failure
[0.465s] 2: C++ exception with description "could not create publisher: Type support not from this implementation. Got:
[0.465s] 2:     Handle's typesupport identifier (rosidl_typesupport_cpp) is not supported by this library, at ./src/type_support_dispatch.hpp:111
[0.465s] 2:     Could not load library libmovement_info_msgs__rosidl_typesupport_fastrtps_cpp.so: dlopen error: libmovement_info_msgs__rosidl_typesupport_fastrtps_cpp.so: cannot open shared object file: No such file or directory, at ./src/shared_library.c:99, at ./src/type_support_dispatch.hpp:76
[0.465s] 2: while fetching it, at ./src/publisher.cpp:119, at ./src/rcl/publisher.c:116" thrown in the test body.
[0.465s] 2: [  FAILED  ] MovementTest.MovementInfoPublishingTest (10 ms)
[0.465s] 2: [----------] 2 tests from MovementTest (32 ms total)
[0.465s] 2: 
[0.465s] 2: [----------] 1 test from MovementTEST
[0.465s] 2: [ RUN      ] MovementTEST.DirectionDeterminationTest
[0.475s] 2: [INFO] [1735827444.806298501] [movement]: Direction treshold: '0.100000'
[0.475s] 2: [INFO] [1735827444.806392989] [movement]: Heading treshold: '0.100000'
[0.475s] 2: [INFO] [1735827444.806409680] [movement]: Movement topic: '/movement_info'
[0.475s] 2: [INFO] [1735827444.806424345] [movement]: Odometry topic: '/diff_drive/odom'
[0.475s] 2: [INFO] [1735827444.806438662] [movement]: Velocity topic: '/diff_drive/cmd_vel'
[0.485s] 2: unknown file: Failure
[0.486s] 2: C++ exception with description "could not create publisher: Type support not from this implementation. Got:
[0.486s] 2:     Handle's typesupport identifier (rosidl_typesupport_cpp) is not supported by this library, at ./src/type_support_dispatch.hpp:111
[0.486s] 2:     Could not load library libmovement_info_msgs__rosidl_typesupport_fastrtps_cpp.so: dlopen error: libmovement_info_msgs__rosidl_typesupport_fastrtps_cpp.so: cannot open shared object file: No such file or directory, at ./src/shared_library.c:99, at ./src/type_support_dispatch.hpp:76
[0.486s] 2: while fetching it, at ./src/publisher.cpp:119, at ./src/rcl/publisher.c:116" thrown in the test body.
[0.486s] 2: [  FAILED  ] MovementTEST.DirectionDeterminationTest (19 ms)
[0.486s] 2: [----------] 1 test from MovementTEST (19 ms total)
[0.486s] 2: 
[0.486s] 2: [----------] Global test environment tear-down
[0.486s] 2: [==========] 3 tests from 2 test suites ran. (51 ms total)
[0.487s] 2: [  PASSED  ] 0 tests.
[0.487s] 2: [  FAILED  ] 3 tests, listed below:
[0.487s] 2: [  FAILED  ] MovementTest.HeadingDeterminationTest
[0.487s] 2: [  FAILED  ] MovementTest.MovementInfoPublishingTest
[0.487s] 2: [  FAILED  ] MovementTEST.DirectionDeterminationTest
[0.490s] 2: 
[0.491s] 2:  3 FAILED TESTS
[0.591s] 2: -- run_test.py: return code 1
[0.591s] 2: -- run_test.py: inject classname prefix into gtest result file '/home/kargla/robot_movement/build/movement_info/test_results/movement_info/movement_info_movement_gmock.gtest.xml'
[0.591s] 2: -- run_test.py: verify result file '/home/kargla/robot_movement/build/movement_info/test_results/movement_info/movement_info_movement_gmock.gtest.xml'
[0.615s] 2/2 Test #2: movement_info_movement_gmock .....***Failed    0.27 sec
[0.615s] 
[0.615s] 0% tests passed[0;0m, [0;31m2 tests failed[0;0m out of 2
[0.616s] 
[0.616s] Label Time Summary:
[0.616s] gmock    =   0.27 sec*proc (1 test)
[0.616s] gtest    =   0.27 sec*proc (1 test)
[0.616s] 
[0.616s] Total Test time (real) =   0.55 sec
[0.616s] 
[0.617s] The following tests FAILED:
[0.617s] 	[0;31m  1 - movement_info_movement_gtest (Failed)[0;0m
[0.617s] 	[0;31m  2 - movement_info_movement_gmock (Failed)[0;0m
[0.618s] Errors while running CTest
[0.618s] Output from these tests are in: /home/kargla/robot_movement/build/movement_info/Testing/Temporary/LastTest.log
[0.618s] Use "--rerun-failed --output-on-failure" to re-run the failed cases verbosely.
[0.624s] Invoked command in '/home/kargla/robot_movement/build/movement_info' returned '8': AMENT_PREFIX_PATH=/home/kargla/robot_movement/install/movement_info:${AMENT_PREFIX_PATH} CMAKE_PREFIX_PATH=/home/kargla/robot_movement/install/movement_info /usr/bin/ctest -C Release -D ExperimentalTest --no-compress-output -V --force-new-ctest-process
