[0.016s] Invoking command in '/home/kargla/robot_movement/build/movement_info': CMAKE_PREFIX_PATH=${CMAKE_PREFIX_PATH}:/opt/ros/humble /usr/bin/cmake --build /home/kargla/robot_movement/build/movement_info -- -j12 -l12
[0.093s] [ 10%] Built target gtest_main
[0.093s] [ 20%] Built target gtest
[0.100s] [ 35%] Built target gmock
[0.101s] [ 45%] Built target gmock_main
[0.104s] [ 60%] Built target movement_info_library
[0.105s] [ 80%] Built target movement
[0.129s] [35m[1mConsolidate compiler generated dependencies of target movement_info_movement_gmock[0m
[0.129s] [35m[1mConsolidate compiler generated dependencies of target movement_info_movement_gtest[0m
[0.156s] [ 90%] [32mBuilding CXX object CMakeFiles/movement_info_movement_gmock.dir/test/movement_test.cpp.o[0m
[0.156s] [ 90%] [32mBuilding CXX object CMakeFiles/movement_info_movement_gtest.dir/test/movement_test.cpp.o[0m
[4.400s] In file included from [01m[K/home/kargla/robot_movement/src/movement_info/test/movement_test.cpp:1[m[K:
[4.401s] /opt/ros/humble/src/gtest_vendor/include/gtest/gtest.h: In instantiation of â€˜[01m[Ktesting::AssertionResult testing::internal::CmpHelperEQ(const char*, const char*, const T1&, const T2&) [with T1 = int; T2 = std::__cxx11::basic_string<char>][m[Kâ€™:
[4.401s] [01m[K/opt/ros/humble/src/gtest_vendor/include/gtest/gtest.h:1554:23:[m[K   required from â€˜[01m[Kstatic testing::AssertionResult testing::internal::EqHelper::Compare(const char*, const char*, const T1&, const T2&) [with T1 = int; T2 = std::__cxx11::basic_string<char>; typename std::enable_if<((! std::is_integral<_Tp>::value) || (! std::is_pointer<_Dp>::value))>::type* <anonymous> = 0][m[Kâ€™
[4.401s] [01m[K/home/kargla/robot_movement/src/movement_info/test/movement_test.cpp:68:13:[m[K   required from here
[4.401s] [01m[K/opt/ros/humble/src/gtest_vendor/include/gtest/gtest.h:1527:11:[m[K [01;31m[Kerror: [m[Kno match for â€˜[01m[Koperator==[m[Kâ€™ (operand types are â€˜[01m[Kconst int[m[Kâ€™ and â€˜[01m[Kconst std::__cxx11::basic_string<char>[m[Kâ€™)
[4.401s]  1527 |   if ([01;31m[Klhs == rhs[m[K) {
[4.401s]       |       [01;31m[K~~~~^~~~~~[m[K
[4.402s] In file included from [01m[K/usr/include/c++/11/bits/stl_algobase.h:67[m[K,
[4.402s]                  from [01m[K/usr/include/c++/11/memory:63[m[K,
[4.402s]                  from [01m[K/opt/ros/humble/src/gtest_vendor/include/gtest/gtest.h:57[m[K,
[4.402s]                  from [01m[K/home/kargla/robot_movement/src/movement_info/test/movement_test.cpp:1[m[K:
[4.402s] [01m[K/usr/include/c++/11/bits/stl_iterator.h:1155:5:[m[K [01;36m[Knote: [m[Kcandidate: â€˜[01m[Ktemplate<class _IteratorL, class _IteratorR, class _Container> bool __gnu_cxx::operator==(const __gnu_cxx::__normal_iterator<_IteratorL, _Container>&, const __gnu_cxx::__normal_iterator<_IteratorR, _Container>&)[m[Kâ€™
[4.402s]  1155 |     [01;36m[Koperator[m[K==(const __normal_iterator<_IteratorL, _Container>& __lhs,
[4.402s]       |     [01;36m[K^~~~~~~~[m[K
[4.402s] [01m[K/usr/include/c++/11/bits/stl_iterator.h:1155:5:[m[K [01;36m[Knote: [m[K  template argument deduction/substitution failed:
[4.403s] In file included from [01m[K/home/kargla/robot_movement/src/movement_info/test/movement_test.cpp:1[m[K:
[4.403s] [01m[K/opt/ros/humble/src/gtest_vendor/include/gtest/gtest.h:1527:11:[m[K [01;36m[Knote: [m[K  mismatched types â€˜[01m[Kconst __gnu_cxx::__normal_iterator<_IteratorL, _Container>[m[Kâ€™ and â€˜[01m[Kconst int[m[Kâ€™
[4.403s]  1527 |   if ([01;36m[Klhs == rhs[m[K) {
[4.403s]       |       [01;36m[K~~~~^~~~~~[m[K
[4.403s] In file included from [01m[K/usr/include/c++/11/bits/stl_algobase.h:67[m[K,
[4.403s]                  from [01m[K/usr/include/c++/11/memory:63[m[K,
[4.403s]                  from [01m[K/opt/ros/humble/src/gtest_vendor/include/gtest/gtest.h:57[m[K,
[4.403s]                  from [01m[K/home/kargla/robot_movement/src/movement_info/test/movement_test.cpp:1[m[K:
[4.403s] [01m[K/usr/include/c++/11/bits/stl_iterator.h:1163:5:[m[K [01;36m[Knote: [m[Kcandidate: â€˜[01m[Ktemplate<class _Iterator, class _Container> bool __gnu_cxx::operator==(const __gnu_cxx::__normal_iterator<_Iterator, _Container>&, const __gnu_cxx::__normal_iterator<_Iterator, _Container>&)[m[Kâ€™
[4.403s]  1163 |     [01;36m[Koperator[m[K==(const __normal_iterator<_Iterator, _Container>& __lhs,
[4.403s]       |     [01;36m[K^~~~~~~~[m[K
[4.404s] [01m[K/usr/include/c++/11/bits/stl_iterator.h:1163:5:[m[K [01;36m[Knote: [m[K  template argument deduction/substitution failed:
[4.404s] In file included from [01m[K/home/kargla/robot_movement/src/movement_info/test/movement_test.cpp:1[m[K:
[4.404s] [01m[K/opt/ros/humble/src/gtest_vendor/include/gtest/gtest.h:1527:11:[m[K [01;36m[Knote: [m[K  mismatched types â€˜[01m[Kconst __gnu_cxx::__normal_iterator<_Iterator, _Container>[m[Kâ€™ and â€˜[01m[Kconst int[m[Kâ€™
[4.404s]  1527 |   if ([01;36m[Klhs == rhs[m[K) {
[4.404s]       |       [01;36m[K~~~~^~~~~~[m[K
[4.404s] In file included from [01m[K/usr/include/x86_64-linux-gnu/c++/11/bits/c++allocator.h:33[m[K,
[4.404s]                  from [01m[K/usr/include/c++/11/bits/allocator.h:46[m[K,
[4.404s]                  from [01m[K/usr/include/c++/11/memory:64[m[K,
[4.404s]                  from [01m[K/opt/ros/humble/src/gtest_vendor/include/gtest/gtest.h:57[m[K,
[4.404s]                  from [01m[K/home/kargla/robot_movement/src/movement_info/test/movement_test.cpp:1[m[K:
[4.404s] [01m[K/usr/include/c++/11/ext/new_allocator.h:183:9:[m[K [01;36m[Knote: [m[Kcandidate: â€˜[01m[Ktemplate<class _Up> bool __gnu_cxx::operator==(const __gnu_cxx::new_allocator<char>&, const __gnu_cxx::new_allocator<_Tp>&)[m[Kâ€™
[4.404s]   183 |         [01;36m[Koperator[m[K==(const new_allocator&, const new_allocator<_Up>&)
[4.404s]       |         [01;36m[K^~~~~~~~[m[K
[4.404s] [01m[K/usr/include/c++/11/ext/new_allocator.h:183:9:[m[K [01;36m[Knote: [m[K  template argument deduction/substitution failed:
[4.404s] In file included from [01m[K/home/kargla/robot_movement/src/movement_info/test/movement_test.cpp:1[m[K:
[4.404s] [01m[K/opt/ros/humble/src/gtest_vendor/include/gtest/gtest.h:1527:11:[m[K [01;36m[Knote: [m[K  â€˜[01m[Kconst std::__cxx11::basic_string<char>[m[Kâ€™ is not derived from â€˜[01m[Kconst __gnu_cxx::new_allocator<_Tp>[m[Kâ€™
[4.404s]  1527 |   if ([01;36m[Klhs == rhs[m[K) {
[4.404s]       |       [01;36m[K~~~~^~~~~~[m[K
[4.404s] In file included from [01m[K/usr/include/c++/11/bits/stl_algobase.h:64[m[K,
[4.405s]                  from [01m[K/usr/include/c++/11/memory:63[m[K,
[4.405s]                  from [01m[K/opt/ros/humble/src/gtest_vendor/include/gtest/gtest.h:57[m[K,
[4.405s]                  from [01m[K/home/kargla/robot_movement/src/movement_info/test/movement_test.cpp:1[m[K:
[4.405s] [01m[K/usr/include/c++/11/bits/stl_pair.h:466:5:[m[K [01;36m[Knote: [m[Kcandidate: â€˜[01m[Ktemplate<class _T1, class _T2> constexpr bool std::operator==(const std::pair<_T1, _T2>&, const std::pair<_T1, _T2>&)[m[Kâ€™
[4.405s]   466 |     [01;36m[Koperator[m[K==(const pair<_T1, _T2>& __x, const pair<_T1, _T2>& __y)
[4.405s]       |     [01;36m[K^~~~~~~~[m[K
[4.405s] [01m[K/usr/include/c++/11/bits/stl_pair.h:466:5:[m[K [01;36m[Knote: [m[K  template argument deduction/substitution failed:
[4.405s] In file included from [01m[K/home/kargla/robot_movement/src/movement_info/test/movement_test.cpp:1[m[K:
[4.405s] [01m[K/opt/ros/humble/src/gtest_vendor/include/gtest/gtest.h:1527:11:[m[K [01;36m[Knote: [m[K  mismatched types â€˜[01m[Kconst std::pair<_T1, _T2>[m[Kâ€™ and â€˜[01m[Kconst int[m[Kâ€™
[4.405s]  1527 |   if ([01;36m[Klhs == rhs[m[K) {
[4.405s]       |       [01;36m[K~~~~^~~~~~[m[K
[4.405s] In file included from [01m[K/usr/include/c++/11/bits/stl_algobase.h:67[m[K,
[4.405s]                  from [01m[K/usr/include/c++/11/memory:63[m[K,
[4.405s]                  from [01m[K/opt/ros/humble/src/gtest_vendor/include/gtest/gtest.h:57[m[K,
[4.405s]                  from [01m[K/home/kargla/robot_movement/src/movement_info/test/movement_test.cpp:1[m[K:
[4.405s] [01m[K/usr/include/c++/11/bits/stl_iterator.h:420:5:[m[K [01;36m[Knote: [m[Kcandidate: â€˜[01m[Ktemplate<class _Iterator> constexpr bool std::operator==(const std::reverse_iterator<_Iterator>&, const std::reverse_iterator<_Iterator>&)[m[Kâ€™
[4.405s]   420 |     [01;36m[Koperator[m[K==(const reverse_iterator<_Iterator>& __x,
[4.405s]       |     [01;36m[K^~~~~~~~[m[K
[4.405s] [01m[K/usr/include/c++/11/bits/stl_iterator.h:420:5:[m[K [01;36m[Knote: [m[K  template argument deduction/substitution failed:
[4.406s] In file included from [01m[K/home/kargla/robot_movement/src/movement_info/test/movement_test.cpp:1[m[K:
[4.406s] [01m[K/opt/ros/humble/src/gtest_vendor/include/gtest/gtest.h:1527:11:[m[K [01;36m[Knote: [m[K  mismatched types â€˜[01m[Kconst std::reverse_iterator<_Iterator>[m[Kâ€™ and â€˜[01m[Kconst int[m[Kâ€™
[4.406s]  1527 |   if ([01;36m[Klhs == rhs[m[K) {
[4.406s]       |       [01;36m[K~~~~^~~~~~[m[K
[4.406s] In file included from [01m[K/usr/include/c++/11/bits/stl_algobase.h:67[m[K,
[4.406s]                  from [01m[K/usr/include/c++/11/memory:63[m[K,
[4.406s]                  from [01m[K/opt/ros/humble/src/gtest_vendor/include/gtest/gtest.h:57[m[K,
[4.406s]                  from [01m[K/home/kargla/robot_movement/src/movement_info/test/movement_test.cpp:1[m[K:
[4.406s] [01m[K/usr/include/c++/11/bits/stl_iterator.h:459:5:[m[K [01;36m[Knote: [m[Kcandidate: â€˜[01m[Ktemplate<class _IteratorL, class _IteratorR> constexpr bool std::operator==(const std::reverse_iterator<_Iterator>&, const std::reverse_iterator<_IteratorR>&)[m[Kâ€™
[4.406s]   459 |     [01;36m[Koperator[m[K==(const reverse_iterator<_IteratorL>& __x,
[4.406s]       |     [01;36m[K^~~~~~~~[m[K
[4.406s] [01m[K/usr/include/c++/11/bits/stl_iterator.h:459:5:[m[K [01;36m[Knote: [m[K  template argument deduction/substitution failed:
[4.406s] In file included from [01m[K/home/kargla/robot_movement/src/movement_info/test/movement_test.cpp:1[m[K:
[4.406s] [01m[K/opt/ros/humble/src/gtest_vendor/include/gtest/gtest.h:1527:11:[m[K [01;36m[Knote: [m[K  mismatched types â€˜[01m[Kconst std::reverse_iterator<_Iterator>[m[Kâ€™ and â€˜[01m[Kconst int[m[Kâ€™
[4.406s]  1527 |   if ([01;36m[Klhs == rhs[m[K) {
[4.406s]       |       [01;36m[K~~~~^~~~~~[m[K
[4.406s] In file included from [01m[K/usr/include/c++/11/bits/stl_algobase.h:67[m[K,
[4.406s]                  from [01m[K/usr/include/c++/11/memory:63[m[K,
[4.406s]                  from [01m[K/opt/ros/humble/src/gtest_vendor/include/gtest/gtest.h:57[m[K,
[4.407s]                  from [01m[K/home/kargla/robot_movement/src/movement_info/test/movement_test.cpp:1[m[K:
[4.407s] [01m[K/usr/include/c++/11/bits/stl_iterator.h:1585:5:[m[K [01;36m[Knote: [m[Kcandidate: â€˜[01m[Ktemplate<class _IteratorL, class _IteratorR> constexpr bool std::operator==(const std::move_iterator<_IteratorL>&, const std::move_iterator<_IteratorR>&)[m[Kâ€™
[4.407s]  1585 |     [01;36m[Koperator[m[K==(const move_iterator<_IteratorL>& __x,
[4.407s]       |     [01;36m[K^~~~~~~~[m[K
[4.407s] [01m[K/usr/include/c++/11/bits/stl_iterator.h:1585:5:[m[K [01;36m[Knote: [m[K  template argument deduction/substitution failed:
[4.407s] In file included from [01m[K/home/kargla/robot_movement/src/movement_info/test/movement_test.cpp:1[m[K:
[4.407s] [01m[K/opt/ros/humble/src/gtest_vendor/include/gtest/gtest.h:1527:11:[m[K [01;36m[Knote: [m[K  mismatched types â€˜[01m[Kconst std::move_iterator<_IteratorL>[m[Kâ€™ and â€˜[01m[Kconst int[m[Kâ€™
[4.407s]  1527 |   if ([01;36m[Klhs == rhs[m[K) {
[4.407s]       |       [01;36m[K~~~~^~~~~~[m[K
[4.407s] In file included from [01m[K/usr/include/c++/11/bits/stl_algobase.h:67[m[K,
[4.407s]                  from [01m[K/usr/include/c++/11/memory:63[m[K,
[4.407s]                  from [01m[K/opt/ros/humble/src/gtest_vendor/include/gtest/gtest.h:57[m[K,
[4.407s]                  from [01m[K/home/kargla/robot_movement/src/movement_info/test/movement_test.cpp:1[m[K:
[4.407s] [01m[K/usr/include/c++/11/bits/stl_iterator.h:1648:5:[m[K [01;36m[Knote: [m[Kcandidate: â€˜[01m[Ktemplate<class _Iterator> constexpr bool std::operator==(const std::move_iterator<_IteratorL>&, const std::move_iterator<_IteratorL>&)[m[Kâ€™
[4.407s]  1648 |     [01;36m[Koperator[m[K==(const move_iterator<_Iterator>& __x,
[4.407s]       |     [01;36m[K^~~~~~~~[m[K
[4.407s] [01m[K/usr/include/c++/11/bits/stl_iterator.h:1648:5:[m[K [01;36m[Knote: [m[K  template argument deduction/substitution failed:
[4.407s] In file included from [01m[K/home/kargla/robot_movement/src/movement_info/test/movement_test.cpp:1[m[K:
[4.407s] [01m[K/opt/ros/humble/src/gtest_vendor/include/gtest/gtest.h:1527:11:[m[K [01;36m[Knote: [m[K  mismatched types â€˜[01m[Kconst std::move_iterator<_IteratorL>[m[Kâ€™ and â€˜[01m[Kconst int[m[Kâ€™
[4.408s]  1527 |   if ([01;36m[Klhs == rhs[m[K) {
[4.408s]       |       [01;36m[K~~~~^~~~~~[m[K
[4.408s] In file included from [01m[K/usr/include/c++/11/memory:64[m[K,
[4.408s]                  from [01m[K/opt/ros/humble/src/gtest_vendor/include/gtest/gtest.h:57[m[K,
[4.408s]                  from [01m[K/home/kargla/robot_movement/src/movement_info/test/movement_test.cpp:1[m[K:
[4.408s] [01m[K/usr/include/c++/11/bits/allocator.h:218:5:[m[K [01;36m[Knote: [m[Kcandidate: â€˜[01m[Ktemplate<class _T1, class _T2> bool std::operator==(const std::allocator<_Tp1>&, const std::allocator<_T2>&)[m[Kâ€™
[4.408s]   218 |     [01;36m[Koperator[m[K==(const allocator<_T1>&, const allocator<_T2>&)
[4.408s]       |     [01;36m[K^~~~~~~~[m[K
[4.408s] [01m[K/usr/include/c++/11/bits/allocator.h:218:5:[m[K [01;36m[Knote: [m[K  template argument deduction/substitution failed:
[4.408s] In file included from [01m[K/home/kargla/robot_movement/src/movement_info/test/movement_test.cpp:1[m[K:
[4.408s] [01m[K/opt/ros/humble/src/gtest_vendor/include/gtest/gtest.h:1527:11:[m[K [01;36m[Knote: [m[K  mismatched types â€˜[01m[Kconst std::allocator<_Tp1>[m[Kâ€™ and â€˜[01m[Kconst int[m[Kâ€™
[4.408s]  1527 |   if ([01;36m[Klhs == rhs[m[K) {
[4.408s]       |       [01;36m[K~~~~^~~~~~[m[K
[4.408s] In file included from [01m[K/usr/include/c++/11/tuple:39[m[K,
[4.408s]                  from [01m[K/usr/include/c++/11/bits/unique_ptr.h:37[m[K,
[4.409s]                  from [01m[K/usr/include/c++/11/memory:76[m[K,
[4.409s]                  from [01m[K/opt/ros/humble/src/gtest_vendor/include/gtest/gtest.h:57[m[K,
[4.409s]                  from [01m[K/home/kargla/robot_movement/src/movement_info/test/movement_test.cpp:1[m[K:
[4.409s] [01m[K/usr/include/c++/11/array:276:5:[m[K [01;36m[Knote: [m[Kcandidate: â€˜[01m[Ktemplate<class _Tp, long unsigned int _Nm> bool std::operator==(const std::array<_Tp, _Nm>&, const std::array<_Tp, _Nm>&)[m[Kâ€™
[4.409s]   276 |     [01;36m[Koperator[m[K==(const array<_Tp, _Nm>& __one, const array<_Tp, _Nm>& __two)
[4.409s]       |     [01;36m[K^~~~~~~~[m[K
[4.409s] [01m[K/usr/include/c++/11/array:276:5:[m[K [01;36m[Knote: [m[K  template argument deduction/substitution failed:
[4.409s] In file included from [01m[K/home/kargla/robot_movement/src/movement_info/test/movement_test.cpp:1[m[K:
[4.409s] [01m[K/opt/ros/humble/src/gtest_vendor/include/gtest/gtest.h:1527:11:[m[K [01;36m[Knote: [m[K  mismatched types â€˜[01m[Kconst std::array<_Tp, _Nm>[m[Kâ€™ and â€˜[01m[Kconst int[m[Kâ€™
[4.409s]  1527 |   if ([01;36m[Klhs == rhs[m[K) {
[4.409s]       |       [01;36m[K~~~~^~~~~~[m[K
[4.409s] In file included from [01m[K/usr/include/c++/11/bits/unique_ptr.h:37[m[K,
[4.409s]                  from [01m[K/usr/include/c++/11/memory:76[m[K,
[4.409s]                  from [01m[K/opt/ros/humble/src/gtest_vendor/include/gtest/gtest.h:57[m[K,
[4.409s]                  from [01m[K/home/kargla/robot_movement/src/movement_info/test/movement_test.cpp:1[m[K:
[4.410s] [01m[K/usr/include/c++/11/tuple:1524:5:[m[K [01;36m[Knote: [m[Kcandidate: â€˜[01m[Ktemplate<class ... _TElements, class ... _UElements> constexpr bool std::operator==(const std::tuple<_Tps ...>&, const std::tuple<_UTypes ...>&)[m[Kâ€™
[4.410s]  1524 |     [01;36m[Koperator[m[K==(const tuple<_TElements...>& __t,
[4.410s]       |     [01;36m[K^~~~~~~~[m[K
[4.410s] [01m[K/usr/include/c++/11/tuple:1524:5:[m[K [01;36m[Knote: [m[K  template argument deduction/substitution failed:
[4.410s] In file included from [01m[K/home/kargla/robot_movement/src/movement_info/test/movement_test.cpp:1[m[K:
[4.411s] [01m[K/opt/ros/humble/src/gtest_vendor/include/gtest/gtest.h:1527:11:[m[K [01;36m[Knote: [m[K  mismatched types â€˜[01m[Kconst std::tuple<_Tps ...>[m[Kâ€™ and â€˜[01m[Kconst int[m[Kâ€™
[4.411s]  1527 |   if ([01;36m[Klhs == rhs[m[K) {
[4.411s]       |       [01;36m[K~~~~^~~~~~[m[K
[4.411s] In file included from [01m[K/usr/include/c++/11/memory:76[m[K,
[4.412s]                  from [01m[K/opt/ros/humble/src/gtest_vendor/include/gtest/gtest.h:57[m[K,
[4.412s]                  from [01m[K/home/kargla/robot_movement/src/movement_info/test/movement_test.cpp:1[m[K:
[4.412s] [01m[K/usr/include/c++/11/bits/unique_ptr.h:753:5:[m[K [01;36m[Knote: [m[Kcandidate: â€˜[01m[Ktemplate<class _Tp, class _Dp, class _Up, class _Ep> bool std::operator==(const std::unique_ptr<_Tp, _Dp>&, const std::unique_ptr<_Up, _Ep>&)[m[Kâ€™
[4.412s]   753 |     [01;36m[Koperator[m[K==(const unique_ptr<_Tp, _Dp>& __x,
[4.412s]       |     [01;36m[K^~~~~~~~[m[K
[4.412s] [01m[K/usr/include/c++/11/bits/unique_ptr.h:753:5:[m[K [01;36m[Knote: [m[K  template argument deduction/substitution failed:
[4.412s] In file included from [01m[K/home/kargla/robot_movement/src/movement_info/test/movement_test.cpp:1[m[K:
[4.413s] [01m[K/opt/ros/humble/src/gtest_vendor/include/gtest/gtest.h:1527:11:[m[K [01;36m[Knote: [m[K  mismatched types â€˜[01m[Kconst std::unique_ptr<_Tp, _Dp>[m[Kâ€™ and â€˜[01m[Kconst int[m[Kâ€™
[4.413s]  1527 |   if ([01;36m[Klhs == rhs[m[K) {
[4.413s]       |       [01;36m[K~~~~^~~~~~[m[K
[4.413s] In file included from [01m[K/usr/include/c++/11/memory:76[m[K,
[4.414s]                  from [01m[K/opt/ros/humble/src/gtest_vendor/include/gtest/gtest.h:57[m[K,
[4.414s]                  from [01m[K/home/kargla/robot_movement/src/movement_info/test/movement_test.cpp:1[m[K:
[4.414s] [01m[K/usr/include/c++/11/bits/unique_ptr.h:760:5:[m[K [01;36m[Knote: [m[Kcandidate: â€˜[01m[Ktemplate<class _Tp, class _Dp> bool std::operator==(const std::unique_ptr<_Tp, _Dp>&, std::nullptr_t)[m[Kâ€™
[4.414s]   760 |     [01;36m[Koperator[m[K==(const unique_ptr<_Tp, _Dp>& __x, nullptr_t) noexcept
[4.414s]       |     [01;36m[K^~~~~~~~[m[K
[4.414s] [01m[K/usr/include/c++/11/bits/unique_ptr.h:760:5:[m[K [01;36m[Knote: [m[K  template argument deduction/substitution failed:
[4.414s] In file included from [01m[K/home/kargla/robot_movement/src/movement_info/test/movement_test.cpp:1[m[K:
[4.414s] [01m[K/opt/ros/humble/src/gtest_vendor/include/gtest/gtest.h:1527:11:[m[K [01;36m[Knote: [m[K  mismatched types â€˜[01m[Kconst std::unique_ptr<_Tp, _Dp>[m[Kâ€™ and â€˜[01m[Kconst int[m[Kâ€™
[4.414s]  1527 |   if ([01;36m[Klhs == rhs[m[K) {
[4.414s]       |       [01;36m[K~~~~^~~~~~[m[K
[4.414s] In file included from [01m[K/usr/include/c++/11/memory:76[m[K,
[4.414s]                  from [01m[K/opt/ros/humble/src/gtest_vendor/include/gtest/gtest.h:57[m[K,
[4.414s]                  from [01m[K/home/kargla/robot_movement/src/movement_info/test/movement_test.cpp:1[m[K:
[4.414s] [01m[K/usr/include/c++/11/bits/unique_ptr.h:767:5:[m[K [01;36m[Knote: [m[Kcandidate: â€˜[01m[Ktemplate<class _Tp, class _Dp> bool std::operator==(std::nullptr_t, const std::unique_ptr<_Tp, _Dp>&)[m[Kâ€™
[4.414s]   767 |     [01;36m[Koperator[m[K==(nullptr_t, const unique_ptr<_Tp, _Dp>& __x) noexcept
[4.414s]       |     [01;36m[K^~~~~~~~[m[K
[4.414s] [01m[K/usr/include/c++/11/bits/unique_ptr.h:767:5:[m[K [01;36m[Knote: [m[K  template argument deduction/substitution failed:
[4.415s] In file included from [01m[K/home/kargla/robot_movement/src/movement_info/test/movement_test.cpp:1[m[K:
[4.415s] [01m[K/opt/ros/humble/src/gtest_vendor/include/gtest/gtest.h:1527:11:[m[K [01;36m[Knote: [m[K  â€˜[01m[Kconst std::__cxx11::basic_string<char>[m[Kâ€™ is not derived from â€˜[01m[Kconst std::unique_ptr<_Tp, _Dp>[m[Kâ€™
[4.415s]  1527 |   if ([01;36m[Klhs == rhs[m[K) {
[4.415s]       |       [01;36m[K~~~~^~~~~~[m[K
[4.415s] In file included from [01m[K/usr/include/c++/11/iosfwd:40[m[K,
[4.415s]                  from [01m[K/usr/include/c++/11/bits/shared_ptr.h:52[m[K,
[4.415s]                  from [01m[K/usr/include/c++/11/memory:77[m[K,
[4.415s]                  from [01m[K/opt/ros/humble/src/gtest_vendor/include/gtest/gtest.h:57[m[K,
[4.415s]                  from [01m[K/home/kargla/robot_movement/src/movement_info/test/movement_test.cpp:1[m[K:
[4.415s] [01m[K/usr/include/c++/11/bits/postypes.h:222:5:[m[K [01;36m[Knote: [m[Kcandidate: â€˜[01m[Ktemplate<class _StateT> bool std::operator==(const std::fpos<_StateT>&, const std::fpos<_StateT>&)[m[Kâ€™
[4.415s]   222 |     [01;36m[Koperator[m[K==(const fpos<_StateT>& __lhs, const fpos<_StateT>& __rhs)
[4.415s]       |     [01;36m[K^~~~~~~~[m[K
[4.415s] [01m[K/usr/include/c++/11/bits/postypes.h:222:5:[m[K [01;36m[Knote: [m[K  template argument deduction/substitution failed:
[4.415s] In file included from [01m[K/home/kargla/robot_movement/src/movement_info/test/movement_test.cpp:1[m[K:
[4.415s] [01m[K/opt/ros/humble/src/gtest_vendor/include/gtest/gtest.h:1527:11:[m[K [01;36m[Knote: [m[K  mismatched types â€˜[01m[Kconst std::fpos<_StateT>[m[Kâ€™ and â€˜[01m[Kconst int[m[Kâ€™
[4.415s]  1527 |   if ([01;36m[Klhs == rhs[m[K) {
[4.415s]       |       [01;36m[K~~~~^~~~~~[m[K
[4.415s] In file included from [01m[K/usr/include/c++/11/bits/shared_ptr.h:53[m[K,
[4.415s]                  from [01m[K/usr/include/c++/11/memory:77[m[K,
[4.416s]                  from [01m[K/opt/ros/humble/src/gtest_vendor/include/gtest/gtest.h:57[m[K,
[4.416s]                  from [01m[K/home/kargla/robot_movement/src/movement_info/test/movement_test.cpp:1[m[K:
[4.416s] [01m[K/usr/include/c++/11/bits/shared_ptr_base.h:1410:5:[m[K [01;36m[Knote: [m[Kcandidate: â€˜[01m[Ktemplate<class _Tp1, class _Tp2, __gnu_cxx::_Lock_policy _Lp> bool std::operator==(const std::__shared_ptr<_Tp1, _Lp>&, const std::__shared_ptr<_Tp2, _Lp>&)[m[Kâ€™
[4.416s]  1410 |     [01;36m[Koperator[m[K==(const __shared_ptr<_Tp1, _Lp>& __a,
[4.416s]       |     [01;36m[K^~~~~~~~[m[K
[4.416s] [01m[K/usr/include/c++/11/bits/shared_ptr_base.h:1410:5:[m[K [01;36m[Knote: [m[K  template argument deduction/substitution failed:
[4.416s] In file included from [01m[K/home/kargla/robot_movement/src/movement_info/test/movement_test.cpp:1[m[K:
[4.416s] [01m[K/opt/ros/humble/src/gtest_vendor/include/gtest/gtest.h:1527:11:[m[K [01;36m[Knote: [m[K  mismatched types â€˜[01m[Kconst std::__shared_ptr<_Tp1, _Lp>[m[Kâ€™ and â€˜[01m[Kconst int[m[Kâ€™
[4.416s]  1527 |   if ([01;36m[Klhs == rhs[m[K) {
[4.416s]       |       [01;36m[K~~~~^~~~~~[m[K
[4.416s] In file included from [01m[K/usr/include/c++/11/bits/shared_ptr.h:53[m[K,
[4.416s]                  from [01m[K/usr/include/c++/11/memory:77[m[K,
[4.416s]                  from [01m[K/opt/ros/humble/src/gtest_vendor/include/gtest/gtest.h:57[m[K,
[4.416s]                  from [01m[K/home/kargla/robot_movement/src/movement_info/test/movement_test.cpp:1[m[K:
[4.416s] [01m[K/usr/include/c++/11/bits/shared_ptr_base.h:1416:5:[m[K [01;36m[Knote: [m[Kcandidate: â€˜[01m[Ktemplate<class _Tp, __gnu_cxx::_Lock_policy _Lp> bool std::operator==(const std::__shared_ptr<_Tp, _Lp>&, std::nullptr_t)[m[Kâ€™
[4.416s]  1416 |     [01;36m[Koperator[m[K==(const __shared_ptr<_Tp, _Lp>& __a, nullptr_t) noexcept
[4.416s]       |     [01;36m[K^~~~~~~~[m[K
[4.416s] [01m[K/usr/include/c++/11/bits/shared_ptr_base.h:1416:5:[m[K [01;36m[Knote: [m[K  template argument deduction/substitution failed:
[4.416s] In file included from [01m[K/home/kargla/robot_movement/src/movement_info/test/movement_test.cpp:1[m[K:
[4.417s] [01m[K/opt/ros/humble/src/gtest_vendor/include/gtest/gtest.h:1527:11:[m[K [01;36m[Knote: [m[K  mismatched types â€˜[01m[Kconst std::__shared_ptr<_Tp, _Lp>[m[Kâ€™ and â€˜[01m[Kconst int[m[Kâ€™
[4.417s]  1527 |   if ([01;36m[Klhs == rhs[m[K) {
[4.417s]       |       [01;36m[K~~~~^~~~~~[m[K
[4.417s] In file included from [01m[K/usr/include/c++/11/bits/shared_ptr.h:53[m[K,
[4.417s]                  from [01m[K/usr/include/c++/11/memory:77[m[K,
[4.417s]                  from [01m[K/opt/ros/humble/src/gtest_vendor/include/gtest/gtest.h:57[m[K,
[4.417s]                  from [01m[K/home/kargla/robot_movement/src/movement_info/test/movement_test.cpp:1[m[K:
[4.417s] [01m[K/usr/include/c++/11/bits/shared_ptr_base.h:1436:5:[m[K [01;36m[Knote: [m[Kcandidate: â€˜[01m[Ktemplate<class _Tp, __gnu_cxx::_Lock_policy _Lp> bool std::operator==(std::nullptr_t, const std::__shared_ptr<_Tp, _Lp>&)[m[Kâ€™
[4.417s]  1436 |     [01;36m[Koperator[m[K==(nullptr_t, const __shared_ptr<_Tp, _Lp>& __a) noexcept
[4.417s]       |     [01;36m[K^~~~~~~~[m[K
[4.417s] [01m[K/usr/include/c++/11/bits/shared_ptr_base.h:1436:5:[m[K [01;36m[Knote: [m[K  template argument deduction/substitution failed:
[4.417s] In file included from [01m[K/home/kargla/robot_movement/src/movement_info/test/movement_test.cpp:1[m[K:
[4.417s] [01m[K/opt/ros/humble/src/gtest_vendor/include/gtest/gtest.h:1527:11:[m[K [01;36m[Knote: [m[K  â€˜[01m[Kconst std::__cxx11::basic_string<char>[m[Kâ€™ is not derived from â€˜[01m[Kconst std::__shared_ptr<_Tp, _Lp>[m[Kâ€™
[4.417s]  1527 |   if ([01;36m[Klhs == rhs[m[K) {
[4.417s]       |       [01;36m[K~~~~^~~~~~[m[K
[4.417s] In file included from [01m[K/usr/include/c++/11/memory:77[m[K,
[4.417s]                  from [01m[K/opt/ros/humble/src/gtest_vendor/include/gtest/gtest.h:57[m[K,
[4.417s]                  from [01m[K/home/kargla/robot_movement/src/movement_info/test/movement_test.cpp:1[m[K:
[4.418s] [01m[K/usr/include/c++/11/bits/shared_ptr.h:437:5:[m[K [01;36m[Knote: [m[Kcandidate: â€˜[01m[Ktemplate<class _Tp, class _Up> bool std::operator==(const std::shared_ptr<_Tp>&, const std::shared_ptr<_Tp>&)[m[Kâ€™
[4.418s]   437 |     [01;36m[Koperator[m[K==(const shared_ptr<_Tp>& __a, const shared_ptr<_Up>& __b) noexcept
[4.418s]       |     [01;36m[K^~~~~~~~[m[K
[4.418s] [01m[K/usr/include/c++/11/bits/shared_ptr.h:437:5:[m[K [01;36m[Knote: [m[K  template argument deduction/substitution failed:
[4.418s] In file included from [01m[K/home/kargla/robot_movement/src/movement_info/test/movement_test.cpp:1[m[K:
[4.418s] [01m[K/opt/ros/humble/src/gtest_vendor/include/gtest/gtest.h:1527:11:[m[K [01;36m[Knote: [m[K  mismatched types â€˜[01m[Kconst std::shared_ptr<_Tp>[m[Kâ€™ and â€˜[01m[Kconst int[m[Kâ€™
[4.418s]  1527 |   if ([01;36m[Klhs == rhs[m[K) {
[4.418s]       |       [01;36m[K~~~~^~~~~~[m[K
[4.418s] In file included from [01m[K/usr/include/c++/11/memory:77[m[K,
[4.418s]                  from [01m[K/opt/ros/humble/src/gtest_vendor/include/gtest/gtest.h:57[m[K,
[4.418s]                  from [01m[K/home/kargla/robot_movement/src/movement_info/test/movement_test.cpp:1[m[K:
[4.418s] [01m[K/usr/include/c++/11/bits/shared_ptr.h:443:5:[m[K [01;36m[Knote: [m[Kcandidate: â€˜[01m[Ktemplate<class _Tp> bool std::operator==(const std::shared_ptr<_Tp>&, std::nullptr_t)[m[Kâ€™
[4.418s]   443 |     [01;36m[Koperator[m[K==(const shared_ptr<_Tp>& __a, nullptr_t) noexcept
[4.418s]       |     [01;36m[K^~~~~~~~[m[K
[4.418s] [01m[K/usr/include/c++/11/bits/shared_ptr.h:443:5:[m[K [01;36m[Knote: [m[K  template argument deduction/substitution failed:
[4.418s] In file included from [01m[K/home/kargla/robot_movement/src/movement_info/test/movement_test.cpp:1[m[K:
[4.418s] [01m[K/opt/ros/humble/src/gtest_vendor/include/gtest/gtest.h:1527:11:[m[K [01;36m[Knote: [m[K  mismatched types â€˜[01m[Kconst std::shared_ptr<_Tp>[m[Kâ€™ and â€˜[01m[Kconst int[m[Kâ€™
[4.418s]  1527 |   if ([01;36m[Klhs == rhs[m[K) {
[4.418s]       |       [01;36m[K~~~~^~~~~~[m[K
[4.419s] In file included from [01m[K/usr/include/c++/11/memory:77[m[K,
[4.419s]                  from [01m[K/opt/ros/humble/src/gtest_vendor/include/gtest/gtest.h:57[m[K,
[4.419s]                  from [01m[K/home/kargla/robot_movement/src/movement_info/test/movement_test.cpp:1[m[K:
[4.419s] [01m[K/usr/include/c++/11/bits/shared_ptr.h:464:5:[m[K [01;36m[Knote: [m[Kcandidate: â€˜[01m[Ktemplate<class _Tp> bool std::operator==(std::nullptr_t, const std::shared_ptr<_Tp>&)[m[Kâ€™
[4.419s]   464 |     [01;36m[Koperator[m[K==(nullptr_t, const shared_ptr<_Tp>& __a) noexcept
[4.419s]       |     [01;36m[K^~~~~~~~[m[K
[4.419s] [01m[K/usr/include/c++/11/bits/shared_ptr.h:464:5:[m[K [01;36m[Knote: [m[K  template argument deduction/substitution failed:
[4.419s] In file included from [01m[K/home/kargla/robot_movement/src/movement_info/test/movement_test.cpp:1[m[K:
[4.419s] [01m[K/opt/ros/humble/src/gtest_vendor/include/gtest/gtest.h:1527:11:[m[K [01;36m[Knote: [m[K  â€˜[01m[Kconst std::__cxx11::basic_string<char>[m[Kâ€™ is not derived from â€˜[01m[Kconst std::shared_ptr<_Tp>[m[Kâ€™
[4.419s]  1527 |   if ([01;36m[Klhs == rhs[m[K) {
[4.419s]       |       [01;36m[K~~~~^~~~~~[m[K
[4.419s] In file included from [01m[K/usr/include/c++/11/bits/basic_string.h:48[m[K,
[4.419s]                  from [01m[K/usr/include/c++/11/string:55[m[K,
[4.419s]                  from [01m[K/usr/include/c++/11/bits/locale_classes.h:40[m[K,
[4.419s]                  from [01m[K/usr/include/c++/11/bits/ios_base.h:41[m[K,
[4.419s]                  from [01m[K/usr/include/c++/11/ios:42[m[K,
[4.419s]                  from [01m[K/usr/include/c++/11/ostream:38[m[K,
[4.419s]                  from [01m[K/opt/ros/humble/src/gtest_vendor/include/gtest/gtest.h:58[m[K,
[4.419s]                  from [01m[K/home/kargla/robot_movement/src/movement_info/test/movement_test.cpp:1[m[K:
[4.420s] [01m[K/usr/include/c++/11/string_view:535:5:[m[K [01;36m[Knote: [m[Kcandidate: â€˜[01m[Ktemplate<class _CharT, class _Traits> constexpr bool std::operator==(std::basic_string_view<_CharT, _Traits>, std::basic_string_view<_CharT, _Traits>)[m[Kâ€™
[4.420s]   535 |     [01;36m[Koperator[m[K==(basic_string_view<_CharT, _Traits> __x,
[4.420s]       |     [01;36m[K^~~~~~~~[m[K
[4.420s] [01m[K/usr/include/c++/11/string_view:535:5:[m[K [01;36m[Knote: [m[K  template argument deduction/substitution failed:
[4.420s] In file included from [01m[K/home/kargla/robot_movement/src/movement_info/test/movement_test.cpp:1[m[K:
[4.420s] [01m[K/opt/ros/humble/src/gtest_vendor/include/gtest/gtest.h:1527:11:[m[K [01;36m[Knote: [m[K  mismatched types â€˜[01m[Kstd::basic_string_view<_CharT, _Traits>[m[Kâ€™ and â€˜[01m[Kint[m[Kâ€™
[4.420s]  1527 |   if ([01;36m[Klhs == rhs[m[K) {
[4.420s]       |       [01;36m[K~~~~^~~~~~[m[K
[4.420s] In file included from [01m[K/usr/include/c++/11/bits/basic_string.h:48[m[K,
[4.420s]                  from [01m[K/usr/include/c++/11/string:55[m[K,
[4.420s]                  from [01m[K/usr/include/c++/11/bits/locale_classes.h:40[m[K,
[4.420s]                  from [01m[K/usr/include/c++/11/bits/ios_base.h:41[m[K,
[4.420s]                  from [01m[K/usr/include/c++/11/ios:42[m[K,
[4.420s]                  from [01m[K/usr/include/c++/11/ostream:38[m[K,
[4.420s]                  from [01m[K/opt/ros/humble/src/gtest_vendor/include/gtest/gtest.h:58[m[K,
[4.420s]                  from [01m[K/home/kargla/robot_movement/src/movement_info/test/movement_test.cpp:1[m[K:
[4.420s] [01m[K/usr/include/c++/11/string_view:541:5:[m[K [01;36m[Knote: [m[Kcandidate: â€˜[01m[Ktemplate<class _CharT, class _Traits> constexpr bool std::operator==(std::basic_string_view<_CharT, _Traits>, std::__type_identity_t<std::basic_string_view<_CharT, _Traits> >)[m[Kâ€™
[4.420s]   541 |     [01;36m[Koperator[m[K==(basic_string_view<_CharT, _Traits> __x,
[4.420s]       |     [01;36m[K^~~~~~~~[m[K
[4.421s] [01m[K/usr/include/c++/11/string_view:541:5:[m[K [01;36m[Knote: [m[K  template argument deduction/substitution failed:
[4.421s] In file included from [01m[K/home/kargla/robot_movement/src/movement_info/test/movement_test.cpp:1[m[K:
[4.421s] [01m[K/opt/ros/humble/src/gtest_vendor/include/gtest/gtest.h:1527:11:[m[K [01;36m[Knote: [m[K  mismatched types â€˜[01m[Kstd::basic_string_view<_CharT, _Traits>[m[Kâ€™ and â€˜[01m[Kint[m[Kâ€™
[4.421s]  1527 |   if ([01;36m[Klhs == rhs[m[K) {
[4.421s]       |       [01;36m[K~~~~^~~~~~[m[K
[4.421s] In file included from [01m[K/usr/include/c++/11/bits/basic_string.h:48[m[K,
[4.421s]                  from [01m[K/usr/include/c++/11/string:55[m[K,
[4.421s]                  from [01m[K/usr/include/c++/11/bits/locale_classes.h:40[m[K,
[4.421s]                  from [01m[K/usr/include/c++/11/bits/ios_base.h:41[m[K,
[4.421s]                  from [01m[K/usr/include/c++/11/ios:42[m[K,
[4.421s]                  from [01m[K/usr/include/c++/11/ostream:38[m[K,
[4.421s]                  from [01m[K/opt/ros/humble/src/gtest_vendor/include/gtest/gtest.h:58[m[K,
[4.421s]                  from [01m[K/home/kargla/robot_movement/src/movement_info/test/movement_test.cpp:1[m[K:
[4.421s] [01m[K/usr/include/c++/11/string_view:564:5:[m[K [01;36m[Knote: [m[Kcandidate: â€˜[01m[Ktemplate<class _CharT, class _Traits> constexpr bool std::operator==(std::__type_identity_t<std::basic_string_view<_CharT, _Traits> >, std::basic_string_view<_CharT, _Traits>)[m[Kâ€™
[4.421s]   564 |     [01;36m[Koperator[m[K==(__type_identity_t<basic_string_view<_CharT, _Traits>> __x,
[4.421s]       |     [01;36m[K^~~~~~~~[m[K
[4.421s] [01m[K/usr/include/c++/11/string_view:564:5:[m[K [01;36m[Knote: [m[K  template argument deduction/substitution failed:
[4.421s] In file included from [01m[K/home/kargla/robot_movement/src/movement_info/test/movement_test.cpp:1[m[K:
[4.421s] [01m[K/opt/ros/humble/src/gtest_vendor/include/gtest/gtest.h:1527:11:[m[K [01;36m[Knote: [m[K  â€˜[01m[Kstd::__cxx11::basic_string<char>[m[Kâ€™ is not derived from â€˜[01m[Kstd::basic_string_view<_CharT, _Traits>[m[Kâ€™
[4.422s]  1527 |   if ([01;36m[Klhs == rhs[m[K) {
[4.422s]       |       [01;36m[K~~~~^~~~~~[m[K
[4.422s] In file included from [01m[K/usr/include/c++/11/string:55[m[K,
[4.422s]                  from [01m[K/usr/include/c++/11/bits/locale_classes.h:40[m[K,
[4.422s]                  from [01m[K/usr/include/c++/11/bits/ios_base.h:41[m[K,
[4.422s]                  from [01m[K/usr/include/c++/11/ios:42[m[K,
[4.422s]                  from [01m[K/usr/include/c++/11/ostream:38[m[K,
[4.422s]                  from [01m[K/opt/ros/humble/src/gtest_vendor/include/gtest/gtest.h:58[m[K,
[4.422s]                  from [01m[K/home/kargla/robot_movement/src/movement_info/test/movement_test.cpp:1[m[K:
[4.422s] [01m[K/usr/include/c++/11/bits/basic_string.h:6226:5:[m[K [01;36m[Knote: [m[Kcandidate: â€˜[01m[Ktemplate<class _CharT, class _Traits, class _Alloc> bool std::operator==(const std::__cxx11::basic_string<_CharT, _Traits, _Allocator>&, const std::__cxx11::basic_string<_CharT, _Traits, _Allocator>&)[m[Kâ€™
[4.422s]  6226 |     [01;36m[Koperator[m[K==(const basic_string<_CharT, _Traits, _Alloc>& __lhs,
[4.422s]       |     [01;36m[K^~~~~~~~[m[K
[4.422s] [01m[K/usr/include/c++/11/bits/basic_string.h:6226:5:[m[K [01;36m[Knote: [m[K  template argument deduction/substitution failed:
[4.422s] In file included from [01m[K/home/kargla/robot_movement/src/movement_info/test/movement_test.cpp:1[m[K:
[4.422s] [01m[K/opt/ros/humble/src/gtest_vendor/include/gtest/gtest.h:1527:11:[m[K [01;36m[Knote: [m[K  mismatched types â€˜[01m[Kconst std::__cxx11::basic_string<_CharT, _Traits, _Allocator>[m[Kâ€™ and â€˜[01m[Kconst int[m[Kâ€™
[4.422s]  1527 |   if ([01;36m[Klhs == rhs[m[K) {
[4.422s]       |       [01;36m[K~~~~^~~~~~[m[K
[4.422s] In file included from [01m[K/usr/include/c++/11/string:55[m[K,
[4.423s]                  from [01m[K/usr/include/c++/11/bits/locale_classes.h:40[m[K,
[4.423s]                  from [01m[K/usr/include/c++/11/bits/ios_base.h:41[m[K,
[4.423s]                  from [01m[K/usr/include/c++/11/ios:42[m[K,
[4.423s]                  from [01m[K/usr/include/c++/11/ostream:38[m[K,
[4.423s]                  from [01m[K/opt/ros/humble/src/gtest_vendor/include/gtest/gtest.h:58[m[K,
[4.423s]                  from [01m[K/home/kargla/robot_movement/src/movement_info/test/movement_test.cpp:1[m[K:
[4.423s] [01m[K/usr/include/c++/11/bits/basic_string.h:6234:5:[m[K [01;36m[Knote: [m[Kcandidate: â€˜[01m[Ktemplate<class _CharT> typename __gnu_cxx::__enable_if<std::__is_char<_Tp>::__value, bool>::__type std::operator==(const std::__cxx11::basic_string<_CharT>&, const std::__cxx11::basic_string<_CharT>&)[m[Kâ€™
[4.423s]  6234 |     [01;36m[Koperator[m[K==(const basic_string<_CharT>& __lhs,
[4.423s]       |     [01;36m[K^~~~~~~~[m[K
[4.423s] [01m[K/usr/include/c++/11/bits/basic_string.h:6234:5:[m[K [01;36m[Knote: [m[K  template argument deduction/substitution failed:
[4.423s] In file included from [01m[K/home/kargla/robot_movement/src/movement_info/test/movement_test.cpp:1[m[K:
[4.423s] [01m[K/opt/ros/humble/src/gtest_vendor/include/gtest/gtest.h:1527:11:[m[K [01;36m[Knote: [m[K  mismatched types â€˜[01m[Kconst std::__cxx11::basic_string<_CharT>[m[Kâ€™ and â€˜[01m[Kconst int[m[Kâ€™
[4.423s]  1527 |   if ([01;36m[Klhs == rhs[m[K) {
[4.423s]       |       [01;36m[K~~~~^~~~~~[m[K
[4.423s] In file included from [01m[K/usr/include/c++/11/string:55[m[K,
[4.423s]                  from [01m[K/usr/include/c++/11/bits/locale_classes.h:40[m[K,
[4.423s]                  from [01m[K/usr/include/c++/11/bits/ios_base.h:41[m[K,
[4.423s]                  from [01m[K/usr/include/c++/11/ios:42[m[K,
[4.423s]                  from [01m[K/usr/include/c++/11/ostream:38[m[K,
[4.424s]                  from [01m[K/opt/ros/humble/src/gtest_vendor/include/gtest/gtest.h:58[m[K,
[4.424s]                  from [01m[K/home/kargla/robot_movement/src/movement_info/test/movement_test.cpp:1[m[K:
[4.424s] [01m[K/usr/include/c++/11/bits/basic_string.h:6248:5:[m[K [01;36m[Knote: [m[Kcandidate: â€˜[01m[Ktemplate<class _CharT, class _Traits, class _Alloc> bool std::operator==(const std::__cxx11::basic_string<_CharT, _Traits, _Allocator>&, const _CharT*)[m[Kâ€™
[4.424s]  6248 |     [01;36m[Koperator[m[K==(const basic_string<_CharT, _Traits, _Alloc>& __lhs,
[4.424s]       |     [01;36m[K^~~~~~~~[m[K
[4.424s] [01m[K/usr/include/c++/11/bits/basic_string.h:6248:5:[m[K [01;36m[Knote: [m[K  template argument deduction/substitution failed:
[4.424s] In file included from [01m[K/home/kargla/robot_movement/src/movement_info/test/movement_test.cpp:1[m[K:
[4.424s] [01m[K/opt/ros/humble/src/gtest_vendor/include/gtest/gtest.h:1527:11:[m[K [01;36m[Knote: [m[K  mismatched types â€˜[01m[Kconst std::__cxx11::basic_string<_CharT, _Traits, _Allocator>[m[Kâ€™ and â€˜[01m[Kconst int[m[Kâ€™
[4.424s]  1527 |   if ([01;36m[Klhs == rhs[m[K) {
[4.424s]       |       [01;36m[K~~~~^~~~~~[m[K
[4.424s] In file included from [01m[K/usr/include/c++/11/string:55[m[K,
[4.424s]                  from [01m[K/usr/include/c++/11/bits/locale_classes.h:40[m[K,
[4.424s]                  from [01m[K/usr/include/c++/11/bits/ios_base.h:41[m[K,
[4.424s]                  from [01m[K/usr/include/c++/11/ios:42[m[K,
[4.424s]                  from [01m[K/usr/include/c++/11/ostream:38[m[K,
[4.424s]                  from [01m[K/opt/ros/humble/src/gtest_vendor/include/gtest/gtest.h:58[m[K,
[4.425s]                  from [01m[K/home/kargla/robot_movement/src/movement_info/test/movement_test.cpp:1[m[K:
[4.425s] [01m[K/usr/include/c++/11/bits/basic_string.h:6289:5:[m[K [01;36m[Knote: [m[Kcandidate: â€˜[01m[Ktemplate<class _CharT, class _Traits, class _Alloc> bool std::operator==(const _CharT*, const std::__cxx11::basic_string<_CharT, _Traits, _Allocator>&)[m[Kâ€™
[4.425s]  6289 |     [01;36m[Koperator[m[K==(const _CharT* __lhs,
[4.425s]       |     [01;36m[K^~~~~~~~[m[K
[4.425s] [01m[K/usr/include/c++/11/bits/basic_string.h:6289:5:[m[K [01;36m[Knote: [m[K  template argument deduction/substitution failed:
[4.425s] In file included from [01m[K/home/kargla/robot_movement/src/movement_info/test/movement_test.cpp:1[m[K:
[4.425s] [01m[K/opt/ros/humble/src/gtest_vendor/include/gtest/gtest.h:1527:11:[m[K [01;36m[Knote: [m[K  mismatched types â€˜[01m[Kconst _CharT*[m[Kâ€™ and â€˜[01m[Kint[m[Kâ€™
[4.425s]  1527 |   if ([01;36m[Klhs == rhs[m[K) {
[4.425s]       |       [01;36m[K~~~~^~~~~~[m[K
[4.425s] In file included from [01m[K/usr/include/c++/11/bits/locale_facets.h:48[m[K,
[4.425s]                  from [01m[K/usr/include/c++/11/bits/basic_ios.h:37[m[K,
[4.425s]                  from [01m[K/usr/include/c++/11/ios:44[m[K,
[4.425s]                  from [01m[K/usr/include/c++/11/ostream:38[m[K,
[4.425s]                  from [01m[K/opt/ros/humble/src/gtest_vendor/include/gtest/gtest.h:58[m[K,
[4.425s]                  from [01m[K/home/kargla/robot_movement/src/movement_info/test/movement_test.cpp:1[m[K:
[4.425s] [01m[K/usr/include/c++/11/bits/streambuf_iterator.h:226:5:[m[K [01;36m[Knote: [m[Kcandidate: â€˜[01m[Ktemplate<class _CharT, class _Traits> bool std::operator==(const std::istreambuf_iterator<_CharT, _Traits>&, const std::istreambuf_iterator<_CharT, _Traits>&)[m[Kâ€™
[4.425s]   226 |     [01;36m[Koperator[m[K==(const istreambuf_iterator<_CharT, _Traits>& __a,
[4.425s]       |     [01;36m[K^~~~~~~~[m[K
[4.426s] [01m[K/usr/include/c++/11/bits/streambuf_iterator.h:226:5:[m[K [01;36m[Knote: [m[K  template argument deduction/substitution failed:
[4.426s] In file included from [01m[K/home/kargla/robot_movement/src/movement_info/test/movement_test.cpp:1[m[K:
[4.426s] [01m[K/opt/ros/humble/src/gtest_vendor/include/gtest/gtest.h:1527:11:[m[K [01;36m[Knote: [m[K  mismatched types â€˜[01m[Kconst std::istreambuf_iterator<_CharT, _Traits>[m[Kâ€™ and â€˜[01m[Kconst int[m[Kâ€™
[4.426s]  1527 |   if ([01;36m[Klhs == rhs[m[K) {
[4.426s]       |       [01;36m[K~~~~^~~~~~[m[K
[4.426s] In file included from [01m[K/usr/include/c++/11/vector:67[m[K,
[4.426s]                  from [01m[K/opt/ros/humble/src/gtest_vendor/include/gtest/gtest.h:60[m[K,
[4.426s]                  from [01m[K/home/kargla/robot_movement/src/movement_info/test/movement_test.cpp:1[m[K:
[4.426s] [01m[K/usr/include/c++/11/bits/stl_vector.h:1892:5:[m[K [01;36m[Knote: [m[Kcandidate: â€˜[01m[Ktemplate<class _Tp, class _Alloc> bool std::operator==(const std::vector<_Tp, _Alloc>&, const std::vector<_Tp, _Alloc>&)[m[Kâ€™
[4.426s]  1892 |     [01;36m[Koperator[m[K==(const vector<_Tp, _Alloc>& __x, const vector<_Tp, _Alloc>& __y)
[4.426s]       |     [01;36m[K^~~~~~~~[m[K
[4.426s] [01m[K/usr/include/c++/11/bits/stl_vector.h:1892:5:[m[K [01;36m[Knote: [m[K  template argument deduction/substitution failed:
[4.426s] In file included from [01m[K/home/kargla/robot_movement/src/movement_info/test/movement_test.cpp:1[m[K:
[4.426s] [01m[K/opt/ros/humble/src/gtest_vendor/include/gtest/gtest.h:1527:11:[m[K [01;36m[Knote: [m[K  mismatched types â€˜[01m[Kconst std::vector<_Tp, _Alloc>[m[Kâ€™ and â€˜[01m[Kconst int[m[Kâ€™
[4.426s]  1527 |   if ([01;36m[Klhs == rhs[m[K) {
[4.426s]       |       [01;36m[K~~~~^~~~~~[m[K
[4.426s] In file included from [01m[K/usr/include/c++/11/functional:59[m[K,
[4.426s]                  from [01m[K/usr/include/c++/11/pstl/glue_algorithm_defs.h:13[m[K,
[4.427s]                  from [01m[K/usr/include/c++/11/algorithm:74[m[K,
[4.427s]                  from [01m[K/opt/ros/humble/src/gtest_vendor/include/gtest/internal/gtest-port.h:264[m[K,
[4.427s]                  from [01m[K/opt/ros/humble/src/gtest_vendor/include/gtest/internal/gtest-internal.h:40[m[K,
[4.427s]                  from [01m[K/opt/ros/humble/src/gtest_vendor/include/gtest/gtest.h:62[m[K,
[4.427s]                  from [01m[K/home/kargla/robot_movement/src/movement_info/test/movement_test.cpp:1[m[K:
[4.427s] [01m[K/usr/include/c++/11/bits/std_function.h:718:5:[m[K [01;36m[Knote: [m[Kcandidate: â€˜[01m[Ktemplate<class _Res, class ... _Args> bool std::operator==(const std::function<_Res(_ArgTypes ...)>&, std::nullptr_t)[m[Kâ€™
[4.427s]   718 |     [01;36m[Koperator[m[K==(const function<_Res(_Args...)>& __f, nullptr_t) noexcept
[4.427s]       |     [01;36m[K^~~~~~~~[m[K
[4.427s] [01m[K/usr/include/c++/11/bits/std_function.h:718:5:[m[K [01;36m[Knote: [m[K  template argument deduction/substitution failed:
[4.427s] In file included from [01m[K/home/kargla/robot_movement/src/movement_info/test/movement_test.cpp:1[m[K:
[4.427s] [01m[K/opt/ros/humble/src/gtest_vendor/include/gtest/gtest.h:1527:11:[m[K [01;36m[Knote: [m[K  mismatched types â€˜[01m[Kconst std::function<_Res(_ArgTypes ...)>[m[Kâ€™ and â€˜[01m[Kconst int[m[Kâ€™
[4.427s]  1527 |   if ([01;36m[Klhs == rhs[m[K) {
[4.427s]       |       [01;36m[K~~~~^~~~~~[m[K
[4.427s] In file included from [01m[K/usr/include/c++/11/functional:59[m[K,
[4.427s]                  from [01m[K/usr/include/c++/11/pstl/glue_algorithm_defs.h:13[m[K,
[4.428s]                  from [01m[K/usr/include/c++/11/algorithm:74[m[K,
[4.428s]                  from [01m[K/opt/ros/humble/src/gtest_vendor/include/gtest/internal/gtest-port.h:264[m[K,
[4.428s]                  from [01m[K/opt/ros/humble/src/gtest_vendor/include/gtest/internal/gtest-internal.h:40[m[K,
[4.428s]                  from [01m[K/opt/ros/humble/src/gtest_vendor/include/gtest/gtest.h:62[m[K,
[4.428s]                  from [01m[K/home/kargla/robot_movement/src/movement_info/test/movement_test.cpp:1[m[K:
[4.428s] [01m[K/usr/include/c++/11/bits/std_function.h:725:5:[m[K [01;36m[Knote: [m[Kcandidate: â€˜[01m[Ktemplate<class _Res, class ... _Args> bool std::operator==(std::nullptr_t, const std::function<_Res(_ArgTypes ...)>&)[m[Kâ€™
[4.428s]   725 |     [01;36m[Koperator[m[K==(nullptr_t, const function<_Res(_Args...)>& __f) noexcept
[4.428s]       |     [01;36m[K^~~~~~~~[m[K
[4.428s] [01m[K/usr/include/c++/11/bits/std_function.h:725:5:[m[K [01;36m[Knote: [m[K  template argument deduction/substitution failed:
[4.428s] In file included from [01m[K/home/kargla/robot_movement/src/movement_info/test/movement_test.cpp:1[m[K:
[4.428s] [01m[K/opt/ros/humble/src/gtest_vendor/include/gtest/gtest.h:1527:11:[m[K [01;36m[Knote: [m[K  â€˜[01m[Kconst std::__cxx11::basic_string<char>[m[Kâ€™ is not derived from â€˜[01m[Kconst std::function<_Res(_ArgTypes ...)>[m[Kâ€™
[4.428s]  1527 |   if ([01;36m[Klhs == rhs[m[K) {
[4.428s]       |       [01;36m[K~~~~^~~~~~[m[K
[4.428s] In file included from [01m[K/usr/include/c++/11/unordered_map:47[m[K,
[4.428s]                  from [01m[K/usr/include/c++/11/functional:61[m[K,
[4.428s]                  from [01m[K/usr/include/c++/11/pstl/glue_algorithm_defs.h:13[m[K,
[4.428s]                  from [01m[K/usr/include/c++/11/algorithm:74[m[K,
[4.428s]                  from [01m[K/opt/ros/humble/src/gtest_vendor/include/gtest/internal/gtest-port.h:264[m[K,
[4.428s]                  from [01m[K/opt/ros/humble/src/gtest_vendor/include/gtest/internal/gtest-internal.h:40[m[K,
[4.429s]                  from [01m[K/opt/ros/humble/src/gtest_vendor/include/gtest/gtest.h:62[m[K,
[4.429s]                  from [01m[K/home/kargla/robot_movement/src/movement_info/test/movement_test.cpp:1[m[K:
[4.429s] [01m[K/usr/include/c++/11/bits/unordered_map.h:2134:5:[m[K [01;36m[Knote: [m[Kcandidate: â€˜[01m[Ktemplate<class _Key1, class _Tp1, class _Hash1, class _Pred1, class _Alloc1> bool std::operator==(const std::unordered_map<_Key1, _Tp1, _Hash1, _Pred1, _Alloc1>&, const std::unordered_map<_Key1, _Tp1, _Hash1, _Pred1, _Alloc1>&)[m[Kâ€™
[4.429s]  2134 |     [01;36m[Koperator[m[K==(const unordered_map<_Key, _Tp, _Hash, _Pred, _Alloc>& __x,
[4.429s]       |     [01;36m[K^~~~~~~~[m[K
[4.429s] [01m[K/usr/include/c++/11/bits/unordered_map.h:2134:5:[m[K [01;36m[Knote: [m[K  template argument deduction/substitution failed:
[4.429s] In file included from [01m[K/home/kargla/robot_movement/src/movement_info/test/movement_test.cpp:1[m[K:
[4.429s] [01m[K/opt/ros/humble/src/gtest_vendor/include/gtest/gtest.h:1527:11:[m[K [01;36m[Knote: [m[K  mismatched types â€˜[01m[Kconst std::unordered_map<_Key1, _Tp1, _Hash1, _Pred1, _Alloc1>[m[Kâ€™ and â€˜[01m[Kconst int[m[Kâ€™
[4.429s]  1527 |   if ([01;36m[Klhs == rhs[m[K) {
[4.429s]       |       [01;36m[K~~~~^~~~~~[m[K
[4.429s] In file included from [01m[K/usr/include/c++/11/unordered_map:47[m[K,
[4.429s]                  from [01m[K/usr/include/c++/11/functional:61[m[K,
[4.429s]                  from [01m[K/usr/include/c++/11/pstl/glue_algorithm_defs.h:13[m[K,
[4.429s]                  from [01m[K/usr/include/c++/11/algorithm:74[m[K,
[4.429s]                  from [01m[K/opt/ros/humble/src/gtest_vendor/include/gtest/internal/gtest-port.h:264[m[K,
[4.429s]                  from [01m[K/opt/ros/humble/src/gtest_vendor/include/gtest/internal/gtest-internal.h:40[m[K,
[4.429s]                  from [01m[K/opt/ros/humble/src/gtest_vendor/include/gtest/gtest.h:62[m[K,
[4.429s]                  from [01m[K/home/kargla/robot_movement/src/movement_info/test/movement_test.cpp:1[m[K:
[4.429s] [01m[K/usr/include/c++/11/bits/unordered_map.h:2148:5:[m[K [01;36m[Knote: [m[Kcandidate: â€˜[01m[Ktemplate<class _Key1, class _Tp1, class _Hash1, class _Pred1, class _Alloc1> bool std::operator==(const std::unordered_multimap<_Key1, _Tp1, _Hash1, _Pred1, _Alloc1>&, const std::unordered_multimap<_Key1, _Tp1, _Hash1, _Pred1, _Alloc1>&)[m[Kâ€™
[4.429s]  2148 |     [01;36m[Koperator[m[K==(const unordered_multimap<_Key, _Tp, _Hash, _Pred, _Alloc>& __x,
[4.430s]       |     [01;36m[K^~~~~~~~[m[K
[4.430s] [01m[K/usr/include/c++/11/bits/unordered_map.h:2148:5:[m[K [01;36m[Knote: [m[K  template argument deduction/substitution failed:
[4.430s] In file included from [01m[K/home/kargla/robot_movement/src/movement_info/test/movement_test.cpp:1[m[K:
[4.430s] [01m[K/opt/ros/humble/src/gtest_vendor/include/gtest/gtest.h:1527:11:[m[K [01;36m[Knote: [m[K  mismatched types â€˜[01m[Kconst std::unordered_multimap<_Key1, _Tp1, _Hash1, _Pred1, _Alloc1>[m[Kâ€™ and â€˜[01m[Kconst int[m[Kâ€™
[4.430s]  1527 |   if ([01;36m[Klhs == rhs[m[K) {
[4.430s]       |       [01;36m[K~~~~^~~~~~[m[K
[4.430s] In file included from [01m[K/usr/include/c++/11/map:61[m[K,
[4.430s]                  from [01m[K/opt/ros/humble/src/gtest_vendor/include/gtest/internal/gtest-internal.h:58[m[K,
[4.430s]                  from [01m[K/opt/ros/humble/src/gtest_vendor/include/gtest/gtest.h:62[m[K,
[4.430s]                  from [01m[K/home/kargla/robot_movement/src/movement_info/test/movement_test.cpp:1[m[K:
[4.430s] [01m[K/usr/include/c++/11/bits/stl_map.h:1463:5:[m[K [01;36m[Knote: [m[Kcandidate: â€˜[01m[Ktemplate<class _Key, class _Tp, class _Compare, class _Alloc> bool std::operator==(const std::map<_Key, _Tp, _Compare, _Allocator>&, const std::map<_Key, _Tp, _Compare, _Allocator>&)[m[Kâ€™
[4.430s]  1463 |     [01;36m[Koperator[m[K==(const map<_Key, _Tp, _Compare, _Alloc>& __x,
[4.430s]       |     [01;36m[K^~~~~~~~[m[K
[4.430s] [01m[K/usr/include/c++/11/bits/stl_map.h:1463:5:[m[K [01;36m[Knote: [m[K  template argument deduction/substitution failed:
[4.430s] In file included from [01m[K/home/kargla/robot_movement/src/movement_info/test/movement_test.cpp:1[m[K:
[4.430s] [01m[K/opt/ros/humble/src/gtest_vendor/include/gtest/gtest.h:1527:11:[m[K [01;36m[Knote: [m[K  mismatched types â€˜[01m[Kconst std::map<_Key, _Tp, _Compare, _Allocator>[m[Kâ€™ and â€˜[01m[Kconst int[m[Kâ€™
[4.430s]  1527 |   if ([01;36m[Klhs == rhs[m[K) {
[4.430s]       |       [01;36m[K~~~~^~~~~~[m[K
[4.430s] In file included from [01m[K/usr/include/c++/11/map:62[m[K,
[4.431s]                  from [01m[K/opt/ros/humble/src/gtest_vendor/include/gtest/internal/gtest-internal.h:58[m[K,
[4.431s]                  from [01m[K/opt/ros/humble/src/gtest_vendor/include/gtest/gtest.h:62[m[K,
[4.431s]                  from [01m[K/home/kargla/robot_movement/src/movement_info/test/movement_test.cpp:1[m[K:
[4.431s] [01m[K/usr/include/c++/11/bits/stl_multimap.h:1128:5:[m[K [01;36m[Knote: [m[Kcandidate: â€˜[01m[Ktemplate<class _Key, class _Tp, class _Compare, class _Alloc> bool std::operator==(const std::multimap<_Key, _Tp, _Compare, _Allocator>&, const std::multimap<_Key, _Tp, _Compare, _Allocator>&)[m[Kâ€™
[4.431s]  1128 |     [01;36m[Koperator[m[K==(const multimap<_Key, _Tp, _Compare, _Alloc>& __x,
[4.431s]       |     [01;36m[K^~~~~~~~[m[K
[4.431s] [01m[K/usr/include/c++/11/bits/stl_multimap.h:1128:5:[m[K [01;36m[Knote: [m[K  template argument deduction/substitution failed:
[4.431s] In file included from [01m[K/home/kargla/robot_movement/src/movement_info/test/movement_test.cpp:1[m[K:
[4.431s] [01m[K/opt/ros/humble/src/gtest_vendor/include/gtest/gtest.h:1527:11:[m[K [01;36m[Knote: [m[K  mismatched types â€˜[01m[Kconst std::multimap<_Key, _Tp, _Compare, _Allocator>[m[Kâ€™ and â€˜[01m[Kconst int[m[Kâ€™
[4.431s]  1527 |   if ([01;36m[Klhs == rhs[m[K) {
[4.431s]       |       [01;36m[K~~~~^~~~~~[m[K
[4.431s] In file included from [01m[K/usr/include/c++/11/set:61[m[K,
[4.431s]                  from [01m[K/opt/ros/humble/src/gtest_vendor/include/gtest/internal/gtest-internal.h:59[m[K,
[4.431s]                  from [01m[K/opt/ros/humble/src/gtest_vendor/include/gtest/gtest.h:62[m[K,
[4.431s]                  from [01m[K/home/kargla/robot_movement/src/movement_info/test/movement_test.cpp:1[m[K:
[4.431s] [01m[K/usr/include/c++/11/bits/stl_set.h:985:5:[m[K [01;36m[Knote: [m[Kcandidate: â€˜[01m[Ktemplate<class _Key, class _Compare, class _Alloc> bool std::operator==(const std::set<_Key, _Compare, _Allocator>&, const std::set<_Key, _Compare, _Allocator>&)[m[Kâ€™
[4.431s]   985 |     [01;36m[Koperator[m[K==(const set<_Key, _Compare, _Alloc>& __x,
[4.431s]       |     [01;36m[K^~~~~~~~[m[K
[4.431s] [01m[K/usr/include/c++/11/bits/stl_set.h:985:5:[m[K [01;36m[Knote: [m[K  template argument deduction/substitution failed:
[4.432s] In file included from [01m[K/home/kargla/robot_movement/src/movement_info/test/movement_test.cpp:1[m[K:
[4.432s] [01m[K/opt/ros/humble/src/gtest_vendor/include/gtest/gtest.h:1527:11:[m[K [01;36m[Knote: [m[K  mismatched types â€˜[01m[Kconst std::set<_Key, _Compare, _Allocator>[m[Kâ€™ and â€˜[01m[Kconst int[m[Kâ€™
[4.432s]  1527 |   if ([01;36m[Klhs == rhs[m[K) {
[4.432s]       |       [01;36m[K~~~~^~~~~~[m[K
[4.432s] In file included from [01m[K/usr/include/c++/11/set:62[m[K,
[4.432s]                  from [01m[K/opt/ros/humble/src/gtest_vendor/include/gtest/internal/gtest-internal.h:59[m[K,
[4.432s]                  from [01m[K/opt/ros/humble/src/gtest_vendor/include/gtest/gtest.h:62[m[K,
[4.432s]                  from [01m[K/home/kargla/robot_movement/src/movement_info/test/movement_test.cpp:1[m[K:
[4.432s] [01m[K/usr/include/c++/11/bits/stl_multiset.h:971:5:[m[K [01;36m[Knote: [m[Kcandidate: â€˜[01m[Ktemplate<class _Key, class _Compare, class _Alloc> bool std::operator==(const std::multiset<_Key, _Compare, _Allocator>&, const std::multiset<_Key, _Compare, _Allocator>&)[m[Kâ€™
[4.432s]   971 |     [01;36m[Koperator[m[K==(const multiset<_Key, _Compare, _Alloc>& __x,
[4.432s]       |     [01;36m[K^~~~~~~~[m[K
[4.432s] [01m[K/usr/include/c++/11/bits/stl_multiset.h:971:5:[m[K [01;36m[Knote: [m[K  template argument deduction/substitution failed:
[4.432s] In file included from [01m[K/home/kargla/robot_movement/src/movement_info/test/movement_test.cpp:1[m[K:
[4.432s] [01m[K/opt/ros/humble/src/gtest_vendor/include/gtest/gtest.h:1527:11:[m[K [01;36m[Knote: [m[K  mismatched types â€˜[01m[Kconst std::multiset<_Key, _Compare, _Allocator>[m[Kâ€™ and â€˜[01m[Kconst int[m[Kâ€™
[4.432s]  1527 |   if ([01;36m[Klhs == rhs[m[K) {
[4.432s]       |       [01;36m[K~~~~^~~~~~[m[K
[4.432s] In file included from [01m[K/usr/include/c++/11/list:63[m[K,
[4.432s]                  from [01m[K/opt/ros/humble/include/rclcpp/rclcpp/executor.hpp:23[m[K,
[4.433s]                  from [01m[K/opt/ros/humble/include/rclcpp/rclcpp/executors/multi_threaded_executor.hpp:25[m[K,
[4.433s]                  from [01m[K/opt/ros/humble/include/rclcpp/rclcpp/executors.hpp:21[m[K,
[4.433s]                  from [01m[K/opt/ros/humble/include/rclcpp/rclcpp/rclcpp.hpp:155[m[K,
[4.433s]                  from [01m[K/home/kargla/robot_movement/src/movement_info/include/movement_info/movement.hpp:4[m[K,
[4.433s]                  from [01m[K/home/kargla/robot_movement/src/movement_info/test/movement_test.cpp:3[m[K:
[4.433s] [01m[K/usr/include/c++/11/bits/stl_list.h:2030:5:[m[K [01;36m[Knote: [m[Kcandidate: â€˜[01m[Ktemplate<class _Tp, class _Alloc> bool std::operator==(const std::__cxx11::list<_Tp, _Alloc>&, const std::__cxx11::list<_Tp, _Alloc>&)[m[Kâ€™
[4.433s]  2030 |     [01;36m[Koperator[m[K==(const list<_Tp, _Alloc>& __x, const list<_Tp, _Alloc>& __y)
[4.433s]       |     [01;36m[K^~~~~~~~[m[K
[4.433s] [01m[K/usr/include/c++/11/bits/stl_list.h:2030:5:[m[K [01;36m[Knote: [m[K  template argument deduction/substitution failed:
[4.433s] In file included from [01m[K/home/kargla/robot_movement/src/movement_info/test/movement_test.cpp:1[m[K:
[4.433s] [01m[K/opt/ros/humble/src/gtest_vendor/include/gtest/gtest.h:1527:11:[m[K [01;36m[Knote: [m[K  mismatched types â€˜[01m[Kconst std::__cxx11::list<_Tp, _Alloc>[m[Kâ€™ and â€˜[01m[Kconst int[m[Kâ€™
[4.433s]  1527 |   if ([01;36m[Klhs == rhs[m[K) {
[4.433s]       |       [01;36m[K~~~~^~~~~~[m[K
[4.433s] In file included from [01m[K/usr/include/c++/11/unordered_set:47[m[K,
[4.433s]                  from [01m[K/opt/ros/humble/include/rclcpp/rclcpp/context.hpp:26[m[K,
[4.433s]                  from [01m[K/opt/ros/humble/include/rclcpp/rclcpp/executor.hpp:34[m[K,
[4.433s]                  from [01m[K/opt/ros/humble/include/rclcpp/rclcpp/executors/multi_threaded_executor.hpp:25[m[K,
[4.433s]                  from [01m[K/opt/ros/humble/include/rclcpp/rclcpp/executors.hpp:21[m[K,
[4.433s]                  from [01m[K/opt/ros/humble/include/rclcpp/rclcpp/rclcpp.hpp:155[m[K,
[4.434s]                  from [01m[K/home/kargla/robot_movement/src/movement_info/include/movement_info/movement.hpp:4[m[K,
[4.434s]                  from [01m[K/home/kargla/robot_movement/src/movement_info/test/movement_test.cpp:3[m[K:
[4.434s] [01m[K/usr/include/c++/11/bits/unordered_set.h:1804:5:[m[K [01;36m[Knote: [m[Kcandidate: â€˜[01m[Ktemplate<class _Value1, class _Hash1, class _Pred1, class _Alloc1> bool std::operator==(const std::unordered_set<_Value1, _Hash1, _Pred1, _Alloc1>&, const std::unordered_set<_Value1, _Hash1, _Pred1, _Alloc1>&)[m[Kâ€™
[4.434s]  1804 |     [01;36m[Koperator[m[K==(const unordered_set<_Value, _Hash, _Pred, _Alloc>& __x,
[4.434s]       |     [01;36m[K^~~~~~~~[m[K
[4.434s] [01m[K/usr/include/c++/11/bits/unordered_set.h:1804:5:[m[K [01;36m[Knote: [m[K  template argument deduction/substitution failed:
[4.434s] In file included from [01m[K/home/kargla/robot_movement/src/movement_info/test/movement_test.cpp:1[m[K:
[4.434s] [01m[K/opt/ros/humble/src/gtest_vendor/include/gtest/gtest.h:1527:11:[m[K [01;36m[Knote: [m[K  mismatched types â€˜[01m[Kconst std::unordered_set<_Value1, _Hash1, _Pred1, _Alloc1>[m[Kâ€™ and â€˜[01m[Kconst int[m[Kâ€™
[4.434s]  1527 |   if ([01;36m[Klhs == rhs[m[K) {
[4.434s]       |       [01;36m[K~~~~^~~~~~[m[K
[4.434s] In file included from [01m[K/usr/include/c++/11/unordered_set:47[m[K,
[4.434s]                  from [01m[K/opt/ros/humble/include/rclcpp/rclcpp/context.hpp:26[m[K,
[4.434s]                  from [01m[K/opt/ros/humble/include/rclcpp/rclcpp/executor.hpp:34[m[K,
[4.434s]                  from [01m[K/opt/ros/humble/include/rclcpp/rclcpp/executors/multi_threaded_executor.hpp:25[m[K,
[4.434s]                  from [01m[K/opt/ros/humble/include/rclcpp/rclcpp/executors.hpp:21[m[K,
[4.434s]                  from [01m[K/opt/ros/humble/include/rclcpp/rclcpp/rclcpp.hpp:155[m[K,
[4.434s]                  from [01m[K/home/kargla/robot_movement/src/movement_info/include/movement_info/movement.hpp:4[m[K,
[4.434s]                  from [01m[K/home/kargla/robot_movement/src/movement_info/test/movement_test.cpp:3[m[K:
[4.435s] [01m[K/usr/include/c++/11/bits/unordered_set.h:1818:5:[m[K [01;36m[Knote: [m[Kcandidate: â€˜[01m[Ktemplate<class _Value1, class _Hash1, class _Pred1, class _Alloc1> bool std::operator==(const std::unordered_multiset<_Value1, _Hash1, _Pred1, _Alloc1>&, const std::unordered_multiset<_Value1, _Hash1, _Pred1, _Alloc1>&)[m[Kâ€™
[4.435s]  1818 |     [01;36m[Koperator[m[K==(const unordered_multiset<_Value, _Hash, _Pred, _Alloc>& __x,
[4.435s]       |     [01;36m[K^~~~~~~~[m[K
[4.435s] [01m[K/usr/include/c++/11/bits/unordered_set.h:1818:5:[m[K [01;36m[Knote: [m[K  template argument deduction/substitution failed:
[4.435s] In file included from [01m[K/home/kargla/robot_movement/src/movement_info/test/movement_test.cpp:1[m[K:
[4.435s] [01m[K/opt/ros/humble/src/gtest_vendor/include/gtest/gtest.h:1527:11:[m[K [01;36m[Knote: [m[K  mismatched types â€˜[01m[Kconst std::unordered_multiset<_Value1, _Hash1, _Pred1, _Alloc1>[m[Kâ€™ and â€˜[01m[Kconst int[m[Kâ€™
[4.435s]  1527 |   if ([01;36m[Klhs == rhs[m[K) {
[4.435s]       |       [01;36m[K~~~~^~~~~~[m[K
[4.435s] In file included from [01m[K/opt/ros/humble/include/rclcpp/rclcpp/client.hpp:23[m[K,
[4.435s]                  from [01m[K/opt/ros/humble/include/rclcpp/rclcpp/callback_group.hpp:24[m[K,
[4.435s]                  from [01m[K/opt/ros/humble/include/rclcpp/rclcpp/any_executable.hpp:20[m[K,
[4.435s]                  from [01m[K/opt/ros/humble/include/rclcpp/rclcpp/memory_strategy.hpp:25[m[K,
[4.435s]                  from [01m[K/opt/ros/humble/include/rclcpp/rclcpp/memory_strategies.hpp:18[m[K,
[4.435s]                  from [01m[K/opt/ros/humble/include/rclcpp/rclcpp/executor_options.hpp:20[m[K,
[4.435s]                  from [01m[K/opt/ros/humble/include/rclcpp/rclcpp/executor.hpp:37[m[K,
[4.435s]                  from [01m[K/opt/ros/humble/include/rclcpp/rclcpp/executors/multi_threaded_executor.hpp:25[m[K,
[4.435s]                  from [01m[K/opt/ros/humble/include/rclcpp/rclcpp/executors.hpp:21[m[K,
[4.435s]                  from [01m[K/opt/ros/humble/include/rclcpp/rclcpp/rclcpp.hpp:155[m[K,
[4.436s]                  from [01m[K/home/kargla/robot_movement/src/movement_info/include/movement_info/movement.hpp:4[m[K,
[4.436s]                  from [01m[K/home/kargla/robot_movement/src/movement_info/test/movement_test.cpp:3[m[K:
[4.436s] [01m[K/usr/include/c++/11/optional:1045:5:[m[K [01;36m[Knote: [m[Kcandidate: â€˜[01m[Ktemplate<class _Tp, class _Up> constexpr std::__optional_eq_t<_Tp, _Up> std::operator==(const std::optional<_Tp>&, const std::optional<_Up>&)[m[Kâ€™
[4.436s]  1045 |     [01;36m[Koperator[m[K==(const optional<_Tp>& __lhs, const optional<_Up>& __rhs)
[4.436s]       |     [01;36m[K^~~~~~~~[m[K
[4.436s] [01m[K/usr/include/c++/11/optional:1045:5:[m[K [01;36m[Knote: [m[K  template argument deduction/substitution failed:
[4.436s] In file included from [01m[K/home/kargla/robot_movement/src/movement_info/test/movement_test.cpp:1[m[K:
[4.436s] [01m[K/opt/ros/humble/src/gtest_vendor/include/gtest/gtest.h:1527:11:[m[K [01;36m[Knote: [m[K  mismatched types â€˜[01m[Kconst std::optional<_Tp>[m[Kâ€™ and â€˜[01m[Kconst int[m[Kâ€™
[4.436s]  1527 |   if ([01;36m[Klhs == rhs[m[K) {
[4.436s]       |       [01;36m[K~~~~^~~~~~[m[K
[4.436s] In file included from [01m[K/opt/ros/humble/include/rclcpp/rclcpp/client.hpp:23[m[K,
[4.436s]                  from [01m[K/opt/ros/humble/include/rclcpp/rclcpp/callback_group.hpp:24[m[K,
[4.436s]                  from [01m[K/opt/ros/humble/include/rclcpp/rclcpp/any_executable.hpp:20[m[K,
[4.436s]                  from [01m[K/opt/ros/humble/include/rclcpp/rclcpp/memory_strategy.hpp:25[m[K,
[4.436s]                  from [01m[K/opt/ros/humble/include/rclcpp/rclcpp/memory_strategies.hpp:18[m[K,
[4.436s]                  from [01m[K/opt/ros/humble/include/rclcpp/rclcpp/executor_options.hpp:20[m[K,
[4.436s]                  from [01m[K/opt/ros/humble/include/rclcpp/rclcpp/executor.hpp:37[m[K,
[4.437s]                  from [01m[K/opt/ros/humble/include/rclcpp/rclcpp/executors/multi_threaded_executor.hpp:25[m[K,
[4.437s]                  from [01m[K/opt/ros/humble/include/rclcpp/rclcpp/executors.hpp:21[m[K,
[4.437s]                  from [01m[K/opt/ros/humble/include/rclcpp/rclcpp/rclcpp.hpp:155[m[K,
[4.437s]                  from [01m[K/home/kargla/robot_movement/src/movement_info/include/movement_info/movement.hpp:4[m[K,
[4.437s]                  from [01m[K/home/kargla/robot_movement/src/movement_info/test/movement_test.cpp:3[m[K:
[4.437s] [01m[K/usr/include/c++/11/optional:1105:5:[m[K [01;36m[Knote: [m[Kcandidate: â€˜[01m[Ktemplate<class _Tp> constexpr bool std::operator==(const std::optional<_Tp>&, std::nullopt_t)[m[Kâ€™
[4.437s]  1105 |     [01;36m[Koperator[m[K==(const optional<_Tp>& __lhs, nullopt_t) noexcept
[4.437s]       |     [01;36m[K^~~~~~~~[m[K
[4.437s] [01m[K/usr/include/c++/11/optional:1105:5:[m[K [01;36m[Knote: [m[K  template argument deduction/substitution failed:
[4.437s] In file included from [01m[K/home/kargla/robot_movement/src/movement_info/test/movement_test.cpp:1[m[K:
[4.437s] [01m[K/opt/ros/humble/src/gtest_vendor/include/gtest/gtest.h:1527:11:[m[K [01;36m[Knote: [m[K  mismatched types â€˜[01m[Kconst std::optional<_Tp>[m[Kâ€™ and â€˜[01m[Kconst int[m[Kâ€™
[4.437s]  1527 |   if ([01;36m[Klhs == rhs[m[K) {
[4.437s]       |       [01;36m[K~~~~^~~~~~[m[K
[4.437s] In file included from [01m[K/opt/ros/humble/include/rclcpp/rclcpp/client.hpp:23[m[K,
[4.437s]                  from [01m[K/opt/ros/humble/include/rclcpp/rclcpp/callback_group.hpp:24[m[K,
[4.437s]                  from [01m[K/opt/ros/humble/include/rclcpp/rclcpp/any_executable.hpp:20[m[K,
[4.437s]                  from [01m[K/opt/ros/humble/include/rclcpp/rclcpp/memory_strategy.hpp:25[m[K,
[4.437s]                  from [01m[K/opt/ros/humble/include/rclcpp/rclcpp/memory_strategies.hpp:18[m[K,
[4.438s]                  from [01m[K/opt/ros/humble/include/rclcpp/rclcpp/executor_options.hpp:20[m[K,
[4.438s]                  from [01m[K/opt/ros/humble/include/rclcpp/rclcpp/executor.hpp:37[m[K,
[4.438s]                  from [01m[K/opt/ros/humble/include/rclcpp/rclcpp/executors/multi_threaded_executor.hpp:25[m[K,
[4.438s]                  from [01m[K/opt/ros/humble/include/rclcpp/rclcpp/executors.hpp:21[m[K,
[4.438s]                  from [01m[K/opt/ros/humble/include/rclcpp/rclcpp/rclcpp.hpp:155[m[K,
[4.438s]                  from [01m[K/home/kargla/robot_movement/src/movement_info/include/movement_info/movement.hpp:4[m[K,
[4.438s]                  from [01m[K/home/kargla/robot_movement/src/movement_info/test/movement_test.cpp:3[m[K:
[4.438s] [01m[K/usr/include/c++/11/optional:1116:5:[m[K [01;36m[Knote: [m[Kcandidate: â€˜[01m[Ktemplate<class _Tp> constexpr bool std::operator==(std::nullopt_t, const std::optional<_Tp>&)[m[Kâ€™
[4.438s]  1116 |     [01;36m[Koperator[m[K==(nullopt_t, const optional<_Tp>& __rhs) noexcept
[4.438s]       |     [01;36m[K^~~~~~~~[m[K
[4.438s] [01m[K/usr/include/c++/11/optional:1116:5:[m[K [01;36m[Knote: [m[K  template argument deduction/substitution failed:
[4.438s] In file included from [01m[K/home/kargla/robot_movement/src/movement_info/test/movement_test.cpp:1[m[K:
[4.438s] [01m[K/opt/ros/humble/src/gtest_vendor/include/gtest/gtest.h:1527:11:[m[K [01;36m[Knote: [m[K  â€˜[01m[Kconst std::__cxx11::basic_string<char>[m[Kâ€™ is not derived from â€˜[01m[Kconst std::optional<_Tp>[m[Kâ€™
[4.438s]  1527 |   if ([01;36m[Klhs == rhs[m[K) {
[4.438s]       |       [01;36m[K~~~~^~~~~~[m[K
[4.438s] In file included from [01m[K/opt/ros/humble/include/rclcpp/rclcpp/client.hpp:23[m[K,
[4.438s]                  from [01m[K/opt/ros/humble/include/rclcpp/rclcpp/callback_group.hpp:24[m[K,
[4.438s]                  from [01m[K/opt/ros/humble/include/rclcpp/rclcpp/any_executable.hpp:20[m[K,
[4.438s]                  from [01m[K/opt/ros/humble/include/rclcpp/rclcpp/memory_strategy.hpp:25[m[K,
[4.439s]                  from [01m[K/opt/ros/humble/include/rclcpp/rclcpp/memory_strategies.hpp:18[m[K,
[4.439s]                  from [01m[K/opt/ros/humble/include/rclcpp/rclcpp/executor_options.hpp:20[m[K,
[4.439s]                  from [01m[K/opt/ros/humble/include/rclcpp/rclcpp/executor.hpp:37[m[K,
[4.439s]                  from [01m[K/opt/ros/humble/include/rclcpp/rclcpp/executors/multi_threaded_executor.hpp:25[m[K,
[4.439s]                  from [01m[K/opt/ros/humble/include/rclcpp/rclcpp/executors.hpp:21[m[K,
[4.439s]                  from [01m[K/opt/ros/humble/include/rclcpp/rclcpp/rclcpp.hpp:155[m[K,
[4.439s]                  from [01m[K/home/kargla/robot_movement/src/movement_info/include/movement_info/movement.hpp:4[m[K,
[4.439s]                  from [01m[K/home/kargla/robot_movement/src/movement_info/test/movement_test.cpp:3[m[K:
[4.439s] [01m[K/usr/include/c++/11/optional:1173:5:[m[K [01;36m[Knote: [m[Kcandidate: â€˜[01m[Ktemplate<class _Tp, class _Up> constexpr std::__optional_eq_t<_Tp, _Up> std::operator==(const std::optional<_Tp>&, const _Up&)[m[Kâ€™
[4.439s]  1173 |     [01;36m[Koperator[m[K==(const optional<_Tp>& __lhs, const _Up& __rhs)
[4.439s]       |     [01;36m[K^~~~~~~~[m[K
[4.439s] [01m[K/usr/include/c++/11/optional:1173:5:[m[K [01;36m[Knote: [m[K  template argument deduction/substitution failed:
[4.439s] In file included from [01m[K/home/kargla/robot_movement/src/movement_info/test/movement_test.cpp:1[m[K:
[4.439s] [01m[K/opt/ros/humble/src/gtest_vendor/include/gtest/gtest.h:1527:11:[m[K [01;36m[Knote: [m[K  mismatched types â€˜[01m[Kconst std::optional<_Tp>[m[Kâ€™ and â€˜[01m[Kconst int[m[Kâ€™
[4.439s]  1527 |   if ([01;36m[Klhs == rhs[m[K) {
[4.439s]       |       [01;36m[K~~~~^~~~~~[m[K
[4.439s] In file included from [01m[K/opt/ros/humble/include/rclcpp/rclcpp/client.hpp:23[m[K,
[4.439s]                  from [01m[K/opt/ros/humble/include/rclcpp/rclcpp/callback_group.hpp:24[m[K,
[4.440s]                  from [01m[K/opt/ros/humble/include/rclcpp/rclcpp/any_executable.hpp:20[m[K,
[4.440s]                  from [01m[K/opt/ros/humble/include/rclcpp/rclcpp/memory_strategy.hpp:25[m[K,
[4.440s]                  from [01m[K/opt/ros/humble/include/rclcpp/rclcpp/memory_strategies.hpp:18[m[K,
[4.440s]                  from [01m[K/opt/ros/humble/include/rclcpp/rclcpp/executor_options.hpp:20[m[K,
[4.440s]                  from [01m[K/opt/ros/humble/include/rclcpp/rclcpp/executor.hpp:37[m[K,
[4.440s]                  from [01m[K/opt/ros/humble/include/rclcpp/rclcpp/executors/multi_threaded_executor.hpp:25[m[K,
[4.440s]                  from [01m[K/opt/ros/humble/include/rclcpp/rclcpp/executors.hpp:21[m[K,
[4.440s]                  from [01m[K/opt/ros/humble/include/rclcpp/rclcpp/rclcpp.hpp:155[m[K,
[4.440s]                  from [01m[K/home/kargla/robot_movement/src/movement_info/include/movement_info/movement.hpp:4[m[K,
[4.440s]                  from [01m[K/home/kargla/robot_movement/src/movement_info/test/movement_test.cpp:3[m[K:
[4.440s] [01m[K/usr/include/c++/11/optional:1179:5:[m[K [01;36m[Knote: [m[Kcandidate: â€˜[01m[Ktemplate<class _Tp, class _Up> constexpr std::__optional_eq_t<_Up, _Tp> std::operator==(const _Up&, const std::optional<_Tp>&)[m[Kâ€™
[4.440s]  1179 |     [01;36m[Koperator[m[K==(const _Up& __lhs, const optional<_Tp>& __rhs)
[4.440s]       |     [01;36m[K^~~~~~~~[m[K
[4.440s] [01m[K/usr/include/c++/11/optional:1179:5:[m[K [01;36m[Knote: [m[K  template argument deduction/substitution failed:
[4.440s] In file included from [01m[K/home/kargla/robot_movement/src/movement_info/test/movement_test.cpp:1[m[K:
[4.440s] [01m[K/opt/ros/humble/src/gtest_vendor/include/gtest/gtest.h:1527:11:[m[K [01;36m[Knote: [m[K  â€˜[01m[Kconst std::__cxx11::basic_string<char>[m[Kâ€™ is not derived from â€˜[01m[Kconst std::optional<_Tp>[m[Kâ€™
[4.440s]  1527 |   if ([01;36m[Klhs == rhs[m[K) {
[4.440s]       |       [01;36m[K~~~~^~~~~~[m[K
[4.441s] In file included from [01m[K/opt/ros/humble/include/rclcpp/rclcpp/client.hpp:28[m[K,
[4.441s]                  from [01m[K/opt/ros/humble/include/rclcpp/rclcpp/callback_group.hpp:24[m[K,
[4.441s]                  from [01m[K/opt/ros/humble/include/rclcpp/rclcpp/any_executable.hpp:20[m[K,
[4.441s]                  from [01m[K/opt/ros/humble/include/rclcpp/rclcpp/memory_strategy.hpp:25[m[K,
[4.441s]                  from [01m[K/opt/ros/humble/include/rclcpp/rclcpp/memory_strategies.hpp:18[m[K,
[4.441s]                  from [01m[K/opt/ros/humble/include/rclcpp/rclcpp/executor_options.hpp:20[m[K,
[4.441s]                  from [01m[K/opt/ros/humble/include/rclcpp/rclcpp/executor.hpp:37[m[K,
[4.441s]                  from [01m[K/opt/ros/humble/include/rclcpp/rclcpp/executors/multi_threaded_executor.hpp:25[m[K,
[4.441s]                  from [01m[K/opt/ros/humble/include/rclcpp/rclcpp/executors.hpp:21[m[K,
[4.441s]                  from [01m[K/opt/ros/humble/include/rclcpp/rclcpp/rclcpp.hpp:155[m[K,
[4.441s]                  from [01m[K/home/kargla/robot_movement/src/movement_info/include/movement_info/movement.hpp:4[m[K,
[4.441s]                  from [01m[K/home/kargla/robot_movement/src/movement_info/test/movement_test.cpp:3[m[K:
[4.441s] [01m[K/usr/include/c++/11/variant:1232:3:[m[K [01;36m[Knote: [m[Kcandidate: â€˜[01m[Ktemplate<class ... _Types> constexpr bool std::operator==(const std::variant<_Types ...>&, const std::variant<_Types ...>&)[m[Kâ€™
[4.441s]  1232 |   [01;36m[K_VARIANT_RELATION_FUNCTION_TEMPLATE[m[K(==, equal)
[4.441s]       |   [01;36m[K^~~~~~~~~~~~~~~~~~~~~~~~~~~~~~~~~~~[m[K
[4.441s] [01m[K/usr/include/c++/11/variant:1232:3:[m[K [01;36m[Knote: [m[K  template argument deduction/substitution failed:
[4.441s] In file included from [01m[K/home/kargla/robot_movement/src/movement_info/test/movement_test.cpp:1[m[K:
[4.441s] [01m[K/opt/ros/humble/src/gtest_vendor/include/gtest/gtest.h:1527:11:[m[K [01;36m[Knote: [m[K  mismatched types â€˜[01m[Kconst std::variant<_Types ...>[m[Kâ€™ and â€˜[01m[Kconst int[m[Kâ€™
[4.441s]  1527 |   if ([01;36m[Klhs == rhs[m[K) {
[4.442s]       |       [01;36m[K~~~~^~~~~~[m[K
[4.442s] [01m[K/opt/ros/humble/src/gtest_vendor/include/gtest/gtest.h:1518:13:[m[K [01;36m[Knote: [m[Kcandidate: â€˜[01m[Kbool testing::internal::operator==(testing::internal::faketype, testing::internal::faketype)[m[Kâ€™
[4.442s]  1518 | inline bool [01;36m[Koperator[m[K==(faketype, faketype) { return true; }
[4.442s]       |             [01;36m[K^~~~~~~~[m[K
[4.442s] [01m[K/opt/ros/humble/src/gtest_vendor/include/gtest/gtest.h:1518:24:[m[K [01;36m[Knote: [m[K  no known conversion for argument 1 from â€˜[01m[Kconst int[m[Kâ€™ to â€˜[01m[Ktesting::internal::faketype[m[Kâ€™
[4.442s]  1518 | inline bool operator==([01;36m[Kfaketype[m[K, faketype) { return true; }
[4.442s]       |                        [01;36m[K^~~~~~~~[m[K
[4.442s] In file included from [01m[K/usr/include/c++/11/memory:64[m[K,
[4.442s]                  from [01m[K/opt/ros/humble/src/gtest_vendor/include/gtest/gtest.h:57[m[K,
[4.442s]                  from [01m[K/home/kargla/robot_movement/src/movement_info/test/movement_test.cpp:1[m[K:
[4.442s] [01m[K/usr/include/c++/11/bits/allocator.h:204:7:[m[K [01;36m[Knote: [m[Kcandidate: â€˜[01m[Kbool std::operator==(const std::allocator<char>&, const std::allocator<char>&)[m[Kâ€™
[4.442s]   204 |       [01;36m[Koperator[m[K==(const allocator&, const allocator&) _GLIBCXX_NOTHROW
[4.442s]       |       [01;36m[K^~~~~~~~[m[K
[4.442s] [01m[K/usr/include/c++/11/bits/allocator.h:204:18:[m[K [01;36m[Knote: [m[K  no known conversion for argument 1 from â€˜[01m[Kconst int[m[Kâ€™ to â€˜[01m[Kconst std::allocator<char>&[m[Kâ€™
[4.442s]   204 |       operator==([01;36m[Kconst allocator&[m[K, const allocator&) _GLIBCXX_NOTHROW
[4.442s]       |                  [01;36m[K^~~~~~~~~~~~~~~~[m[K
[4.442s] In file included from [01m[K/usr/include/c++/11/bits/ios_base.h:46[m[K,
[4.442s]                  from [01m[K/usr/include/c++/11/ios:42[m[K,
[4.443s]                  from [01m[K/usr/include/c++/11/ostream:38[m[K,
[4.443s]                  from [01m[K/opt/ros/humble/src/gtest_vendor/include/gtest/gtest.h:58[m[K,
[4.443s]                  from [01m[K/home/kargla/robot_movement/src/movement_info/test/movement_test.cpp:1[m[K:
[4.443s] [01m[K/usr/include/c++/11/system_error:362:3:[m[K [01;36m[Knote: [m[Kcandidate: â€˜[01m[Kbool std::operator==(const std::error_code&, const std::error_code&)[m[Kâ€™
[4.443s]   362 |   [01;36m[Koperator[m[K==(const error_code& __lhs, const error_code& __rhs) noexcept
[4.443s]       |   [01;36m[K^~~~~~~~[m[K
[4.443s] [01m[K/usr/include/c++/11/system_error:362:32:[m[K [01;36m[Knote: [m[K  no known conversion for argument 1 from â€˜[01m[Kconst int[m[Kâ€™ to â€˜[01m[Kconst std::error_code&[m[Kâ€™
[4.443s]   362 |   operator==([01;36m[Kconst error_code& __lhs[m[K, const error_code& __rhs) noexcept
[4.443s]       |              [01;36m[K~~~~~~~~~~~~~~~~~~^~~~~[m[K
[4.443s] [01m[K/usr/include/c++/11/system_error:368:3:[m[K [01;36m[Knote: [m[Kcandidate: â€˜[01m[Kbool std::operator==(const std::error_code&, const std::error_condition&)[m[Kâ€™
[4.443s]   368 |   [01;36m[Koperator[m[K==(const error_code& __lhs, const error_condition& __rhs) noexcept
[4.443s]       |   [01;36m[K^~~~~~~~[m[K
[4.443s] [01m[K/usr/include/c++/11/system_error:368:32:[m[K [01;36m[Knote: [m[K  no known conversion for argument 1 from â€˜[01m[Kconst int[m[Kâ€™ to â€˜[01m[Kconst std::error_code&[m[Kâ€™
[4.443s]   368 |   operator==([01;36m[Kconst error_code& __lhs[m[K, const error_condition& __rhs) noexcept
[4.443s]       |              [01;36m[K~~~~~~~~~~~~~~~~~~^~~~~[m[K
[4.443s] [01m[K/usr/include/c++/11/system_error:376:3:[m[K [01;36m[Knote: [m[Kcandidate: â€˜[01m[Kbool std::operator==(const std::error_condition&, const std::error_condition&)[m[Kâ€™
[4.443s]   376 |   [01;36m[Koperator[m[K==(const error_condition& __lhs,
[4.443s]       |   [01;36m[K^~~~~~~~[m[K
[4.443s] [01m[K/usr/include/c++/11/system_error:376:37:[m[K [01;36m[Knote: [m[K  no known conversion for argument 1 from â€˜[01m[Kconst int[m[Kâ€™ to â€˜[01m[Kconst std::error_condition&[m[Kâ€™
[4.444s]   376 |   operator==([01;36m[Kconst error_condition& __lhs[m[K,
[4.444s]       |              [01;36m[K~~~~~~~~~~~~~~~~~~~~~~~^~~~~[m[K
[4.444s] [01m[K/usr/include/c++/11/system_error:408:3:[m[K [01;36m[Knote: [m[Kcandidate: â€˜[01m[Kbool std::operator==(const std::error_condition&, const std::error_code&)[m[Kâ€™
[4.444s]   408 |   [01;36m[Koperator[m[K==(const error_condition& __lhs, const error_code& __rhs) noexcept
[4.444s]       |   [01;36m[K^~~~~~~~[m[K
[4.444s] [01m[K/usr/include/c++/11/system_error:408:37:[m[K [01;36m[Knote: [m[K  no known conversion for argument 1 from â€˜[01m[Kconst int[m[Kâ€™ to â€˜[01m[Kconst std::error_condition&[m[Kâ€™
[4.444s]   408 |   operator==([01;36m[Kconst error_condition& __lhs[m[K, const error_code& __rhs) noexcept
[4.444s]       |              [01;36m[K~~~~~~~~~~~~~~~~~~~~~~~^~~~~[m[K
[4.444s] In file included from [01m[K/usr/include/c++/11/future:48[m[K,
[4.444s]                  from [01m[K/opt/ros/humble/include/rclcpp/rclcpp/executors.hpp:18[m[K,
[4.444s]                  from [01m[K/opt/ros/humble/include/rclcpp/rclcpp/rclcpp.hpp:155[m[K,
[4.444s]                  from [01m[K/home/kargla/robot_movement/src/movement_info/include/movement_info/movement.hpp:4[m[K,
[4.444s]                  from [01m[K/home/kargla/robot_movement/src/movement_info/test/movement_test.cpp:3[m[K:
[4.444s] [01m[K/usr/include/c++/11/bits/std_thread.h:287:3:[m[K [01;36m[Knote: [m[Kcandidate: â€˜[01m[Kbool std::operator==(std::thread::id, std::thread::id)[m[Kâ€™
[4.444s]   287 |   [01;36m[Koperator[m[K==(thread::id __x, thread::id __y) noexcept
[4.444s]       |   [01;36m[K^~~~~~~~[m[K
[4.445s] [01m[K/usr/include/c++/11/bits/std_thread.h:287:25:[m[K [01;36m[Knote: [m[K  no known conversion for argument 1 from â€˜[01m[Kconst int[m[Kâ€™ to â€˜[01m[Kstd::thread::id[m[Kâ€™
[4.445s]   287 |   operator==([01;36m[Kthread::id __x[m[K, thread::id __y) noexcept
[4.445s]       |              [01;36m[K~~~~~~~~~~~^~~[m[K
[4.445s] In file included from [01m[K/opt/ros/humble/include/rclcpp/rclcpp/client.hpp:28[m[K,
[4.445s]                  from [01m[K/opt/ros/humble/include/rclcpp/rclcpp/callback_group.hpp:24[m[K,
[4.445s]                  from [01m[K/opt/ros/humble/include/rclcpp/rclcpp/any_executable.hpp:20[m[K,
[4.445s]                  from [01m[K/opt/ros/humble/include/rclcpp/rclcpp/memory_strategy.hpp:25[m[K,
[4.445s]                  from [01m[K/opt/ros/humble/include/rclcpp/rclcpp/memory_strategies.hpp:18[m[K,
[4.445s]                  from [01m[K/opt/ros/humble/include/rclcpp/rclcpp/executor_options.hpp:20[m[K,
[4.445s]                  from [01m[K/opt/ros/humble/include/rclcpp/rclcpp/executor.hpp:37[m[K,
[4.445s]                  from [01m[K/opt/ros/humble/include/rclcpp/rclcpp/executors/multi_threaded_executor.hpp:25[m[K,
[4.445s]                  from [01m[K/opt/ros/humble/include/rclcpp/rclcpp/executors.hpp:21[m[K,
[4.445s]                  from [01m[K/opt/ros/humble/include/rclcpp/rclcpp/rclcpp.hpp:155[m[K,
[4.445s]                  from [01m[K/home/kargla/robot_movement/src/movement_info/include/movement_info/movement.hpp:4[m[K,
[4.445s]                  from [01m[K/home/kargla/robot_movement/src/movement_info/test/movement_test.cpp:3[m[K:
[4.445s] [01m[K/usr/include/c++/11/variant:1239:18:[m[K [01;36m[Knote: [m[Kcandidate: â€˜[01m[Kconstexpr bool std::operator==(std::monostate, std::monostate)[m[Kâ€™
[4.445s]  1239 |   constexpr bool [01;36m[Koperator[m[K==(monostate, monostate) noexcept { return true; }
[4.445s]       |                  [01;36m[K^~~~~~~~[m[K
[4.445s] [01m[K/usr/include/c++/11/variant:1239:29:[m[K [01;36m[Knote: [m[K  no known conversion for argument 1 from â€˜[01m[Kconst int[m[Kâ€™ to â€˜[01m[Kstd::monostate[m[Kâ€™
[4.446s]  1239 |   constexpr bool operator==([01;36m[Kmonostate[m[K, monostate) noexcept { return true; }
[4.446s]       |                             [01;36m[K^~~~~~~~~[m[K
[4.446s] In file included from [01m[K/home/kargla/robot_movement/src/movement_info/test/movement_test.cpp:1[m[K:
[4.446s] /opt/ros/humble/src/gtest_vendor/include/gtest/gtest.h: In instantiation of â€˜[01m[Ktesting::AssertionResult testing::internal::CmpHelperEQ(const char*, const char*, const T1&, const T2&) [with T1 = int; T2 = std::__cxx11::basic_string<char>][m[Kâ€™:
[4.446s] [01m[K/opt/ros/humble/src/gtest_vendor/include/gtest/gtest.h:1554:23:[m[K   required from â€˜[01m[Kstatic testing::AssertionResult testing::internal::EqHelper::Compare(const char*, const char*, const T1&, const T2&) [with T1 = int; T2 = std::__cxx11::basic_string<char>; typename std::enable_if<((! std::is_integral<_Tp>::value) || (! std::is_pointer<_Dp>::value))>::type* <anonymous> = 0][m[Kâ€™
[4.446s] [01m[K/home/kargla/robot_movement/src/movement_info/test/movement_test.cpp:68:13:[m[K   required from here
[4.446s] [01m[K/opt/ros/humble/src/gtest_vendor/include/gtest/gtest.h:1527:11:[m[K [01;31m[Kerror: [m[Kno match for â€˜[01m[Koperator==[m[Kâ€™ (operand types are â€˜[01m[Kconst int[m[Kâ€™ and â€˜[01m[Kconst std::__cxx11::basic_string<char>[m[Kâ€™)
[4.446s]  1527 |   if ([01;31m[Klhs == rhs[m[K) {
[4.446s]       |       [01;31m[K~~~~^~~~~~[m[K
[4.446s] In file included from [01m[K/usr/include/c++/11/bits/stl_algobase.h:67[m[K,
[4.446s]                  from [01m[K/usr/include/c++/11/memory:63[m[K,
[4.446s]                  from [01m[K/opt/ros/humble/src/gtest_vendor/include/gtest/gtest.h:57[m[K,
[4.446s]                  from [01m[K/home/kargla/robot_movement/src/movement_info/test/movement_test.cpp:1[m[K:
[4.446s] [01m[K/usr/include/c++/11/bits/stl_iterator.h:1155:5:[m[K [01;36m[Knote: [m[Kcandidate: â€˜[01m[Ktemplate<class _IteratorL, class _IteratorR, class _Container> bool __gnu_cxx::operator==(const __gnu_cxx::__normal_iterator<_IteratorL, _Container>&, const __gnu_cxx::__normal_iterator<_IteratorR, _Container>&)[m[Kâ€™
[4.446s]  1155 |     [01;36m[Koperator[m[K==(const __normal_iterator<_IteratorL, _Container>& __lhs,
[4.446s]       |     [01;36m[K^~~~~~~~[m[K
[4.446s] [01m[K/usr/include/c++/11/bits/stl_iterator.h:1155:5:[m[K [01;36m[Knote: [m[K  template argument deduction/substitution failed:
[4.446s] In file included from [01m[K/home/kargla/robot_movement/src/movement_info/test/movement_test.cpp:1[m[K:
[4.446s] [01m[K/opt/ros/humble/src/gtest_vendor/include/gtest/gtest.h:1527:11:[m[K [01;36m[Knote: [m[K  mismatched types â€˜[01m[Kconst __gnu_cxx::__normal_iterator<_IteratorL, _Container>[m[Kâ€™ and â€˜[01m[Kconst int[m[Kâ€™
[4.446s]  1527 |   if ([01;36m[Klhs == rhs[m[K) {
[4.447s]       |       [01;36m[K~~~~^~~~~~[m[K
[4.447s] In file included from [01m[K/usr/include/c++/11/bits/stl_algobase.h:67[m[K,
[4.447s]                  from [01m[K/usr/include/c++/11/memory:63[m[K,
[4.447s]                  from [01m[K/opt/ros/humble/src/gtest_vendor/include/gtest/gtest.h:57[m[K,
[4.447s]                  from [01m[K/home/kargla/robot_movement/src/movement_info/test/movement_test.cpp:1[m[K:
[4.447s] [01m[K/usr/include/c++/11/bits/stl_iterator.h:1163:5:[m[K [01;36m[Knote: [m[Kcandidate: â€˜[01m[Ktemplate<class _Iterator, class _Container> bool __gnu_cxx::operator==(const __gnu_cxx::__normal_iterator<_Iterator, _Container>&, const __gnu_cxx::__normal_iterator<_Iterator, _Container>&)[m[Kâ€™
[4.447s]  1163 |     [01;36m[Koperator[m[K==(const __normal_iterator<_Iterator, _Container>& __lhs,
[4.447s]       |     [01;36m[K^~~~~~~~[m[K
[4.447s] [01m[K/usr/include/c++/11/bits/stl_iterator.h:1163:5:[m[K [01;36m[Knote: [m[K  template argument deduction/substitution failed:
[4.447s] In file included from [01m[K/home/kargla/robot_movement/src/movement_info/test/movement_test.cpp:1[m[K:
[4.447s] [01m[K/opt/ros/humble/src/gtest_vendor/include/gtest/gtest.h:1527:11:[m[K [01;36m[Knote: [m[K  mismatched types â€˜[01m[Kconst __gnu_cxx::__normal_iterator<_Iterator, _Container>[m[Kâ€™ and â€˜[01m[Kconst int[m[Kâ€™
[4.447s]  1527 |   if ([01;36m[Klhs == rhs[m[K) {
[4.447s]       |       [01;36m[K~~~~^~~~~~[m[K
[4.447s] In file included from [01m[K/usr/include/x86_64-linux-gnu/c++/11/bits/c++allocator.h:33[m[K,
[4.447s]                  from [01m[K/usr/include/c++/11/bits/allocator.h:46[m[K,
[4.447s]                  from [01m[K/usr/include/c++/11/memory:64[m[K,
[4.447s]                  from [01m[K/opt/ros/humble/src/gtest_vendor/include/gtest/gtest.h:57[m[K,
[4.447s]                  from [01m[K/home/kargla/robot_movement/src/movement_info/test/movement_test.cpp:1[m[K:
[4.447s] [01m[K/usr/include/c++/11/ext/new_allocator.h:183:9:[m[K [01;36m[Knote: [m[Kcandidate: â€˜[01m[Ktemplate<class _Up> bool __gnu_cxx::operator==(const __gnu_cxx::new_allocator<char>&, const __gnu_cxx::new_allocator<_Tp>&)[m[Kâ€™
[4.448s]   183 |         [01;36m[Koperator[m[K==(const new_allocator&, const new_allocator<_Up>&)
[4.448s]       |         [01;36m[K^~~~~~~~[m[K
[4.448s] [01m[K/usr/include/c++/11/ext/new_allocator.h:183:9:[m[K [01;36m[Knote: [m[K  template argument deduction/substitution failed:
[4.448s] In file included from [01m[K/home/kargla/robot_movement/src/movement_info/test/movement_test.cpp:1[m[K:
[4.448s] [01m[K/opt/ros/humble/src/gtest_vendor/include/gtest/gtest.h:1527:11:[m[K [01;36m[Knote: [m[K  â€˜[01m[Kconst std::__cxx11::basic_string<char>[m[Kâ€™ is not derived from â€˜[01m[Kconst __gnu_cxx::new_allocator<_Tp>[m[Kâ€™
[4.448s]  1527 |   if ([01;36m[Klhs == rhs[m[K) {
[4.448s]       |       [01;36m[K~~~~^~~~~~[m[K
[4.448s] In file included from [01m[K/usr/include/c++/11/bits/stl_algobase.h:64[m[K,
[4.448s]                  from [01m[K/usr/include/c++/11/memory:63[m[K,
[4.448s]                  from [01m[K/opt/ros/humble/src/gtest_vendor/include/gtest/gtest.h:57[m[K,
[4.448s]                  from [01m[K/home/kargla/robot_movement/src/movement_info/test/movement_test.cpp:1[m[K:
[4.448s] [01m[K/usr/include/c++/11/bits/stl_pair.h:466:5:[m[K [01;36m[Knote: [m[Kcandidate: â€˜[01m[Ktemplate<class _T1, class _T2> constexpr bool std::operator==(const std::pair<_T1, _T2>&, const std::pair<_T1, _T2>&)[m[Kâ€™
[4.448s]   466 |     [01;36m[Koperator[m[K==(const pair<_T1, _T2>& __x, const pair<_T1, _T2>& __y)
[4.448s]       |     [01;36m[K^~~~~~~~[m[K
[4.448s] [01m[K/usr/include/c++/11/bits/stl_pair.h:466:5:[m[K [01;36m[Knote: [m[K  template argument deduction/substitution failed:
[4.448s] In file included from [01m[K/home/kargla/robot_movement/src/movement_info/test/movement_test.cpp:1[m[K:
[4.448s] [01m[K/opt/ros/humble/src/gtest_vendor/include/gtest/gtest.h:1527:11:[m[K [01;36m[Knote: [m[K  mismatched types â€˜[01m[Kconst std::pair<_T1, _T2>[m[Kâ€™ and â€˜[01m[Kconst int[m[Kâ€™
[4.448s]  1527 |   if ([01;36m[Klhs == rhs[m[K) {
[4.448s]       |       [01;36m[K~~~~^~~~~~[m[K
[4.448s] In file included from [01m[K/usr/include/c++/11/bits/stl_algobase.h:67[m[K,
[4.449s]                  from [01m[K/usr/include/c++/11/memory:63[m[K,
[4.449s]                  from [01m[K/opt/ros/humble/src/gtest_vendor/include/gtest/gtest.h:57[m[K,
[4.449s]                  from [01m[K/home/kargla/robot_movement/src/movement_info/test/movement_test.cpp:1[m[K:
[4.449s] [01m[K/usr/include/c++/11/bits/stl_iterator.h:420:5:[m[K [01;36m[Knote: [m[Kcandidate: â€˜[01m[Ktemplate<class _Iterator> constexpr bool std::operator==(const std::reverse_iterator<_Iterator>&, const std::reverse_iterator<_Iterator>&)[m[Kâ€™
[4.449s]   420 |     [01;36m[Koperator[m[K==(const reverse_iterator<_Iterator>& __x,
[4.449s]       |     [01;36m[K^~~~~~~~[m[K
[4.449s] [01m[K/usr/include/c++/11/bits/stl_iterator.h:420:5:[m[K [01;36m[Knote: [m[K  template argument deduction/substitution failed:
[4.449s] In file included from [01m[K/home/kargla/robot_movement/src/movement_info/test/movement_test.cpp:1[m[K:
[4.449s] [01m[K/opt/ros/humble/src/gtest_vendor/include/gtest/gtest.h:1527:11:[m[K [01;36m[Knote: [m[K  mismatched types â€˜[01m[Kconst std::reverse_iterator<_Iterator>[m[Kâ€™ and â€˜[01m[Kconst int[m[Kâ€™
[4.449s]  1527 |   if ([01;36m[Klhs == rhs[m[K) {
[4.449s]       |       [01;36m[K~~~~^~~~~~[m[K
[4.449s] In file included from [01m[K/usr/include/c++/11/bits/stl_algobase.h:67[m[K,
[4.449s]                  from [01m[K/usr/include/c++/11/memory:63[m[K,
[4.449s]                  from [01m[K/opt/ros/humble/src/gtest_vendor/include/gtest/gtest.h:57[m[K,
[4.449s]                  from [01m[K/home/kargla/robot_movement/src/movement_info/test/movement_test.cpp:1[m[K:
[4.449s] [01m[K/usr/include/c++/11/bits/stl_iterator.h:459:5:[m[K [01;36m[Knote: [m[Kcandidate: â€˜[01m[Ktemplate<class _IteratorL, class _IteratorR> constexpr bool std::operator==(const std::reverse_iterator<_Iterator>&, const std::reverse_iterator<_IteratorR>&)[m[Kâ€™
[4.449s]   459 |     [01;36m[Koperator[m[K==(const reverse_iterator<_IteratorL>& __x,
[4.449s]       |     [01;36m[K^~~~~~~~[m[K
[4.450s] [01m[K/usr/include/c++/11/bits/stl_iterator.h:459:5:[m[K [01;36m[Knote: [m[K  template argument deduction/substitution failed:
[4.450s] In file included from [01m[K/home/kargla/robot_movement/src/movement_info/test/movement_test.cpp:1[m[K:
[4.450s] [01m[K/opt/ros/humble/src/gtest_vendor/include/gtest/gtest.h:1527:11:[m[K [01;36m[Knote: [m[K  mismatched types â€˜[01m[Kconst std::reverse_iterator<_Iterator>[m[Kâ€™ and â€˜[01m[Kconst int[m[Kâ€™
[4.450s]  1527 |   if ([01;36m[Klhs == rhs[m[K) {
[4.450s]       |       [01;36m[K~~~~^~~~~~[m[K
[4.450s] In file included from [01m[K/usr/include/c++/11/bits/stl_algobase.h:67[m[K,
[4.450s]                  from [01m[K/usr/include/c++/11/memory:63[m[K,
[4.450s]                  from [01m[K/opt/ros/humble/src/gtest_vendor/include/gtest/gtest.h:57[m[K,
[4.450s]                  from [01m[K/home/kargla/robot_movement/src/movement_info/test/movement_test.cpp:1[m[K:
[4.450s] [01m[K/usr/include/c++/11/bits/stl_iterator.h:1585:5:[m[K [01;36m[Knote: [m[Kcandidate: â€˜[01m[Ktemplate<class _IteratorL, class _IteratorR> constexpr bool std::operator==(const std::move_iterator<_IteratorL>&, const std::move_iterator<_IteratorR>&)[m[Kâ€™
[4.450s]  1585 |     [01;36m[Koperator[m[K==(const move_iterator<_IteratorL>& __x,
[4.450s]       |     [01;36m[K^~~~~~~~[m[K
[4.450s] [01m[K/usr/include/c++/11/bits/stl_iterator.h:1585:5:[m[K [01;36m[Knote: [m[K  template argument deduction/substitution failed:
[4.450s] In file included from [01m[K/home/kargla/robot_movement/src/movement_info/test/movement_test.cpp:1[m[K:
[4.450s] [01m[K/opt/ros/humble/src/gtest_vendor/include/gtest/gtest.h:1527:11:[m[K [01;36m[Knote: [m[K  mismatched types â€˜[01m[Kconst std::move_iterator<_IteratorL>[m[Kâ€™ and â€˜[01m[Kconst int[m[Kâ€™
[4.450s]  1527 |   if ([01;36m[Klhs == rhs[m[K) {
[4.450s]       |       [01;36m[K~~~~^~~~~~[m[K
[4.450s] In file included from [01m[K/usr/include/c++/11/bits/stl_algobase.h:67[m[K,
[4.450s]                  from [01m[K/usr/include/c++/11/memory:63[m[K,
[4.450s]                  from [01m[K/opt/ros/humble/src/gtest_vendor/include/gtest/gtest.h:57[m[K,
[4.451s]                  from [01m[K/home/kargla/robot_movement/src/movement_info/test/movement_test.cpp:1[m[K:
[4.451s] [01m[K/usr/include/c++/11/bits/stl_iterator.h:1648:5:[m[K [01;36m[Knote: [m[Kcandidate: â€˜[01m[Ktemplate<class _Iterator> constexpr bool std::operator==(const std::move_iterator<_IteratorL>&, const std::move_iterator<_IteratorL>&)[m[Kâ€™
[4.451s]  1648 |     [01;36m[Koperator[m[K==(const move_iterator<_Iterator>& __x,
[4.451s]       |     [01;36m[K^~~~~~~~[m[K
[4.451s] [01m[K/usr/include/c++/11/bits/stl_iterator.h:1648:5:[m[K [01;36m[Knote: [m[K  template argument deduction/substitution failed:
[4.451s] In file included from [01m[K/home/kargla/robot_movement/src/movement_info/test/movement_test.cpp:1[m[K:
[4.451s] [01m[K/opt/ros/humble/src/gtest_vendor/include/gtest/gtest.h:1527:11:[m[K [01;36m[Knote: [m[K  mismatched types â€˜[01m[Kconst std::move_iterator<_IteratorL>[m[Kâ€™ and â€˜[01m[Kconst int[m[Kâ€™
[4.451s]  1527 |   if ([01;36m[Klhs == rhs[m[K) {
[4.451s]       |       [01;36m[K~~~~^~~~~~[m[K
[4.451s] In file included from [01m[K/usr/include/c++/11/memory:64[m[K,
[4.451s]                  from [01m[K/opt/ros/humble/src/gtest_vendor/include/gtest/gtest.h:57[m[K,
[4.451s]                  from [01m[K/home/kargla/robot_movement/src/movement_info/test/movement_test.cpp:1[m[K:
[4.451s] [01m[K/usr/include/c++/11/bits/allocator.h:218:5:[m[K [01;36m[Knote: [m[Kcandidate: â€˜[01m[Ktemplate<class _T1, class _T2> bool std::operator==(const std::allocator<_Tp1>&, const std::allocator<_T2>&)[m[Kâ€™
[4.451s]   218 |     [01;36m[Koperator[m[K==(const allocator<_T1>&, const allocator<_T2>&)
[4.451s]       |     [01;36m[K^~~~~~~~[m[K
[4.451s] [01m[K/usr/include/c++/11/bits/allocator.h:218:5:[m[K [01;36m[Knote: [m[K  template argument deduction/substitution failed:
[4.451s] In file included from [01m[K/home/kargla/robot_movement/src/movement_info/test/movement_test.cpp:1[m[K:
[4.451s] [01m[K/opt/ros/humble/src/gtest_vendor/include/gtest/gtest.h:1527:11:[m[K [01;36m[Knote: [m[K  mismatched types â€˜[01m[Kconst std::allocator<_Tp1>[m[Kâ€™ and â€˜[01m[Kconst int[m[Kâ€™
[4.452s]  1527 |   if ([01;36m[Klhs == rhs[m[K) {
[4.452s]       |       [01;36m[K~~~~^~~~~~[m[K
[4.452s] In file included from [01m[K/usr/include/c++/11/tuple:39[m[K,
[4.452s]                  from [01m[K/usr/include/c++/11/bits/unique_ptr.h:37[m[K,
[4.452s]                  from [01m[K/usr/include/c++/11/memory:76[m[K,
[4.452s]                  from [01m[K/opt/ros/humble/src/gtest_vendor/include/gtest/gtest.h:57[m[K,
[4.452s]                  from [01m[K/home/kargla/robot_movement/src/movement_info/test/movement_test.cpp:1[m[K:
[4.452s] [01m[K/usr/include/c++/11/array:276:5:[m[K [01;36m[Knote: [m[Kcandidate: â€˜[01m[Ktemplate<class _Tp, long unsigned int _Nm> bool std::operator==(const std::array<_Tp, _Nm>&, const std::array<_Tp, _Nm>&)[m[Kâ€™
[4.452s]   276 |     [01;36m[Koperator[m[K==(const array<_Tp, _Nm>& __one, const array<_Tp, _Nm>& __two)
[4.452s]       |     [01;36m[K^~~~~~~~[m[K
[4.452s] [01m[K/usr/include/c++/11/array:276:5:[m[K [01;36m[Knote: [m[K  template argument deduction/substitution failed:
[4.452s] In file included from [01m[K/home/kargla/robot_movement/src/movement_info/test/movement_test.cpp:1[m[K:
[4.452s] [01m[K/opt/ros/humble/src/gtest_vendor/include/gtest/gtest.h:1527:11:[m[K [01;36m[Knote: [m[K  mismatched types â€˜[01m[Kconst std::array<_Tp, _Nm>[m[Kâ€™ and â€˜[01m[Kconst int[m[Kâ€™
[4.452s]  1527 |   if ([01;36m[Klhs == rhs[m[K) {
[4.452s]       |       [01;36m[K~~~~^~~~~~[m[K
[4.452s] In file included from [01m[K/usr/include/c++/11/bits/unique_ptr.h:37[m[K,
[4.452s]                  from [01m[K/usr/include/c++/11/memory:76[m[K,
[4.452s]                  from [01m[K/opt/ros/humble/src/gtest_vendor/include/gtest/gtest.h:57[m[K,
[4.452s]                  from [01m[K/home/kargla/robot_movement/src/movement_info/test/movement_test.cpp:1[m[K:
[4.453s] [01m[K/usr/include/c++/11/tuple:1524:5:[m[K [01;36m[Knote: [m[Kcandidate: â€˜[01m[Ktemplate<class ... _TElements, class ... _UElements> constexpr bool std::operator==(const std::tuple<_Tps ...>&, const std::tuple<_UTypes ...>&)[m[Kâ€™
[4.453s]  1524 |     [01;36m[Koperator[m[K==(const tuple<_TElements...>& __t,
[4.453s]       |     [01;36m[K^~~~~~~~[m[K
[4.453s] [01m[K/usr/include/c++/11/tuple:1524:5:[m[K [01;36m[Knote: [m[K  template argument deduction/substitution failed:
[4.453s] In file included from [01m[K/home/kargla/robot_movement/src/movement_info/test/movement_test.cpp:1[m[K:
[4.453s] [01m[K/opt/ros/humble/src/gtest_vendor/include/gtest/gtest.h:1527:11:[m[K [01;36m[Knote: [m[K  mismatched types â€˜[01m[Kconst std::tuple<_Tps ...>[m[Kâ€™ and â€˜[01m[Kconst int[m[Kâ€™
[4.453s]  1527 |   if ([01;36m[Klhs == rhs[m[K) {
[4.453s]       |       [01;36m[K~~~~^~~~~~[m[K
[4.453s] In file included from [01m[K/usr/include/c++/11/memory:76[m[K,
[4.453s]                  from [01m[K/opt/ros/humble/src/gtest_vendor/include/gtest/gtest.h:57[m[K,
[4.453s]                  from [01m[K/home/kargla/robot_movement/src/movement_info/test/movement_test.cpp:1[m[K:
[4.453s] [01m[K/usr/include/c++/11/bits/unique_ptr.h:753:5:[m[K [01;36m[Knote: [m[Kcandidate: â€˜[01m[Ktemplate<class _Tp, class _Dp, class _Up, class _Ep> bool std::operator==(const std::unique_ptr<_Tp, _Dp>&, const std::unique_ptr<_Up, _Ep>&)[m[Kâ€™
[4.453s]   753 |     [01;36m[Koperator[m[K==(const unique_ptr<_Tp, _Dp>& __x,
[4.453s]       |     [01;36m[K^~~~~~~~[m[K
[4.454s] [01m[K/usr/include/c++/11/bits/unique_ptr.h:753:5:[m[K [01;36m[Knote: [m[K  template argument deduction/substitution failed:
[4.454s] In file included from [01m[K/home/kargla/robot_movement/src/movement_info/test/movement_test.cpp:1[m[K:
[4.454s] [01m[K/opt/ros/humble/src/gtest_vendor/include/gtest/gtest.h:1527:11:[m[K [01;36m[Knote: [m[K  mismatched types â€˜[01m[Kconst std::unique_ptr<_Tp, _Dp>[m[Kâ€™ and â€˜[01m[Kconst int[m[Kâ€™
[4.454s]  1527 |   if ([01;36m[Klhs == rhs[m[K) {
[4.454s]       |       [01;36m[K~~~~^~~~~~[m[K
[4.454s] In file included from [01m[K/usr/include/c++/11/memory:76[m[K,
[4.454s]                  from [01m[K/opt/ros/humble/src/gtest_vendor/include/gtest/gtest.h:57[m[K,
[4.454s]                  from [01m[K/home/kargla/robot_movement/src/movement_info/test/movement_test.cpp:1[m[K:
[4.454s] [01m[K/usr/include/c++/11/bits/unique_ptr.h:760:5:[m[K [01;36m[Knote: [m[Kcandidate: â€˜[01m[Ktemplate<class _Tp, class _Dp> bool std::operator==(const std::unique_ptr<_Tp, _Dp>&, std::nullptr_t)[m[Kâ€™
[4.454s]   760 |     [01;36m[Koperator[m[K==(const unique_ptr<_Tp, _Dp>& __x, nullptr_t) noexcept
[4.454s]       |     [01;36m[K^~~~~~~~[m[K
[4.454s] [01m[K/usr/include/c++/11/bits/unique_ptr.h:760:5:[m[K [01;36m[Knote: [m[K  template argument deduction/substitution failed:
[4.454s] In file included from [01m[K/home/kargla/robot_movement/src/movement_info/test/movement_test.cpp:1[m[K:
[4.454s] [01m[K/opt/ros/humble/src/gtest_vendor/include/gtest/gtest.h:1527:11:[m[K [01;36m[Knote: [m[K  mismatched types â€˜[01m[Kconst std::unique_ptr<_Tp, _Dp>[m[Kâ€™ and â€˜[01m[Kconst int[m[Kâ€™
[4.454s]  1527 |   if ([01;36m[Klhs == rhs[m[K) {
[4.454s]       |       [01;36m[K~~~~^~~~~~[m[K
[4.454s] In file included from [01m[K/usr/include/c++/11/memory:76[m[K,
[4.454s]                  from [01m[K/opt/ros/humble/src/gtest_vendor/include/gtest/gtest.h:57[m[K,
[4.455s]                  from [01m[K/home/kargla/robot_movement/src/movement_info/test/movement_test.cpp:1[m[K:
[4.455s] [01m[K/usr/include/c++/11/bits/unique_ptr.h:767:5:[m[K [01;36m[Knote: [m[Kcandidate: â€˜[01m[Ktemplate<class _Tp, class _Dp> bool std::operator==(std::nullptr_t, const std::unique_ptr<_Tp, _Dp>&)[m[Kâ€™
[4.455s]   767 |     [01;36m[Koperator[m[K==(nullptr_t, const unique_ptr<_Tp, _Dp>& __x) noexcept
[4.455s]       |     [01;36m[K^~~~~~~~[m[K
[4.455s] [01m[K/usr/include/c++/11/bits/unique_ptr.h:767:5:[m[K [01;36m[Knote: [m[K  template argument deduction/substitution failed:
[4.455s] In file included from [01m[K/home/kargla/robot_movement/src/movement_info/test/movement_test.cpp:1[m[K:
[4.455s] [01m[K/opt/ros/humble/src/gtest_vendor/include/gtest/gtest.h:1527:11:[m[K [01;36m[Knote: [m[K  â€˜[01m[Kconst std::__cxx11::basic_string<char>[m[Kâ€™ is not derived from â€˜[01m[Kconst std::unique_ptr<_Tp, _Dp>[m[Kâ€™
[4.455s]  1527 |   if ([01;36m[Klhs == rhs[m[K) {
[4.455s]       |       [01;36m[K~~~~^~~~~~[m[K
[4.455s] In file included from [01m[K/usr/include/c++/11/iosfwd:40[m[K,
[4.455s]                  from [01m[K/usr/include/c++/11/bits/shared_ptr.h:52[m[K,
[4.455s]                  from [01m[K/usr/include/c++/11/memory:77[m[K,
[4.455s]                  from [01m[K/opt/ros/humble/src/gtest_vendor/include/gtest/gtest.h:57[m[K,
[4.455s]                  from [01m[K/home/kargla/robot_movement/src/movement_info/test/movement_test.cpp:1[m[K:
[4.455s] [01m[K/usr/include/c++/11/bits/postypes.h:222:5:[m[K [01;36m[Knote: [m[Kcandidate: â€˜[01m[Ktemplate<class _StateT> bool std::operator==(const std::fpos<_StateT>&, const std::fpos<_StateT>&)[m[Kâ€™
[4.455s]   222 |     [01;36m[Koperator[m[K==(const fpos<_StateT>& __lhs, const fpos<_StateT>& __rhs)
[4.455s]       |     [01;36m[K^~~~~~~~[m[K
[4.455s] [01m[K/usr/include/c++/11/bits/postypes.h:222:5:[m[K [01;36m[Knote: [m[K  template argument deduction/substitution failed:
[4.455s] In file included from [01m[K/home/kargla/robot_movement/src/movement_info/test/movement_test.cpp:1[m[K:
[4.456s] [01m[K/opt/ros/humble/src/gtest_vendor/include/gtest/gtest.h:1527:11:[m[K [01;36m[Knote: [m[K  mismatched types â€˜[01m[Kconst std::fpos<_StateT>[m[Kâ€™ and â€˜[01m[Kconst int[m[Kâ€™
[4.456s]  1527 |   if ([01;36m[Klhs == rhs[m[K) {
[4.456s]       |       [01;36m[K~~~~^~~~~~[m[K
[4.456s] In file included from [01m[K/usr/include/c++/11/bits/shared_ptr.h:53[m[K,
[4.456s]                  from [01m[K/usr/include/c++/11/memory:77[m[K,
[4.456s]                  from [01m[K/opt/ros/humble/src/gtest_vendor/include/gtest/gtest.h:57[m[K,
[4.456s]                  from [01m[K/home/kargla/robot_movement/src/movement_info/test/movement_test.cpp:1[m[K:
[4.456s] [01m[K/usr/include/c++/11/bits/shared_ptr_base.h:1410:5:[m[K [01;36m[Knote: [m[Kcandidate: â€˜[01m[Ktemplate<class _Tp1, class _Tp2, __gnu_cxx::_Lock_policy _Lp> bool std::operator==(const std::__shared_ptr<_Tp1, _Lp>&, const std::__shared_ptr<_Tp2, _Lp>&)[m[Kâ€™
[4.456s]  1410 |     [01;36m[Koperator[m[K==(const __shared_ptr<_Tp1, _Lp>& __a,
[4.456s]       |     [01;36m[K^~~~~~~~[m[K
[4.456s] [01m[K/usr/include/c++/11/bits/shared_ptr_base.h:1410:5:[m[K [01;36m[Knote: [m[K  template argument deduction/substitution failed:
[4.456s] In file included from [01m[K/home/kargla/robot_movement/src/movement_info/test/movement_test.cpp:1[m[K:
[4.456s] [01m[K/opt/ros/humble/src/gtest_vendor/include/gtest/gtest.h:1527:11:[m[K [01;36m[Knote: [m[K  mismatched types â€˜[01m[Kconst std::__shared_ptr<_Tp1, _Lp>[m[Kâ€™ and â€˜[01m[Kconst int[m[Kâ€™
[4.456s]  1527 |   if ([01;36m[Klhs == rhs[m[K) {
[4.456s]       |       [01;36m[K~~~~^~~~~~[m[K
[4.456s] In file included from [01m[K/usr/include/c++/11/bits/shared_ptr.h:53[m[K,
[4.456s]                  from [01m[K/usr/include/c++/11/memory:77[m[K,
[4.456s]                  from [01m[K/opt/ros/humble/src/gtest_vendor/include/gtest/gtest.h:57[m[K,
[4.457s]                  from [01m[K/home/kargla/robot_movement/src/movement_info/test/movement_test.cpp:1[m[K:
[4.457s] [01m[K/usr/include/c++/11/bits/shared_ptr_base.h:1416:5:[m[K [01;36m[Knote: [m[Kcandidate: â€˜[01m[Ktemplate<class _Tp, __gnu_cxx::_Lock_policy _Lp> bool std::operator==(const std::__shared_ptr<_Tp, _Lp>&, std::nullptr_t)[m[Kâ€™
[4.457s]  1416 |     [01;36m[Koperator[m[K==(const __shared_ptr<_Tp, _Lp>& __a, nullptr_t) noexcept
[4.457s]       |     [01;36m[K^~~~~~~~[m[K
[4.457s] [01m[K/usr/include/c++/11/bits/shared_ptr_base.h:1416:5:[m[K [01;36m[Knote: [m[K  template argument deduction/substitution failed:
[4.457s] In file included from [01m[K/home/kargla/robot_movement/src/movement_info/test/movement_test.cpp:1[m[K:
[4.457s] [01m[K/opt/ros/humble/src/gtest_vendor/include/gtest/gtest.h:1527:11:[m[K [01;36m[Knote: [m[K  mismatched types â€˜[01m[Kconst std::__shared_ptr<_Tp, _Lp>[m[Kâ€™ and â€˜[01m[Kconst int[m[Kâ€™
[4.457s]  1527 |   if ([01;36m[Klhs == rhs[m[K) {
[4.457s]       |       [01;36m[K~~~~^~~~~~[m[K
[4.457s] In file included from [01m[K/usr/include/c++/11/bits/shared_ptr.h:53[m[K,
[4.457s]                  from [01m[K/usr/include/c++/11/memory:77[m[K,
[4.457s]                  from [01m[K/opt/ros/humble/src/gtest_vendor/include/gtest/gtest.h:57[m[K,
[4.457s]                  from [01m[K/home/kargla/robot_movement/src/movement_info/test/movement_test.cpp:1[m[K:
[4.457s] [01m[K/usr/include/c++/11/bits/shared_ptr_base.h:1436:5:[m[K [01;36m[Knote: [m[Kcandidate: â€˜[01m[Ktemplate<class _Tp, __gnu_cxx::_Lock_policy _Lp> bool std::operator==(std::nullptr_t, const std::__shared_ptr<_Tp, _Lp>&)[m[Kâ€™
[4.457s]  1436 |     [01;36m[Koperator[m[K==(nullptr_t, const __shared_ptr<_Tp, _Lp>& __a) noexcept
[4.457s]       |     [01;36m[K^~~~~~~~[m[K
[4.458s] [01m[K/usr/include/c++/11/bits/shared_ptr_base.h:1436:5:[m[K [01;36m[Knote: [m[K  template argument deduction/substitution failed:
[4.458s] In file included from [01m[K/home/kargla/robot_movement/src/movement_info/test/movement_test.cpp:1[m[K:
[4.458s] [01m[K/opt/ros/humble/src/gtest_vendor/include/gtest/gtest.h:1527:11:[m[K [01;36m[Knote: [m[K  â€˜[01m[Kconst std::__cxx11::basic_string<char>[m[Kâ€™ is not derived from â€˜[01m[Kconst std::__shared_ptr<_Tp, _Lp>[m[Kâ€™
[4.458s]  1527 |   if ([01;36m[Klhs == rhs[m[K) {
[4.458s]       |       [01;36m[K~~~~^~~~~~[m[K
[4.458s] In file included from [01m[K/usr/include/c++/11/memory:77[m[K,
[4.458s]                  from [01m[K/opt/ros/humble/src/gtest_vendor/include/gtest/gtest.h:57[m[K,
[4.458s]                  from [01m[K/home/kargla/robot_movement/src/movement_info/test/movement_test.cpp:1[m[K:
[4.458s] [01m[K/usr/include/c++/11/bits/shared_ptr.h:437:5:[m[K [01;36m[Knote: [m[Kcandidate: â€˜[01m[Ktemplate<class _Tp, class _Up> bool std::operator==(const std::shared_ptr<_Tp>&, const std::shared_ptr<_Tp>&)[m[Kâ€™
[4.458s]   437 |     [01;36m[Koperator[m[K==(const shared_ptr<_Tp>& __a, const shared_ptr<_Up>& __b) noexcept
[4.458s]       |     [01;36m[K^~~~~~~~[m[K
[4.458s] [01m[K/usr/include/c++/11/bits/shared_ptr.h:437:5:[m[K [01;36m[Knote: [m[K  template argument deduction/substitution failed:
[4.458s] In file included from [01m[K/home/kargla/robot_movement/src/movement_info/test/movement_test.cpp:1[m[K:
[4.458s] [01m[K/opt/ros/humble/src/gtest_vendor/include/gtest/gtest.h:1527:11:[m[K [01;36m[Knote: [m[K  mismatched types â€˜[01m[Kconst std::shared_ptr<_Tp>[m[Kâ€™ and â€˜[01m[Kconst int[m[Kâ€™
[4.458s]  1527 |   if ([01;36m[Klhs == rhs[m[K) {
[4.458s]       |       [01;36m[K~~~~^~~~~~[m[K
[4.459s] In file included from [01m[K/usr/include/c++/11/memory:77[m[K,
[4.459s]                  from [01m[K/opt/ros/humble/src/gtest_vendor/include/gtest/gtest.h:57[m[K,
[4.459s]                  from [01m[K/home/kargla/robot_movement/src/movement_info/test/movement_test.cpp:1[m[K:
[4.459s] [01m[K/usr/include/c++/11/bits/shared_ptr.h:443:5:[m[K [01;36m[Knote: [m[Kcandidate: â€˜[01m[Ktemplate<class _Tp> bool std::operator==(const std::shared_ptr<_Tp>&, std::nullptr_t)[m[Kâ€™
[4.459s]   443 |     [01;36m[Koperator[m[K==(const shared_ptr<_Tp>& __a, nullptr_t) noexcept
[4.459s]       |     [01;36m[K^~~~~~~~[m[K
[4.459s] [01m[K/usr/include/c++/11/bits/shared_ptr.h:443:5:[m[K [01;36m[Knote: [m[K  template argument deduction/substitution failed:
[4.459s] In file included from [01m[K/home/kargla/robot_movement/src/movement_info/test/movement_test.cpp:1[m[K:
[4.459s] [01m[K/opt/ros/humble/src/gtest_vendor/include/gtest/gtest.h:1527:11:[m[K [01;36m[Knote: [m[K  mismatched types â€˜[01m[Kconst std::shared_ptr<_Tp>[m[Kâ€™ and â€˜[01m[Kconst int[m[Kâ€™
[4.459s]  1527 |   if ([01;36m[Klhs == rhs[m[K) {
[4.459s]       |       [01;36m[K~~~~^~~~~~[m[K
[4.459s] In file included from [01m[K/usr/include/c++/11/memory:77[m[K,
[4.459s]                  from [01m[K/opt/ros/humble/src/gtest_vendor/include/gtest/gtest.h:57[m[K,
[4.459s]                  from [01m[K/home/kargla/robot_movement/src/movement_info/test/movement_test.cpp:1[m[K:
[4.459s] [01m[K/usr/include/c++/11/bits/shared_ptr.h:464:5:[m[K [01;36m[Knote: [m[Kcandidate: â€˜[01m[Ktemplate<class _Tp> bool std::operator==(std::nullptr_t, const std::shared_ptr<_Tp>&)[m[Kâ€™
[4.459s]   464 |     [01;36m[Koperator[m[K==(nullptr_t, const shared_ptr<_Tp>& __a) noexcept
[4.459s]       |     [01;36m[K^~~~~~~~[m[K
[4.459s] [01m[K/usr/include/c++/11/bits/shared_ptr.h:464:5:[m[K [01;36m[Knote: [m[K  template argument deduction/substitution failed:
[4.459s] In file included from [01m[K/home/kargla/robot_movement/src/movement_info/test/movement_test.cpp:1[m[K:
[4.460s] [01m[K/opt/ros/humble/src/gtest_vendor/include/gtest/gtest.h:1527:11:[m[K [01;36m[Knote: [m[K  â€˜[01m[Kconst std::__cxx11::basic_string<char>[m[Kâ€™ is not derived from â€˜[01m[Kconst std::shared_ptr<_Tp>[m[Kâ€™
[4.460s]  1527 |   if ([01;36m[Klhs == rhs[m[K) {
[4.460s]       |       [01;36m[K~~~~^~~~~~[m[K
[4.460s] In file included from [01m[K/usr/include/c++/11/bits/basic_string.h:48[m[K,
[4.460s]                  from [01m[K/usr/include/c++/11/string:55[m[K,
[4.460s]                  from [01m[K/usr/include/c++/11/bits/locale_classes.h:40[m[K,
[4.460s]                  from [01m[K/usr/include/c++/11/bits/ios_base.h:41[m[K,
[4.460s]                  from [01m[K/usr/include/c++/11/ios:42[m[K,
[4.460s]                  from [01m[K/usr/include/c++/11/ostream:38[m[K,
[4.460s]                  from [01m[K/opt/ros/humble/src/gtest_vendor/include/gtest/gtest.h:58[m[K,
[4.460s]                  from [01m[K/home/kargla/robot_movement/src/movement_info/test/movement_test.cpp:1[m[K:
[4.460s] [01m[K/usr/include/c++/11/string_view:535:5:[m[K [01;36m[Knote: [m[Kcandidate: â€˜[01m[Ktemplate<class _CharT, class _Traits> constexpr bool std::operator==(std::basic_string_view<_CharT, _Traits>, std::basic_string_view<_CharT, _Traits>)[m[Kâ€™
[4.460s]   535 |     [01;36m[Koperator[m[K==(basic_string_view<_CharT, _Traits> __x,
[4.460s]       |     [01;36m[K^~~~~~~~[m[K
[4.460s] [01m[K/usr/include/c++/11/string_view:535:5:[m[K [01;36m[Knote: [m[K  template argument deduction/substitution failed:
[4.460s] In file included from [01m[K/home/kargla/robot_movement/src/movement_info/test/movement_test.cpp:1[m[K:
[4.460s] [01m[K/opt/ros/humble/src/gtest_vendor/include/gtest/gtest.h:1527:11:[m[K [01;36m[Knote: [m[K  mismatched types â€˜[01m[Kstd::basic_string_view<_CharT, _Traits>[m[Kâ€™ and â€˜[01m[Kint[m[Kâ€™
[4.460s]  1527 |   if ([01;36m[Klhs == rhs[m[K) {
[4.460s]       |       [01;36m[K~~~~^~~~~~[m[K
[4.461s] In file included from [01m[K/usr/include/c++/11/bits/basic_string.h:48[m[K,
[4.461s]                  from [01m[K/usr/include/c++/11/string:55[m[K,
[4.461s]                  from [01m[K/usr/include/c++/11/bits/locale_classes.h:40[m[K,
[4.461s]                  from [01m[K/usr/include/c++/11/bits/ios_base.h:41[m[K,
[4.461s]                  from [01m[K/usr/include/c++/11/ios:42[m[K,
[4.461s]                  from [01m[K/usr/include/c++/11/ostream:38[m[K,
[4.461s]                  from [01m[K/opt/ros/humble/src/gtest_vendor/include/gtest/gtest.h:58[m[K,
[4.461s]                  from [01m[K/home/kargla/robot_movement/src/movement_info/test/movement_test.cpp:1[m[K:
[4.461s] [01m[K/usr/include/c++/11/string_view:541:5:[m[K [01;36m[Knote: [m[Kcandidate: â€˜[01m[Ktemplate<class _CharT, class _Traits> constexpr bool std::operator==(std::basic_string_view<_CharT, _Traits>, std::__type_identity_t<std::basic_string_view<_CharT, _Traits> >)[m[Kâ€™
[4.461s]   541 |     [01;36m[Koperator[m[K==(basic_string_view<_CharT, _Traits> __x,
[4.461s]       |     [01;36m[K^~~~~~~~[m[K
[4.461s] [01m[K/usr/include/c++/11/string_view:541:5:[m[K [01;36m[Knote: [m[K  template argument deduction/substitution failed:
[4.461s] In file included from [01m[K/home/kargla/robot_movement/src/movement_info/test/movement_test.cpp:1[m[K:
[4.461s] [01m[K/opt/ros/humble/src/gtest_vendor/include/gtest/gtest.h:1527:11:[m[K [01;36m[Knote: [m[K  mismatched types â€˜[01m[Kstd::basic_string_view<_CharT, _Traits>[m[Kâ€™ and â€˜[01m[Kint[m[Kâ€™
[4.461s]  1527 |   if ([01;36m[Klhs == rhs[m[K) {
[4.461s]       |       [01;36m[K~~~~^~~~~~[m[K
[4.461s] In file included from [01m[K/usr/include/c++/11/bits/basic_string.h:48[m[K,
[4.461s]                  from [01m[K/usr/include/c++/11/string:55[m[K,
[4.462s]                  from [01m[K/usr/include/c++/11/bits/locale_classes.h:40[m[K,
[4.462s]                  from [01m[K/usr/include/c++/11/bits/ios_base.h:41[m[K,
[4.462s]                  from [01m[K/usr/include/c++/11/ios:42[m[K,
[4.462s]                  from [01m[K/usr/include/c++/11/ostream:38[m[K,
[4.462s]                  from [01m[K/opt/ros/humble/src/gtest_vendor/include/gtest/gtest.h:58[m[K,
[4.462s]                  from [01m[K/home/kargla/robot_movement/src/movement_info/test/movement_test.cpp:1[m[K:
[4.462s] [01m[K/usr/include/c++/11/string_view:564:5:[m[K [01;36m[Knote: [m[Kcandidate: â€˜[01m[Ktemplate<class _CharT, class _Traits> constexpr bool std::operator==(std::__type_identity_t<std::basic_string_view<_CharT, _Traits> >, std::basic_string_view<_CharT, _Traits>)[m[Kâ€™
[4.462s]   564 |     [01;36m[Koperator[m[K==(__type_identity_t<basic_string_view<_CharT, _Traits>> __x,
[4.462s]       |     [01;36m[K^~~~~~~~[m[K
[4.462s] [01m[K/usr/include/c++/11/string_view:564:5:[m[K [01;36m[Knote: [m[K  template argument deduction/substitution failed:
[4.462s] In file included from [01m[K/home/kargla/robot_movement/src/movement_info/test/movement_test.cpp:1[m[K:
[4.462s] [01m[K/opt/ros/humble/src/gtest_vendor/include/gtest/gtest.h:1527:11:[m[K [01;36m[Knote: [m[K  â€˜[01m[Kstd::__cxx11::basic_string<char>[m[Kâ€™ is not derived from â€˜[01m[Kstd::basic_string_view<_CharT, _Traits>[m[Kâ€™
[4.462s]  1527 |   if ([01;36m[Klhs == rhs[m[K) {
[4.462s]       |       [01;36m[K~~~~^~~~~~[m[K
[4.462s] In file included from [01m[K/usr/include/c++/11/string:55[m[K,
[4.462s]                  from [01m[K/usr/include/c++/11/bits/locale_classes.h:40[m[K,
[4.462s]                  from [01m[K/usr/include/c++/11/bits/ios_base.h:41[m[K,
[4.462s]                  from [01m[K/usr/include/c++/11/ios:42[m[K,
[4.462s]                  from [01m[K/usr/include/c++/11/ostream:38[m[K,
[4.463s]                  from [01m[K/opt/ros/humble/src/gtest_vendor/include/gtest/gtest.h:58[m[K,
[4.463s]                  from [01m[K/home/kargla/robot_movement/src/movement_info/test/movement_test.cpp:1[m[K:
[4.463s] [01m[K/usr/include/c++/11/bits/basic_string.h:6226:5:[m[K [01;36m[Knote: [m[Kcandidate: â€˜[01m[Ktemplate<class _CharT, class _Traits, class _Alloc> bool std::operator==(const std::__cxx11::basic_string<_CharT, _Traits, _Allocator>&, const std::__cxx11::basic_string<_CharT, _Traits, _Allocator>&)[m[Kâ€™
[4.463s]  6226 |     [01;36m[Koperator[m[K==(const basic_string<_CharT, _Traits, _Alloc>& __lhs,
[4.463s]       |     [01;36m[K^~~~~~~~[m[K
[4.463s] [01m[K/usr/include/c++/11/bits/basic_string.h:6226:5:[m[K [01;36m[Knote: [m[K  template argument deduction/substitution failed:
[4.463s] In file included from [01m[K/home/kargla/robot_movement/src/movement_info/test/movement_test.cpp:1[m[K:
[4.463s] [01m[K/opt/ros/humble/src/gtest_vendor/include/gtest/gtest.h:1527:11:[m[K [01;36m[Knote: [m[K  mismatched types â€˜[01m[Kconst std::__cxx11::basic_string<_CharT, _Traits, _Allocator>[m[Kâ€™ and â€˜[01m[Kconst int[m[Kâ€™
[4.463s]  1527 |   if ([01;36m[Klhs == rhs[m[K) {
[4.463s]       |       [01;36m[K~~~~^~~~~~[m[K
[4.463s] In file included from [01m[K/usr/include/c++/11/string:55[m[K,
[4.463s]                  from [01m[K/usr/include/c++/11/bits/locale_classes.h:40[m[K,
[4.463s]                  from [01m[K/usr/include/c++/11/bits/ios_base.h:41[m[K,
[4.463s]                  from [01m[K/usr/include/c++/11/ios:42[m[K,
[4.464s]                  from [01m[K/usr/include/c++/11/ostream:38[m[K,
[4.464s]                  from [01m[K/opt/ros/humble/src/gtest_vendor/include/gtest/gtest.h:58[m[K,
[4.464s]                  from [01m[K/home/kargla/robot_movement/src/movement_info/test/movement_test.cpp:1[m[K:
[4.464s] [01m[K/usr/include/c++/11/bits/basic_string.h:6234:5:[m[K [01;36m[Knote: [m[Kcandidate: â€˜[01m[Ktemplate<class _CharT> typename __gnu_cxx::__enable_if<std::__is_char<_Tp>::__value, bool>::__type std::operator==(const std::__cxx11::basic_string<_CharT>&, const std::__cxx11::basic_string<_CharT>&)[m[Kâ€™
[4.464s]  6234 |     [01;36m[Koperator[m[K==(const basic_string<_CharT>& __lhs,
[4.464s]       |     [01;36m[K^~~~~~~~[m[K
[4.464s] [01m[K/usr/include/c++/11/bits/basic_string.h:6234:5:[m[K [01;36m[Knote: [m[K  template argument deduction/substitution failed:
[4.464s] In file included from [01m[K/home/kargla/robot_movement/src/movement_info/test/movement_test.cpp:1[m[K:
[4.464s] [01m[K/opt/ros/humble/src/gtest_vendor/include/gtest/gtest.h:1527:11:[m[K [01;36m[Knote: [m[K  mismatched types â€˜[01m[Kconst std::__cxx11::basic_string<_CharT>[m[Kâ€™ and â€˜[01m[Kconst int[m[Kâ€™
[4.464s]  1527 |   if ([01;36m[Klhs == rhs[m[K) {
[4.464s]       |       [01;36m[K~~~~^~~~~~[m[K
[4.464s] In file included from [01m[K/usr/include/c++/11/string:55[m[K,
[4.464s]                  from [01m[K/usr/include/c++/11/bits/locale_classes.h:40[m[K,
[4.464s]                  from [01m[K/usr/include/c++/11/bits/ios_base.h:41[m[K,
[4.464s]                  from [01m[K/usr/include/c++/11/ios:42[m[K,
[4.465s]                  from [01m[K/usr/include/c++/11/ostream:38[m[K,
[4.465s]                  from [01m[K/opt/ros/humble/src/gtest_vendor/include/gtest/gtest.h:58[m[K,
[4.465s]                  from [01m[K/home/kargla/robot_movement/src/movement_info/test/movement_test.cpp:1[m[K:
[4.465s] [01m[K/usr/include/c++/11/bits/basic_string.h:6248:5:[m[K [01;36m[Knote: [m[Kcandidate: â€˜[01m[Ktemplate<class _CharT, class _Traits, class _Alloc> bool std::operator==(const std::__cxx11::basic_string<_CharT, _Traits, _Allocator>&, const _CharT*)[m[Kâ€™
[4.465s]  6248 |     [01;36m[Koperator[m[K==(const basic_string<_CharT, _Traits, _Alloc>& __lhs,
[4.465s]       |     [01;36m[K^~~~~~~~[m[K
[4.465s] [01m[K/usr/include/c++/11/bits/basic_string.h:6248:5:[m[K [01;36m[Knote: [m[K  template argument deduction/substitution failed:
[4.465s] In file included from [01m[K/home/kargla/robot_movement/src/movement_info/test/movement_test.cpp:1[m[K:
[4.465s] [01m[K/opt/ros/humble/src/gtest_vendor/include/gtest/gtest.h:1527:11:[m[K [01;36m[Knote: [m[K  mismatched types â€˜[01m[Kconst std::__cxx11::basic_string<_CharT, _Traits, _Allocator>[m[Kâ€™ and â€˜[01m[Kconst int[m[Kâ€™
[4.465s]  1527 |   if ([01;36m[Klhs == rhs[m[K) {
[4.465s]       |       [01;36m[K~~~~^~~~~~[m[K
[4.465s] In file included from [01m[K/usr/include/c++/11/string:55[m[K,
[4.465s]                  from [01m[K/usr/include/c++/11/bits/locale_classes.h:40[m[K,
[4.465s]                  from [01m[K/usr/include/c++/11/bits/ios_base.h:41[m[K,
[4.465s]                  from [01m[K/usr/include/c++/11/ios:42[m[K,
[4.465s]                  from [01m[K/usr/include/c++/11/ostream:38[m[K,
[4.466s]                  from [01m[K/opt/ros/humble/src/gtest_vendor/include/gtest/gtest.h:58[m[K,
[4.466s]                  from [01m[K/home/kargla/robot_movement/src/movement_info/test/movement_test.cpp:1[m[K:
[4.466s] [01m[K/usr/include/c++/11/bits/basic_string.h:6289:5:[m[K [01;36m[Knote: [m[Kcandidate: â€˜[01m[Ktemplate<class _CharT, class _Traits, class _Alloc> bool std::operator==(const _CharT*, const std::__cxx11::basic_string<_CharT, _Traits, _Allocator>&)[m[Kâ€™
[4.466s]  6289 |     [01;36m[Koperator[m[K==(const _CharT* __lhs,
[4.466s]       |     [01;36m[K^~~~~~~~[m[K
[4.466s] [01m[K/usr/include/c++/11/bits/basic_string.h:6289:5:[m[K [01;36m[Knote: [m[K  template argument deduction/substitution failed:
[4.466s] In file included from [01m[K/home/kargla/robot_movement/src/movement_info/test/movement_test.cpp:1[m[K:
[4.466s] [01m[K/opt/ros/humble/src/gtest_vendor/include/gtest/gtest.h:1527:11:[m[K [01;36m[Knote: [m[K  mismatched types â€˜[01m[Kconst _CharT*[m[Kâ€™ and â€˜[01m[Kint[m[Kâ€™
[4.466s]  1527 |   if ([01;36m[Klhs == rhs[m[K) {
[4.466s]       |       [01;36m[K~~~~^~~~~~[m[K
[4.466s] In file included from [01m[K/usr/include/c++/11/bits/locale_facets.h:48[m[K,
[4.466s]                  from [01m[K/usr/include/c++/11/bits/basic_ios.h:37[m[K,
[4.466s]                  from [01m[K/usr/include/c++/11/ios:44[m[K,
[4.466s]                  from [01m[K/usr/include/c++/11/ostream:38[m[K,
[4.466s]                  from [01m[K/opt/ros/humble/src/gtest_vendor/include/gtest/gtest.h:58[m[K,
[4.466s]                  from [01m[K/home/kargla/robot_movement/src/movement_info/test/movement_test.cpp:1[m[K:
[4.466s] [01m[K/usr/include/c++/11/bits/streambuf_iterator.h:226:5:[m[K [01;36m[Knote: [m[Kcandidate: â€˜[01m[Ktemplate<class _CharT, class _Traits> bool std::operator==(const std::istreambuf_iterator<_CharT, _Traits>&, const std::istreambuf_iterator<_CharT, _Traits>&)[m[Kâ€™
[4.466s]   226 |     [01;36m[Koperator[m[K==(const istreambuf_iterator<_CharT, _Traits>& __a,
[4.467s]       |     [01;36m[K^~~~~~~~[m[K
[4.467s] [01m[K/usr/include/c++/11/bits/streambuf_iterator.h:226:5:[m[K [01;36m[Knote: [m[K  template argument deduction/substitution failed:
[4.467s] In file included from [01m[K/home/kargla/robot_movement/src/movement_info/test/movement_test.cpp:1[m[K:
[4.467s] [01m[K/opt/ros/humble/src/gtest_vendor/include/gtest/gtest.h:1527:11:[m[K [01;36m[Knote: [m[K  mismatched types â€˜[01m[Kconst std::istreambuf_iterator<_CharT, _Traits>[m[Kâ€™ and â€˜[01m[Kconst int[m[Kâ€™
[4.467s]  1527 |   if ([01;36m[Klhs == rhs[m[K) {
[4.467s]       |       [01;36m[K~~~~^~~~~~[m[K
[4.467s] In file included from [01m[K/usr/include/c++/11/vector:67[m[K,
[4.467s]                  from [01m[K/opt/ros/humble/src/gtest_vendor/include/gtest/gtest.h:60[m[K,
[4.467s]                  from [01m[K/home/kargla/robot_movement/src/movement_info/test/movement_test.cpp:1[m[K:
[4.467s] [01m[K/usr/include/c++/11/bits/stl_vector.h:1892:5:[m[K [01;36m[Knote: [m[Kcandidate: â€˜[01m[Ktemplate<class _Tp, class _Alloc> bool std::operator==(const std::vector<_Tp, _Alloc>&, const std::vector<_Tp, _Alloc>&)[m[Kâ€™
[4.467s]  1892 |     [01;36m[Koperator[m[K==(const vector<_Tp, _Alloc>& __x, const vector<_Tp, _Alloc>& __y)
[4.467s]       |     [01;36m[K^~~~~~~~[m[K
[4.467s] [01m[K/usr/include/c++/11/bits/stl_vector.h:1892:5:[m[K [01;36m[Knote: [m[K  template argument deduction/substitution failed:
[4.467s] In file included from [01m[K/home/kargla/robot_movement/src/movement_info/test/movement_test.cpp:1[m[K:
[4.467s] [01m[K/opt/ros/humble/src/gtest_vendor/include/gtest/gtest.h:1527:11:[m[K [01;36m[Knote: [m[K  mismatched types â€˜[01m[Kconst std::vector<_Tp, _Alloc>[m[Kâ€™ and â€˜[01m[Kconst int[m[Kâ€™
[4.467s]  1527 |   if ([01;36m[Klhs == rhs[m[K) {
[4.467s]       |       [01;36m[K~~~~^~~~~~[m[K
[4.467s] In file included from [01m[K/usr/include/c++/11/functional:59[m[K,
[4.467s]                  from [01m[K/usr/include/c++/11/pstl/glue_algorithm_defs.h:13[m[K,
[4.468s]                  from [01m[K/usr/include/c++/11/algorithm:74[m[K,
[4.468s]                  from [01m[K/opt/ros/humble/src/gtest_vendor/include/gtest/internal/gtest-port.h:264[m[K,
[4.468s]                  from [01m[K/opt/ros/humble/src/gtest_vendor/include/gtest/internal/gtest-internal.h:40[m[K,
[4.468s]                  from [01m[K/opt/ros/humble/src/gtest_vendor/include/gtest/gtest.h:62[m[K,
[4.468s]                  from [01m[K/home/kargla/robot_movement/src/movement_info/test/movement_test.cpp:1[m[K:
[4.468s] [01m[K/usr/include/c++/11/bits/std_function.h:718:5:[m[K [01;36m[Knote: [m[Kcandidate: â€˜[01m[Ktemplate<class _Res, class ... _Args> bool std::operator==(const std::function<_Res(_ArgTypes ...)>&, std::nullptr_t)[m[Kâ€™
[4.468s]   718 |     [01;36m[Koperator[m[K==(const function<_Res(_Args...)>& __f, nullptr_t) noexcept
[4.468s]       |     [01;36m[K^~~~~~~~[m[K
[4.468s] [01m[K/usr/include/c++/11/bits/std_function.h:718:5:[m[K [01;36m[Knote: [m[K  template argument deduction/substitution failed:
[4.468s] In file included from [01m[K/home/kargla/robot_movement/src/movement_info/test/movement_test.cpp:1[m[K:
[4.468s] [01m[K/opt/ros/humble/src/gtest_vendor/include/gtest/gtest.h:1527:11:[m[K [01;36m[Knote: [m[K  mismatched types â€˜[01m[Kconst std::function<_Res(_ArgTypes ...)>[m[Kâ€™ and â€˜[01m[Kconst int[m[Kâ€™
[4.468s]  1527 |   if ([01;36m[Klhs == rhs[m[K) {
[4.468s]       |       [01;36m[K~~~~^~~~~~[m[K
[4.468s] In file included from [01m[K/usr/include/c++/11/functional:59[m[K,
[4.468s]                  from [01m[K/usr/include/c++/11/pstl/glue_algorithm_defs.h:13[m[K,
[4.468s]                  from [01m[K/usr/include/c++/11/algorithm:74[m[K,
[4.468s]                  from [01m[K/opt/ros/humble/src/gtest_vendor/include/gtest/internal/gtest-port.h:264[m[K,
[4.468s]                  from [01m[K/opt/ros/humble/src/gtest_vendor/include/gtest/internal/gtest-internal.h:40[m[K,
[4.468s]                  from [01m[K/opt/ros/humble/src/gtest_vendor/include/gtest/gtest.h:62[m[K,
[4.469s]                  from [01m[K/home/kargla/robot_movement/src/movement_info/test/movement_test.cpp:1[m[K:
[4.469s] [01m[K/usr/include/c++/11/bits/std_function.h:725:5:[m[K [01;36m[Knote: [m[Kcandidate: â€˜[01m[Ktemplate<class _Res, class ... _Args> bool std::operator==(std::nullptr_t, const std::function<_Res(_ArgTypes ...)>&)[m[Kâ€™
[4.469s]   725 |     [01;36m[Koperator[m[K==(nullptr_t, const function<_Res(_Args...)>& __f) noexcept
[4.469s]       |     [01;36m[K^~~~~~~~[m[K
[4.469s] [01m[K/usr/include/c++/11/bits/std_function.h:725:5:[m[K [01;36m[Knote: [m[K  template argument deduction/substitution failed:
[4.469s] In file included from [01m[K/home/kargla/robot_movement/src/movement_info/test/movement_test.cpp:1[m[K:
[4.469s] [01m[K/opt/ros/humble/src/gtest_vendor/include/gtest/gtest.h:1527:11:[m[K [01;36m[Knote: [m[K  â€˜[01m[Kconst std::__cxx11::basic_string<char>[m[Kâ€™ is not derived from â€˜[01m[Kconst std::function<_Res(_ArgTypes ...)>[m[Kâ€™
[4.469s]  1527 |   if ([01;36m[Klhs == rhs[m[K) {
[4.469s]       |       [01;36m[K~~~~^~~~~~[m[K
[4.469s] In file included from [01m[K/usr/include/c++/11/unordered_map:47[m[K,
[4.469s]                  from [01m[K/usr/include/c++/11/functional:61[m[K,
[4.469s]                  from [01m[K/usr/include/c++/11/pstl/glue_algorithm_defs.h:13[m[K,
[4.469s]                  from [01m[K/usr/include/c++/11/algorithm:74[m[K,
[4.469s]                  from [01m[K/opt/ros/humble/src/gtest_vendor/include/gtest/internal/gtest-port.h:264[m[K,
[4.469s]                  from [01m[K/opt/ros/humble/src/gtest_vendor/include/gtest/internal/gtest-internal.h:40[m[K,
[4.469s]                  from [01m[K/opt/ros/humble/src/gtest_vendor/include/gtest/gtest.h:62[m[K,
[4.469s]                  from [01m[K/home/kargla/robot_movement/src/movement_info/test/movement_test.cpp:1[m[K:
[4.470s] [01m[K/usr/include/c++/11/bits/unordered_map.h:2134:5:[m[K [01;36m[Knote: [m[Kcandidate: â€˜[01m[Ktemplate<class _Key1, class _Tp1, class _Hash1, class _Pred1, class _Alloc1> bool std::operator==(const std::unordered_map<_Key1, _Tp1, _Hash1, _Pred1, _Alloc1>&, const std::unordered_map<_Key1, _Tp1, _Hash1, _Pred1, _Alloc1>&)[m[Kâ€™
[4.470s]  2134 |     [01;36m[Koperator[m[K==(const unordered_map<_Key, _Tp, _Hash, _Pred, _Alloc>& __x,
[4.470s]       |     [01;36m[K^~~~~~~~[m[K
[4.470s] [01m[K/usr/include/c++/11/bits/unordered_map.h:2134:5:[m[K [01;36m[Knote: [m[K  template argument deduction/substitution failed:
[4.470s] In file included from [01m[K/home/kargla/robot_movement/src/movement_info/test/movement_test.cpp:1[m[K:
[4.470s] [01m[K/opt/ros/humble/src/gtest_vendor/include/gtest/gtest.h:1527:11:[m[K [01;36m[Knote: [m[K  mismatched types â€˜[01m[Kconst std::unordered_map<_Key1, _Tp1, _Hash1, _Pred1, _Alloc1>[m[Kâ€™ and â€˜[01m[Kconst int[m[Kâ€™
[4.470s]  1527 |   if ([01;36m[Klhs == rhs[m[K) {
[4.470s]       |       [01;36m[K~~~~^~~~~~[m[K
[4.470s] In file included from [01m[K/usr/include/c++/11/unordered_map:47[m[K,
[4.470s]                  from [01m[K/usr/include/c++/11/functional:61[m[K,
[4.470s]                  from [01m[K/usr/include/c++/11/pstl/glue_algorithm_defs.h:13[m[K,
[4.470s]                  from [01m[K/usr/include/c++/11/algorithm:74[m[K,
[4.470s]                  from [01m[K/opt/ros/humble/src/gtest_vendor/include/gtest/internal/gtest-port.h:264[m[K,
[4.470s]                  from [01m[K/opt/ros/humble/src/gtest_vendor/include/gtest/internal/gtest-internal.h:40[m[K,
[4.470s]                  from [01m[K/opt/ros/humble/src/gtest_vendor/include/gtest/gtest.h:62[m[K,
[4.470s]                  from [01m[K/home/kargla/robot_movement/src/movement_info/test/movement_test.cpp:1[m[K:
[4.470s] [01m[K/usr/include/c++/11/bits/unordered_map.h:2148:5:[m[K [01;36m[Knote: [m[Kcandidate: â€˜[01m[Ktemplate<class _Key1, class _Tp1, class _Hash1, class _Pred1, class _Alloc1> bool std::operator==(const std::unordered_multimap<_Key1, _Tp1, _Hash1, _Pred1, _Alloc1>&, const std::unordered_multimap<_Key1, _Tp1, _Hash1, _Pred1, _Alloc1>&)[m[Kâ€™
[4.470s]  2148 |     [01;36m[Koperator[m[K==(const unordered_multimap<_Key, _Tp, _Hash, _Pred, _Alloc>& __x,
[4.471s]       |     [01;36m[K^~~~~~~~[m[K
[4.471s] [01m[K/usr/include/c++/11/bits/unordered_map.h:2148:5:[m[K [01;36m[Knote: [m[K  template argument deduction/substitution failed:
[4.471s] In file included from [01m[K/home/kargla/robot_movement/src/movement_info/test/movement_test.cpp:1[m[K:
[4.471s] [01m[K/opt/ros/humble/src/gtest_vendor/include/gtest/gtest.h:1527:11:[m[K [01;36m[Knote: [m[K  mismatched types â€˜[01m[Kconst std::unordered_multimap<_Key1, _Tp1, _Hash1, _Pred1, _Alloc1>[m[Kâ€™ and â€˜[01m[Kconst int[m[Kâ€™
[4.471s]  1527 |   if ([01;36m[Klhs == rhs[m[K) {
[4.471s]       |       [01;36m[K~~~~^~~~~~[m[K
[4.471s] In file included from [01m[K/usr/include/c++/11/map:61[m[K,
[4.471s]                  from [01m[K/opt/ros/humble/src/gtest_vendor/include/gtest/internal/gtest-internal.h:58[m[K,
[4.471s]                  from [01m[K/opt/ros/humble/src/gtest_vendor/include/gtest/gtest.h:62[m[K,
[4.471s]                  from [01m[K/home/kargla/robot_movement/src/movement_info/test/movement_test.cpp:1[m[K:
[4.471s] [01m[K/usr/include/c++/11/bits/stl_map.h:1463:5:[m[K [01;36m[Knote: [m[Kcandidate: â€˜[01m[Ktemplate<class _Key, class _Tp, class _Compare, class _Alloc> bool std::operator==(const std::map<_Key, _Tp, _Compare, _Allocator>&, const std::map<_Key, _Tp, _Compare, _Allocator>&)[m[Kâ€™
[4.471s]  1463 |     [01;36m[Koperator[m[K==(const map<_Key, _Tp, _Compare, _Alloc>& __x,
[4.471s]       |     [01;36m[K^~~~~~~~[m[K
[4.471s] [01m[K/usr/include/c++/11/bits/stl_map.h:1463:5:[m[K [01;36m[Knote: [m[K  template argument deduction/substitution failed:
[4.471s] In file included from [01m[K/home/kargla/robot_movement/src/movement_info/test/movement_test.cpp:1[m[K:
[4.471s] [01m[K/opt/ros/humble/src/gtest_vendor/include/gtest/gtest.h:1527:11:[m[K [01;36m[Knote: [m[K  mismatched types â€˜[01m[Kconst std::map<_Key, _Tp, _Compare, _Allocator>[m[Kâ€™ and â€˜[01m[Kconst int[m[Kâ€™
[4.471s]  1527 |   if ([01;36m[Klhs == rhs[m[K) {
[4.472s]       |       [01;36m[K~~~~^~~~~~[m[K
[4.472s] In file included from [01m[K/usr/include/c++/11/map:62[m[K,
[4.472s]                  from [01m[K/opt/ros/humble/src/gtest_vendor/include/gtest/internal/gtest-internal.h:58[m[K,
[4.472s]                  from [01m[K/opt/ros/humble/src/gtest_vendor/include/gtest/gtest.h:62[m[K,
[4.472s]                  from [01m[K/home/kargla/robot_movement/src/movement_info/test/movement_test.cpp:1[m[K:
[4.472s] [01m[K/usr/include/c++/11/bits/stl_multimap.h:1128:5:[m[K [01;36m[Knote: [m[Kcandidate: â€˜[01m[Ktemplate<class _Key, class _Tp, class _Compare, class _Alloc> bool std::operator==(const std::multimap<_Key, _Tp, _Compare, _Allocator>&, const std::multimap<_Key, _Tp, _Compare, _Allocator>&)[m[Kâ€™
[4.472s]  1128 |     [01;36m[Koperator[m[K==(const multimap<_Key, _Tp, _Compare, _Alloc>& __x,
[4.472s]       |     [01;36m[K^~~~~~~~[m[K
[4.472s] [01m[K/usr/include/c++/11/bits/stl_multimap.h:1128:5:[m[K [01;36m[Knote: [m[K  template argument deduction/substitution failed:
[4.472s] In file included from [01m[K/home/kargla/robot_movement/src/movement_info/test/movement_test.cpp:1[m[K:
[4.472s] [01m[K/opt/ros/humble/src/gtest_vendor/include/gtest/gtest.h:1527:11:[m[K [01;36m[Knote: [m[K  mismatched types â€˜[01m[Kconst std::multimap<_Key, _Tp, _Compare, _Allocator>[m[Kâ€™ and â€˜[01m[Kconst int[m[Kâ€™
[4.472s]  1527 |   if ([01;36m[Klhs == rhs[m[K) {
[4.472s]       |       [01;36m[K~~~~^~~~~~[m[K
[4.472s] In file included from [01m[K/usr/include/c++/11/set:61[m[K,
[4.472s]                  from [01m[K/opt/ros/humble/src/gtest_vendor/include/gtest/internal/gtest-internal.h:59[m[K,
[4.472s]                  from [01m[K/opt/ros/humble/src/gtest_vendor/include/gtest/gtest.h:62[m[K,
[4.472s]                  from [01m[K/home/kargla/robot_movement/src/movement_info/test/movement_test.cpp:1[m[K:
[4.473s] [01m[K/usr/include/c++/11/bits/stl_set.h:985:5:[m[K [01;36m[Knote: [m[Kcandidate: â€˜[01m[Ktemplate<class _Key, class _Compare, class _Alloc> bool std::operator==(const std::set<_Key, _Compare, _Allocator>&, const std::set<_Key, _Compare, _Allocator>&)[m[Kâ€™
[4.473s]   985 |     [01;36m[Koperator[m[K==(const set<_Key, _Compare, _Alloc>& __x,
[4.473s]       |     [01;36m[K^~~~~~~~[m[K
[4.473s] [01m[K/usr/include/c++/11/bits/stl_set.h:985:5:[m[K [01;36m[Knote: [m[K  template argument deduction/substitution failed:
[4.473s] In file included from [01m[K/home/kargla/robot_movement/src/movement_info/test/movement_test.cpp:1[m[K:
[4.473s] [01m[K/opt/ros/humble/src/gtest_vendor/include/gtest/gtest.h:1527:11:[m[K [01;36m[Knote: [m[K  mismatched types â€˜[01m[Kconst std::set<_Key, _Compare, _Allocator>[m[Kâ€™ and â€˜[01m[Kconst int[m[Kâ€™
[4.473s]  1527 |   if ([01;36m[Klhs == rhs[m[K) {
[4.473s]       |       [01;36m[K~~~~^~~~~~[m[K
[4.473s] In file included from [01m[K/usr/include/c++/11/set:62[m[K,
[4.473s]                  from [01m[K/opt/ros/humble/src/gtest_vendor/include/gtest/internal/gtest-internal.h:59[m[K,
[4.473s]                  from [01m[K/opt/ros/humble/src/gtest_vendor/include/gtest/gtest.h:62[m[K,
[4.473s]                  from [01m[K/home/kargla/robot_movement/src/movement_info/test/movement_test.cpp:1[m[K:
[4.473s] [01m[K/usr/include/c++/11/bits/stl_multiset.h:971:5:[m[K [01;36m[Knote: [m[Kcandidate: â€˜[01m[Ktemplate<class _Key, class _Compare, class _Alloc> bool std::operator==(const std::multiset<_Key, _Compare, _Allocator>&, const std::multiset<_Key, _Compare, _Allocator>&)[m[Kâ€™
[4.473s]   971 |     [01;36m[Koperator[m[K==(const multiset<_Key, _Compare, _Alloc>& __x,
[4.473s]       |     [01;36m[K^~~~~~~~[m[K
[4.473s] [01m[K/usr/include/c++/11/bits/stl_multiset.h:971:5:[m[K [01;36m[Knote: [m[K  template argument deduction/substitution failed:
[4.473s] In file included from [01m[K/home/kargla/robot_movement/src/movement_info/test/movement_test.cpp:1[m[K:
[4.474s] [01m[K/opt/ros/humble/src/gtest_vendor/include/gtest/gtest.h:1527:11:[m[K [01;36m[Knote: [m[K  mismatched types â€˜[01m[Kconst std::multiset<_Key, _Compare, _Allocator>[m[Kâ€™ and â€˜[01m[Kconst int[m[Kâ€™
[4.474s]  1527 |   if ([01;36m[Klhs == rhs[m[K) {
[4.474s]       |       [01;36m[K~~~~^~~~~~[m[K
[4.474s] In file included from [01m[K/usr/include/c++/11/list:63[m[K,
[4.474s]                  from [01m[K/opt/ros/humble/include/rclcpp/rclcpp/executor.hpp:23[m[K,
[4.474s]                  from [01m[K/opt/ros/humble/include/rclcpp/rclcpp/executors/multi_threaded_executor.hpp:25[m[K,
[4.474s]                  from [01m[K/opt/ros/humble/include/rclcpp/rclcpp/executors.hpp:21[m[K,
[4.474s]                  from [01m[K/opt/ros/humble/include/rclcpp/rclcpp/rclcpp.hpp:155[m[K,
[4.474s]                  from [01m[K/home/kargla/robot_movement/src/movement_info/include/movement_info/movement.hpp:4[m[K,
[4.474s]                  from [01m[K/home/kargla/robot_movement/src/movement_info/test/movement_test.cpp:3[m[K:
[4.474s] [01m[K/usr/include/c++/11/bits/stl_list.h:2030:5:[m[K [01;36m[Knote: [m[Kcandidate: â€˜[01m[Ktemplate<class _Tp, class _Alloc> bool std::operator==(const std::__cxx11::list<_Tp, _Alloc>&, const std::__cxx11::list<_Tp, _Alloc>&)[m[Kâ€™
[4.474s]  2030 |     [01;36m[Koperator[m[K==(const list<_Tp, _Alloc>& __x, const list<_Tp, _Alloc>& __y)
[4.474s]       |     [01;36m[K^~~~~~~~[m[K
[4.474s] [01m[K/usr/include/c++/11/bits/stl_list.h:2030:5:[m[K [01;36m[Knote: [m[K  template argument deduction/substitution failed:
[4.474s] In file included from [01m[K/home/kargla/robot_movement/src/movement_info/test/movement_test.cpp:1[m[K:
[4.474s] [01m[K/opt/ros/humble/src/gtest_vendor/include/gtest/gtest.h:1527:11:[m[K [01;36m[Knote: [m[K  mismatched types â€˜[01m[Kconst std::__cxx11::list<_Tp, _Alloc>[m[Kâ€™ and â€˜[01m[Kconst int[m[Kâ€™
[4.474s]  1527 |   if ([01;36m[Klhs == rhs[m[K) {
[4.474s]       |       [01;36m[K~~~~^~~~~~[m[K
[4.475s] In file included from [01m[K/usr/include/c++/11/unordered_set:47[m[K,
[4.475s]                  from [01m[K/opt/ros/humble/include/rclcpp/rclcpp/context.hpp:26[m[K,
[4.475s]                  from [01m[K/opt/ros/humble/include/rclcpp/rclcpp/executor.hpp:34[m[K,
[4.475s]                  from [01m[K/opt/ros/humble/include/rclcpp/rclcpp/executors/multi_threaded_executor.hpp:25[m[K,
[4.475s]                  from [01m[K/opt/ros/humble/include/rclcpp/rclcpp/executors.hpp:21[m[K,
[4.475s]                  from [01m[K/opt/ros/humble/include/rclcpp/rclcpp/rclcpp.hpp:155[m[K,
[4.475s]                  from [01m[K/home/kargla/robot_movement/src/movement_info/include/movement_info/movement.hpp:4[m[K,
[4.475s]                  from [01m[K/home/kargla/robot_movement/src/movement_info/test/movement_test.cpp:3[m[K:
[4.475s] [01m[K/usr/include/c++/11/bits/unordered_set.h:1804:5:[m[K [01;36m[Knote: [m[Kcandidate: â€˜[01m[Ktemplate<class _Value1, class _Hash1, class _Pred1, class _Alloc1> bool std::operator==(const std::unordered_set<_Value1, _Hash1, _Pred1, _Alloc1>&, const std::unordered_set<_Value1, _Hash1, _Pred1, _Alloc1>&)[m[Kâ€™
[4.475s]  1804 |     [01;36m[Koperator[m[K==(const unordered_set<_Value, _Hash, _Pred, _Alloc>& __x,
[4.475s]       |     [01;36m[K^~~~~~~~[m[K
[4.475s] [01m[K/usr/include/c++/11/bits/unordered_set.h:1804:5:[m[K [01;36m[Knote: [m[K  template argument deduction/substitution failed:
[4.475s] In file included from [01m[K/home/kargla/robot_movement/src/movement_info/test/movement_test.cpp:1[m[K:
[4.475s] [01m[K/opt/ros/humble/src/gtest_vendor/include/gtest/gtest.h:1527:11:[m[K [01;36m[Knote: [m[K  mismatched types â€˜[01m[Kconst std::unordered_set<_Value1, _Hash1, _Pred1, _Alloc1>[m[Kâ€™ and â€˜[01m[Kconst int[m[Kâ€™
[4.475s]  1527 |   if ([01;36m[Klhs == rhs[m[K) {
[4.475s]       |       [01;36m[K~~~~^~~~~~[m[K
[4.475s] In file included from [01m[K/usr/include/c++/11/unordered_set:47[m[K,
[4.476s]                  from [01m[K/opt/ros/humble/include/rclcpp/rclcpp/context.hpp:26[m[K,
[4.476s]                  from [01m[K/opt/ros/humble/include/rclcpp/rclcpp/executor.hpp:34[m[K,
[4.476s]                  from [01m[K/opt/ros/humble/include/rclcpp/rclcpp/executors/multi_threaded_executor.hpp:25[m[K,
[4.476s]                  from [01m[K/opt/ros/humble/include/rclcpp/rclcpp/executors.hpp:21[m[K,
[4.476s]                  from [01m[K/opt/ros/humble/include/rclcpp/rclcpp/rclcpp.hpp:155[m[K,
[4.476s]                  from [01m[K/home/kargla/robot_movement/src/movement_info/include/movement_info/movement.hpp:4[m[K,
[4.476s]                  from [01m[K/home/kargla/robot_movement/src/movement_info/test/movement_test.cpp:3[m[K:
[4.476s] [01m[K/usr/include/c++/11/bits/unordered_set.h:1818:5:[m[K [01;36m[Knote: [m[Kcandidate: â€˜[01m[Ktemplate<class _Value1, class _Hash1, class _Pred1, class _Alloc1> bool std::operator==(const std::unordered_multiset<_Value1, _Hash1, _Pred1, _Alloc1>&, const std::unordered_multiset<_Value1, _Hash1, _Pred1, _Alloc1>&)[m[Kâ€™
[4.476s]  1818 |     [01;36m[Koperator[m[K==(const unordered_multiset<_Value, _Hash, _Pred, _Alloc>& __x,
[4.476s]       |     [01;36m[K^~~~~~~~[m[K
[4.476s] [01m[K/usr/include/c++/11/bits/unordered_set.h:1818:5:[m[K [01;36m[Knote: [m[K  template argument deduction/substitution failed:
[4.476s] In file included from [01m[K/home/kargla/robot_movement/src/movement_info/test/movement_test.cpp:1[m[K:
[4.476s] [01m[K/opt/ros/humble/src/gtest_vendor/include/gtest/gtest.h:1527:11:[m[K [01;36m[Knote: [m[K  mismatched types â€˜[01m[Kconst std::unordered_multiset<_Value1, _Hash1, _Pred1, _Alloc1>[m[Kâ€™ and â€˜[01m[Kconst int[m[Kâ€™
[4.476s]  1527 |   if ([01;36m[Klhs == rhs[m[K) {
[4.476s]       |       [01;36m[K~~~~^~~~~~[m[K
[4.476s] In file included from [01m[K/opt/ros/humble/include/rclcpp/rclcpp/client.hpp:23[m[K,
[4.476s]                  from [01m[K/opt/ros/humble/include/rclcpp/rclcpp/callback_group.hpp:24[m[K,
[4.477s]                  from [01m[K/opt/ros/humble/include/rclcpp/rclcpp/any_executable.hpp:20[m[K,
[4.477s]                  from [01m[K/opt/ros/humble/include/rclcpp/rclcpp/memory_strategy.hpp:25[m[K,
[4.477s]                  from [01m[K/opt/ros/humble/include/rclcpp/rclcpp/memory_strategies.hpp:18[m[K,
[4.477s]                  from [01m[K/opt/ros/humble/include/rclcpp/rclcpp/executor_options.hpp:20[m[K,
[4.477s]                  from [01m[K/opt/ros/humble/include/rclcpp/rclcpp/executor.hpp:37[m[K,
[4.477s]                  from [01m[K/opt/ros/humble/include/rclcpp/rclcpp/executors/multi_threaded_executor.hpp:25[m[K,
[4.477s]                  from [01m[K/opt/ros/humble/include/rclcpp/rclcpp/executors.hpp:21[m[K,
[4.477s]                  from [01m[K/opt/ros/humble/include/rclcpp/rclcpp/rclcpp.hpp:155[m[K,
[4.477s]                  from [01m[K/home/kargla/robot_movement/src/movement_info/include/movement_info/movement.hpp:4[m[K,
[4.477s]                  from [01m[K/home/kargla/robot_movement/src/movement_info/test/movement_test.cpp:3[m[K:
[4.477s] [01m[K/usr/include/c++/11/optional:1045:5:[m[K [01;36m[Knote: [m[Kcandidate: â€˜[01m[Ktemplate<class _Tp, class _Up> constexpr std::__optional_eq_t<_Tp, _Up> std::operator==(const std::optional<_Tp>&, const std::optional<_Up>&)[m[Kâ€™
[4.477s]  1045 |     [01;36m[Koperator[m[K==(const optional<_Tp>& __lhs, const optional<_Up>& __rhs)
[4.477s]       |     [01;36m[K^~~~~~~~[m[K
[4.477s] [01m[K/usr/include/c++/11/optional:1045:5:[m[K [01;36m[Knote: [m[K  template argument deduction/substitution failed:
[4.477s] In file included from [01m[K/home/kargla/robot_movement/src/movement_info/test/movement_test.cpp:1[m[K:
[4.477s] [01m[K/opt/ros/humble/src/gtest_vendor/include/gtest/gtest.h:1527:11:[m[K [01;36m[Knote: [m[K  mismatched types â€˜[01m[Kconst std::optional<_Tp>[m[Kâ€™ and â€˜[01m[Kconst int[m[Kâ€™
[4.477s]  1527 |   if ([01;36m[Klhs == rhs[m[K) {
[4.478s]       |       [01;36m[K~~~~^~~~~~[m[K
[4.478s] In file included from [01m[K/opt/ros/humble/include/rclcpp/rclcpp/client.hpp:23[m[K,
[4.478s]                  from [01m[K/opt/ros/humble/include/rclcpp/rclcpp/callback_group.hpp:24[m[K,
[4.478s]                  from [01m[K/opt/ros/humble/include/rclcpp/rclcpp/any_executable.hpp:20[m[K,
[4.478s]                  from [01m[K/opt/ros/humble/include/rclcpp/rclcpp/memory_strategy.hpp:25[m[K,
[4.478s]                  from [01m[K/opt/ros/humble/include/rclcpp/rclcpp/memory_strategies.hpp:18[m[K,
[4.478s]                  from [01m[K/opt/ros/humble/include/rclcpp/rclcpp/executor_options.hpp:20[m[K,
[4.478s]                  from [01m[K/opt/ros/humble/include/rclcpp/rclcpp/executor.hpp:37[m[K,
[4.478s]                  from [01m[K/opt/ros/humble/include/rclcpp/rclcpp/executors/multi_threaded_executor.hpp:25[m[K,
[4.478s]                  from [01m[K/opt/ros/humble/include/rclcpp/rclcpp/executors.hpp:21[m[K,
[4.478s]                  from [01m[K/opt/ros/humble/include/rclcpp/rclcpp/rclcpp.hpp:155[m[K,
[4.478s]                  from [01m[K/home/kargla/robot_movement/src/movement_info/include/movement_info/movement.hpp:4[m[K,
[4.478s]                  from [01m[K/home/kargla/robot_movement/src/movement_info/test/movement_test.cpp:3[m[K:
[4.478s] [01m[K/usr/include/c++/11/optional:1105:5:[m[K [01;36m[Knote: [m[Kcandidate: â€˜[01m[Ktemplate<class _Tp> constexpr bool std::operator==(const std::optional<_Tp>&, std::nullopt_t)[m[Kâ€™
[4.478s]  1105 |     [01;36m[Koperator[m[K==(const optional<_Tp>& __lhs, nullopt_t) noexcept
[4.478s]       |     [01;36m[K^~~~~~~~[m[K
[4.478s] [01m[K/usr/include/c++/11/optional:1105:5:[m[K [01;36m[Knote: [m[K  template argument deduction/substitution failed:
[4.479s] In file included from [01m[K/home/kargla/robot_movement/src/movement_info/test/movement_test.cpp:1[m[K:
[4.479s] [01m[K/opt/ros/humble/src/gtest_vendor/include/gtest/gtest.h:1527:11:[m[K [01;36m[Knote: [m[K  mismatched types â€˜[01m[Kconst std::optional<_Tp>[m[Kâ€™ and â€˜[01m[Kconst int[m[Kâ€™
[4.479s]  1527 |   if ([01;36m[Klhs == rhs[m[K) {
[4.479s]       |       [01;36m[K~~~~^~~~~~[m[K
[4.479s] In file included from [01m[K/opt/ros/humble/include/rclcpp/rclcpp/client.hpp:23[m[K,
[4.479s]                  from [01m[K/opt/ros/humble/include/rclcpp/rclcpp/callback_group.hpp:24[m[K,
[4.479s]                  from [01m[K/opt/ros/humble/include/rclcpp/rclcpp/any_executable.hpp:20[m[K,
[4.479s]                  from [01m[K/opt/ros/humble/include/rclcpp/rclcpp/memory_strategy.hpp:25[m[K,
[4.479s]                  from [01m[K/opt/ros/humble/include/rclcpp/rclcpp/memory_strategies.hpp:18[m[K,
[4.479s]                  from [01m[K/opt/ros/humble/include/rclcpp/rclcpp/executor_options.hpp:20[m[K,
[4.479s]                  from [01m[K/opt/ros/humble/include/rclcpp/rclcpp/executor.hpp:37[m[K,
[4.479s]                  from [01m[K/opt/ros/humble/include/rclcpp/rclcpp/executors/multi_threaded_executor.hpp:25[m[K,
[4.479s]                  from [01m[K/opt/ros/humble/include/rclcpp/rclcpp/executors.hpp:21[m[K,
[4.479s]                  from [01m[K/opt/ros/humble/include/rclcpp/rclcpp/rclcpp.hpp:155[m[K,
[4.479s]                  from [01m[K/home/kargla/robot_movement/src/movement_info/include/movement_info/movement.hpp:4[m[K,
[4.479s]                  from [01m[K/home/kargla/robot_movement/src/movement_info/test/movement_test.cpp:3[m[K:
[4.479s] [01m[K/usr/include/c++/11/optional:1116:5:[m[K [01;36m[Knote: [m[Kcandidate: â€˜[01m[Ktemplate<class _Tp> constexpr bool std::operator==(std::nullopt_t, const std::optional<_Tp>&)[m[Kâ€™
[4.480s]  1116 |     [01;36m[Koperator[m[K==(nullopt_t, const optional<_Tp>& __rhs) noexcept
[4.480s]       |     [01;36m[K^~~~~~~~[m[K
[4.480s] [01m[K/usr/include/c++/11/optional:1116:5:[m[K [01;36m[Knote: [m[K  template argument deduction/substitution failed:
[4.480s] In file included from [01m[K/home/kargla/robot_movement/src/movement_info/test/movement_test.cpp:1[m[K:
[4.480s] [01m[K/opt/ros/humble/src/gtest_vendor/include/gtest/gtest.h:1527:11:[m[K [01;36m[Knote: [m[K  â€˜[01m[Kconst std::__cxx11::basic_string<char>[m[Kâ€™ is not derived from â€˜[01m[Kconst std::optional<_Tp>[m[Kâ€™
[4.480s]  1527 |   if ([01;36m[Klhs == rhs[m[K) {
[4.480s]       |       [01;36m[K~~~~^~~~~~[m[K
[4.480s] In file included from [01m[K/opt/ros/humble/include/rclcpp/rclcpp/client.hpp:23[m[K,
[4.480s]                  from [01m[K/opt/ros/humble/include/rclcpp/rclcpp/callback_group.hpp:24[m[K,
[4.480s]                  from [01m[K/opt/ros/humble/include/rclcpp/rclcpp/any_executable.hpp:20[m[K,
[4.480s]                  from [01m[K/opt/ros/humble/include/rclcpp/rclcpp/memory_strategy.hpp:25[m[K,
[4.480s]                  from [01m[K/opt/ros/humble/include/rclcpp/rclcpp/memory_strategies.hpp:18[m[K,
[4.480s]                  from [01m[K/opt/ros/humble/include/rclcpp/rclcpp/executor_options.hpp:20[m[K,
[4.481s]                  from [01m[K/opt/ros/humble/include/rclcpp/rclcpp/executor.hpp:37[m[K,
[4.481s]                  from [01m[K/opt/ros/humble/include/rclcpp/rclcpp/executors/multi_threaded_executor.hpp:25[m[K,
[4.481s]                  from [01m[K/opt/ros/humble/include/rclcpp/rclcpp/executors.hpp:21[m[K,
[4.481s]                  from [01m[K/opt/ros/humble/include/rclcpp/rclcpp/rclcpp.hpp:155[m[K,
[4.481s]                  from [01m[K/home/kargla/robot_movement/src/movement_info/include/movement_info/movement.hpp:4[m[K,
[4.481s]                  from [01m[K/home/kargla/robot_movement/src/movement_info/test/movement_test.cpp:3[m[K:
[4.481s] [01m[K/usr/include/c++/11/optional:1173:5:[m[K [01;36m[Knote: [m[Kcandidate: â€˜[01m[Ktemplate<class _Tp, class _Up> constexpr std::__optional_eq_t<_Tp, _Up> std::operator==(const std::optional<_Tp>&, const _Up&)[m[Kâ€™
[4.481s]  1173 |     [01;36m[Koperator[m[K==(const optional<_Tp>& __lhs, const _Up& __rhs)
[4.481s]       |     [01;36m[K^~~~~~~~[m[K
[4.481s] [01m[K/usr/include/c++/11/optional:1173:5:[m[K [01;36m[Knote: [m[K  template argument deduction/substitution failed:
[4.481s] In file included from [01m[K/home/kargla/robot_movement/src/movement_info/test/movement_test.cpp:1[m[K:
[4.481s] [01m[K/opt/ros/humble/src/gtest_vendor/include/gtest/gtest.h:1527:11:[m[K [01;36m[Knote: [m[K  mismatched types â€˜[01m[Kconst std::optional<_Tp>[m[Kâ€™ and â€˜[01m[Kconst int[m[Kâ€™
[4.481s]  1527 |   if ([01;36m[Klhs == rhs[m[K) {
[4.481s]       |       [01;36m[K~~~~^~~~~~[m[K
[4.482s] In file included from [01m[K/opt/ros/humble/include/rclcpp/rclcpp/client.hpp:23[m[K,
[4.482s]                  from [01m[K/opt/ros/humble/include/rclcpp/rclcpp/callback_group.hpp:24[m[K,
[4.482s]                  from [01m[K/opt/ros/humble/include/rclcpp/rclcpp/any_executable.hpp:20[m[K,
[4.482s]                  from [01m[K/opt/ros/humble/include/rclcpp/rclcpp/memory_strategy.hpp:25[m[K,
[4.482s]                  from [01m[K/opt/ros/humble/include/rclcpp/rclcpp/memory_strategies.hpp:18[m[K,
[4.482s]                  from [01m[K/opt/ros/humble/include/rclcpp/rclcpp/executor_options.hpp:20[m[K,
[4.482s]                  from [01m[K/opt/ros/humble/include/rclcpp/rclcpp/executor.hpp:37[m[K,
[4.482s]                  from [01m[K/opt/ros/humble/include/rclcpp/rclcpp/executors/multi_threaded_executor.hpp:25[m[K,
[4.482s]                  from [01m[K/opt/ros/humble/include/rclcpp/rclcpp/executors.hpp:21[m[K,
[4.482s]                  from [01m[K/opt/ros/humble/include/rclcpp/rclcpp/rclcpp.hpp:155[m[K,
[4.482s]                  from [01m[K/home/kargla/robot_movement/src/movement_info/include/movement_info/movement.hpp:4[m[K,
[4.482s]                  from [01m[K/home/kargla/robot_movement/src/movement_info/test/movement_test.cpp:3[m[K:
[4.482s] [01m[K/usr/include/c++/11/optional:1179:5:[m[K [01;36m[Knote: [m[Kcandidate: â€˜[01m[Ktemplate<class _Tp, class _Up> constexpr std::__optional_eq_t<_Up, _Tp> std::operator==(const _Up&, const std::optional<_Tp>&)[m[Kâ€™
[4.482s]  1179 |     [01;36m[Koperator[m[K==(const _Up& __lhs, const optional<_Tp>& __rhs)
[4.482s]       |     [01;36m[K^~~~~~~~[m[K
[4.482s] [01m[K/usr/include/c++/11/optional:1179:5:[m[K [01;36m[Knote: [m[K  template argument deduction/substitution failed:
[4.482s] In file included from [01m[K/home/kargla/robot_movement/src/movement_info/test/movement_test.cpp:1[m[K:
[4.483s] [01m[K/opt/ros/humble/src/gtest_vendor/include/gtest/gtest.h:1527:11:[m[K [01;36m[Knote: [m[K  â€˜[01m[Kconst std::__cxx11::basic_string<char>[m[Kâ€™ is not derived from â€˜[01m[Kconst std::optional<_Tp>[m[Kâ€™
[4.483s]  1527 |   if ([01;36m[Klhs == rhs[m[K) {
[4.483s]       |       [01;36m[K~~~~^~~~~~[m[K
[4.483s] In file included from [01m[K/opt/ros/humble/include/rclcpp/rclcpp/client.hpp:28[m[K,
[4.483s]                  from [01m[K/opt/ros/humble/include/rclcpp/rclcpp/callback_group.hpp:24[m[K,
[4.483s]                  from [01m[K/opt/ros/humble/include/rclcpp/rclcpp/any_executable.hpp:20[m[K,
[4.483s]                  from [01m[K/opt/ros/humble/include/rclcpp/rclcpp/memory_strategy.hpp:25[m[K,
[4.483s]                  from [01m[K/opt/ros/humble/include/rclcpp/rclcpp/memory_strategies.hpp:18[m[K,
[4.483s]                  from [01m[K/opt/ros/humble/include/rclcpp/rclcpp/executor_options.hpp:20[m[K,
[4.483s]                  from [01m[K/opt/ros/humble/include/rclcpp/rclcpp/executor.hpp:37[m[K,
[4.483s]                  from [01m[K/opt/ros/humble/include/rclcpp/rclcpp/executors/multi_threaded_executor.hpp:25[m[K,
[4.483s]                  from [01m[K/opt/ros/humble/include/rclcpp/rclcpp/executors.hpp:21[m[K,
[4.483s]                  from [01m[K/opt/ros/humble/include/rclcpp/rclcpp/rclcpp.hpp:155[m[K,
[4.483s]                  from [01m[K/home/kargla/robot_movement/src/movement_info/include/movement_info/movement.hpp:4[m[K,
[4.483s]                  from [01m[K/home/kargla/robot_movement/src/movement_info/test/movement_test.cpp:3[m[K:
[4.483s] [01m[K/usr/include/c++/11/variant:1232:3:[m[K [01;36m[Knote: [m[Kcandidate: â€˜[01m[Ktemplate<class ... _Types> constexpr bool std::operator==(const std::variant<_Types ...>&, const std::variant<_Types ...>&)[m[Kâ€™
[4.483s]  1232 |   [01;36m[K_VARIANT_RELATION_FUNCTION_TEMPLATE[m[K(==, equal)
[4.483s]       |   [01;36m[K^~~~~~~~~~~~~~~~~~~~~~~~~~~~~~~~~~~[m[K
[4.484s] [01m[K/usr/include/c++/11/variant:1232:3:[m[K [01;36m[Knote: [m[K  template argument deduction/substitution failed:
[4.484s] In file included from [01m[K/home/kargla/robot_movement/src/movement_info/test/movement_test.cpp:1[m[K:
[4.484s] [01m[K/opt/ros/humble/src/gtest_vendor/include/gtest/gtest.h:1527:11:[m[K [01;36m[Knote: [m[K  mismatched types â€˜[01m[Kconst std::variant<_Types ...>[m[Kâ€™ and â€˜[01m[Kconst int[m[Kâ€™
[4.484s]  1527 |   if ([01;36m[Klhs == rhs[m[K) {
[4.484s]       |       [01;36m[K~~~~^~~~~~[m[K
[4.484s] [01m[K/opt/ros/humble/src/gtest_vendor/include/gtest/gtest.h:1518:13:[m[K [01;36m[Knote: [m[Kcandidate: â€˜[01m[Kbool testing::internal::operator==(testing::internal::faketype, testing::internal::faketype)[m[Kâ€™
[4.484s]  1518 | inline bool [01;36m[Koperator[m[K==(faketype, faketype) { return true; }
[4.484s]       |             [01;36m[K^~~~~~~~[m[K
[4.484s] [01m[K/opt/ros/humble/src/gtest_vendor/include/gtest/gtest.h:1518:24:[m[K [01;36m[Knote: [m[K  no known conversion for argument 1 from â€˜[01m[Kconst int[m[Kâ€™ to â€˜[01m[Ktesting::internal::faketype[m[Kâ€™
[4.484s]  1518 | inline bool operator==([01;36m[Kfaketype[m[K, faketype) { return true; }
[4.484s]       |                        [01;36m[K^~~~~~~~[m[K
[4.484s] In file included from [01m[K/usr/include/c++/11/memory:64[m[K,
[4.484s]                  from [01m[K/opt/ros/humble/src/gtest_vendor/include/gtest/gtest.h:57[m[K,
[4.484s]                  from [01m[K/home/kargla/robot_movement/src/movement_info/test/movement_test.cpp:1[m[K:
[4.484s] [01m[K/usr/include/c++/11/bits/allocator.h:204:7:[m[K [01;36m[Knote: [m[Kcandidate: â€˜[01m[Kbool std::operator==(const std::allocator<char>&, const std::allocator<char>&)[m[Kâ€™
[4.484s]   204 |       [01;36m[Koperator[m[K==(const allocator&, const allocator&) _GLIBCXX_NOTHROW
[4.484s]       |       [01;36m[K^~~~~~~~[m[K
[4.484s] [01m[K/usr/include/c++/11/bits/allocator.h:204:18:[m[K [01;36m[Knote: [m[K  no known conversion for argument 1 from â€˜[01m[Kconst int[m[Kâ€™ to â€˜[01m[Kconst std::allocator<char>&[m[Kâ€™
[4.485s]   204 |       operator==([01;36m[Kconst allocator&[m[K, const allocator&) _GLIBCXX_NOTHROW
[4.485s]       |                  [01;36m[K^~~~~~~~~~~~~~~~[m[K
[4.485s] In file included from [01m[K/usr/include/c++/11/bits/ios_base.h:46[m[K,
[4.485s]                  from [01m[K/usr/include/c++/11/ios:42[m[K,
[4.485s]                  from [01m[K/usr/include/c++/11/ostream:38[m[K,
[4.485s]                  from [01m[K/opt/ros/humble/src/gtest_vendor/include/gtest/gtest.h:58[m[K,
[4.485s]                  from [01m[K/home/kargla/robot_movement/src/movement_info/test/movement_test.cpp:1[m[K:
[4.485s] [01m[K/usr/include/c++/11/system_error:362:3:[m[K [01;36m[Knote: [m[Kcandidate: â€˜[01m[Kbool std::operator==(const std::error_code&, const std::error_code&)[m[Kâ€™
[4.485s]   362 |   [01;36m[Koperator[m[K==(const error_code& __lhs, const error_code& __rhs) noexcept
[4.485s]       |   [01;36m[K^~~~~~~~[m[K
[4.485s] [01m[K/usr/include/c++/11/system_error:362:32:[m[K [01;36m[Knote: [m[K  no known conversion for argument 1 from â€˜[01m[Kconst int[m[Kâ€™ to â€˜[01m[Kconst std::error_code&[m[Kâ€™
[4.485s]   362 |   operator==([01;36m[Kconst error_code& __lhs[m[K, const error_code& __rhs) noexcept
[4.485s]       |              [01;36m[K~~~~~~~~~~~~~~~~~~^~~~~[m[K
[4.485s] [01m[K/usr/include/c++/11/system_error:368:3:[m[K [01;36m[Knote: [m[Kcandidate: â€˜[01m[Kbool std::operator==(const std::error_code&, const std::error_condition&)[m[Kâ€™
[4.485s]   368 |   [01;36m[Koperator[m[K==(const error_code& __lhs, const error_condition& __rhs) noexcept
[4.485s]       |   [01;36m[K^~~~~~~~[m[K
[4.485s] [01m[K/usr/include/c++/11/system_error:368:32:[m[K [01;36m[Knote: [m[K  no known conversion for argument 1 from â€˜[01m[Kconst int[m[Kâ€™ to â€˜[01m[Kconst std::error_code&[m[Kâ€™
[4.486s]   368 |   operator==([01;36m[Kconst error_code& __lhs[m[K, const error_condition& __rhs) noexcept
[4.486s]       |              [01;36m[K~~~~~~~~~~~~~~~~~~^~~~~[m[K
[4.486s] [01m[K/usr/include/c++/11/system_error:376:3:[m[K [01;36m[Knote: [m[Kcandidate: â€˜[01m[Kbool std::operator==(const std::error_condition&, const std::error_condition&)[m[Kâ€™
[4.486s]   376 |   [01;36m[Koperator[m[K==(const error_condition& __lhs,
[4.486s]       |   [01;36m[K^~~~~~~~[m[K
[4.486s] [01m[K/usr/include/c++/11/system_error:376:37:[m[K [01;36m[Knote: [m[K  no known conversion for argument 1 from â€˜[01m[Kconst int[m[Kâ€™ to â€˜[01m[Kconst std::error_condition&[m[Kâ€™
[4.486s]   376 |   operator==([01;36m[Kconst error_condition& __lhs[m[K,
[4.486s]       |              [01;36m[K~~~~~~~~~~~~~~~~~~~~~~~^~~~~[m[K
[4.486s] [01m[K/usr/include/c++/11/system_error:408:3:[m[K [01;36m[Knote: [m[Kcandidate: â€˜[01m[Kbool std::operator==(const std::error_condition&, const std::error_code&)[m[Kâ€™
[4.486s]   408 |   [01;36m[Koperator[m[K==(const error_condition& __lhs, const error_code& __rhs) noexcept
[4.486s]       |   [01;36m[K^~~~~~~~[m[K
[4.486s] [01m[K/usr/include/c++/11/system_error:408:37:[m[K [01;36m[Knote: [m[K  no known conversion for argument 1 from â€˜[01m[Kconst int[m[Kâ€™ to â€˜[01m[Kconst std::error_condition&[m[Kâ€™
[4.486s]   408 |   operator==([01;36m[Kconst error_condition& __lhs[m[K, const error_code& __rhs) noexcept
[4.486s]       |              [01;36m[K~~~~~~~~~~~~~~~~~~~~~~~^~~~~[m[K
[4.486s] In file included from [01m[K/usr/include/c++/11/future:48[m[K,
[4.486s]                  from [01m[K/opt/ros/humble/include/rclcpp/rclcpp/executors.hpp:18[m[K,
[4.486s]                  from [01m[K/opt/ros/humble/include/rclcpp/rclcpp/rclcpp.hpp:155[m[K,
[4.487s]                  from [01m[K/home/kargla/robot_movement/src/movement_info/include/movement_info/movement.hpp:4[m[K,
[4.487s]                  from [01m[K/home/kargla/robot_movement/src/movement_info/test/movement_test.cpp:3[m[K:
[4.487s] [01m[K/usr/include/c++/11/bits/std_thread.h:287:3:[m[K [01;36m[Knote: [m[Kcandidate: â€˜[01m[Kbool std::operator==(std::thread::id, std::thread::id)[m[Kâ€™
[4.487s]   287 |   [01;36m[Koperator[m[K==(thread::id __x, thread::id __y) noexcept
[4.487s]       |   [01;36m[K^~~~~~~~[m[K
[4.487s] [01m[K/usr/include/c++/11/bits/std_thread.h:287:25:[m[K [01;36m[Knote: [m[K  no known conversion for argument 1 from â€˜[01m[Kconst int[m[Kâ€™ to â€˜[01m[Kstd::thread::id[m[Kâ€™
[4.487s]   287 |   operator==([01;36m[Kthread::id __x[m[K, thread::id __y) noexcept
[4.487s]       |              [01;36m[K~~~~~~~~~~~^~~[m[K
[4.487s] In file included from [01m[K/opt/ros/humble/include/rclcpp/rclcpp/client.hpp:28[m[K,
[4.487s]                  from [01m[K/opt/ros/humble/include/rclcpp/rclcpp/callback_group.hpp:24[m[K,
[4.487s]                  from [01m[K/opt/ros/humble/include/rclcpp/rclcpp/any_executable.hpp:20[m[K,
[4.487s]                  from [01m[K/opt/ros/humble/include/rclcpp/rclcpp/memory_strategy.hpp:25[m[K,
[4.487s]                  from [01m[K/opt/ros/humble/include/rclcpp/rclcpp/memory_strategies.hpp:18[m[K,
[4.487s]                  from [01m[K/opt/ros/humble/include/rclcpp/rclcpp/executor_options.hpp:20[m[K,
[4.487s]                  from [01m[K/opt/ros/humble/include/rclcpp/rclcpp/executor.hpp:37[m[K,
[4.487s]                  from [01m[K/opt/ros/humble/include/rclcpp/rclcpp/executors/multi_threaded_executor.hpp:25[m[K,
[4.487s]                  from [01m[K/opt/ros/humble/include/rclcpp/rclcpp/executors.hpp:21[m[K,
[4.488s]                  from [01m[K/opt/ros/humble/include/rclcpp/rclcpp/rclcpp.hpp:155[m[K,
[4.488s]                  from [01m[K/home/kargla/robot_movement/src/movement_info/include/movement_info/movement.hpp:4[m[K,
[4.488s]                  from [01m[K/home/kargla/robot_movement/src/movement_info/test/movement_test.cpp:3[m[K:
[4.488s] [01m[K/usr/include/c++/11/variant:1239:18:[m[K [01;36m[Knote: [m[Kcandidate: â€˜[01m[Kconstexpr bool std::operator==(std::monostate, std::monostate)[m[Kâ€™
[4.488s]  1239 |   constexpr bool [01;36m[Koperator[m[K==(monostate, monostate) noexcept { return true; }
[4.488s]       |                  [01;36m[K^~~~~~~~[m[K
[4.488s] [01m[K/usr/include/c++/11/variant:1239:29:[m[K [01;36m[Knote: [m[K  no known conversion for argument 1 from â€˜[01m[Kconst int[m[Kâ€™ to â€˜[01m[Kstd::monostate[m[Kâ€™
[4.488s]  1239 |   constexpr bool operator==([01;36m[Kmonostate[m[K, monostate) noexcept { return true; }
[4.488s]       |                             [01;36m[K^~~~~~~~~[m[K
[4.893s] gmake[2]: *** [CMakeFiles/movement_info_movement_gtest.dir/build.make:76: CMakeFiles/movement_info_movement_gtest.dir/test/movement_test.cpp.o] Error 1
[4.893s] gmake[1]: *** [CMakeFiles/Makefile2:235: CMakeFiles/movement_info_movement_gtest.dir/all] Error 2
[4.893s] gmake[1]: *** Waiting for unfinished jobs....
[4.905s] gmake[2]: *** [CMakeFiles/movement_info_movement_gmock.dir/build.make:76: CMakeFiles/movement_info_movement_gmock.dir/test/movement_test.cpp.o] Error 1
[4.905s] gmake[1]: *** [CMakeFiles/Makefile2:264: CMakeFiles/movement_info_movement_gmock.dir/all] Error 2
[4.906s] gmake: *** [Makefile:146: all] Error 2
[4.908s] Invoked command in '/home/kargla/robot_movement/build/movement_info' returned '2': CMAKE_PREFIX_PATH=${CMAKE_PREFIX_PATH}:/opt/ros/humble /usr/bin/cmake --build /home/kargla/robot_movement/build/movement_info -- -j12 -l12
