[0.012s] Invoking command in '/home/kargla/robot_movement/build/movement_info': CMAKE_PREFIX_PATH=${CMAKE_PREFIX_PATH}:/opt/ros/humble /usr/bin/cmake --build /home/kargla/robot_movement/build/movement_info -- -j12 -l12
[0.041s] -- Found ament_cmake: 1.3.11 (/opt/ros/humble/share/ament_cmake/cmake)
[0.170s] -- Found rosidl_default_generators: 1.2.0 (/opt/ros/humble/share/rosidl_default_generators/cmake)
[0.171s] -- Using all available rosidl_typesupport_c: rosidl_typesupport_fastrtps_c;rosidl_typesupport_introspection_c
[0.174s] -- Found rosidl_adapter: 3.1.6 (/opt/ros/humble/share/rosidl_adapter/cmake)
[0.203s] -- Using all available rosidl_typesupport_cpp: rosidl_typesupport_fastrtps_cpp;rosidl_typesupport_introspection_cpp
[0.227s] -- Found movement_info_msgs: 0.0.0 (/home/kargla/robot_movement/install/movement_info_msgs/share/movement_info_msgs/cmake)
[0.235s] -- Found rclcpp: 16.0.11 (/opt/ros/humble/share/rclcpp/cmake)
[0.267s] -- Found rmw_implementation_cmake: 6.1.2 (/opt/ros/humble/share/rmw_implementation_cmake/cmake)
[0.268s] -- Found rmw_fastrtps_cpp: 6.2.7 (/opt/ros/humble/share/rmw_fastrtps_cpp/cmake)
[0.372s] -- Using RMW implementation 'rmw_fastrtps_cpp' as default
[0.419s] -- Found geometry_msgs: 4.2.4 (/opt/ros/humble/share/geometry_msgs/cmake)
[0.434s] -- Found nav_msgs: 4.2.4 (/opt/ros/humble/share/nav_msgs/cmake)
[0.455s] -- Found ament_cmake_gtest: 1.3.11 (/opt/ros/humble/share/ament_cmake_gtest/cmake)
[0.456s] -- Found ament_cmake_gmock: 1.3.11 (/opt/ros/humble/share/ament_cmake_gmock/cmake)
[0.456s] -- Found gtest sources under '/opt/ros/humble/src/gtest_vendor': C++ tests using 'Google Test' will be built
[0.527s] -- Configuring done
[0.553s] -- Generating done
[0.562s] -- Build files have been written to: /home/kargla/robot_movement/build/movement_info
[0.594s] [35m[1mConsolidate compiler generated dependencies of target gtest_main[0m
[0.594s] [35m[1mConsolidate compiler generated dependencies of target gtest[0m
[0.594s] [35m[1mConsolidate compiler generated dependencies of target movement_info_library[0m
[0.595s] [35m[1mConsolidate compiler generated dependencies of target movement[0m
[0.612s] [ 18%] Built target gtest_main
[0.615s] [ 36%] Built target gtest
[0.620s] [ 54%] Built target movement_info_library
[0.625s] [ 81%] Built target movement
[0.637s] [35m[1mConsolidate compiler generated dependencies of target movement_info_movement_test[0m
[0.656s] [ 90%] [32mBuilding CXX object CMakeFiles/movement_info_movement_test.dir/test/movement_test.cpp.o[0m
[0.858s] [01m[K/home/kargla/robot_movement/src/movement_info/test/movement_test.cpp:2:10:[m[K [01;31m[Kfatal error: [m[Kgmock/gmock.h: No such file or directory
[0.859s]     2 | #include [01;31m[K"gmock/gmock.h"[m[K
[0.859s]       |          [01;31m[K^~~~~~~~~~~~~~~[m[K
[0.859s] compilation terminated.
[0.870s] gmake[2]: *** [CMakeFiles/movement_info_movement_test.dir/build.make:76: CMakeFiles/movement_info_movement_test.dir/test/movement_test.cpp.o] Error 1
[0.870s] gmake[1]: *** [CMakeFiles/Makefile2:213: CMakeFiles/movement_info_movement_test.dir/all] Error 2
[0.871s] gmake: *** [Makefile:146: all] Error 2
[0.875s] Invoked command in '/home/kargla/robot_movement/build/movement_info' returned '2': CMAKE_PREFIX_PATH=${CMAKE_PREFIX_PATH}:/opt/ros/humble /usr/bin/cmake --build /home/kargla/robot_movement/build/movement_info -- -j12 -l12
