[0.016s] Invoking command in '/home/kargla/robot_movement/build/movement_info': CMAKE_PREFIX_PATH=${CMAKE_PREFIX_PATH}:/opt/ros/humble /usr/bin/cmake --build /home/kargla/robot_movement/build/movement_info -- -j12 -l12
[0.086s] [ 10%] Built target gtest_main
[0.091s] [ 20%] Built target gmock_main
[0.099s] [ 30%] Built target gtest
[0.099s] [ 45%] Built target gmock
[0.103s] [ 65%] Built target movement
[0.106s] [ 80%] Built target movement_info_library
[0.128s] [35m[1mConsolidate compiler generated dependencies of target movement_info_movement_gtest[0m
[0.131s] [35m[1mConsolidate compiler generated dependencies of target movement_info_movement_gmock[0m
[0.156s] [ 85%] [32mBuilding CXX object CMakeFiles/movement_info_movement_gtest.dir/test/movement_test.cpp.o[0m
[0.159s] [ 90%] [32mBuilding CXX object CMakeFiles/movement_info_movement_gmock.dir/test/movement_test.cpp.o[0m
[3.751s] [01m[K/home/kargla/robot_movement/src/movement_info/test/movement_test.cpp:[m[K In member function â€˜[01m[Kvirtual void MovementTest_MovementInfoPublishingTest_Test::TestBody()[m[Kâ€™:
[3.751s] [01m[K/home/kargla/robot_movement/src/movement_info/test/movement_test.cpp:74:30:[m[K [01;31m[Kerror: [m[Kâ€˜[01m[Kreceived[m[Kâ€™ was not declared in this scope
[3.751s]    74 |     for (int i = 0; i < 5 && [01;31m[Kreceived[m[K == 0; ++i) {
[3.751s]       |                              [01;31m[K^~~~~~~~[m[K
[3.752s] [01m[K/home/kargla/robot_movement/src/movement_info/test/movement_test.cpp:75:26:[m[K [01;31m[Kerror: [m[Kno matching function for call to â€˜[01m[Kspin_some(MockPublisher&)[m[Kâ€™
[3.752s]    75 |         [01;31m[Krclcpp::spin_some(mockPublisher)[m[K;
[3.752s]       |         [01;31m[K~~~~~~~~~~~~~~~~~^~~~~~~~~~~~~~~[m[K
[3.752s] In file included from [01m[K/opt/ros/humble/include/rclcpp/rclcpp/rclcpp.hpp:155[m[K,
[3.752s]                  from [01m[K/home/kargla/robot_movement/src/movement_info/include/movement_info/movement.hpp:4[m[K,
[3.752s]                  from [01m[K/home/kargla/robot_movement/src/movement_info/test/movement_test.cpp:3[m[K:
[3.753s] [01m[K/opt/ros/humble/include/rclcpp/rclcpp/executors.hpp:35:1:[m[K [01;36m[Knote: [m[Kcandidate: â€˜[01m[Kvoid rclcpp::spin_some(rclcpp::node_interfaces::NodeBaseInterface::SharedPtr)[m[Kâ€™
[3.753s]    35 | [01;36m[Kspin_some[m[K(rclcpp::node_interfaces::NodeBaseInterface::SharedPtr node_ptr);
[3.753s]       | [01;36m[K^~~~~~~~~[m[K
[3.753s] [01m[K/opt/ros/humble/include/rclcpp/rclcpp/executors.hpp:35:65:[m[K [01;36m[Knote: [m[K  no known conversion for argument 1 from â€˜[01m[KMockPublisher[m[Kâ€™ to â€˜[01m[Krclcpp::node_interfaces::NodeBaseInterface::SharedPtr[m[Kâ€™ {aka â€˜[01m[Kstd::shared_ptr<rclcpp::node_interfaces::NodeBaseInterface>[m[Kâ€™}
[3.753s]    35 | n_some([01;36m[Krclcpp::node_interfaces::NodeBaseInterface::SharedPtr node_ptr[m[K);
[3.753s]       |        [01;36m[K~~~~~~~~~~~~~~~~~~~~~~~~~~~~~~~~~~~~~~~~~~~~~~~~~~~~~~^~~~~~~~[m[K
[3.753s] 
[3.753s] [01m[K/opt/ros/humble/include/rclcpp/rclcpp/executors.hpp:39:1:[m[K [01;36m[Knote: [m[Kcandidate: â€˜[01m[Kvoid rclcpp::spin_some(rclcpp::Node::SharedPtr)[m[Kâ€™
[3.753s]    39 | [01;36m[Kspin_some[m[K(rclcpp::Node::SharedPtr node_ptr);
[3.753s]       | [01;36m[K^~~~~~~~~[m[K
[3.753s] [01m[K/opt/ros/humble/include/rclcpp/rclcpp/executors.hpp:39:35:[m[K [01;36m[Knote: [m[K  no known conversion for argument 1 from â€˜[01m[KMockPublisher[m[Kâ€™ to â€˜[01m[Krclcpp::Node::SharedPtr[m[Kâ€™ {aka â€˜[01m[Kstd::shared_ptr<rclcpp::Node>[m[Kâ€™}
[3.753s]    39 | spin_some([01;36m[Krclcpp::Node::SharedPtr node_ptr[m[K);
[3.753s]       |           [01;36m[K~~~~~~~~~~~~~~~~~~~~~~~~^~~~~~~~[m[K
[3.757s] [01m[K/home/kargla/robot_movement/src/movement_info/test/movement_test.cpp:[m[K In member function â€˜[01m[Kvirtual void MovementTest_MovementInfoPublishingTest_Test::TestBody()[m[Kâ€™:
[3.757s] [01m[K/home/kargla/robot_movement/src/movement_info/test/movement_test.cpp:74:30:[m[K [01;31m[Kerror: [m[Kâ€˜[01m[Kreceived[m[Kâ€™ was not declared in this scope
[3.757s]    74 |     for (int i = 0; i < 5 && [01;31m[Kreceived[m[K == 0; ++i) {
[3.757s]       |                              [01;31m[K^~~~~~~~[m[K
[3.757s] [01m[K/home/kargla/robot_movement/src/movement_info/test/movement_test.cpp:75:26:[m[K [01;31m[Kerror: [m[Kno matching function for call to â€˜[01m[Kspin_some(MockPublisher&)[m[Kâ€™
[3.758s]    75 |         [01;31m[Krclcpp::spin_some(mockPublisher)[m[K;
[3.758s]       |         [01;31m[K~~~~~~~~~~~~~~~~~^~~~~~~~~~~~~~~[m[K
[3.758s] In file included from [01m[K/opt/ros/humble/include/rclcpp/rclcpp/rclcpp.hpp:155[m[K,
[3.758s]                  from [01m[K/home/kargla/robot_movement/src/movement_info/include/movement_info/movement.hpp:4[m[K,
[3.758s]                  from [01m[K/home/kargla/robot_movement/src/movement_info/test/movement_test.cpp:3[m[K:
[3.758s] [01m[K/opt/ros/humble/include/rclcpp/rclcpp/executors.hpp:35:1:[m[K [01;36m[Knote: [m[Kcandidate: â€˜[01m[Kvoid rclcpp::spin_some(rclcpp::node_interfaces::NodeBaseInterface::SharedPtr)[m[Kâ€™
[3.758s]    35 | [01;36m[Kspin_some[m[K(rclcpp::node_interfaces::NodeBaseInterface::SharedPtr node_ptr);
[3.758s]       | [01;36m[K^~~~~~~~~[m[K
[3.758s] [01m[K/opt/ros/humble/include/rclcpp/rclcpp/executors.hpp:35:65:[m[K [01;36m[Knote: [m[K  no known conversion for argument 1 from â€˜[01m[KMockPublisher[m[Kâ€™ to â€˜[01m[Krclcpp::node_interfaces::NodeBaseInterface::SharedPtr[m[Kâ€™ {aka â€˜[01m[Kstd::shared_ptr<rclcpp::node_interfaces::NodeBaseInterface>[m[Kâ€™}
[3.758s]    35 | spin_some([01;36m[Krclcpp::node_interfaces::NodeBaseInterface::SharedPtr node_ptr[m[K);
[3.758s]       |           [01;36m[K~~~~~~~~~~~~~~~~~~~~~~~~~~~~~~~~~~~~~~~~~~~~~~~~~~~~~~^~~~~~~~[m[K
[3.758s] [01m[K/opt/ros/humble/include/rclcpp/rclcpp/executors.hpp:39:1:[m[K [01;36m[Knote: [m[Kcandidate: â€˜[01m[Kvoid rclcpp::spin_some(rclcpp::Node::SharedPtr)[m[Kâ€™
[3.758s]    39 | [01;36m[Kspin_some[m[K(rclcpp::Node::SharedPtr node_ptr);
[3.759s]       | [01;36m[K^~~~~~~~~[m[K
[3.759s] [01m[K/opt/ros/humble/include/rclcpp/rclcpp/executors.hpp:39:35:[m[K [01;36m[Knote: [m[K  no known conversion for argument 1 from â€˜[01m[KMockPublisher[m[Kâ€™ to â€˜[01m[Krclcpp::Node::SharedPtr[m[Kâ€™ {aka â€˜[01m[Kstd::shared_ptr<rclcpp::Node>[m[Kâ€™}
[3.759s]    39 | spin_some([01;36m[Krclcpp::Node::SharedPtr node_ptr[m[K);
[3.759s]       |           [01;36m[K~~~~~~~~~~~~~~~~~~~~~~~~^~~~~~~~[m[K
[6.424s] gmake[2]: *** [CMakeFiles/movement_info_movement_gmock.dir/build.make:76: CMakeFiles/movement_info_movement_gmock.dir/test/movement_test.cpp.o] Error 1
[6.424s] gmake[1]: *** [CMakeFiles/Makefile2:264: CMakeFiles/movement_info_movement_gmock.dir/all] Error 2
[6.424s] gmake[1]: *** Waiting for unfinished jobs....
[6.443s] gmake[2]: *** [CMakeFiles/movement_info_movement_gtest.dir/build.make:76: CMakeFiles/movement_info_movement_gtest.dir/test/movement_test.cpp.o] Error 1
[6.444s] gmake[1]: *** [CMakeFiles/Makefile2:235: CMakeFiles/movement_info_movement_gtest.dir/all] Error 2
[6.444s] gmake: *** [Makefile:146: all] Error 2
[6.447s] Invoked command in '/home/kargla/robot_movement/build/movement_info' returned '2': CMAKE_PREFIX_PATH=${CMAKE_PREFIX_PATH}:/opt/ros/humble /usr/bin/cmake --build /home/kargla/robot_movement/build/movement_info -- -j12 -l12
