[0.022s] Invoking command in '/home/kargla/robot_movement/build/movement_info': CMAKE_PREFIX_PATH=${CMAKE_PREFIX_PATH}:/opt/ros/humble /usr/bin/cmake --build /home/kargla/robot_movement/build/movement_info -- -j12 -l12
[0.120s] [ 25%] Built target gmock
[0.120s] [ 25%] Built target gtest_main
[0.122s] [ 35%] Built target gmock_main
[0.127s] [ 65%] Built target gtest
[0.127s] [ 65%] Built target movement
[0.144s] [ 80%] Built target movement_info_library
[0.193s] [ 90%] [32mBuilding CXX object CMakeFiles/movement_info_movement_gmock.dir/test/movement_test.cpp.o[0m
[0.196s] [ 90%] [32mBuilding CXX object CMakeFiles/movement_info_movement_gtest.dir/test/movement_test.cpp.o[0m
[4.799s] In file included from [01m[K/opt/ros/humble/src/gmock_vendor/include/gmock/gmock-function-mocker.h:39[m[K,
[4.799s]                  from [01m[K/opt/ros/humble/src/gmock_vendor/include/gmock/gmock.h:61[m[K,
[4.799s]                  from [01m[K/home/kargla/robot_movement/src/movement_info/test/movement_test.cpp:2[m[K:
[4.799s] [01m[K/home/kargla/robot_movement/src/movement_info/include/movement_info/MockPublisher.hpp:12:45:[m[K [01;31m[Kerror: [m[Kcannot call member function â€˜[01m[Kvirtual void MovementInterface::publish_movement_info()[m[Kâ€™ without object
[4.799s]    12 |     MOCK_METHOD0(void, [01;31m[Kpublish_movement_info()[m[K);
[4.799s]       |                        [01;31m[K~~~~~~~~~~~~~~~~~~~~~^~[m[K
[4.799s] [01m[K/home/kargla/robot_movement/src/movement_info/include/movement_info/MockPublisher.hpp:12:5:[m[K [01;31m[Kerror: [m[Ktemplate argument 1 is invalid
[4.800s]    12 |     [01;31m[KMOCK_METHOD0[m[K(void, publish_movement_info());
[4.800s]       |     [01;31m[K^~~~~~~~~~~~[m[K
[4.800s] [01m[K/home/kargla/robot_movement/src/movement_info/include/movement_info/MockPublisher.hpp:12:45:[m[K [01;31m[Kerror: [m[Kcannot call member function â€˜[01m[Kvirtual void MovementInterface::publish_movement_info()[m[Kâ€™ without object
[4.800s]    12 |     MOCK_METHOD0(void, [01;31m[Kpublish_movement_info()[m[K);
[4.800s]       |                        [01;31m[K~~~~~~~~~~~~~~~~~~~~~^~[m[K
[4.800s] [01m[K/home/kargla/robot_movement/src/movement_info/include/movement_info/MockPublisher.hpp:12:5:[m[K [01;31m[Kerror: [m[Ktemplate argument 1 is invalid
[4.800s]    12 |     [01;31m[KMOCK_METHOD0[m[K(void, publish_movement_info());
[4.800s]       |     [01;31m[K^~~~~~~~~~~~[m[K
[4.800s] [01m[K/home/kargla/robot_movement/src/movement_info/include/movement_info/MockPublisher.hpp:12:5:[m[K [01;31m[Kerror: [m[Kexpected â€˜[01m[K;[m[Kâ€™ at end of member declaration
[4.800s]    12 |     [01;31m[KMOCK_METHOD0[m[K(void, publish_movement_info());
[4.800s]       |     [01;31m[K^~~~~~~~~~~~[m[K
[4.800s] [01m[K/home/kargla/robot_movement/src/movement_info/include/movement_info/MockPublisher.hpp:12:5:[m[K [01;31m[Kerror: [m[Kexpected unqualified-id before â€˜[01m[K)[m[Kâ€™ token
[4.800s]    12 |     [01;31m[KMOCK_METHOD0[m[K(void, publish_movement_info());
[4.800s]       |     [01;31m[K^~~~~~~~~~~~[m[K
[4.800s] [01m[K/home/kargla/robot_movement/src/movement_info/include/movement_info/MockPublisher.hpp:12:45:[m[K [01;31m[Kerror: [m[Kcannot call member function â€˜[01m[Kvirtual void MovementInterface::publish_movement_info()[m[Kâ€™ without object
[4.801s]    12 |     MOCK_METHOD0(void, [01;31m[Kpublish_movement_info()[m[K);
[4.801s]       |                        [01;31m[K~~~~~~~~~~~~~~~~~~~~~^~[m[K
[4.801s] [01m[K/home/kargla/robot_movement/src/movement_info/include/movement_info/MockPublisher.hpp:12:5:[m[K [01;31m[Kerror: [m[Ktemplate argument 1 is invalid
[4.801s]    12 |     [01;31m[KMOCK_METHOD0[m[K(void, publish_movement_info());
[4.801s]       |     [01;31m[K^~~~~~~~~~~~[m[K
[4.801s] [01m[K/home/kargla/robot_movement/src/movement_info/include/movement_info/MockPublisher.hpp:12:45:[m[K [01;31m[Kerror: [m[Kcannot call member function â€˜[01m[Kvirtual void MovementInterface::publish_movement_info()[m[Kâ€™ without object
[4.801s]    12 |     MOCK_METHOD0(void, [01;31m[Kpublish_movement_info()[m[K);
[4.801s]       |                        [01;31m[K~~~~~~~~~~~~~~~~~~~~~^~[m[K
[4.801s] [01m[K/home/kargla/robot_movement/src/movement_info/include/movement_info/MockPublisher.hpp:12:5:[m[K [01;31m[Kerror: [m[Ktemplate argument 1 is invalid
[4.801s]    12 |     [01;31m[KMOCK_METHOD0[m[K(void, publish_movement_info());
[4.801s]       |     [01;31m[K^~~~~~~~~~~~[m[K
[4.801s] [01m[K/home/kargla/robot_movement/src/movement_info/include/movement_info/MockPublisher.hpp:12:45:[m[K [01;31m[Kerror: [m[Kcannot call member function â€˜[01m[Kvirtual void MovementInterface::publish_movement_info()[m[Kâ€™ without object
[4.801s]    12 |     MOCK_METHOD0(void, [01;31m[Kpublish_movement_info()[m[K);
[4.802s]       |                        [01;31m[K~~~~~~~~~~~~~~~~~~~~~^~[m[K
[4.802s] [01m[K/home/kargla/robot_movement/src/movement_info/include/movement_info/MockPublisher.hpp:12:5:[m[K [01;31m[Kerror: [m[Ktemplate argument 1 is invalid
[4.802s]    12 |     [01;31m[KMOCK_METHOD0[m[K(void, publish_movement_info());
[4.802s]       |     [01;31m[K^~~~~~~~~~~~[m[K
[4.802s] [01m[K/home/kargla/robot_movement/src/movement_info/include/movement_info/MockPublisher.hpp:12:45:[m[K [01;31m[Kerror: [m[Kcannot call member function â€˜[01m[Kvirtual void MovementInterface::publish_movement_info()[m[Kâ€™ without object
[4.802s]    12 |     MOCK_METHOD0(void, [01;31m[Kpublish_movement_info()[m[K);
[4.802s]       |                        [01;31m[K~~~~~~~~~~~~~~~~~~~~~^~[m[K
[4.802s] [01m[K/home/kargla/robot_movement/src/movement_info/include/movement_info/MockPublisher.hpp:12:5:[m[K [01;31m[Kerror: [m[Ktemplate argument 1 is invalid
[4.802s]    12 |     [01;31m[KMOCK_METHOD0[m[K(void, publish_movement_info());
[4.802s]       |     [01;31m[K^~~~~~~~~~~~[m[K
[4.802s] [01m[K/home/kargla/robot_movement/src/movement_info/include/movement_info/MockPublisher.hpp:[m[K In member function â€˜[01m[Kint MockPublisher::gmock_void()[m[Kâ€™:
[4.802s] [01m[K/home/kargla/robot_movement/src/movement_info/include/movement_info/MockPublisher.hpp:12:5:[m[K [01;31m[Kerror: [m[Krequest for member â€˜[01m[KRegisterOwner[m[Kâ€™ in â€˜[01m[K((MockPublisher*)this)->MockPublisher::gmock0_void_12[m[Kâ€™, which is of non-class type â€˜[01m[Kint[m[Kâ€™
[4.802s]    12 |     [01;31m[KMOCK_METHOD0[m[K(void, publish_movement_info());
[4.803s]       |     [01;31m[K^~~~~~~~~~~~[m[K
[4.803s] [01m[K/home/kargla/robot_movement/src/movement_info/include/movement_info/MockPublisher.hpp:12:5:[m[K [01;31m[Kerror: [m[Krequest for member â€˜[01m[KWith[m[Kâ€™ in â€˜[01m[K((MockPublisher*)this)->MockPublisher::gmock0_void_12[m[Kâ€™, which is of non-class type â€˜[01m[Kint[m[Kâ€™
[4.803s]    12 |     [01;31m[KMOCK_METHOD0[m[K(void, publish_movement_info());
[4.803s]       |     [01;31m[K^~~~~~~~~~~~[m[K
[4.815s] In file included from [01m[K/opt/ros/humble/src/gmock_vendor/include/gmock/gmock-generated-function-mockers.h:47[m[K,
[4.815s]                  from [01m[K/opt/ros/humble/src/gmock_vendor/include/gmock/gmock-function-mocker.h:39[m[K,
[4.816s]                  from [01m[K/opt/ros/humble/src/gmock_vendor/include/gmock/gmock.h:61[m[K,
[4.816s]                  from [01m[K/home/kargla/robot_movement/src/movement_info/test/movement_test.cpp:2[m[K:
[4.816s] [01m[K/home/kargla/robot_movement/src/movement_info/test/movement_test.cpp:[m[K In member function â€˜[01m[Kvirtual void MovementTest_MovementInfoPublishingTest_Test::TestBody()[m[Kâ€™:
[4.816s] [01m[K/home/kargla/robot_movement/src/movement_info/test/movement_test.cpp:59:5:[m[K [01;31m[Kerror: [m[Kâ€˜[01m[Kclass MockPublisher[m[Kâ€™ has no member named â€˜[01m[Kgmock_publish_movement_info[m[Kâ€™; did you mean â€˜[01m[Kpublish_movement_info[m[Kâ€™?
[4.816s]    59 |     [01;31m[KEXPECT_CALL[m[K(mockPublisher, publish_movement_info()).Times(1);
[4.816s]       |     [01;31m[K^~~~~~~~~~~[m[K
[4.824s] In file included from [01m[K/opt/ros/humble/src/gmock_vendor/include/gmock/gmock-function-mocker.h:39[m[K,
[4.824s]                  from [01m[K/opt/ros/humble/src/gmock_vendor/include/gmock/gmock.h:61[m[K,
[4.824s]                  from [01m[K/home/kargla/robot_movement/src/movement_info/test/movement_test.cpp:2[m[K:
[4.824s] [01m[K/home/kargla/robot_movement/src/movement_info/include/movement_info/MockPublisher.hpp:12:45:[m[K [01;31m[Kerror: [m[Kcannot call member function â€˜[01m[Kvirtual void MovementInterface::publish_movement_info()[m[Kâ€™ without object
[4.824s]    12 |     MOCK_METHOD0(void, [01;31m[Kpublish_movement_info()[m[K);
[4.824s]       |                        [01;31m[K~~~~~~~~~~~~~~~~~~~~~^~[m[K
[4.825s] [01m[K/opt/ros/humble/src/gmock_vendor/include/gmock/gmock-generated-function-mockers.h:139:37:[m[K [01;36m[Knote: [m[Kin definition of macro â€˜[01m[KGMOCK_METHOD0_[m[Kâ€™
[4.825s]   139 |       ::testing::internal::Function<[01;36m[K__VA_ARGS__[m[K>::ArgumentCount, \
[4.825s]       |                                     [01;36m[K^~~~~~~~~~~[m[K
[4.825s] [01m[K/home/kargla/robot_movement/src/movement_info/include/movement_info/MockPublisher.hpp:12:5:[m[K [01;36m[Knote: [m[Kin expansion of macro â€˜[01m[KMOCK_METHOD0[m[Kâ€™
[4.825s]    12 |     [01;36m[KMOCK_METHOD0[m[K(void, publish_movement_info());
[4.825s]       |     [01;36m[K^~~~~~~~~~~~[m[K
[4.826s] [01m[K/opt/ros/humble/src/gmock_vendor/include/gmock/gmock-generated-function-mockers.h:139:48:[m[K [01;31m[Kerror: [m[Ktemplate argument 1 is invalid
[4.826s]   139 |       ::testing::internal::Function<__VA_ARGS__[01;31m[K>[m[K::ArgumentCount, \
[4.826s]       |                                                [01;31m[K^[m[K
[4.826s] [01m[K/opt/ros/humble/src/gmock_vendor/include/gmock/gmock-generated-function-mockers.h:599:30:[m[K [01;36m[Knote: [m[Kin expansion of macro â€˜[01m[KGMOCK_METHOD0_[m[Kâ€™
[4.826s]   599 | #define MOCK_METHOD0(m, ...) [01;36m[KGMOCK_METHOD0_[m[K(, , , m, __VA_ARGS__)
[4.826s]       |                              [01;36m[K^~~~~~~~~~~~~~[m[K
[4.826s] [01m[K/home/kargla/robot_movement/src/movement_info/include/movement_info/MockPublisher.hpp:12:5:[m[K [01;36m[Knote: [m[Kin expansion of macro â€˜[01m[KMOCK_METHOD0[m[Kâ€™
[4.826s]    12 |     [01;36m[KMOCK_METHOD0[m[K(void, publish_movement_info());
[4.826s]       |     [01;36m[K^~~~~~~~~~~~[m[K
[4.826s] [01m[K/home/kargla/robot_movement/src/movement_info/include/movement_info/MockPublisher.hpp:12:45:[m[K [01;31m[Kerror: [m[Kcannot call member function â€˜[01m[Kvirtual void MovementInterface::publish_movement_info()[m[Kâ€™ without object
[4.827s]    12 |     MOCK_METHOD0(void, [01;31m[Kpublish_movement_info()[m[K);
[4.827s]       |                        [01;31m[K~~~~~~~~~~~~~~~~~~~~~^~[m[K
[4.827s] [01m[K/opt/ros/humble/src/gmock_vendor/include/gmock/gmock-generated-function-mockers.h:119:38:[m[K [01;36m[Knote: [m[Kin definition of macro â€˜[01m[KGMOCK_RESULT_[m[Kâ€™
[4.827s]   119 |     tn ::testing::internal::Function<[01;36m[K__VA_ARGS__[m[K>::Result
[4.827s]       |                                      [01;36m[K^~~~~~~~~~~[m[K
[4.827s] [01m[K/opt/ros/humble/src/gmock_vendor/include/gmock/gmock-generated-function-mockers.h:599:30:[m[K [01;36m[Knote: [m[Kin expansion of macro â€˜[01m[KGMOCK_METHOD0_[m[Kâ€™
[4.827s]   599 | #define MOCK_METHOD0(m, ...) [01;36m[KGMOCK_METHOD0_[m[K(, , , m, __VA_ARGS__)
[4.827s]       |                              [01;36m[K^~~~~~~~~~~~~~[m[K
[4.827s] [01m[K/home/kargla/robot_movement/src/movement_info/include/movement_info/MockPublisher.hpp:12:5:[m[K [01;36m[Knote: [m[Kin expansion of macro â€˜[01m[KMOCK_METHOD0[m[Kâ€™
[4.828s]    12 |     [01;36m[KMOCK_METHOD0[m[K(void, publish_movement_info());
[4.828s]       |     [01;36m[K^~~~~~~~~~~~[m[K
[4.828s] [01m[K/opt/ros/humble/src/gmock_vendor/include/gmock/gmock-generated-function-mockers.h:119:49:[m[K [01;31m[Kerror: [m[Ktemplate argument 1 is invalid
[4.828s]   119 |     tn ::testing::internal::Function<__VA_ARGS__[01;31m[K>[m[K::Result
[4.828s]       |                                                 [01;31m[K^[m[K
[4.828s] [01m[K/opt/ros/humble/src/gmock_vendor/include/gmock/gmock-generated-function-mockers.h:141:3:[m[K [01;36m[Knote: [m[Kin expansion of macro â€˜[01m[KGMOCK_RESULT_[m[Kâ€™
[4.828s]   141 |   [01;36m[KGMOCK_RESULT_[m[K(tn, __VA_ARGS__) ct Method( \
[4.828s]       |   [01;36m[K^~~~~~~~~~~~~[m[K
[4.828s] [01m[K/opt/ros/humble/src/gmock_vendor/include/gmock/gmock-generated-function-mockers.h:599:30:[m[K [01;36m[Knote: [m[Kin expansion of macro â€˜[01m[KGMOCK_METHOD0_[m[Kâ€™
[4.829s]   599 | #define MOCK_METHOD0(m, ...) [01;36m[KGMOCK_METHOD0_[m[K(, , , m, __VA_ARGS__)
[4.829s]       |                              [01;36m[K^~~~~~~~~~~~~~[m[K
[4.829s] [01m[K/home/kargla/robot_movement/src/movement_info/include/movement_info/MockPublisher.hpp:12:5:[m[K [01;36m[Knote: [m[Kin expansion of macro â€˜[01m[KMOCK_METHOD0[m[Kâ€™
[4.829s]    12 |     [01;36m[KMOCK_METHOD0[m[K(void, publish_movement_info());
[4.829s]       |     [01;36m[K^~~~~~~~~~~~[m[K
[4.829s] [01m[K/opt/ros/humble/src/gmock_vendor/include/gmock/gmock-generated-function-mockers.h:119:52:[m[K [01;31m[Kerror: [m[Kexpected â€˜[01m[K;[m[Kâ€™ at end of member declaration
[4.829s]   119 |     tn ::testing::internal::Function<__VA_ARGS__>::[01;31m[KResult[m[K
[4.829s]       |                                                    [01;31m[K^~~~~~[m[K
[4.829s] [01m[K/opt/ros/humble/src/gmock_vendor/include/gmock/gmock-generated-function-mockers.h:141:3:[m[K [01;36m[Knote: [m[Kin expansion of macro â€˜[01m[KGMOCK_RESULT_[m[Kâ€™
[4.830s]   141 |   [01;36m[KGMOCK_RESULT_[m[K(tn, __VA_ARGS__) ct Method( \
[4.830s]       |   [01;36m[K^~~~~~~~~~~~~[m[K
[4.830s] [01m[K/opt/ros/humble/src/gmock_vendor/include/gmock/gmock-generated-function-mockers.h:599:30:[m[K [01;36m[Knote: [m[Kin expansion of macro â€˜[01m[KGMOCK_METHOD0_[m[Kâ€™
[4.830s]   599 | #define MOCK_METHOD0(m, ...) [01;36m[KGMOCK_METHOD0_[m[K(, , , m, __VA_ARGS__)
[4.830s]       |                              [01;36m[K^~~~~~~~~~~~~~[m[K
[4.830s] [01m[K/home/kargla/robot_movement/src/movement_info/include/movement_info/MockPublisher.hpp:12:5:[m[K [01;36m[Knote: [m[Kin expansion of macro â€˜[01m[KMOCK_METHOD0[m[Kâ€™
[4.830s]    12 |     [01;36m[KMOCK_METHOD0[m[K(void, publish_movement_info());
[4.830s]       |     [01;36m[K^~~~~~~~~~~~[m[K
[4.830s] [01m[K/opt/ros/humble/src/gmock_vendor/include/gmock/gmock-generated-function-mockers.h:142:7:[m[K [01;31m[Kerror: [m[Kexpected unqualified-id before â€˜[01m[K)[m[Kâ€™ token
[4.830s]   142 |       [01;31m[K)[m[K constness { \
[4.831s]       |       [01;31m[K^[m[K
[4.831s] [01m[K/opt/ros/humble/src/gmock_vendor/include/gmock/gmock-generated-function-mockers.h:599:30:[m[K [01;36m[Knote: [m[Kin expansion of macro â€˜[01m[KGMOCK_METHOD0_[m[Kâ€™
[4.831s]   599 | #define MOCK_METHOD0(m, ...) [01;36m[KGMOCK_METHOD0_[m[K(, , , m, __VA_ARGS__)
[4.831s]       |                              [01;36m[K^~~~~~~~~~~~~~[m[K
[4.831s] [01m[K/home/kargla/robot_movement/src/movement_info/include/movement_info/MockPublisher.hpp:12:5:[m[K [01;36m[Knote: [m[Kin expansion of macro â€˜[01m[KMOCK_METHOD0[m[Kâ€™
[4.831s]    12 |     [01;36m[KMOCK_METHOD0[m[K(void, publish_movement_info());
[4.831s]       |     [01;36m[K^~~~~~~~~~~~[m[K
[4.831s] [01m[K/home/kargla/robot_movement/src/movement_info/include/movement_info/MockPublisher.hpp:12:45:[m[K [01;31m[Kerror: [m[Kcannot call member function â€˜[01m[Kvirtual void MovementInterface::publish_movement_info()[m[Kâ€™ without object
[4.832s]    12 |     MOCK_METHOD0(void, [01;31m[Kpublish_movement_info()[m[K);
[4.832s]       |                        [01;31m[K~~~~~~~~~~~~~~~~~~~~~^~[m[K
[4.832s] [01m[K/opt/ros/humble/src/gmock_vendor/include/gmock/gmock-generated-function-mockers.h:146:23:[m[K [01;36m[Knote: [m[Kin definition of macro â€˜[01m[KGMOCK_METHOD0_[m[Kâ€™
[4.832s]   146 |   ::testing::MockSpec<[01;36m[K__VA_ARGS__[m[K> \
[4.832s]       |                       [01;36m[K^~~~~~~~~~~[m[K
[4.832s] [01m[K/home/kargla/robot_movement/src/movement_info/include/movement_info/MockPublisher.hpp:12:5:[m[K [01;36m[Knote: [m[Kin expansion of macro â€˜[01m[KMOCK_METHOD0[m[Kâ€™
[4.832s]    12 |     [01;36m[KMOCK_METHOD0[m[K(void, publish_movement_info());
[4.832s]       |     [01;36m[K^~~~~~~~~~~~[m[K
[4.832s] [01m[K/opt/ros/humble/src/gmock_vendor/include/gmock/gmock-generated-function-mockers.h:146:34:[m[K [01;31m[Kerror: [m[Ktemplate argument 1 is invalid
[4.833s]   146 |   ::testing::MockSpec<__VA_ARGS__[01;31m[K>[m[K \
[4.833s]       |                                  [01;31m[K^[m[K
[4.833s] [01m[K/opt/ros/humble/src/gmock_vendor/include/gmock/gmock-generated-function-mockers.h:599:30:[m[K [01;36m[Knote: [m[Kin expansion of macro â€˜[01m[KGMOCK_METHOD0_[m[Kâ€™
[4.833s]   599 | #define MOCK_METHOD0(m, ...) [01;36m[KGMOCK_METHOD0_[m[K(, , , m, __VA_ARGS__)
[4.833s]       |                              [01;36m[K^~~~~~~~~~~~~~[m[K
[4.833s] [01m[K/home/kargla/robot_movement/src/movement_info/include/movement_info/MockPublisher.hpp:12:5:[m[K [01;36m[Knote: [m[Kin expansion of macro â€˜[01m[KMOCK_METHOD0[m[Kâ€™
[4.833s]    12 |     [01;36m[KMOCK_METHOD0[m[K(void, publish_movement_info());
[4.833s]       |     [01;36m[K^~~~~~~~~~~~[m[K
[4.833s] [01m[K/home/kargla/robot_movement/src/movement_info/include/movement_info/MockPublisher.hpp:12:45:[m[K [01;31m[Kerror: [m[Kcannot call member function â€˜[01m[Kvirtual void MovementInterface::publish_movement_info()[m[Kâ€™ without object
[4.834s]    12 |     MOCK_METHOD0(void, [01;31m[Kpublish_movement_info()[m[K);
[4.834s]       |                        [01;31m[K~~~~~~~~~~~~~~~~~~~~~^~[m[K
[4.834s] [01m[K/opt/ros/humble/src/gmock_vendor/include/gmock/gmock-generated-function-mockers.h:151:23:[m[K [01;36m[Knote: [m[Kin definition of macro â€˜[01m[KGMOCK_METHOD0_[m[Kâ€™
[4.834s]   151 |   ::testing::MockSpec<[01;36m[K__VA_ARGS__[m[K> gmock_##Method( \
[4.834s]       |                       [01;36m[K^~~~~~~~~~~[m[K
[4.834s] [01m[K/home/kargla/robot_movement/src/movement_info/include/movement_info/MockPublisher.hpp:12:5:[m[K [01;36m[Knote: [m[Kin expansion of macro â€˜[01m[KMOCK_METHOD0[m[Kâ€™
[4.834s]    12 |     [01;36m[KMOCK_METHOD0[m[K(void, publish_movement_info());
[4.834s]       |     [01;36m[K^~~~~~~~~~~~[m[K
[4.834s] [01m[K/opt/ros/humble/src/gmock_vendor/include/gmock/gmock-generated-function-mockers.h:151:34:[m[K [01;31m[Kerror: [m[Ktemplate argument 1 is invalid
[4.835s]   151 |   ::testing::MockSpec<__VA_ARGS__[01;31m[K>[m[K gmock_##Method( \
[4.835s]       |                                  [01;31m[K^[m[K
[4.835s] [01m[K/opt/ros/humble/src/gmock_vendor/include/gmock/gmock-generated-function-mockers.h:599:30:[m[K [01;36m[Knote: [m[Kin expansion of macro â€˜[01m[KGMOCK_METHOD0_[m[Kâ€™
[4.835s]   599 | #define MOCK_METHOD0(m, ...) [01;36m[KGMOCK_METHOD0_[m[K(, , , m, __VA_ARGS__)
[4.835s]       |                              [01;36m[K^~~~~~~~~~~~~~[m[K
[4.835s] [01m[K/home/kargla/robot_movement/src/movement_info/include/movement_info/MockPublisher.hpp:12:5:[m[K [01;36m[Knote: [m[Kin expansion of macro â€˜[01m[KMOCK_METHOD0[m[Kâ€™
[4.835s]    12 |     [01;36m[KMOCK_METHOD0[m[K(void, publish_movement_info());
[4.835s]       |     [01;36m[K^~~~~~~~~~~~[m[K
[4.835s] [01m[K/home/kargla/robot_movement/src/movement_info/include/movement_info/MockPublisher.hpp:12:45:[m[K [01;31m[Kerror: [m[Kcannot call member function â€˜[01m[Kvirtual void MovementInterface::publish_movement_info()[m[Kâ€™ without object
[4.835s]    12 |     MOCK_METHOD0(void, [01;31m[Kpublish_movement_info()[m[K);
[4.836s]       |                        [01;31m[K~~~~~~~~~~~~~~~~~~~~~^~[m[K
[4.836s] [01m[K/opt/ros/humble/src/gmock_vendor/include/gmock/gmock-generated-function-mockers.h:153:47:[m[K [01;36m[Knote: [m[Kin definition of macro â€˜[01m[KGMOCK_METHOD0_[m[Kâ€™
[4.836s]   153 |       constness ::testing::internal::Function<[01;36m[K__VA_ARGS__[m[K>* ) const { \
[4.836s]       |                                               [01;36m[K^~~~~~~~~~~[m[K
[4.836s] [01m[K/home/kargla/robot_movement/src/movement_info/include/movement_info/MockPublisher.hpp:12:5:[m[K [01;36m[Knote: [m[Kin expansion of macro â€˜[01m[KMOCK_METHOD0[m[Kâ€™
[4.836s]    12 |     [01;36m[KMOCK_METHOD0[m[K(void, publish_movement_info());
[4.836s]       |     [01;36m[K^~~~~~~~~~~~[m[K
[4.836s] [01m[K/opt/ros/humble/src/gmock_vendor/include/gmock/gmock-generated-function-mockers.h:153:58:[m[K [01;31m[Kerror: [m[Ktemplate argument 1 is invalid
[4.836s]   153 |       constness ::testing::internal::Function<__VA_ARGS__[01;31m[K>[m[K* ) const { \
[4.837s]       |                                                          [01;31m[K^[m[K
[4.837s] [01m[K/opt/ros/humble/src/gmock_vendor/include/gmock/gmock-generated-function-mockers.h:599:30:[m[K [01;36m[Knote: [m[Kin expansion of macro â€˜[01m[KGMOCK_METHOD0_[m[Kâ€™
[4.837s]   599 | #define MOCK_METHOD0(m, ...) [01;36m[KGMOCK_METHOD0_[m[K(, , , m, __VA_ARGS__)
[4.837s]       |                              [01;36m[K^~~~~~~~~~~~~~[m[K
[4.837s] [01m[K/home/kargla/robot_movement/src/movement_info/include/movement_info/MockPublisher.hpp:12:5:[m[K [01;36m[Knote: [m[Kin expansion of macro â€˜[01m[KMOCK_METHOD0[m[Kâ€™
[4.837s]    12 |     [01;36m[KMOCK_METHOD0[m[K(void, publish_movement_info());
[4.837s]       |     [01;36m[K^~~~~~~~~~~~[m[K
[4.837s] [01m[K/home/kargla/robot_movement/src/movement_info/include/movement_info/MockPublisher.hpp:12:45:[m[K [01;31m[Kerror: [m[Kcannot call member function â€˜[01m[Kvirtual void MovementInterface::publish_movement_info()[m[Kâ€™ without object
[4.837s]    12 |     MOCK_METHOD0(void, [01;31m[Kpublish_movement_info()[m[K);
[4.838s]       |                        [01;31m[K~~~~~~~~~~~~~~~~~~~~~^~[m[K
[4.838s] [01m[K/opt/ros/humble/src/gmock_vendor/include/gmock/gmock-generated-function-mockers.h:157:37:[m[K [01;36m[Knote: [m[Kin definition of macro â€˜[01m[KGMOCK_METHOD0_[m[Kâ€™
[4.838s]   157 |   mutable ::testing::FunctionMocker<[01;36m[K__VA_ARGS__[m[K> GMOCK_MOCKER_(0, constness, \
[4.838s]       |                                     [01;36m[K^~~~~~~~~~~[m[K
[4.838s] [01m[K/home/kargla/robot_movement/src/movement_info/include/movement_info/MockPublisher.hpp:12:5:[m[K [01;36m[Knote: [m[Kin expansion of macro â€˜[01m[KMOCK_METHOD0[m[Kâ€™
[4.838s]    12 |     [01;36m[KMOCK_METHOD0[m[K(void, publish_movement_info());
[4.838s]       |     [01;36m[K^~~~~~~~~~~~[m[K
[4.838s] [01m[K/opt/ros/humble/src/gmock_vendor/include/gmock/gmock-generated-function-mockers.h:157:48:[m[K [01;31m[Kerror: [m[Ktemplate argument 1 is invalid
[4.838s]   157 |   mutable ::testing::FunctionMocker<__VA_ARGS__[01;31m[K>[m[K GMOCK_MOCKER_(0, constness, \
[4.839s]       |                                                [01;31m[K^[m[K
[4.839s] [01m[K/opt/ros/humble/src/gmock_vendor/include/gmock/gmock-generated-function-mockers.h:599:30:[m[K [01;36m[Knote: [m[Kin expansion of macro â€˜[01m[KGMOCK_METHOD0_[m[Kâ€™
[4.839s]   599 | #define MOCK_METHOD0(m, ...) [01;36m[KGMOCK_METHOD0_[m[K(, , , m, __VA_ARGS__)
[4.839s]       |                              [01;36m[K^~~~~~~~~~~~~~[m[K
[4.839s] [01m[K/home/kargla/robot_movement/src/movement_info/include/movement_info/MockPublisher.hpp:12:5:[m[K [01;36m[Knote: [m[Kin expansion of macro â€˜[01m[KMOCK_METHOD0[m[Kâ€™
[4.839s]    12 |     [01;36m[KMOCK_METHOD0[m[K(void, publish_movement_info());
[4.839s]       |     [01;36m[K^~~~~~~~~~~~[m[K
[4.839s] [01m[K/home/kargla/robot_movement/src/movement_info/include/movement_info/MockPublisher.hpp:[m[K In member function â€˜[01m[Kint MockPublisher::gmock_void()[m[Kâ€™:
[4.839s] [01m[K/opt/ros/humble/src/gmock_vendor/include/gmock/gmock-generated-function-mockers.h:148:41:[m[K [01;31m[Kerror: [m[Krequest for member â€˜[01m[KRegisterOwner[m[Kâ€™ in â€˜[01m[K((MockPublisher*)this)->MockPublisher::gmock0_void_12[m[Kâ€™, which is of non-class type â€˜[01m[Kint[m[Kâ€™
[4.840s]   148 |     GMOCK_MOCKER_(0, constness, Method).[01;31m[KRegisterOwner[m[K(this); \
[4.840s]       |                                         [01;31m[K^~~~~~~~~~~~~[m[K
[4.840s] [01m[K/opt/ros/humble/src/gmock_vendor/include/gmock/gmock-generated-function-mockers.h:599:30:[m[K [01;36m[Knote: [m[Kin expansion of macro â€˜[01m[KGMOCK_METHOD0_[m[Kâ€™
[4.840s]   599 | #define MOCK_METHOD0(m, ...) [01;36m[KGMOCK_METHOD0_[m[K(, , , m, __VA_ARGS__)
[4.840s]       |                              [01;36m[K^~~~~~~~~~~~~~[m[K
[4.840s] [01m[K/home/kargla/robot_movement/src/movement_info/include/movement_info/MockPublisher.hpp:12:5:[m[K [01;36m[Knote: [m[Kin expansion of macro â€˜[01m[KMOCK_METHOD0[m[Kâ€™
[4.840s]    12 |     [01;36m[KMOCK_METHOD0[m[K(void, publish_movement_info());
[4.840s]       |     [01;36m[K^~~~~~~~~~~~[m[K
[4.840s] [01m[K/opt/ros/humble/src/gmock_vendor/include/gmock/gmock-generated-function-mockers.h:149:48:[m[K [01;31m[Kerror: [m[Krequest for member â€˜[01m[KWith[m[Kâ€™ in â€˜[01m[K((MockPublisher*)this)->MockPublisher::gmock0_void_12[m[Kâ€™, which is of non-class type â€˜[01m[Kint[m[Kâ€™
[4.841s]   149 |     return GMOCK_MOCKER_(0, constness, Method).[01;31m[KWith[m[K(); \
[4.841s]       |                                                [01;31m[K^~~~[m[K
[4.841s] [01m[K/opt/ros/humble/src/gmock_vendor/include/gmock/gmock-generated-function-mockers.h:599:30:[m[K [01;36m[Knote: [m[Kin expansion of macro â€˜[01m[KGMOCK_METHOD0_[m[Kâ€™
[4.841s]   599 | #define MOCK_METHOD0(m, ...) [01;36m[KGMOCK_METHOD0_[m[K(, , , m, __VA_ARGS__)
[4.841s]       |                              [01;36m[K^~~~~~~~~~~~~~[m[K
[4.841s] [01m[K/home/kargla/robot_movement/src/movement_info/include/movement_info/MockPublisher.hpp:12:5:[m[K [01;36m[Knote: [m[Kin expansion of macro â€˜[01m[KMOCK_METHOD0[m[Kâ€™
[4.841s]    12 |     [01;36m[KMOCK_METHOD0[m[K(void, publish_movement_info());
[4.841s]       |     [01;36m[K^~~~~~~~~~~~[m[K
[4.842s] In file included from [01m[K/opt/ros/humble/src/gmock_vendor/include/gmock/gmock-generated-function-mockers.h:47[m[K,
[4.842s]                  from [01m[K/opt/ros/humble/src/gmock_vendor/include/gmock/gmock-function-mocker.h:39[m[K,
[4.842s]                  from [01m[K/opt/ros/humble/src/gmock_vendor/include/gmock/gmock.h:61[m[K,
[4.842s]                  from [01m[K/home/kargla/robot_movement/src/movement_info/test/movement_test.cpp:2[m[K:
[4.842s] [01m[K/home/kargla/robot_movement/src/movement_info/test/movement_test.cpp:[m[K In member function â€˜[01m[Kvirtual void MovementTest_MovementInfoPublishingTest_Test::TestBody()[m[Kâ€™:
[4.842s] [01m[K/opt/ros/humble/src/gmock_vendor/include/gmock/gmock-spec-builders.h:1975:16:[m[K [01;31m[Kerror: [m[Kâ€˜[01m[Kclass MockPublisher[m[Kâ€™ has no member named â€˜[01m[Kgmock_publish_movement_info[m[Kâ€™; did you mean â€˜[01m[Kpublish_movement_info[m[Kâ€™?
[4.842s]  1975 |   ((mock_expr).[01;31m[Kgmock_[m[K##call)(::testing::internal::GetWithoutMatchers(), \
[4.843s]       |                [01;31m[K^~~~~~[m[K
[4.843s] [01m[K/opt/ros/humble/src/gmock_vendor/include/gmock/gmock-spec-builders.h:1983:3:[m[K [01;36m[Knote: [m[Kin expansion of macro â€˜[01m[KGMOCK_ON_CALL_IMPL_[m[Kâ€™
[4.843s]  1983 |   [01;36m[KGMOCK_ON_CALL_IMPL_[m[K(obj, InternalExpectedAt, call)
[4.843s]       |   [01;36m[K^~~~~~~~~~~~~~~~~~~[m[K
[4.843s] [01m[K/home/kargla/robot_movement/src/movement_info/test/movement_test.cpp:59:5:[m[K [01;36m[Knote: [m[Kin expansion of macro â€˜[01m[KEXPECT_CALL[m[Kâ€™
[4.843s]    59 |     [01;36m[KEXPECT_CALL[m[K(mockPublisher, publish_movement_info()).Times(1);
[4.843s]       |     [01;36m[K^~~~~~~~~~~[m[K
[6.077s] gmake[2]: *** [CMakeFiles/movement_info_movement_gmock.dir/build.make:76: CMakeFiles/movement_info_movement_gmock.dir/test/movement_test.cpp.o] Error 1
[6.078s] gmake[1]: *** [CMakeFiles/Makefile2:264: CMakeFiles/movement_info_movement_gmock.dir/all] Error 2
[6.078s] gmake[1]: *** Waiting for unfinished jobs....
[6.079s] gmake[2]: *** [CMakeFiles/movement_info_movement_gtest.dir/build.make:76: CMakeFiles/movement_info_movement_gtest.dir/test/movement_test.cpp.o] Error 1
[6.079s] gmake[1]: *** [CMakeFiles/Makefile2:235: CMakeFiles/movement_info_movement_gtest.dir/all] Error 2
[6.079s] gmake: *** [Makefile:146: all] Error 2
[6.083s] Invoked command in '/home/kargla/robot_movement/build/movement_info' returned '2': CMAKE_PREFIX_PATH=${CMAKE_PREFIX_PATH}:/opt/ros/humble /usr/bin/cmake --build /home/kargla/robot_movement/build/movement_info -- -j12 -l12
