[0.000000] (-) TimerEvent: {}
[0.000252] (movement_info) JobQueued: {'identifier': 'movement_info', 'dependencies': OrderedDict([('movement_info', '/home/kargla/robot_movement/install/movement_info')])}
[0.000300] (movement_info_msgs) JobQueued: {'identifier': 'movement_info_msgs', 'dependencies': OrderedDict([('movement_info_msgs', '/home/kargla/robot_movement/install/movement_info_msgs')])}
[0.000326] (movement_info) JobStarted: {'identifier': 'movement_info'}
[0.007902] (movement_info_msgs) JobStarted: {'identifier': 'movement_info_msgs'}
[0.051116] (movement_info) Command: {'cmd': ['/usr/bin/ctest', '-C', 'Release', '-D', 'ExperimentalTest', '--no-compress-output', '-V', '--force-new-ctest-process'], 'cwd': '/home/kargla/robot_movement/build/movement_info', 'env': OrderedDict([('LESSOPEN', '| /usr/bin/lesspipe %s'), ('USER', 'kargla'), ('LC_TIME', 'pl_PL.UTF-8'), ('XDG_SESSION_TYPE', 'wayland'), ('SHLVL', '1'), ('LD_LIBRARY_PATH', '/opt/ros/humble/opt/rviz_ogre_vendor/lib:/opt/ros/humble/lib/x86_64-linux-gnu:/opt/ros/humble/lib'), ('HOME', '/home/kargla'), ('OLDPWD', '/home/kargla'), ('DESKTOP_SESSION', 'ubuntu'), ('ROS_PYTHON_VERSION', '3'), ('GNOME_SHELL_SESSION_MODE', 'ubuntu'), ('GTK_MODULES', 'gail:atk-bridge'), ('LC_MONETARY', 'pl_PL.UTF-8'), ('SYSTEMD_EXEC_PID', '3457'), ('DBUS_SESSION_BUS_ADDRESS', 'unix:path=/run/user/1000/bus'), ('COLORTERM', 'truecolor'), ('IM_CONFIG_PHASE', '1'), ('WAYLAND_DISPLAY', 'wayland-0'), ('ROS_DISTRO', 'humble'), ('LOGNAME', 'kargla'), ('_', '/usr/bin/colcon'), ('ROS_VERSION', '2'), ('XDG_SESSION_CLASS', 'user'), ('USERNAME', 'kargla'), ('TERM', 'xterm-256color'), ('GNOME_DESKTOP_SESSION_ID', 'this-is-deprecated'), ('ROS_LOCALHOST_ONLY', '0'), ('PATH', '/opt/ros/humble/bin:/home/kargla/.local/bin:/usr/local/sbin:/usr/local/bin:/usr/sbin:/usr/bin:/sbin:/bin:/usr/games:/usr/local/games:/snap/bin:/snap/bin'), ('SESSION_MANAGER', 'local/kargla-ideapad:@/tmp/.ICE-unix/3414,unix/kargla-ideapad:/tmp/.ICE-unix/3414'), ('XDG_MENU_PREFIX', 'gnome-'), ('LC_ADDRESS', 'pl_PL.UTF-8'), ('GNOME_TERMINAL_SCREEN', '/org/gnome/Terminal/screen/5d9f1769_7dc9_4d92_9211_e9671ddd237a'), ('GNOME_SETUP_DISPLAY', ':1'), ('XDG_RUNTIME_DIR', '/run/user/1000'), ('DISPLAY', ':0'), ('LANG', 'en_US.UTF-8'), ('XDG_CURRENT_DESKTOP', 'ubuntu:GNOME'), ('LC_TELEPHONE', 'pl_PL.UTF-8'), ('XMODIFIERS', '@im=ibus'), ('XDG_SESSION_DESKTOP', 'ubuntu'), ('XAUTHORITY', '/run/user/1000/.mutter-Xwaylandauth.RTKXZ2'), ('LS_COLORS', 'rs=0:di=01;34:ln=01;36:mh=00:pi=40;33:so=01;35:do=01;35:bd=40;33;01:cd=40;33;01:or=40;31;01:mi=00:su=37;41:sg=30;43:ca=30;41:tw=30;42:ow=34;42:st=37;44:ex=01;32:*.tar=01;31:*.tgz=01;31:*.arc=01;31:*.arj=01;31:*.taz=01;31:*.lha=01;31:*.lz4=01;31:*.lzh=01;31:*.lzma=01;31:*.tlz=01;31:*.txz=01;31:*.tzo=01;31:*.t7z=01;31:*.zip=01;31:*.z=01;31:*.dz=01;31:*.gz=01;31:*.lrz=01;31:*.lz=01;31:*.lzo=01;31:*.xz=01;31:*.zst=01;31:*.tzst=01;31:*.bz2=01;31:*.bz=01;31:*.tbz=01;31:*.tbz2=01;31:*.tz=01;31:*.deb=01;31:*.rpm=01;31:*.jar=01;31:*.war=01;31:*.ear=01;31:*.sar=01;31:*.rar=01;31:*.alz=01;31:*.ace=01;31:*.zoo=01;31:*.cpio=01;31:*.7z=01;31:*.rz=01;31:*.cab=01;31:*.wim=01;31:*.swm=01;31:*.dwm=01;31:*.esd=01;31:*.jpg=01;35:*.jpeg=01;35:*.mjpg=01;35:*.mjpeg=01;35:*.gif=01;35:*.bmp=01;35:*.pbm=01;35:*.pgm=01;35:*.ppm=01;35:*.tga=01;35:*.xbm=01;35:*.xpm=01;35:*.tif=01;35:*.tiff=01;35:*.png=01;35:*.svg=01;35:*.svgz=01;35:*.mng=01;35:*.pcx=01;35:*.mov=01;35:*.mpg=01;35:*.mpeg=01;35:*.m2v=01;35:*.mkv=01;35:*.webm=01;35:*.webp=01;35:*.ogm=01;35:*.mp4=01;35:*.m4v=01;35:*.mp4v=01;35:*.vob=01;35:*.qt=01;35:*.nuv=01;35:*.wmv=01;35:*.asf=01;35:*.rm=01;35:*.rmvb=01;35:*.flc=01;35:*.avi=01;35:*.fli=01;35:*.flv=01;35:*.gl=01;35:*.dl=01;35:*.xcf=01;35:*.xwd=01;35:*.yuv=01;35:*.cgm=01;35:*.emf=01;35:*.ogv=01;35:*.ogx=01;35:*.aac=00;36:*.au=00;36:*.flac=00;36:*.m4a=00;36:*.mid=00;36:*.midi=00;36:*.mka=00;36:*.mp3=00;36:*.mpc=00;36:*.ogg=00;36:*.ra=00;36:*.wav=00;36:*.oga=00;36:*.opus=00;36:*.spx=00;36:*.xspf=00;36:'), ('GNOME_TERMINAL_SERVICE', ':1.106'), ('SSH_AGENT_LAUNCHER', 'gnome-keyring'), ('SSH_AUTH_SOCK', '/run/user/1000/keyring/ssh'), ('AMENT_PREFIX_PATH', '/home/kargla/robot_movement/install/movement_info:/opt/ros/humble'), ('SHELL', '/bin/bash'), ('LC_NAME', 'pl_PL.UTF-8'), ('QT_ACCESSIBILITY', '1'), ('GDMSESSION', 'ubuntu'), ('LESSCLOSE', '/usr/bin/lesspipe %s %s'), ('LC_MEASUREMENT', 'pl_PL.UTF-8'), ('LC_IDENTIFICATION', 'pl_PL.UTF-8'), ('QT_IM_MODULE', 'ibus'), ('PWD', '/home/kargla/robot_movement/build/movement_info'), ('XDG_CONFIG_DIRS', '/etc/xdg/xdg-ubuntu:/etc/xdg'), ('XDG_DATA_DIRS', '/usr/share/ubuntu:/usr/local/share/:/usr/share/:/var/lib/snapd/desktop'), ('PYTHONPATH', '/opt/ros/humble/lib/python3.10/site-packages:/opt/ros/humble/local/lib/python3.10/dist-packages'), ('LC_NUMERIC', 'pl_PL.UTF-8'), ('LC_PAPER', 'pl_PL.UTF-8'), ('COLCON', '1'), ('VTE_VERSION', '6800'), ('CMAKE_PREFIX_PATH', '/home/kargla/robot_movement/install/movement_info')]), 'shell': False}
[0.058554] (movement_info_msgs) JobEnded: {'identifier': 'movement_info_msgs', 'rc': 0}
[0.066732] (movement_info) StdoutLine: {'line': b'UpdateCTestConfiguration  from :/home/kargla/robot_movement/build/movement_info/CTestConfiguration.ini\n'}
[0.067234] (movement_info) StdoutLine: {'line': b'Parse Config file:/home/kargla/robot_movement/build/movement_info/CTestConfiguration.ini\n'}
[0.067456] (movement_info) StdoutLine: {'line': b'   Site: kargla-ideapad\n'}
[0.067619] (movement_info) StdoutLine: {'line': b'   Build name: (empty)\n'}
[0.067744] (movement_info) StdoutLine: {'line': b' Add coverage exclude regular expressions.\n'}
[0.068057] (movement_info) StdoutLine: {'line': b'Create new tag: 20250102-1417 - Experimental\n'}
[0.068193] (movement_info) StdoutLine: {'line': b'UpdateCTestConfiguration  from :/home/kargla/robot_movement/build/movement_info/CTestConfiguration.ini\n'}
[0.068254] (movement_info) StdoutLine: {'line': b'Parse Config file:/home/kargla/robot_movement/build/movement_info/CTestConfiguration.ini\n'}
[0.068309] (movement_info) StdoutLine: {'line': b'Test project /home/kargla/robot_movement/build/movement_info\n'}
[0.068361] (movement_info) StdoutLine: {'line': b'Constructing a list of tests\n'}
[0.068416] (movement_info) StdoutLine: {'line': b'Done constructing a list of tests\n'}
[0.068469] (movement_info) StdoutLine: {'line': b'Updating test list for fixtures\n'}
[0.068547] (movement_info) StdoutLine: {'line': b'Added 0 tests to meet fixture requirements\n'}
[0.068603] (movement_info) StdoutLine: {'line': b'Checking test dependency graph...\n'}
[0.068657] (movement_info) StdoutLine: {'line': b'Checking test dependency graph end\n'}
[0.068710] (movement_info) StdoutLine: {'line': b'test 1\n'}
[0.068763] (movement_info) StdoutLine: {'line': b'    Start 1: movement_info_movement_gtest\n'}
[0.068816] (movement_info) StdoutLine: {'line': b'\n'}
[0.068868] (movement_info) StdoutLine: {'line': b'1: Test command: /usr/bin/python3 "-u" "/opt/ros/humble/share/ament_cmake_test/cmake/run_test.py" "/home/kargla/robot_movement/build/movement_info/test_results/movement_info/movement_info_movement_gtest.gtest.xml" "--package-name" "movement_info" "--output-file" "/home/kargla/robot_movement/build/movement_info/ament_cmake_gtest/movement_info_movement_gtest.txt" "--command" "/home/kargla/robot_movement/build/movement_info/movement_info_movement_gtest" "--gtest_output=xml:/home/kargla/robot_movement/build/movement_info/test_results/movement_info/movement_info_movement_gtest.gtest.xml"\n'}
[0.068927] (movement_info) StdoutLine: {'line': b'1: Test timeout computed to be: 60\n'}
[0.101015] (-) TimerEvent: {}
[0.144403] (movement_info) StdoutLine: {'line': b"1: -- run_test.py: invoking following command in '/home/kargla/robot_movement/build/movement_info':\n"}
[0.144841] (movement_info) StdoutLine: {'line': b'1:  - /home/kargla/robot_movement/build/movement_info/movement_info_movement_gtest --gtest_output=xml:/home/kargla/robot_movement/build/movement_info/test_results/movement_info/movement_info_movement_gtest.gtest.xml\n'}
[0.174891] (movement_info) StdoutLine: {'line': b'1: [==========] Running 3 tests from 2 test suites.\n'}
[0.175407] (movement_info) StdoutLine: {'line': b'1: [----------] Global test environment set-up.\n'}
[0.175550] (movement_info) StdoutLine: {'line': b'1: [----------] 2 tests from MovementTest\n'}
[0.175610] (movement_info) StdoutLine: {'line': b'1: [ RUN      ] MovementTest.HeadingDeterminationTest\n'}
[0.195372] (movement_info) StdoutLine: {'line': b"1: [INFO] [1735827444.530317931] [movement]: Direction treshold: '0.100000'\n"}
[0.195850] (movement_info) StdoutLine: {'line': b"1: [INFO] [1735827444.530498386] [movement]: Heading treshold: '0.100000'\n"}
[0.195972] (movement_info) StdoutLine: {'line': b"1: [INFO] [1735827444.530516823] [movement]: Movement topic: '/movement_info'\n"}
[0.196089] (movement_info) StdoutLine: {'line': b"1: [INFO] [1735827444.530531279] [movement]: Odometry topic: '/diff_drive/odom'\n"}
[0.196196] (movement_info) StdoutLine: {'line': b"1: [INFO] [1735827444.530545037] [movement]: Velocity topic: '/diff_drive/cmd_vel'\n"}
[0.199842] (movement_info) StdoutLine: {'line': b'1: unknown file: Failure\n'}
[0.200105] (movement_info) StdoutLine: {'line': b'1: C++ exception with description "could not create publisher: Type support not from this implementation. Got:\n'}
[0.200171] (movement_info) StdoutLine: {'line': b"1:     Handle's typesupport identifier (rosidl_typesupport_cpp) is not supported by this library, at ./src/type_support_dispatch.hpp:111\n"}
[0.200229] (movement_info) StdoutLine: {'line': b'1:     Could not load library libmovement_info_msgs__rosidl_typesupport_fastrtps_cpp.so: dlopen error: libmovement_info_msgs__rosidl_typesupport_fastrtps_cpp.so: cannot open shared object file: No such file or directory, at ./src/shared_library.c:99, at ./src/type_support_dispatch.hpp:76\n'}
[0.200287] (movement_info) StdoutLine: {'line': b'1: while fetching it, at ./src/publisher.cpp:119, at ./src/rcl/publisher.c:116" thrown in the test body.\n'}
[0.200340] (movement_info) StdoutLine: {'line': b'1: [  FAILED  ] MovementTest.HeadingDeterminationTest (26 ms)\n'}
[0.200399] (movement_info) StdoutLine: {'line': b'1: [ RUN      ] MovementTest.MovementInfoPublishingTest\n'}
[0.201081] (-) TimerEvent: {}
[0.206187] (movement_info) StdoutLine: {'line': b"1: [INFO] [1735827444.541063693] [movement]: Direction treshold: '0.100000'\n"}
[0.206659] (movement_info) StdoutLine: {'line': b"1: [INFO] [1735827444.541189607] [movement]: Heading treshold: '0.100000'\n"}
[0.206790] (movement_info) StdoutLine: {'line': b"1: [INFO] [1735827444.541208602] [movement]: Movement topic: '/movement_info'\n"}
[0.206901] (movement_info) StdoutLine: {'line': b"1: [INFO] [1735827444.541222499] [movement]: Odometry topic: '/diff_drive/odom'\n"}
[0.207049] (movement_info) StdoutLine: {'line': b"1: [INFO] [1735827444.541236606] [movement]: Velocity topic: '/diff_drive/cmd_vel'\n"}
[0.209055] (movement_info) StdoutLine: {'line': b'1: unknown file: Failure\n'}
[0.209394] (movement_info) StdoutLine: {'line': b'1: C++ exception with description "could not create publisher: Type support not from this implementation. Got:\n'}
[0.209465] (movement_info) StdoutLine: {'line': b"1:     Handle's typesupport identifier (rosidl_typesupport_cpp) is not supported by this library, at ./src/type_support_dispatch.hpp:111\n"}
[0.209560] (movement_info) StdoutLine: {'line': b'1:     Could not load library libmovement_info_msgs__rosidl_typesupport_fastrtps_cpp.so: dlopen error: libmovement_info_msgs__rosidl_typesupport_fastrtps_cpp.so: cannot open shared object file: No such file or directory, at ./src/shared_library.c:99, at ./src/type_support_dispatch.hpp:76\n'}
[0.209672] (movement_info) StdoutLine: {'line': b'1: while fetching it, at ./src/publisher.cpp:119, at ./src/rcl/publisher.c:116" thrown in the test body.\n'}
[0.209741] (movement_info) StdoutLine: {'line': b'1: [  FAILED  ] MovementTest.MovementInfoPublishingTest (9 ms)\n'}
[0.209807] (movement_info) StdoutLine: {'line': b'1: [----------] 2 tests from MovementTest (35 ms total)\n'}
[0.209876] (movement_info) StdoutLine: {'line': b'1: \n'}
[0.209939] (movement_info) StdoutLine: {'line': b'1: [----------] 1 test from MovementTEST\n'}
[0.210004] (movement_info) StdoutLine: {'line': b'1: [ RUN      ] MovementTEST.DirectionDeterminationTest\n'}
[0.213674] (movement_info) StdoutLine: {'line': b"1: [INFO] [1735827444.548912599] [movement]: Direction treshold: '0.100000'\n"}
[0.213926] (movement_info) StdoutLine: {'line': b"1: [INFO] [1735827444.548971750] [movement]: Heading treshold: '0.100000'\n"}
[0.214051] (movement_info) StdoutLine: {'line': b"1: [INFO] [1735827444.548987463] [movement]: Movement topic: '/movement_info'\n"}
[0.214167] (movement_info) StdoutLine: {'line': b"1: [INFO] [1735827444.549002268] [movement]: Odometry topic: '/diff_drive/odom'\n"}
[0.214279] (movement_info) StdoutLine: {'line': b"1: [INFO] [1735827444.549016515] [movement]: Velocity topic: '/diff_drive/cmd_vel'\n"}
[0.216072] (movement_info) StdoutLine: {'line': b'1: unknown file: Failure\n'}
[0.216171] (movement_info) StdoutLine: {'line': b'1: C++ exception with description "could not create publisher: Type support not from this implementation. Got:\n'}
[0.216232] (movement_info) StdoutLine: {'line': b"1:     Handle's typesupport identifier (rosidl_typesupport_cpp) is not supported by this library, at ./src/type_support_dispatch.hpp:111\n"}
[0.216297] (movement_info) StdoutLine: {'line': b'1:     Could not load library libmovement_info_msgs__rosidl_typesupport_fastrtps_cpp.so: dlopen error: libmovement_info_msgs__rosidl_typesupport_fastrtps_cpp.so: cannot open shared object file: No such file or directory, at ./src/shared_library.c:99, at ./src/type_support_dispatch.hpp:76\n'}
[0.216379] (movement_info) StdoutLine: {'line': b'1: while fetching it, at ./src/publisher.cpp:119, at ./src/rcl/publisher.c:116" thrown in the test body.\n'}
[0.216568] (movement_info) StdoutLine: {'line': b'1: [  FAILED  ] MovementTEST.DirectionDeterminationTest (7 ms)\n'}
[0.216641] (movement_info) StdoutLine: {'line': b'1: [----------] 1 test from MovementTEST (7 ms total)\n'}
[0.216697] (movement_info) StdoutLine: {'line': b'1: \n'}
[0.216751] (movement_info) StdoutLine: {'line': b'1: [----------] Global test environment tear-down\n'}
[0.216804] (movement_info) StdoutLine: {'line': b'1: [==========] 3 tests from 2 test suites ran. (42 ms total)\n'}
[0.216856] (movement_info) StdoutLine: {'line': b'1: [  PASSED  ] 0 tests.\n'}
[0.216908] (movement_info) StdoutLine: {'line': b'1: [  FAILED  ] 3 tests, listed below:\n'}
[0.216962] (movement_info) StdoutLine: {'line': b'1: [  FAILED  ] MovementTest.HeadingDeterminationTest\n'}
[0.217015] (movement_info) StdoutLine: {'line': b'1: [  FAILED  ] MovementTest.MovementInfoPublishingTest\n'}
[0.217069] (movement_info) StdoutLine: {'line': b'1: [  FAILED  ] MovementTEST.DirectionDeterminationTest\n'}
[0.217121] (movement_info) StdoutLine: {'line': b'1: \n'}
[0.217173] (movement_info) StdoutLine: {'line': b'1:  3 FAILED TESTS\n'}
[0.301292] (-) TimerEvent: {}
[0.323110] (movement_info) StdoutLine: {'line': b'1: -- run_test.py: return code 1\n'}
[0.323682] (movement_info) StdoutLine: {'line': b"1: -- run_test.py: inject classname prefix into gtest result file '/home/kargla/robot_movement/build/movement_info/test_results/movement_info/movement_info_movement_gtest.gtest.xml'\n"}
[0.323820] (movement_info) StdoutLine: {'line': b"1: -- run_test.py: verify result file '/home/kargla/robot_movement/build/movement_info/test_results/movement_info/movement_info_movement_gtest.gtest.xml'\n"}
[0.340306] (movement_info) StdoutLine: {'line': b'1/2 Test #1: movement_info_movement_gtest .....***Failed    0.27 sec\n'}
[0.340895] (movement_info) StdoutLine: {'line': b'test 2\n'}
[0.340998] (movement_info) StdoutLine: {'line': b'    Start 2: movement_info_movement_gmock\n'}
[0.341070] (movement_info) StdoutLine: {'line': b'\n'}
[0.341141] (movement_info) StdoutLine: {'line': b'2: Test command: /usr/bin/python3 "-u" "/opt/ros/humble/share/ament_cmake_test/cmake/run_test.py" "/home/kargla/robot_movement/build/movement_info/test_results/movement_info/movement_info_movement_gmock.gtest.xml" "--package-name" "movement_info" "--output-file" "/home/kargla/robot_movement/build/movement_info/ament_cmake_gmock/movement_info_movement_gmock.txt" "--command" "/home/kargla/robot_movement/build/movement_info/movement_info_movement_gmock" "--gtest_output=xml:/home/kargla/robot_movement/build/movement_info/test_results/movement_info/movement_info_movement_gmock.gtest.xml"\n'}
[0.341237] (movement_info) StdoutLine: {'line': b'2: Test timeout computed to be: 60\n'}
[0.401542] (-) TimerEvent: {}
[0.415066] (movement_info) StdoutLine: {'line': b"2: -- run_test.py: invoking following command in '/home/kargla/robot_movement/build/movement_info':\n"}
[0.415533] (movement_info) StdoutLine: {'line': b'2:  - /home/kargla/robot_movement/build/movement_info/movement_info_movement_gmock --gtest_output=xml:/home/kargla/robot_movement/build/movement_info/test_results/movement_info/movement_info_movement_gmock.gtest.xml\n'}
[0.432103] (movement_info) StdoutLine: {'line': b'2: [==========] Running 3 tests from 2 test suites.\n'}
[0.432530] (movement_info) StdoutLine: {'line': b'2: [----------] Global test environment set-up.\n'}
[0.432668] (movement_info) StdoutLine: {'line': b'2: [----------] 2 tests from MovementTest\n'}
[0.432782] (movement_info) StdoutLine: {'line': b'2: [ RUN      ] MovementTest.HeadingDeterminationTest\n'}
[0.448315] (movement_info) StdoutLine: {'line': b"2: [INFO] [1735827444.783180992] [movement]: Direction treshold: '0.100000'\n"}
[0.448943] (movement_info) StdoutLine: {'line': b"2: [INFO] [1735827444.783496161] [movement]: Heading treshold: '0.100000'\n"}
[0.449173] (movement_info) StdoutLine: {'line': b"2: [INFO] [1735827444.783512363] [movement]: Movement topic: '/movement_info'\n"}
[0.449356] (movement_info) StdoutLine: {'line': b"2: [INFO] [1735827444.783524794] [movement]: Odometry topic: '/diff_drive/odom'\n"}
[0.449596] (movement_info) StdoutLine: {'line': b"2: [INFO] [1735827444.783537783] [movement]: Velocity topic: '/diff_drive/cmd_vel'\n"}
[0.454185] (movement_info) StdoutLine: {'line': b'2: unknown file: Failure\n'}
[0.454500] (movement_info) StdoutLine: {'line': b'2: C++ exception with description "could not create publisher: Type support not from this implementation. Got:\n'}
[0.454573] (movement_info) StdoutLine: {'line': b"2:     Handle's typesupport identifier (rosidl_typesupport_cpp) is not supported by this library, at ./src/type_support_dispatch.hpp:111\n"}
[0.454656] (movement_info) StdoutLine: {'line': b'2:     Could not load library libmovement_info_msgs__rosidl_typesupport_fastrtps_cpp.so: dlopen error: libmovement_info_msgs__rosidl_typesupport_fastrtps_cpp.so: cannot open shared object file: No such file or directory, at ./src/shared_library.c:99, at ./src/type_support_dispatch.hpp:76\n'}
[0.454716] (movement_info) StdoutLine: {'line': b'2: while fetching it, at ./src/publisher.cpp:119, at ./src/rcl/publisher.c:116" thrown in the test body.\n'}
[0.454771] (movement_info) StdoutLine: {'line': b'2: [  FAILED  ] MovementTest.HeadingDeterminationTest (22 ms)\n'}
[0.454825] (movement_info) StdoutLine: {'line': b'2: [ RUN      ] MovementTest.MovementInfoPublishingTest\n'}
[0.460521] (movement_info) StdoutLine: {'line': b"2: [INFO] [1735827444.795649532] [movement]: Direction treshold: '0.100000'\n"}
[0.460871] (movement_info) StdoutLine: {'line': b"2: [INFO] [1735827444.795733753] [movement]: Heading treshold: '0.100000'\n"}
[0.460953] (movement_info) StdoutLine: {'line': b"2: [INFO] [1735827444.795748838] [movement]: Movement topic: '/movement_info'\n"}
[0.461009] (movement_info) StdoutLine: {'line': b"2: [INFO] [1735827444.795761827] [movement]: Odometry topic: '/diff_drive/odom'\n"}
[0.461079] (movement_info) StdoutLine: {'line': b"2: [INFO] [1735827444.795775515] [movement]: Velocity topic: '/diff_drive/cmd_vel'\n"}
[0.464737] (movement_info) StdoutLine: {'line': b'2: unknown file: Failure\n'}
[0.465130] (movement_info) StdoutLine: {'line': b'2: C++ exception with description "could not create publisher: Type support not from this implementation. Got:\n'}
[0.465263] (movement_info) StdoutLine: {'line': b"2:     Handle's typesupport identifier (rosidl_typesupport_cpp) is not supported by this library, at ./src/type_support_dispatch.hpp:111\n"}
[0.465337] (movement_info) StdoutLine: {'line': b'2:     Could not load library libmovement_info_msgs__rosidl_typesupport_fastrtps_cpp.so: dlopen error: libmovement_info_msgs__rosidl_typesupport_fastrtps_cpp.so: cannot open shared object file: No such file or directory, at ./src/shared_library.c:99, at ./src/type_support_dispatch.hpp:76\n'}
[0.465394] (movement_info) StdoutLine: {'line': b'2: while fetching it, at ./src/publisher.cpp:119, at ./src/rcl/publisher.c:116" thrown in the test body.\n'}
[0.465446] (movement_info) StdoutLine: {'line': b'2: [  FAILED  ] MovementTest.MovementInfoPublishingTest (10 ms)\n'}
[0.465508] (movement_info) StdoutLine: {'line': b'2: [----------] 2 tests from MovementTest (32 ms total)\n'}
[0.465572] (movement_info) StdoutLine: {'line': b'2: \n'}
[0.465628] (movement_info) StdoutLine: {'line': b'2: [----------] 1 test from MovementTEST\n'}
[0.465689] (movement_info) StdoutLine: {'line': b'2: [ RUN      ] MovementTEST.DirectionDeterminationTest\n'}
[0.474963] (movement_info) StdoutLine: {'line': b"2: [INFO] [1735827444.806298501] [movement]: Direction treshold: '0.100000'\n"}
[0.475386] (movement_info) StdoutLine: {'line': b"2: [INFO] [1735827444.806392989] [movement]: Heading treshold: '0.100000'\n"}
[0.475466] (movement_info) StdoutLine: {'line': b"2: [INFO] [1735827444.806409680] [movement]: Movement topic: '/movement_info'\n"}
[0.475564] (movement_info) StdoutLine: {'line': b"2: [INFO] [1735827444.806424345] [movement]: Odometry topic: '/diff_drive/odom'\n"}
[0.475636] (movement_info) StdoutLine: {'line': b"2: [INFO] [1735827444.806438662] [movement]: Velocity topic: '/diff_drive/cmd_vel'\n"}
[0.485056] (movement_info) StdoutLine: {'line': b'2: unknown file: Failure\n'}
[0.485799] (movement_info) StdoutLine: {'line': b'2: C++ exception with description "could not create publisher: Type support not from this implementation. Got:\n'}
[0.486072] (movement_info) StdoutLine: {'line': b"2:     Handle's typesupport identifier (rosidl_typesupport_cpp) is not supported by this library, at ./src/type_support_dispatch.hpp:111\n"}
[0.486168] (movement_info) StdoutLine: {'line': b'2:     Could not load library libmovement_info_msgs__rosidl_typesupport_fastrtps_cpp.so: dlopen error: libmovement_info_msgs__rosidl_typesupport_fastrtps_cpp.so: cannot open shared object file: No such file or directory, at ./src/shared_library.c:99, at ./src/type_support_dispatch.hpp:76\n'}
[0.486320] (movement_info) StdoutLine: {'line': b'2: while fetching it, at ./src/publisher.cpp:119, at ./src/rcl/publisher.c:116" thrown in the test body.\n'}
[0.486417] (movement_info) StdoutLine: {'line': b'2: [  FAILED  ] MovementTEST.DirectionDeterminationTest (19 ms)\n'}
[0.486535] (movement_info) StdoutLine: {'line': b'2: [----------] 1 test from MovementTEST (19 ms total)\n'}
[0.486638] (movement_info) StdoutLine: {'line': b'2: \n'}
[0.486711] (movement_info) StdoutLine: {'line': b'2: [----------] Global test environment tear-down\n'}
[0.486777] (movement_info) StdoutLine: {'line': b'2: [==========] 3 tests from 2 test suites ran. (51 ms total)\n'}
[0.486844] (movement_info) StdoutLine: {'line': b'2: [  PASSED  ] 0 tests.\n'}
[0.486915] (movement_info) StdoutLine: {'line': b'2: [  FAILED  ] 3 tests, listed below:\n'}
[0.486995] (movement_info) StdoutLine: {'line': b'2: [  FAILED  ] MovementTest.HeadingDeterminationTest\n'}
[0.487073] (movement_info) StdoutLine: {'line': b'2: [  FAILED  ] MovementTest.MovementInfoPublishingTest\n'}
[0.487145] (movement_info) StdoutLine: {'line': b'2: [  FAILED  ] MovementTEST.DirectionDeterminationTest\n'}
[0.487229] (movement_info) StdoutLine: {'line': b'2: \n'}
[0.490964] (movement_info) StdoutLine: {'line': b'2:  3 FAILED TESTS\n'}
[0.504701] (-) TimerEvent: {}
[0.590836] (movement_info) StdoutLine: {'line': b'2: -- run_test.py: return code 1\n'}
[0.591182] (movement_info) StdoutLine: {'line': b"2: -- run_test.py: inject classname prefix into gtest result file '/home/kargla/robot_movement/build/movement_info/test_results/movement_info/movement_info_movement_gmock.gtest.xml'\n"}
[0.591273] (movement_info) StdoutLine: {'line': b"2: -- run_test.py: verify result file '/home/kargla/robot_movement/build/movement_info/test_results/movement_info/movement_info_movement_gmock.gtest.xml'\n"}
[0.604902] (-) TimerEvent: {}
[0.614756] (movement_info) StdoutLine: {'line': b'2/2 Test #2: movement_info_movement_gmock .....***Failed    0.27 sec\n'}
[0.615255] (movement_info) StdoutLine: {'line': b'\n'}
[0.615526] (movement_info) StdoutLine: {'line': b'0% tests passed\x1b[0;0m, \x1b[0;31m2 tests failed\x1b[0;0m out of 2\n'}
[0.615747] (movement_info) StdoutLine: {'line': b'\n'}
[0.615910] (movement_info) StdoutLine: {'line': b'Label Time Summary:\n'}
[0.616068] (movement_info) StdoutLine: {'line': b'gmock    =   0.27 sec*proc (1 test)\n'}
[0.616349] (movement_info) StdoutLine: {'line': b'gtest    =   0.27 sec*proc (1 test)\n'}
[0.616464] (movement_info) StdoutLine: {'line': b'\n'}
[0.616601] (movement_info) StdoutLine: {'line': b'Total Test time (real) =   0.55 sec\n'}
[0.616712] (movement_info) StdoutLine: {'line': b'\n'}
[0.616819] (movement_info) StdoutLine: {'line': b'The following tests FAILED:\n'}
[0.616926] (movement_info) StdoutLine: {'line': b'\t\x1b[0;31m  1 - movement_info_movement_gtest (Failed)\x1b[0;0m\n'}
[0.617058] (movement_info) StdoutLine: {'line': b'\t\x1b[0;31m  2 - movement_info_movement_gmock (Failed)\x1b[0;0m\n'}
[0.618187] (movement_info) StderrLine: {'line': b'Errors while running CTest\n'}
[0.618321] (movement_info) StderrLine: {'line': b'Output from these tests are in: /home/kargla/robot_movement/build/movement_info/Testing/Temporary/LastTest.log\n'}
[0.618381] (movement_info) StderrLine: {'line': b'Use "--rerun-failed --output-on-failure" to re-run the failed cases verbosely.\n'}
[0.623611] (movement_info) CommandEnded: {'returncode': 8}
[0.624361] (movement_info) TestFailure: {'identifier': 'movement_info'}
[0.624394] (movement_info) JobEnded: {'identifier': 'movement_info', 'rc': 0}
[0.625893] (-) EventReactorShutdown: {}
