[0.025s] Invoking command in '/home/kargla/robot_movement/build/movement_info': CMAKE_PREFIX_PATH=/home/kargla/robot_movement/install/movement_info:/home/kargla/robot_movement/install/movement_info_msgs /usr/bin/ctest -C Release -D ExperimentalTest --no-compress-output -V --force-new-ctest-process
[0.032s] UpdateCTestConfiguration  from :/home/kargla/robot_movement/build/movement_info/CTestConfiguration.ini
[0.033s] Parse Config file:/home/kargla/robot_movement/build/movement_info/CTestConfiguration.ini
[0.033s]    Site: kargla-ideapad
[0.033s]    Build name: (empty)
[0.033s]  Add coverage exclude regular expressions.
[0.033s] Create new tag: 20250102-1627 - Experimental
[0.033s] UpdateCTestConfiguration  from :/home/kargla/robot_movement/build/movement_info/CTestConfiguration.ini
[0.033s] Parse Config file:/home/kargla/robot_movement/build/movement_info/CTestConfiguration.ini
[0.033s] Test project /home/kargla/robot_movement/build/movement_info
[0.033s] Constructing a list of tests
[0.033s] Done constructing a list of tests
[0.033s] Updating test list for fixtures
[0.033s] Added 0 tests to meet fixture requirements
[0.033s] Checking test dependency graph...
[0.034s] Checking test dependency graph end
[0.034s] test 1
[0.034s]     Start 1: movement_info_movement_gtest
[0.034s] 
[0.034s] 1: Test command: /usr/bin/python3 "-u" "/opt/ros/humble/share/ament_cmake_test/cmake/run_test.py" "/home/kargla/robot_movement/build/movement_info/test_results/movement_info/movement_info_movement_gtest.gtest.xml" "--package-name" "movement_info" "--output-file" "/home/kargla/robot_movement/build/movement_info/ament_cmake_gtest/movement_info_movement_gtest.txt" "--command" "/home/kargla/robot_movement/build/movement_info/movement_info_movement_gtest" "--gtest_output=xml:/home/kargla/robot_movement/build/movement_info/test_results/movement_info/movement_info_movement_gtest.gtest.xml"
[0.034s] 1: Test timeout computed to be: 60
[0.086s] 1: -- run_test.py: invoking following command in '/home/kargla/robot_movement/build/movement_info':
[0.086s] 1:  - /home/kargla/robot_movement/build/movement_info/movement_info_movement_gtest --gtest_output=xml:/home/kargla/robot_movement/build/movement_info/test_results/movement_info/movement_info_movement_gtest.gtest.xml
[0.098s] 1: [==========] Running 3 tests from 2 test suites.
[0.098s] 1: [----------] Global test environment set-up.
[0.098s] 1: [----------] 2 tests from MovementTest
[0.099s] 1: [ RUN      ] MovementTest.HeadingDeterminationTest
[0.108s] 1: [INFO] [1735835238.086725435] [movement]: Direction treshold: '0.100000'
[0.108s] 1: [INFO] [1735835238.086843679] [movement]: Heading treshold: '0.100000'
[0.109s] 1: [INFO] [1735835238.086856879] [movement]: Movement topic: '/movement_info'
[0.109s] 1: [INFO] [1735835238.086868403] [movement]: Odometry topic: '/diff_drive/odom'
[0.109s] 1: [INFO] [1735835238.086879159] [movement]: Velocity topic: '/diff_drive/cmd_vel'
[0.114s] 1: [       OK ] MovementTest.HeadingDeterminationTest (15 ms)
[0.114s] 1: [ RUN      ] MovementTest.MovementInfoPublishingTest
[0.120s] 1: /home/kargla/robot_movement/src/movement_info/test/movement_test.cpp:68: Failure
[0.120s] 1: Expected equality of these values:
[0.120s] 1:   msg.heading
[0.121s] 1:     Which is: "straight"
[0.121s] 1:   movement_info_msgs::msg::MovementInfo::FORWARD
[0.121s] 1:     Which is: "forward"
[0.127s] 1: [  FAILED  ] MovementTest.MovementInfoPublishingTest (13 ms)
[0.127s] 1: [----------] 2 tests from MovementTest (28 ms total)
[0.127s] 1: 
[0.127s] 1: [----------] 1 test from MovementTEST
[0.127s] 1: [ RUN      ] MovementTEST.DirectionDeterminationTest
[0.132s] 1: [INFO] [1735835238.110849850] [movement]: Direction treshold: '0.100000'
[0.132s] 1: [INFO] [1735835238.110910054] [movement]: Heading treshold: '0.100000'
[0.132s] 1: [INFO] [1735835238.110922905] [movement]: Movement topic: '/movement_info'
[0.132s] 1: [INFO] [1735835238.110934429] [movement]: Odometry topic: '/diff_drive/odom'
[0.133s] 1: [INFO] [1735835238.110946233] [movement]: Velocity topic: '/diff_drive/cmd_vel'
[0.139s] 1: [       OK ] MovementTEST.DirectionDeterminationTest (12 ms)
[0.139s] 1: [----------] 1 test from MovementTEST (12 ms total)
[0.139s] 1: 
[0.139s] 1: [----------] Global test environment tear-down
[0.139s] 1: [==========] 3 tests from 2 test suites ran. (41 ms total)
[0.139s] 1: [  PASSED  ] 2 tests.
[0.139s] 1: [  FAILED  ] 1 test, listed below:
[0.139s] 1: [  FAILED  ] MovementTest.MovementInfoPublishingTest
[0.139s] 1: 
[0.139s] 1:  1 FAILED TEST
[0.245s] 1: -- run_test.py: return code 1
[0.245s] 1: -- run_test.py: inject classname prefix into gtest result file '/home/kargla/robot_movement/build/movement_info/test_results/movement_info/movement_info_movement_gtest.gtest.xml'
[0.245s] 1: -- run_test.py: verify result file '/home/kargla/robot_movement/build/movement_info/test_results/movement_info/movement_info_movement_gtest.gtest.xml'
[0.256s] 1/2 Test #1: movement_info_movement_gtest .....***Failed    0.22 sec
[0.256s] test 2
[0.256s]     Start 2: movement_info_movement_gmock
[0.256s] 
[0.256s] 2: Test command: /usr/bin/python3 "-u" "/opt/ros/humble/share/ament_cmake_test/cmake/run_test.py" "/home/kargla/robot_movement/build/movement_info/test_results/movement_info/movement_info_movement_gmock.gtest.xml" "--package-name" "movement_info" "--output-file" "/home/kargla/robot_movement/build/movement_info/ament_cmake_gmock/movement_info_movement_gmock.txt" "--command" "/home/kargla/robot_movement/build/movement_info/movement_info_movement_gmock" "--gtest_output=xml:/home/kargla/robot_movement/build/movement_info/test_results/movement_info/movement_info_movement_gmock.gtest.xml"
[0.257s] 2: Test timeout computed to be: 60
[0.318s] 2: -- run_test.py: invoking following command in '/home/kargla/robot_movement/build/movement_info':
[0.318s] 2:  - /home/kargla/robot_movement/build/movement_info/movement_info_movement_gmock --gtest_output=xml:/home/kargla/robot_movement/build/movement_info/test_results/movement_info/movement_info_movement_gmock.gtest.xml
[0.330s] 2: [==========] Running 3 tests from 2 test suites.
[0.331s] 2: [----------] Global test environment set-up.
[0.331s] 2: [----------] 2 tests from MovementTest
[0.331s] 2: [ RUN      ] MovementTest.HeadingDeterminationTest
[0.343s] 2: [INFO] [1735835238.321940187] [movement]: Direction treshold: '0.100000'
[0.343s] 2: [INFO] [1735835238.322077009] [movement]: Heading treshold: '0.100000'
[0.344s] 2: [INFO] [1735835238.322090209] [movement]: Movement topic: '/movement_info'
[0.344s] 2: [INFO] [1735835238.322100755] [movement]: Odometry topic: '/diff_drive/odom'
[0.344s] 2: [INFO] [1735835238.322111022] [movement]: Velocity topic: '/diff_drive/cmd_vel'
[0.348s] 2: [       OK ] MovementTest.HeadingDeterminationTest (19 ms)
[0.348s] 2: [ RUN      ] MovementTest.MovementInfoPublishingTest
[0.356s] 2: /home/kargla/robot_movement/src/movement_info/test/movement_test.cpp:68: Failure
[0.356s] 2: Expected equality of these values:
[0.356s] 2:   msg.heading
[0.356s] 2:     Which is: "straight"
[0.356s] 2:   movement_info_msgs::msg::MovementInfo::FORWARD
[0.357s] 2:     Which is: "forward"
[0.358s] 2: [  FAILED  ] MovementTest.MovementInfoPublishingTest (10 ms)
[0.358s] 2: [----------] 2 tests from MovementTest (29 ms total)
[0.358s] 2: 
[0.358s] 2: [----------] 1 test from MovementTEST
[0.358s] 2: [ RUN      ] MovementTEST.DirectionDeterminationTest
[0.362s] 2: [INFO] [1735835238.340652759] [movement]: Direction treshold: '0.100000'
[0.362s] 2: [INFO] [1735835238.340700462] [movement]: Heading treshold: '0.100000'
[0.362s] 2: [INFO] [1735835238.340712824] [movement]: Movement topic: '/movement_info'
[0.362s] 2: [INFO] [1735835238.340723929] [movement]: Odometry topic: '/diff_drive/odom'
[0.363s] 2: [INFO] [1735835238.340734754] [movement]: Velocity topic: '/diff_drive/cmd_vel'
[0.367s] 2: [       OK ] MovementTEST.DirectionDeterminationTest (7 ms)
[0.367s] 2: [----------] 1 test from MovementTEST (7 ms total)
[0.367s] 2: 
[0.368s] 2: [----------] Global test environment tear-down
[0.368s] 2: [==========] 3 tests from 2 test suites ran. (36 ms total)
[0.368s] 2: [  PASSED  ] 2 tests.
[0.368s] 2: [  FAILED  ] 1 test, listed below:
[0.368s] 2: [  FAILED  ] MovementTest.MovementInfoPublishingTest
[0.368s] 2: 
[0.368s] 2:  1 FAILED TEST
[0.472s] 2: -- run_test.py: return code 1
[0.472s] 2: -- run_test.py: inject classname prefix into gtest result file '/home/kargla/robot_movement/build/movement_info/test_results/movement_info/movement_info_movement_gmock.gtest.xml'
[0.473s] 2: -- run_test.py: verify result file '/home/kargla/robot_movement/build/movement_info/test_results/movement_info/movement_info_movement_gmock.gtest.xml'
[0.490s] 2/2 Test #2: movement_info_movement_gmock .....***Failed    0.23 sec
[0.490s] 
[0.490s] 0% tests passed[0;0m, [0;31m2 tests failed[0;0m out of 2
[0.490s] 
[0.490s] Label Time Summary:
[0.490s] gmock    =   0.23 sec*proc (1 test)
[0.490s] gtest    =   0.22 sec*proc (1 test)
[0.490s] 
[0.490s] Total Test time (real) =   0.46 sec
[0.490s] 
[0.490s] The following tests FAILED:
[0.490s] 	[0;31m  1 - movement_info_movement_gtest (Failed)[0;0m
[0.491s] 	[0;31m  2 - movement_info_movement_gmock (Failed)[0;0m
[0.496s] Errors while running CTest
[0.496s] Output from these tests are in: /home/kargla/robot_movement/build/movement_info/Testing/Temporary/LastTest.log
[0.496s] Use "--rerun-failed --output-on-failure" to re-run the failed cases verbosely.
[0.497s] Invoked command in '/home/kargla/robot_movement/build/movement_info' returned '8': CMAKE_PREFIX_PATH=/home/kargla/robot_movement/install/movement_info:/home/kargla/robot_movement/install/movement_info_msgs /usr/bin/ctest -C Release -D ExperimentalTest --no-compress-output -V --force-new-ctest-process
