[0.000000] (-) TimerEvent: {}
[0.000189] (movement_info) JobQueued: {'identifier': 'movement_info', 'dependencies': OrderedDict([('movement_info', '/home/kargla/robot_movement/install/movement_info')])}
[0.000229] (movement_info_msgs) JobQueued: {'identifier': 'movement_info_msgs', 'dependencies': OrderedDict([('movement_info_msgs', '/home/kargla/robot_movement/install/movement_info_msgs')])}
[0.000251] (movement_info) JobStarted: {'identifier': 'movement_info'}
[0.006632] (movement_info_msgs) JobStarted: {'identifier': 'movement_info_msgs'}
[0.022581] (movement_info) Command: {'cmd': ['/usr/bin/ctest', '-C', 'Release', '-D', 'ExperimentalTest', '--no-compress-output', '-V', '--force-new-ctest-process'], 'cwd': '/home/kargla/robot_movement/build/movement_info', 'env': OrderedDict([('LESSOPEN', '| /usr/bin/lesspipe %s'), ('USER', 'kargla'), ('LC_TIME', 'pl_PL.UTF-8'), ('XDG_SESSION_TYPE', 'wayland'), ('SHLVL', '1'), ('LD_LIBRARY_PATH', '/home/kargla/robot_movement/install/movement_info_msgs/lib:/opt/ros/humble/opt/rviz_ogre_vendor/lib:/opt/ros/humble/lib/x86_64-linux-gnu:/opt/ros/humble/lib'), ('HOME', '/home/kargla'), ('OLDPWD', '/home/kargla'), ('DESKTOP_SESSION', 'ubuntu'), ('ROS_PYTHON_VERSION', '3'), ('GNOME_SHELL_SESSION_MODE', 'ubuntu'), ('GTK_MODULES', 'gail:atk-bridge'), ('LC_MONETARY', 'pl_PL.UTF-8'), ('SYSTEMD_EXEC_PID', '3457'), ('DBUS_SESSION_BUS_ADDRESS', 'unix:path=/run/user/1000/bus'), ('COLORTERM', 'truecolor'), ('IM_CONFIG_PHASE', '1'), ('WAYLAND_DISPLAY', 'wayland-0'), ('COLCON_PREFIX_PATH', '/home/kargla/robot_movement/install'), ('ROS_DISTRO', 'humble'), ('LOGNAME', 'kargla'), ('_', '/usr/bin/colcon'), ('ROS_VERSION', '2'), ('XDG_SESSION_CLASS', 'user'), ('USERNAME', 'kargla'), ('TERM', 'xterm-256color'), ('GNOME_DESKTOP_SESSION_ID', 'this-is-deprecated'), ('ROS_LOCALHOST_ONLY', '0'), ('PATH', '/opt/ros/humble/bin:/home/kargla/.local/bin:/usr/local/sbin:/usr/local/bin:/usr/sbin:/usr/bin:/sbin:/bin:/usr/games:/usr/local/games:/snap/bin:/snap/bin'), ('SESSION_MANAGER', 'local/kargla-ideapad:@/tmp/.ICE-unix/3414,unix/kargla-ideapad:/tmp/.ICE-unix/3414'), ('XDG_MENU_PREFIX', 'gnome-'), ('LC_ADDRESS', 'pl_PL.UTF-8'), ('GNOME_TERMINAL_SCREEN', '/org/gnome/Terminal/screen/5d9f1769_7dc9_4d92_9211_e9671ddd237a'), ('GNOME_SETUP_DISPLAY', ':1'), ('XDG_RUNTIME_DIR', '/run/user/1000'), ('DISPLAY', ':0'), ('LANG', 'en_US.UTF-8'), ('XDG_CURRENT_DESKTOP', 'ubuntu:GNOME'), ('LC_TELEPHONE', 'pl_PL.UTF-8'), ('XMODIFIERS', '@im=ibus'), ('XDG_SESSION_DESKTOP', 'ubuntu'), ('XAUTHORITY', '/run/user/1000/.mutter-Xwaylandauth.RTKXZ2'), ('LS_COLORS', 'rs=0:di=01;34:ln=01;36:mh=00:pi=40;33:so=01;35:do=01;35:bd=40;33;01:cd=40;33;01:or=40;31;01:mi=00:su=37;41:sg=30;43:ca=30;41:tw=30;42:ow=34;42:st=37;44:ex=01;32:*.tar=01;31:*.tgz=01;31:*.arc=01;31:*.arj=01;31:*.taz=01;31:*.lha=01;31:*.lz4=01;31:*.lzh=01;31:*.lzma=01;31:*.tlz=01;31:*.txz=01;31:*.tzo=01;31:*.t7z=01;31:*.zip=01;31:*.z=01;31:*.dz=01;31:*.gz=01;31:*.lrz=01;31:*.lz=01;31:*.lzo=01;31:*.xz=01;31:*.zst=01;31:*.tzst=01;31:*.bz2=01;31:*.bz=01;31:*.tbz=01;31:*.tbz2=01;31:*.tz=01;31:*.deb=01;31:*.rpm=01;31:*.jar=01;31:*.war=01;31:*.ear=01;31:*.sar=01;31:*.rar=01;31:*.alz=01;31:*.ace=01;31:*.zoo=01;31:*.cpio=01;31:*.7z=01;31:*.rz=01;31:*.cab=01;31:*.wim=01;31:*.swm=01;31:*.dwm=01;31:*.esd=01;31:*.jpg=01;35:*.jpeg=01;35:*.mjpg=01;35:*.mjpeg=01;35:*.gif=01;35:*.bmp=01;35:*.pbm=01;35:*.pgm=01;35:*.ppm=01;35:*.tga=01;35:*.xbm=01;35:*.xpm=01;35:*.tif=01;35:*.tiff=01;35:*.png=01;35:*.svg=01;35:*.svgz=01;35:*.mng=01;35:*.pcx=01;35:*.mov=01;35:*.mpg=01;35:*.mpeg=01;35:*.m2v=01;35:*.mkv=01;35:*.webm=01;35:*.webp=01;35:*.ogm=01;35:*.mp4=01;35:*.m4v=01;35:*.mp4v=01;35:*.vob=01;35:*.qt=01;35:*.nuv=01;35:*.wmv=01;35:*.asf=01;35:*.rm=01;35:*.rmvb=01;35:*.flc=01;35:*.avi=01;35:*.fli=01;35:*.flv=01;35:*.gl=01;35:*.dl=01;35:*.xcf=01;35:*.xwd=01;35:*.yuv=01;35:*.cgm=01;35:*.emf=01;35:*.ogv=01;35:*.ogx=01;35:*.aac=00;36:*.au=00;36:*.flac=00;36:*.m4a=00;36:*.mid=00;36:*.midi=00;36:*.mka=00;36:*.mp3=00;36:*.mpc=00;36:*.ogg=00;36:*.ra=00;36:*.wav=00;36:*.oga=00;36:*.opus=00;36:*.spx=00;36:*.xspf=00;36:'), ('GNOME_TERMINAL_SERVICE', ':1.106'), ('SSH_AGENT_LAUNCHER', 'gnome-keyring'), ('SSH_AUTH_SOCK', '/run/user/1000/keyring/ssh'), ('AMENT_PREFIX_PATH', '/home/kargla/robot_movement/install/movement_info_msgs:/home/kargla/robot_movement/install/movement_info:/opt/ros/humble'), ('SHELL', '/bin/bash'), ('LC_NAME', 'pl_PL.UTF-8'), ('QT_ACCESSIBILITY', '1'), ('GDMSESSION', 'ubuntu'), ('LESSCLOSE', '/usr/bin/lesspipe %s %s'), ('LC_MEASUREMENT', 'pl_PL.UTF-8'), ('LC_IDENTIFICATION', 'pl_PL.UTF-8'), ('QT_IM_MODULE', 'ibus'), ('PWD', '/home/kargla/robot_movement/build/movement_info'), ('XDG_CONFIG_DIRS', '/etc/xdg/xdg-ubuntu:/etc/xdg'), ('XDG_DATA_DIRS', '/usr/share/ubuntu:/usr/local/share/:/usr/share/:/var/lib/snapd/desktop'), ('PYTHONPATH', '/home/kargla/robot_movement/install/movement_info_msgs/local/lib/python3.10/dist-packages:/opt/ros/humble/lib/python3.10/site-packages:/opt/ros/humble/local/lib/python3.10/dist-packages'), ('LC_NUMERIC', 'pl_PL.UTF-8'), ('LC_PAPER', 'pl_PL.UTF-8'), ('COLCON', '1'), ('VTE_VERSION', '6800'), ('CMAKE_PREFIX_PATH', '/home/kargla/robot_movement/install/movement_info:/home/kargla/robot_movement/install/movement_info_msgs')]), 'shell': False}
[0.026219] (movement_info_msgs) JobEnded: {'identifier': 'movement_info_msgs', 'rc': 0}
[0.032493] (movement_info) StdoutLine: {'line': b'UpdateCTestConfiguration  from :/home/kargla/robot_movement/build/movement_info/CTestConfiguration.ini\n'}
[0.032801] (movement_info) StdoutLine: {'line': b'Parse Config file:/home/kargla/robot_movement/build/movement_info/CTestConfiguration.ini\n'}
[0.032946] (movement_info) StdoutLine: {'line': b'   Site: kargla-ideapad\n'}
[0.033026] (movement_info) StdoutLine: {'line': b'   Build name: (empty)\n'}
[0.033116] (movement_info) StdoutLine: {'line': b' Add coverage exclude regular expressions.\n'}
[0.033209] (movement_info) StdoutLine: {'line': b'Create new tag: 20250102-1627 - Experimental\n'}
[0.033281] (movement_info) StdoutLine: {'line': b'UpdateCTestConfiguration  from :/home/kargla/robot_movement/build/movement_info/CTestConfiguration.ini\n'}
[0.033396] (movement_info) StdoutLine: {'line': b'Parse Config file:/home/kargla/robot_movement/build/movement_info/CTestConfiguration.ini\n'}
[0.033451] (movement_info) StdoutLine: {'line': b'Test project /home/kargla/robot_movement/build/movement_info\n'}
[0.033504] (movement_info) StdoutLine: {'line': b'Constructing a list of tests\n'}
[0.033556] (movement_info) StdoutLine: {'line': b'Done constructing a list of tests\n'}
[0.033609] (movement_info) StdoutLine: {'line': b'Updating test list for fixtures\n'}
[0.033663] (movement_info) StdoutLine: {'line': b'Added 0 tests to meet fixture requirements\n'}
[0.033715] (movement_info) StdoutLine: {'line': b'Checking test dependency graph...\n'}
[0.033767] (movement_info) StdoutLine: {'line': b'Checking test dependency graph end\n'}
[0.033817] (movement_info) StdoutLine: {'line': b'test 1\n'}
[0.033870] (movement_info) StdoutLine: {'line': b'    Start 1: movement_info_movement_gtest\n'}
[0.033924] (movement_info) StdoutLine: {'line': b'\n'}
[0.033976] (movement_info) StdoutLine: {'line': b'1: Test command: /usr/bin/python3 "-u" "/opt/ros/humble/share/ament_cmake_test/cmake/run_test.py" "/home/kargla/robot_movement/build/movement_info/test_results/movement_info/movement_info_movement_gtest.gtest.xml" "--package-name" "movement_info" "--output-file" "/home/kargla/robot_movement/build/movement_info/ament_cmake_gtest/movement_info_movement_gtest.txt" "--command" "/home/kargla/robot_movement/build/movement_info/movement_info_movement_gtest" "--gtest_output=xml:/home/kargla/robot_movement/build/movement_info/test_results/movement_info/movement_info_movement_gtest.gtest.xml"\n'}
[0.034034] (movement_info) StdoutLine: {'line': b'1: Test timeout computed to be: 60\n'}
[0.086192] (movement_info) StdoutLine: {'line': b"1: -- run_test.py: invoking following command in '/home/kargla/robot_movement/build/movement_info':\n"}
[0.086494] (movement_info) StdoutLine: {'line': b'1:  - /home/kargla/robot_movement/build/movement_info/movement_info_movement_gtest --gtest_output=xml:/home/kargla/robot_movement/build/movement_info/test_results/movement_info/movement_info_movement_gtest.gtest.xml\n'}
[0.098358] (movement_info) StdoutLine: {'line': b'1: [==========] Running 3 tests from 2 test suites.\n'}
[0.098651] (movement_info) StdoutLine: {'line': b'1: [----------] Global test environment set-up.\n'}
[0.098720] (movement_info) StdoutLine: {'line': b'1: [----------] 2 tests from MovementTest\n'}
[0.098774] (movement_info) StdoutLine: {'line': b'1: [ RUN      ] MovementTest.HeadingDeterminationTest\n'}
[0.099135] (-) TimerEvent: {}
[0.108285] (movement_info) StdoutLine: {'line': b"1: [INFO] [1735835238.086725435] [movement]: Direction treshold: '0.100000'\n"}
[0.108638] (movement_info) StdoutLine: {'line': b"1: [INFO] [1735835238.086843679] [movement]: Heading treshold: '0.100000'\n"}
[0.108772] (movement_info) StdoutLine: {'line': b"1: [INFO] [1735835238.086856879] [movement]: Movement topic: '/movement_info'\n"}
[0.108885] (movement_info) StdoutLine: {'line': b"1: [INFO] [1735835238.086868403] [movement]: Odometry topic: '/diff_drive/odom'\n"}
[0.109001] (movement_info) StdoutLine: {'line': b"1: [INFO] [1735835238.086879159] [movement]: Velocity topic: '/diff_drive/cmd_vel'\n"}
[0.113911] (movement_info) StdoutLine: {'line': b'1: [       OK ] MovementTest.HeadingDeterminationTest (15 ms)\n'}
[0.114184] (movement_info) StdoutLine: {'line': b'1: [ RUN      ] MovementTest.MovementInfoPublishingTest\n'}
[0.120329] (movement_info) StdoutLine: {'line': b'1: /home/kargla/robot_movement/src/movement_info/test/movement_test.cpp:68: Failure\n'}
[0.120613] (movement_info) StdoutLine: {'line': b'1: Expected equality of these values:\n'}
[0.120681] (movement_info) StdoutLine: {'line': b'1:   msg.heading\n'}
[0.120742] (movement_info) StdoutLine: {'line': b'1:     Which is: "straight"\n'}
[0.120807] (movement_info) StdoutLine: {'line': b'1:   movement_info_msgs::msg::MovementInfo::FORWARD\n'}
[0.120873] (movement_info) StdoutLine: {'line': b'1:     Which is: "forward"\n'}
[0.127041] (movement_info) StdoutLine: {'line': b'1: [  FAILED  ] MovementTest.MovementInfoPublishingTest (13 ms)\n'}
[0.127271] (movement_info) StdoutLine: {'line': b'1: [----------] 2 tests from MovementTest (28 ms total)\n'}
[0.127335] (movement_info) StdoutLine: {'line': b'1: \n'}
[0.127401] (movement_info) StdoutLine: {'line': b'1: [----------] 1 test from MovementTEST\n'}
[0.127470] (movement_info) StdoutLine: {'line': b'1: [ RUN      ] MovementTEST.DirectionDeterminationTest\n'}
[0.132205] (movement_info) StdoutLine: {'line': b"1: [INFO] [1735835238.110849850] [movement]: Direction treshold: '0.100000'\n"}
[0.132450] (movement_info) StdoutLine: {'line': b"1: [INFO] [1735835238.110910054] [movement]: Heading treshold: '0.100000'\n"}
[0.132574] (movement_info) StdoutLine: {'line': b"1: [INFO] [1735835238.110922905] [movement]: Movement topic: '/movement_info'\n"}
[0.132685] (movement_info) StdoutLine: {'line': b"1: [INFO] [1735835238.110934429] [movement]: Odometry topic: '/diff_drive/odom'\n"}
[0.132792] (movement_info) StdoutLine: {'line': b"1: [INFO] [1735835238.110946233] [movement]: Velocity topic: '/diff_drive/cmd_vel'\n"}
[0.138896] (movement_info) StdoutLine: {'line': b'1: [       OK ] MovementTEST.DirectionDeterminationTest (12 ms)\n'}
[0.139177] (movement_info) StdoutLine: {'line': b'1: [----------] 1 test from MovementTEST (12 ms total)\n'}
[0.139246] (movement_info) StdoutLine: {'line': b'1: \n'}
[0.139301] (movement_info) StdoutLine: {'line': b'1: [----------] Global test environment tear-down\n'}
[0.139383] (movement_info) StdoutLine: {'line': b'1: [==========] 3 tests from 2 test suites ran. (41 ms total)\n'}
[0.139438] (movement_info) StdoutLine: {'line': b'1: [  PASSED  ] 2 tests.\n'}
[0.139490] (movement_info) StdoutLine: {'line': b'1: [  FAILED  ] 1 test, listed below:\n'}
[0.139542] (movement_info) StdoutLine: {'line': b'1: [  FAILED  ] MovementTest.MovementInfoPublishingTest\n'}
[0.139596] (movement_info) StdoutLine: {'line': b'1: \n'}
[0.139648] (movement_info) StdoutLine: {'line': b'1:  1 FAILED TEST\n'}
[0.199250] (-) TimerEvent: {}
[0.244940] (movement_info) StdoutLine: {'line': b'1: -- run_test.py: return code 1\n'}
[0.245293] (movement_info) StdoutLine: {'line': b"1: -- run_test.py: inject classname prefix into gtest result file '/home/kargla/robot_movement/build/movement_info/test_results/movement_info/movement_info_movement_gtest.gtest.xml'\n"}
[0.245459] (movement_info) StdoutLine: {'line': b"1: -- run_test.py: verify result file '/home/kargla/robot_movement/build/movement_info/test_results/movement_info/movement_info_movement_gtest.gtest.xml'\n"}
[0.256180] (movement_info) StdoutLine: {'line': b'1/2 Test #1: movement_info_movement_gtest .....***Failed    0.22 sec\n'}
[0.256537] (movement_info) StdoutLine: {'line': b'test 2\n'}
[0.256597] (movement_info) StdoutLine: {'line': b'    Start 2: movement_info_movement_gmock\n'}
[0.256649] (movement_info) StdoutLine: {'line': b'\n'}
[0.256698] (movement_info) StdoutLine: {'line': b'2: Test command: /usr/bin/python3 "-u" "/opt/ros/humble/share/ament_cmake_test/cmake/run_test.py" "/home/kargla/robot_movement/build/movement_info/test_results/movement_info/movement_info_movement_gmock.gtest.xml" "--package-name" "movement_info" "--output-file" "/home/kargla/robot_movement/build/movement_info/ament_cmake_gmock/movement_info_movement_gmock.txt" "--command" "/home/kargla/robot_movement/build/movement_info/movement_info_movement_gmock" "--gtest_output=xml:/home/kargla/robot_movement/build/movement_info/test_results/movement_info/movement_info_movement_gmock.gtest.xml"\n'}
[0.256753] (movement_info) StdoutLine: {'line': b'2: Test timeout computed to be: 60\n'}
[0.299361] (-) TimerEvent: {}
[0.317599] (movement_info) StdoutLine: {'line': b"2: -- run_test.py: invoking following command in '/home/kargla/robot_movement/build/movement_info':\n"}
[0.317946] (movement_info) StdoutLine: {'line': b'2:  - /home/kargla/robot_movement/build/movement_info/movement_info_movement_gmock --gtest_output=xml:/home/kargla/robot_movement/build/movement_info/test_results/movement_info/movement_info_movement_gmock.gtest.xml\n'}
[0.330473] (movement_info) StdoutLine: {'line': b'2: [==========] Running 3 tests from 2 test suites.\n'}
[0.330731] (movement_info) StdoutLine: {'line': b'2: [----------] Global test environment set-up.\n'}
[0.330794] (movement_info) StdoutLine: {'line': b'2: [----------] 2 tests from MovementTest\n'}
[0.330848] (movement_info) StdoutLine: {'line': b'2: [ RUN      ] MovementTest.HeadingDeterminationTest\n'}
[0.343446] (movement_info) StdoutLine: {'line': b"2: [INFO] [1735835238.321940187] [movement]: Direction treshold: '0.100000'\n"}
[0.343712] (movement_info) StdoutLine: {'line': b"2: [INFO] [1735835238.322077009] [movement]: Heading treshold: '0.100000'\n"}
[0.343772] (movement_info) StdoutLine: {'line': b"2: [INFO] [1735835238.322090209] [movement]: Movement topic: '/movement_info'\n"}
[0.343826] (movement_info) StdoutLine: {'line': b"2: [INFO] [1735835238.322100755] [movement]: Odometry topic: '/diff_drive/odom'\n"}
[0.343877] (movement_info) StdoutLine: {'line': b"2: [INFO] [1735835238.322111022] [movement]: Velocity topic: '/diff_drive/cmd_vel'\n"}
[0.347779] (movement_info) StdoutLine: {'line': b'2: [       OK ] MovementTest.HeadingDeterminationTest (19 ms)\n'}
[0.347939] (movement_info) StdoutLine: {'line': b'2: [ RUN      ] MovementTest.MovementInfoPublishingTest\n'}
[0.356220] (movement_info) StdoutLine: {'line': b'2: /home/kargla/robot_movement/src/movement_info/test/movement_test.cpp:68: Failure\n'}
[0.356543] (movement_info) StdoutLine: {'line': b'2: Expected equality of these values:\n'}
[0.356614] (movement_info) StdoutLine: {'line': b'2:   msg.heading\n'}
[0.356669] (movement_info) StdoutLine: {'line': b'2:     Which is: "straight"\n'}
[0.356718] (movement_info) StdoutLine: {'line': b'2:   movement_info_msgs::msg::MovementInfo::FORWARD\n'}
[0.356770] (movement_info) StdoutLine: {'line': b'2:     Which is: "forward"\n'}
[0.358032] (movement_info) StdoutLine: {'line': b'2: [  FAILED  ] MovementTest.MovementInfoPublishingTest (10 ms)\n'}
[0.358343] (movement_info) StdoutLine: {'line': b'2: [----------] 2 tests from MovementTest (29 ms total)\n'}
[0.358429] (movement_info) StdoutLine: {'line': b'2: \n'}
[0.358483] (movement_info) StdoutLine: {'line': b'2: [----------] 1 test from MovementTEST\n'}
[0.358536] (movement_info) StdoutLine: {'line': b'2: [ RUN      ] MovementTEST.DirectionDeterminationTest\n'}
[0.362116] (movement_info) StdoutLine: {'line': b"2: [INFO] [1735835238.340652759] [movement]: Direction treshold: '0.100000'\n"}
[0.362416] (movement_info) StdoutLine: {'line': b"2: [INFO] [1735835238.340700462] [movement]: Heading treshold: '0.100000'\n"}
[0.362543] (movement_info) StdoutLine: {'line': b"2: [INFO] [1735835238.340712824] [movement]: Movement topic: '/movement_info'\n"}
[0.362654] (movement_info) StdoutLine: {'line': b"2: [INFO] [1735835238.340723929] [movement]: Odometry topic: '/diff_drive/odom'\n"}
[0.362787] (movement_info) StdoutLine: {'line': b"2: [INFO] [1735835238.340734754] [movement]: Velocity topic: '/diff_drive/cmd_vel'\n"}
[0.367353] (movement_info) StdoutLine: {'line': b'2: [       OK ] MovementTEST.DirectionDeterminationTest (7 ms)\n'}
[0.367597] (movement_info) StdoutLine: {'line': b'2: [----------] 1 test from MovementTEST (7 ms total)\n'}
[0.367665] (movement_info) StdoutLine: {'line': b'2: \n'}
[0.367728] (movement_info) StdoutLine: {'line': b'2: [----------] Global test environment tear-down\n'}
[0.367787] (movement_info) StdoutLine: {'line': b'2: [==========] 3 tests from 2 test suites ran. (36 ms total)\n'}
[0.367847] (movement_info) StdoutLine: {'line': b'2: [  PASSED  ] 2 tests.\n'}
[0.367922] (movement_info) StdoutLine: {'line': b'2: [  FAILED  ] 1 test, listed below:\n'}
[0.367985] (movement_info) StdoutLine: {'line': b'2: [  FAILED  ] MovementTest.MovementInfoPublishingTest\n'}
[0.368046] (movement_info) StdoutLine: {'line': b'2: \n'}
[0.368106] (movement_info) StdoutLine: {'line': b'2:  1 FAILED TEST\n'}
[0.399639] (-) TimerEvent: {}
[0.471846] (movement_info) StdoutLine: {'line': b'2: -- run_test.py: return code 1\n'}
[0.472428] (movement_info) StdoutLine: {'line': b"2: -- run_test.py: inject classname prefix into gtest result file '/home/kargla/robot_movement/build/movement_info/test_results/movement_info/movement_info_movement_gmock.gtest.xml'\n"}
[0.472700] (movement_info) StdoutLine: {'line': b"2: -- run_test.py: verify result file '/home/kargla/robot_movement/build/movement_info/test_results/movement_info/movement_info_movement_gmock.gtest.xml'\n"}
[0.489735] (movement_info) StdoutLine: {'line': b'2/2 Test #2: movement_info_movement_gmock .....***Failed    0.23 sec\n'}
[0.490064] (movement_info) StdoutLine: {'line': b'\n'}
[0.490142] (movement_info) StdoutLine: {'line': b'0% tests passed\x1b[0;0m, \x1b[0;31m2 tests failed\x1b[0;0m out of 2\n'}
[0.490285] (movement_info) StdoutLine: {'line': b'\n'}
[0.490352] (movement_info) StdoutLine: {'line': b'Label Time Summary:\n'}
[0.490408] (movement_info) StdoutLine: {'line': b'gmock    =   0.23 sec*proc (1 test)\n'}
[0.490460] (movement_info) StdoutLine: {'line': b'gtest    =   0.22 sec*proc (1 test)\n'}
[0.490512] (movement_info) StdoutLine: {'line': b'\n'}
[0.490563] (movement_info) StdoutLine: {'line': b'Total Test time (real) =   0.46 sec\n'}
[0.490614] (movement_info) StdoutLine: {'line': b'\n'}
[0.490665] (movement_info) StdoutLine: {'line': b'The following tests FAILED:\n'}
[0.490716] (movement_info) StdoutLine: {'line': b'\t\x1b[0;31m  1 - movement_info_movement_gtest (Failed)\x1b[0;0m\n'}
[0.490768] (movement_info) StdoutLine: {'line': b'\t\x1b[0;31m  2 - movement_info_movement_gmock (Failed)\x1b[0;0m\n'}
[0.495284] (movement_info) StderrLine: {'line': b'Errors while running CTest\n'}
[0.496112] (movement_info) StderrLine: {'line': b'Output from these tests are in: /home/kargla/robot_movement/build/movement_info/Testing/Temporary/LastTest.log\n'}
[0.496215] (movement_info) StderrLine: {'line': b'Use "--rerun-failed --output-on-failure" to re-run the failed cases verbosely.\n'}
[0.497030] (movement_info) CommandEnded: {'returncode': 8}
[0.497435] (movement_info) TestFailure: {'identifier': 'movement_info'}
[0.497474] (movement_info) JobEnded: {'identifier': 'movement_info', 'rc': 0}
[0.498256] (-) EventReactorShutdown: {}
