[35m[1mConsolidate compiler generated dependencies of target movement_info_library[0m
[35m[1mConsolidate compiler generated dependencies of target movement[0m
[ 10%] Built target gtest
[ 20%] Built target gtest_main
[ 35%] Built target gmock
[ 45%] Built target gmock_main
[ 60%] Built target movement_info_library
[ 80%] Built target movement
[35m[1mConsolidate compiler generated dependencies of target movement_info_movement_gmock[0m
[35m[1mConsolidate compiler generated dependencies of target movement_info_movement_gtest[0m
[ 85%] [32mBuilding CXX object CMakeFiles/movement_info_movement_gmock.dir/test/movement_test.cpp.o[0m
[ 90%] [32mBuilding CXX object CMakeFiles/movement_info_movement_gtest.dir/test/movement_test.cpp.o[0m
[01m[K/home/kargla/robot_movement/src/movement_info/test/movement_test.cpp:[m[K In member function â€˜[01m[Kvirtual void MovementTest_MovementInfoPublishingTest_Test::TestBody()[m[Kâ€™:
[01m[K/home/kargla/robot_movement/src/movement_info/test/movement_test.cpp:67:29:[m[K [01;31m[Kerror: [m[Kexpected â€˜[01m[K,[m[Kâ€™ before â€˜[01m[K.[m[Kâ€™ token
   67 |     .WillOnce([mockPublisher[01;31m[K.[m[KgetMessage()]() {
      |                             [01;31m[K^[m[K
      |                             [32m[K,[m[K
[01m[K/home/kargla/robot_movement/src/movement_info/test/movement_test.cpp:67:29:[m[K [01;31m[Kerror: [m[Kexpected identifier before â€˜[01m[K.[m[Kâ€™ token
In file included from [01m[K/opt/ros/humble/src/gtest_vendor/include/gtest/gtest.h:375[m[K,
                 from [01m[K/home/kargla/robot_movement/src/movement_info/test/movement_test.cpp:1[m[K:
[01m[K/home/kargla/robot_movement/src/movement_info/test/movement_test.cpp:[m[K In lambda function:
[01m[K/home/kargla/robot_movement/src/movement_info/test/movement_test.cpp:68:47:[m[K [01;31m[Kerror: [m[Kpassing â€˜[01m[Kconst MockPublisher[m[Kâ€™ as â€˜[01m[Kthis[m[Kâ€™ argument discards qualifiers [[01;31m[K]8;;https://gcc.gnu.org/onlinedocs/gcc/Warning-Options.html#index-fpermissive-fpermissive]8;;[m[K]
   68 |             EXPECT_EQ([01;31m[KmockPublisher.getMessage()[m[K.heading, movement_info_msgs::msg::MovementInfo::STRAIGHT);
      |                       [01;31m[K~~~~~~~~~~~~~~~~~~~~~~~~^~[m[K
In file included from [01m[K/home/kargla/robot_movement/src/movement_info/include/movement_info/movement.hpp:9[m[K,
                 from [01m[K/home/kargla/robot_movement/src/movement_info/test/movement_test.cpp:3[m[K:
[01m[K/home/kargla/robot_movement/src/movement_info/include/movement_info/movement_interface.hpp:13:43:[m[K [01;36m[Knote: [m[K  in call to â€˜[01m[Kmovement_info_msgs::msg::MovementInfo MovementInterface::getMessage()[m[Kâ€™
   13 |     movement_info_msgs::msg::MovementInfo [01;36m[KgetMessage[m[K();
      |                                           [01;36m[K^~~~~~~~~~[m[K
In file included from [01m[K/opt/ros/humble/src/gtest_vendor/include/gtest/gtest.h:375[m[K,
                 from [01m[K/home/kargla/robot_movement/src/movement_info/test/movement_test.cpp:1[m[K:
[01m[K/home/kargla/robot_movement/src/movement_info/test/movement_test.cpp:69:47:[m[K [01;31m[Kerror: [m[Kpassing â€˜[01m[Kconst MockPublisher[m[Kâ€™ as â€˜[01m[Kthis[m[Kâ€™ argument discards qualifiers [[01;31m[K]8;;https://gcc.gnu.org/onlinedocs/gcc/Warning-Options.html#index-fpermissive-fpermissive]8;;[m[K]
   69 |             EXPECT_EQ([01;31m[KmockPublisher.getMessage()[m[K.movement, movement_info_msgs::msg::MovementInfo::FORWARD);
      |                       [01;31m[K~~~~~~~~~~~~~~~~~~~~~~~~^~[m[K
In file included from [01m[K/home/kargla/robot_movement/src/movement_info/include/movement_info/movement.hpp:9[m[K,
                 from [01m[K/home/kargla/robot_movement/src/movement_info/test/movement_test.cpp:3[m[K:
[01m[K/home/kargla/robot_movement/src/movement_info/include/movement_info/movement_interface.hpp:13:43:[m[K [01;36m[Knote: [m[K  in call to â€˜[01m[Kmovement_info_msgs::msg::MovementInfo MovementInterface::getMessage()[m[Kâ€™
   13 |     movement_info_msgs::msg::MovementInfo [01;36m[KgetMessage[m[K();
      |                                           [01;36m[K^~~~~~~~~~[m[K
[01m[K/home/kargla/robot_movement/src/movement_info/test/movement_test.cpp:[m[K In member function â€˜[01m[Kvirtual void MovementTest_MovementInfoPublishingTest_Test::TestBody()[m[Kâ€™:
[01m[K/home/kargla/robot_movement/src/movement_info/test/movement_test.cpp:67:15:[m[K [01;31m[Kerror: [m[Kuse of deleted function â€˜[01m[KMockPublisher::MockPublisher(const MockPublisher&)[m[Kâ€™
   67 |     .WillOnce([01;31m[K[mockPublisher.getMessage()]() {[m[K
      |               [01;31m[K^~~~~~~~~~~~~~~~~~~~~~~~~~~~~~~~[m[K
   68 | [01;31m[K            EXPECT_EQ(mockPublisher.getMessage().heading, movement_info_msgs::msg::MovementInfo::STRAIGHT);[m[K
      |             [01;31m[K~~~~~~~~~~~~~~~~~~~~~~~~~~~~~~~~~~~~~~~~~~~~~~~~~~~~~~~~~~~~~~~~~~~~~~~~~~~~~~~~~~~~~~~~~~~~~~~[m[K
   69 | [01;31m[K            EXPECT_EQ(mockPublisher.getMessage().movement, movement_info_msgs::msg::MovementInfo::FORWARD);[m[K
      |             [01;31m[K~~~~~~~~~~~~~~~~~~~~~~~~~~~~~~~~~~~~~~~~~~~~~~~~~~~~~~~~~~~~~~~~~~~~~~~~~~~~~~~~~~~~~~~~~~~~~~~[m[K
   70 | [01;31m[K        }[m[K);
      |         [01;31m[K~[m[K      
In file included from [01m[K/home/kargla/robot_movement/src/movement_info/test/movement_test.cpp:5[m[K:
[01m[K/home/kargla/robot_movement/src/movement_info/include/movement_info/MockPublisher.hpp:7:7:[m[K [01;36m[Knote: [m[Kâ€˜[01m[KMockPublisher::MockPublisher(const MockPublisher&)[m[Kâ€™ is implicitly deleted because the default definition would be ill-formed:
    7 | class [01;36m[KMockPublisher[m[K : public MovementInterface
      |       [01;36m[K^~~~~~~~~~~~~[m[K
[01m[K/home/kargla/robot_movement/src/movement_info/include/movement_info/MockPublisher.hpp:7:7:[m[K [01;31m[Kerror: [m[Kuse of deleted function â€˜[01m[KMovementInterface::MovementInterface(const MovementInterface&)[m[Kâ€™
In file included from [01m[K/home/kargla/robot_movement/src/movement_info/include/movement_info/movement.hpp:9[m[K,
                 from [01m[K/home/kargla/robot_movement/src/movement_info/test/movement_test.cpp:3[m[K:
[01m[K/home/kargla/robot_movement/src/movement_info/include/movement_info/movement_interface.hpp:7:7:[m[K [01;36m[Knote: [m[Kâ€˜[01m[KMovementInterface::MovementInterface(const MovementInterface&)[m[Kâ€™ is implicitly deleted because the default definition would be ill-formed:
    7 | class [01;36m[KMovementInterface[m[K : public rclcpp::Node
      |       [01;36m[K^~~~~~~~~~~~~~~~~[m[K
[01m[K/home/kargla/robot_movement/src/movement_info/include/movement_info/movement_interface.hpp:7:7:[m[K [01;31m[Kerror: [m[Kuse of deleted function â€˜[01m[Krclcpp::Node::Node(const rclcpp::Node&)[m[Kâ€™
In file included from [01m[K/opt/ros/humble/include/rclcpp/rclcpp/context.hpp:35[m[K,
                 from [01m[K/opt/ros/humble/include/rclcpp/rclcpp/executor.hpp:34[m[K,
                 from [01m[K/opt/ros/humble/include/rclcpp/rclcpp/executors/multi_threaded_executor.hpp:25[m[K,
                 from [01m[K/opt/ros/humble/include/rclcpp/rclcpp/executors.hpp:21[m[K,
                 from [01m[K/opt/ros/humble/include/rclcpp/rclcpp/rclcpp.hpp:155[m[K,
                 from [01m[K/home/kargla/robot_movement/src/movement_info/include/movement_info/movement.hpp:4[m[K,
                 from [01m[K/home/kargla/robot_movement/src/movement_info/test/movement_test.cpp:3[m[K:
[01m[K/opt/ros/humble/include/rclcpp/rclcpp/node.hpp:1299:3:[m[K [01;36m[Knote: [m[Kdeclared here
 1299 |   [01;36m[KRCLCPP_DISABLE_COPY[m[K(Node)
      |   [01;36m[K^~~~~~~~~~~~~~~~~~~[m[K
In file included from [01m[K/home/kargla/robot_movement/src/movement_info/test/movement_test.cpp:5[m[K:
[01m[K/home/kargla/robot_movement/src/movement_info/include/movement_info/MockPublisher.hpp:7:7:[m[K [01;31m[Kerror: [m[Kuse of deleted function â€˜[01m[Ktesting::internal::FunctionMocker<R(Args ...)>::FunctionMocker(const testing::internal::FunctionMocker<R(Args ...)>&) [with R = void; Args = {}][m[Kâ€™
    7 | class [01;31m[KMockPublisher[m[K : public MovementInterface
      |       [01;31m[K^~~~~~~~~~~~~[m[K
In file included from [01m[K/opt/ros/humble/src/gmock_vendor/include/gmock/gmock-generated-function-mockers.h:47[m[K,
                 from [01m[K/opt/ros/humble/src/gmock_vendor/include/gmock/gmock-function-mocker.h:39[m[K,
                 from [01m[K/opt/ros/humble/src/gmock_vendor/include/gmock/gmock.h:61[m[K,
                 from [01m[K/home/kargla/robot_movement/src/movement_info/test/movement_test.cpp:2[m[K:
[01m[K/opt/ros/humble/src/gmock_vendor/include/gmock/gmock-spec-builders.h:1483:3:[m[K [01;36m[Knote: [m[Kdeclared here
 1483 |   [01;36m[KFunctionMocker[m[K(const FunctionMocker&) = delete;
      |   [01;36m[K^~~~~~~~~~~~~~[m[K
[01m[K/home/kargla/robot_movement/src/movement_info/test/movement_test.cpp:[m[K In member function â€˜[01m[Kvirtual void MovementTest_MovementInfoPublishingTest_Test::TestBody()[m[Kâ€™:
[01m[K/home/kargla/robot_movement/src/movement_info/test/movement_test.cpp:67:29:[m[K [01;31m[Kerror: [m[Kexpected â€˜[01m[K,[m[Kâ€™ before â€˜[01m[K.[m[Kâ€™ token
   67 |     .WillOnce([mockPublisher[01;31m[K.[m[KgetMessage()]() {
      |                             [01;31m[K^[m[K
      |                             [32m[K,[m[K
[01m[K/home/kargla/robot_movement/src/movement_info/test/movement_test.cpp:67:29:[m[K [01;31m[Kerror: [m[Kexpected identifier before â€˜[01m[K.[m[Kâ€™ token
In file included from [01m[K/opt/ros/humble/src/gtest_vendor/include/gtest/gtest.h:375[m[K,
                 from [01m[K/home/kargla/robot_movement/src/movement_info/test/movement_test.cpp:1[m[K:
[01m[K/home/kargla/robot_movement/src/movement_info/test/movement_test.cpp:[m[K In lambda function:
[01m[K/home/kargla/robot_movement/src/movement_info/test/movement_test.cpp:68:47:[m[K [01;31m[Kerror: [m[Kpassing â€˜[01m[Kconst MockPublisher[m[Kâ€™ as â€˜[01m[Kthis[m[Kâ€™ argument discards qualifiers [[01;31m[K]8;;https://gcc.gnu.org/onlinedocs/gcc/Warning-Options.html#index-fpermissive-fpermissive]8;;[m[K]
   68 |             EXPECT_EQ([01;31m[KmockPublisher.getMessage()[m[K.heading, movement_info_msgs::msg::MovementInfo::STRAIGHT);
      |                       [01;31m[K~~~~~~~~~~~~~~~~~~~~~~~~^~[m[K
In file included from [01m[K/home/kargla/robot_movement/src/movement_info/include/movement_info/movement.hpp:9[m[K,
                 from [01m[K/home/kargla/robot_movement/src/movement_info/test/movement_test.cpp:3[m[K:
[01m[K/home/kargla/robot_movement/src/movement_info/include/movement_info/movement_interface.hpp:13:43:[m[K [01;36m[Knote: [m[K  in call to â€˜[01m[Kmovement_info_msgs::msg::MovementInfo MovementInterface::getMessage()[m[Kâ€™
   13 |     movement_info_msgs::msg::MovementInfo [01;36m[KgetMessage[m[K();
      |                                           [01;36m[K^~~~~~~~~~[m[K
In file included from [01m[K/opt/ros/humble/src/gtest_vendor/include/gtest/gtest.h:375[m[K,
                 from [01m[K/home/kargla/robot_movement/src/movement_info/test/movement_test.cpp:1[m[K:
[01m[K/home/kargla/robot_movement/src/movement_info/test/movement_test.cpp:69:47:[m[K [01;31m[Kerror: [m[Kpassing â€˜[01m[Kconst MockPublisher[m[Kâ€™ as â€˜[01m[Kthis[m[Kâ€™ argument discards qualifiers [[01;31m[K]8;;https://gcc.gnu.org/onlinedocs/gcc/Warning-Options.html#index-fpermissive-fpermissive]8;;[m[K]
   69 |             EXPECT_EQ([01;31m[KmockPublisher.getMessage()[m[K.movement, movement_info_msgs::msg::MovementInfo::FORWARD);
      |                       [01;31m[K~~~~~~~~~~~~~~~~~~~~~~~~^~[m[K
In file included from [01m[K/home/kargla/robot_movement/src/movement_info/include/movement_info/movement.hpp:9[m[K,
                 from [01m[K/home/kargla/robot_movement/src/movement_info/test/movement_test.cpp:3[m[K:
[01m[K/home/kargla/robot_movement/src/movement_info/include/movement_info/movement_interface.hpp:13:43:[m[K [01;36m[Knote: [m[K  in call to â€˜[01m[Kmovement_info_msgs::msg::MovementInfo MovementInterface::getMessage()[m[Kâ€™
   13 |     movement_info_msgs::msg::MovementInfo [01;36m[KgetMessage[m[K();
      |                                           [01;36m[K^~~~~~~~~~[m[K
[01m[K/home/kargla/robot_movement/src/movement_info/test/movement_test.cpp:[m[K In member function â€˜[01m[Kvirtual void MovementTest_MovementInfoPublishingTest_Test::TestBody()[m[Kâ€™:
[01m[K/home/kargla/robot_movement/src/movement_info/test/movement_test.cpp:67:15:[m[K [01;31m[Kerror: [m[Kuse of deleted function â€˜[01m[KMockPublisher::MockPublisher(const MockPublisher&)[m[Kâ€™
   67 |     .WillOnce([01;31m[K[mockPublisher.getMessage()]() {[m[K
      |               [01;31m[K^~~~~~~~~~~~~~~~~~~~~~~~~~~~~~~~[m[K
   68 | [01;31m[K            EXPECT_EQ(mockPublisher.getMessage().heading, movement_info_msgs::msg::MovementInfo::STRAIGHT);[m[K
      |             [01;31m[K~~~~~~~~~~~~~~~~~~~~~~~~~~~~~~~~~~~~~~~~~~~~~~~~~~~~~~~~~~~~~~~~~~~~~~~~~~~~~~~~~~~~~~~~~~~~~~~[m[K
   69 | [01;31m[K            EXPECT_EQ(mockPublisher.getMessage().movement, movement_info_msgs::msg::MovementInfo::FORWARD);[m[K
      |             [01;31m[K~~~~~~~~~~~~~~~~~~~~~~~~~~~~~~~~~~~~~~~~~~~~~~~~~~~~~~~~~~~~~~~~~~~~~~~~~~~~~~~~~~~~~~~~~~~~~~~[m[K
   70 | [01;31m[K        }[m[K);
      |         [01;31m[K~[m[K      
In file included from [01m[K/home/kargla/robot_movement/src/movement_info/test/movement_test.cpp:5[m[K:
[01m[K/home/kargla/robot_movement/src/movement_info/include/movement_info/MockPublisher.hpp:7:7:[m[K [01;36m[Knote: [m[Kâ€˜[01m[KMockPublisher::MockPublisher(const MockPublisher&)[m[Kâ€™ is implicitly deleted because the default definition would be ill-formed:
    7 | class [01;36m[KMockPublisher[m[K : public MovementInterface
      |       [01;36m[K^~~~~~~~~~~~~[m[K
[01m[K/home/kargla/robot_movement/src/movement_info/include/movement_info/MockPublisher.hpp:7:7:[m[K [01;31m[Kerror: [m[Kuse of deleted function â€˜[01m[KMovementInterface::MovementInterface(const MovementInterface&)[m[Kâ€™
In file included from [01m[K/home/kargla/robot_movement/src/movement_info/include/movement_info/movement.hpp:9[m[K,
                 from [01m[K/home/kargla/robot_movement/src/movement_info/test/movement_test.cpp:3[m[K:
[01m[K/home/kargla/robot_movement/src/movement_info/include/movement_info/movement_interface.hpp:7:7:[m[K [01;36m[Knote: [m[Kâ€˜[01m[KMovementInterface::MovementInterface(const MovementInterface&)[m[Kâ€™ is implicitly deleted because the default definition would be ill-formed:
    7 | class [01;36m[KMovementInterface[m[K : public rclcpp::Node
      |       [01;36m[K^~~~~~~~~~~~~~~~~[m[K
[01m[K/home/kargla/robot_movement/src/movement_info/include/movement_info/movement_interface.hpp:7:7:[m[K [01;31m[Kerror: [m[Kuse of deleted function â€˜[01m[Krclcpp::Node::Node(const rclcpp::Node&)[m[Kâ€™
In file included from [01m[K/opt/ros/humble/include/rclcpp/rclcpp/context.hpp:35[m[K,
                 from [01m[K/opt/ros/humble/include/rclcpp/rclcpp/executor.hpp:34[m[K,
                 from [01m[K/opt/ros/humble/include/rclcpp/rclcpp/executors/multi_threaded_executor.hpp:25[m[K,
                 from [01m[K/opt/ros/humble/include/rclcpp/rclcpp/executors.hpp:21[m[K,
                 from [01m[K/opt/ros/humble/include/rclcpp/rclcpp/rclcpp.hpp:155[m[K,
                 from [01m[K/home/kargla/robot_movement/src/movement_info/include/movement_info/movement.hpp:4[m[K,
                 from [01m[K/home/kargla/robot_movement/src/movement_info/test/movement_test.cpp:3[m[K:
[01m[K/opt/ros/humble/include/rclcpp/rclcpp/node.hpp:1299:3:[m[K [01;36m[Knote: [m[Kdeclared here
 1299 |   [01;36m[KRCLCPP_DISABLE_COPY[m[K(Node)
      |   [01;36m[K^~~~~~~~~~~~~~~~~~~[m[K
In file included from [01m[K/home/kargla/robot_movement/src/movement_info/test/movement_test.cpp:5[m[K:
[01m[K/home/kargla/robot_movement/src/movement_info/include/movement_info/MockPublisher.hpp:7:7:[m[K [01;31m[Kerror: [m[Kuse of deleted function â€˜[01m[Ktesting::internal::FunctionMocker<R(Args ...)>::FunctionMocker(const testing::internal::FunctionMocker<R(Args ...)>&) [with R = void; Args = {}][m[Kâ€™
    7 | class [01;31m[KMockPublisher[m[K : public MovementInterface
      |       [01;31m[K^~~~~~~~~~~~~[m[K
In file included from [01m[K/opt/ros/humble/src/gmock_vendor/include/gmock/gmock-generated-function-mockers.h:47[m[K,
                 from [01m[K/opt/ros/humble/src/gmock_vendor/include/gmock/gmock-function-mocker.h:39[m[K,
                 from [01m[K/opt/ros/humble/src/gmock_vendor/include/gmock/gmock.h:61[m[K,
                 from [01m[K/home/kargla/robot_movement/src/movement_info/test/movement_test.cpp:2[m[K:
[01m[K/opt/ros/humble/src/gmock_vendor/include/gmock/gmock-spec-builders.h:1483:3:[m[K [01;36m[Knote: [m[Kdeclared here
 1483 |   [01;36m[KFunctionMocker[m[K(const FunctionMocker&) = delete;
      |   [01;36m[K^~~~~~~~~~~~~~[m[K
gmake[2]: *** [CMakeFiles/movement_info_movement_gmock.dir/build.make:76: CMakeFiles/movement_info_movement_gmock.dir/test/movement_test.cpp.o] Error 1
gmake[1]: *** [CMakeFiles/Makefile2:264: CMakeFiles/movement_info_movement_gmock.dir/all] Error 2
gmake[1]: *** Waiting for unfinished jobs....
gmake[2]: *** [CMakeFiles/movement_info_movement_gtest.dir/build.make:76: CMakeFiles/movement_info_movement_gtest.dir/test/movement_test.cpp.o] Error 1
gmake[1]: *** [CMakeFiles/Makefile2:235: CMakeFiles/movement_info_movement_gtest.dir/all] Error 2
gmake: *** [Makefile:146: all] Error 2
