[0.017s] Invoking command in '/home/kargla/robot_movement/build/movement_info': CMAKE_PREFIX_PATH=${CMAKE_PREFIX_PATH}:/opt/ros/humble /usr/bin/cmake --build /home/kargla/robot_movement/build/movement_info -- -j12 -l12
[0.068s] [35m[1mConsolidate compiler generated dependencies of target movement_info_library[0m
[0.070s] [35m[1mConsolidate compiler generated dependencies of target movement[0m
[0.094s] [ 10%] Built target gtest
[0.096s] [ 20%] Built target gtest_main
[0.096s] [ 35%] Built target gmock
[0.097s] [ 45%] Built target gmock_main
[0.106s] [ 60%] Built target movement_info_library
[0.112s] [ 80%] Built target movement
[0.137s] [35m[1mConsolidate compiler generated dependencies of target movement_info_movement_gmock[0m
[0.140s] [35m[1mConsolidate compiler generated dependencies of target movement_info_movement_gtest[0m
[0.168s] [ 85%] [32mBuilding CXX object CMakeFiles/movement_info_movement_gmock.dir/test/movement_test.cpp.o[0m
[0.168s] [ 90%] [32mBuilding CXX object CMakeFiles/movement_info_movement_gtest.dir/test/movement_test.cpp.o[0m
[3.883s] [01m[K/home/kargla/robot_movement/src/movement_info/test/movement_test.cpp:[m[K In member function â€˜[01m[Kvirtual void MovementTest_MovementInfoPublishingTest_Test::TestBody()[m[Kâ€™:
[3.883s] [01m[K/home/kargla/robot_movement/src/movement_info/test/movement_test.cpp:67:29:[m[K [01;31m[Kerror: [m[Kexpected â€˜[01m[K,[m[Kâ€™ before â€˜[01m[K.[m[Kâ€™ token
[3.883s]    67 |     .WillOnce([mockPublisher[01;31m[K.[m[KgetMessage()]() {
[3.883s]       |                             [01;31m[K^[m[K
[3.883s]       |                             [32m[K,[m[K
[3.883s] [01m[K/home/kargla/robot_movement/src/movement_info/test/movement_test.cpp:67:29:[m[K [01;31m[Kerror: [m[Kexpected identifier before â€˜[01m[K.[m[Kâ€™ token
[3.883s] In file included from [01m[K/opt/ros/humble/src/gtest_vendor/include/gtest/gtest.h:375[m[K,
[3.883s]                  from [01m[K/home/kargla/robot_movement/src/movement_info/test/movement_test.cpp:1[m[K:
[3.884s] [01m[K/home/kargla/robot_movement/src/movement_info/test/movement_test.cpp:[m[K In lambda function:
[3.884s] [01m[K/home/kargla/robot_movement/src/movement_info/test/movement_test.cpp:68:47:[m[K [01;31m[Kerror: [m[Kpassing â€˜[01m[Kconst MockPublisher[m[Kâ€™ as â€˜[01m[Kthis[m[Kâ€™ argument discards qualifiers [[01;31m[K]8;;https://gcc.gnu.org/onlinedocs/gcc/Warning-Options.html#index-fpermissive-fpermissive]8;;[m[K]
[3.884s]    68 |             EXPECT_EQ([01;31m[KmockPublisher.getMessage()[m[K.heading, movement_info_msgs::msg::MovementInfo::STRAIGHT);
[3.884s]       |                       [01;31m[K~~~~~~~~~~~~~~~~~~~~~~~~^~[m[K
[3.884s] In file included from [01m[K/home/kargla/robot_movement/src/movement_info/include/movement_info/movement.hpp:9[m[K,
[3.884s]                  from [01m[K/home/kargla/robot_movement/src/movement_info/test/movement_test.cpp:3[m[K:
[3.884s] [01m[K/home/kargla/robot_movement/src/movement_info/include/movement_info/movement_interface.hpp:13:43:[m[K [01;36m[Knote: [m[K  in call to â€˜[01m[Kmovement_info_msgs::msg::MovementInfo MovementInterface::getMessage()[m[Kâ€™
[3.884s]    13 |     movement_info_msgs::msg::MovementInfo [01;36m[KgetMessage[m[K();
[3.885s]       |                                           [01;36m[K^~~~~~~~~~[m[K
[3.885s] In file included from [01m[K/opt/ros/humble/src/gtest_vendor/include/gtest/gtest.h:375[m[K,
[3.885s]                  from [01m[K/home/kargla/robot_movement/src/movement_info/test/movement_test.cpp:1[m[K:
[3.885s] [01m[K/home/kargla/robot_movement/src/movement_info/test/movement_test.cpp:69:47:[m[K [01;31m[Kerror: [m[Kpassing â€˜[01m[Kconst MockPublisher[m[Kâ€™ as â€˜[01m[Kthis[m[Kâ€™ argument discards qualifiers [[01;31m[K]8;;https://gcc.gnu.org/onlinedocs/gcc/Warning-Options.html#index-fpermissive-fpermissive]8;;[m[K]
[3.885s]    69 |             EXPECT_EQ([01;31m[KmockPublisher.getMessage()[m[K.movement, movement_info_msgs::msg::MovementInfo::FORWARD);
[3.885s]       |                       [01;31m[K~~~~~~~~~~~~~~~~~~~~~~~~^~[m[K
[3.885s] In file included from [01m[K/home/kargla/robot_movement/src/movement_info/include/movement_info/movement.hpp:9[m[K,
[3.885s]                  from [01m[K/home/kargla/robot_movement/src/movement_info/test/movement_test.cpp:3[m[K:
[3.885s] [01m[K/home/kargla/robot_movement/src/movement_info/include/movement_info/movement_interface.hpp:13:43:[m[K [01;36m[Knote: [m[K  in call to â€˜[01m[Kmovement_info_msgs::msg::MovementInfo MovementInterface::getMessage()[m[Kâ€™
[3.885s]    13 |     movement_info_msgs::msg::MovementInfo [01;36m[KgetMessage[m[K();
[3.885s]       |                                           [01;36m[K^~~~~~~~~~[m[K
[3.885s] [01m[K/home/kargla/robot_movement/src/movement_info/test/movement_test.cpp:[m[K In member function â€˜[01m[Kvirtual void MovementTest_MovementInfoPublishingTest_Test::TestBody()[m[Kâ€™:
[3.886s] [01m[K/home/kargla/robot_movement/src/movement_info/test/movement_test.cpp:67:15:[m[K [01;31m[Kerror: [m[Kuse of deleted function â€˜[01m[KMockPublisher::MockPublisher(const MockPublisher&)[m[Kâ€™
[3.886s]    67 |     .WillOnce([01;31m[K[mockPublisher.getMessage()]() {[m[K
[3.886s]       |               [01;31m[K^~~~~~~~~~~~~~~~~~~~~~~~~~~~~~~~[m[K
[3.886s]    68 | [01;31m[K            EXPECT_EQ(mockPublisher.getMessage().heading, movement_info_msgs::msg::MovementInfo::STRAIGHT);[m[K
[3.886s]       |             [01;31m[K~~~~~~~~~~~~~~~~~~~~~~~~~~~~~~~~~~~~~~~~~~~~~~~~~~~~~~~~~~~~~~~~~~~~~~~~~~~~~~~~~~~~~~~~~~~~~~~[m[K
[3.886s]    69 | [01;31m[K            EXPECT_EQ(mockPublisher.getMessage().movement, movement_info_msgs::msg::MovementInfo::FORWARD);[m[K
[3.886s]       |             [01;31m[K~~~~~~~~~~~~~~~~~~~~~~~~~~~~~~~~~~~~~~~~~~~~~~~~~~~~~~~~~~~~~~~~~~~~~~~~~~~~~~~~~~~~~~~~~~~~~~~[m[K
[3.886s]    70 | [01;31m[K        }[m[K);
[3.886s]       |         [01;31m[K~[m[K      
[3.887s] In file included from [01m[K/home/kargla/robot_movement/src/movement_info/test/movement_test.cpp:5[m[K:
[3.887s] [01m[K/home/kargla/robot_movement/src/movement_info/include/movement_info/MockPublisher.hpp:7:7:[m[K [01;36m[Knote: [m[Kâ€˜[01m[KMockPublisher::MockPublisher(const MockPublisher&)[m[Kâ€™ is implicitly deleted because the default definition would be ill-formed:
[3.887s]     7 | class [01;36m[KMockPublisher[m[K : public MovementInterface
[3.887s]       |       [01;36m[K^~~~~~~~~~~~~[m[K
[3.887s] [01m[K/home/kargla/robot_movement/src/movement_info/include/movement_info/MockPublisher.hpp:7:7:[m[K [01;31m[Kerror: [m[Kuse of deleted function â€˜[01m[KMovementInterface::MovementInterface(const MovementInterface&)[m[Kâ€™
[3.887s] In file included from [01m[K/home/kargla/robot_movement/src/movement_info/include/movement_info/movement.hpp:9[m[K,
[3.887s]                  from [01m[K/home/kargla/robot_movement/src/movement_info/test/movement_test.cpp:3[m[K:
[3.887s] [01m[K/home/kargla/robot_movement/src/movement_info/include/movement_info/movement_interface.hpp:7:7:[m[K [01;36m[Knote: [m[Kâ€˜[01m[KMovementInterface::MovementInterface(const MovementInterface&)[m[Kâ€™ is implicitly deleted because the default definition would be ill-formed:
[3.887s]     7 | class [01;36m[KMovementInterface[m[K : public rclcpp::Node
[3.887s]       |       [01;36m[K^~~~~~~~~~~~~~~~~[m[K
[3.887s] [01m[K/home/kargla/robot_movement/src/movement_info/include/movement_info/movement_interface.hpp:7:7:[m[K [01;31m[Kerror: [m[Kuse of deleted function â€˜[01m[Krclcpp::Node::Node(const rclcpp::Node&)[m[Kâ€™
[3.887s] In file included from [01m[K/opt/ros/humble/include/rclcpp/rclcpp/context.hpp:35[m[K,
[3.887s]                  from [01m[K/opt/ros/humble/include/rclcpp/rclcpp/executor.hpp:34[m[K,
[3.887s]                  from [01m[K/opt/ros/humble/include/rclcpp/rclcpp/executors/multi_threaded_executor.hpp:25[m[K,
[3.887s]                  from [01m[K/opt/ros/humble/include/rclcpp/rclcpp/executors.hpp:21[m[K,
[3.888s]                  from [01m[K/opt/ros/humble/include/rclcpp/rclcpp/rclcpp.hpp:155[m[K,
[3.888s]                  from [01m[K/home/kargla/robot_movement/src/movement_info/include/movement_info/movement.hpp:4[m[K,
[3.888s]                  from [01m[K/home/kargla/robot_movement/src/movement_info/test/movement_test.cpp:3[m[K:
[3.888s] [01m[K/opt/ros/humble/include/rclcpp/rclcpp/node.hpp:1299:3:[m[K [01;36m[Knote: [m[Kdeclared here
[3.888s]  1299 |   [01;36m[KRCLCPP_DISABLE_COPY[m[K(Node)
[3.888s]       |   [01;36m[K^~~~~~~~~~~~~~~~~~~[m[K
[3.888s] In file included from [01m[K/home/kargla/robot_movement/src/movement_info/test/movement_test.cpp:5[m[K:
[3.888s] [01m[K/home/kargla/robot_movement/src/movement_info/include/movement_info/MockPublisher.hpp:7:7:[m[K [01;31m[Kerror: [m[Kuse of deleted function â€˜[01m[Ktesting::internal::FunctionMocker<R(Args ...)>::FunctionMocker(const testing::internal::FunctionMocker<R(Args ...)>&) [with R = void; Args = {}][m[Kâ€™
[3.888s]     7 | class [01;31m[KMockPublisher[m[K : public MovementInterface
[3.888s]       |       [01;31m[K^~~~~~~~~~~~~[m[K
[3.888s] In file included from [01m[K/opt/ros/humble/src/gmock_vendor/include/gmock/gmock-generated-function-mockers.h:47[m[K,
[3.888s]                  from [01m[K/opt/ros/humble/src/gmock_vendor/include/gmock/gmock-function-mocker.h:39[m[K,
[3.888s]                  from [01m[K/opt/ros/humble/src/gmock_vendor/include/gmock/gmock.h:61[m[K,
[3.888s]                  from [01m[K/home/kargla/robot_movement/src/movement_info/test/movement_test.cpp:2[m[K:
[3.888s] [01m[K/opt/ros/humble/src/gmock_vendor/include/gmock/gmock-spec-builders.h:1483:3:[m[K [01;36m[Knote: [m[Kdeclared here
[3.888s]  1483 |   [01;36m[KFunctionMocker[m[K(const FunctionMocker&) = delete;
[3.888s]       |   [01;36m[K^~~~~~~~~~~~~~[m[K
[3.888s] [01m[K/home/kargla/robot_movement/src/movement_info/test/movement_test.cpp:[m[K In member function â€˜[01m[Kvirtual void MovementTest_MovementInfoPublishingTest_Test::TestBody()[m[Kâ€™:
[3.888s] [01m[K/home/kargla/robot_movement/src/movement_info/test/movement_test.cpp:67:29:[m[K [01;31m[Kerror: [m[Kexpected â€˜[01m[K,[m[Kâ€™ before â€˜[01m[K.[m[Kâ€™ token
[3.889s]    67 |     .WillOnce([mockPublisher[01;31m[K.[m[KgetMessage()]() {
[3.889s]       |                             [01;31m[K^[m[K
[3.889s]       |                             [32m[K,[m[K
[3.889s] [01m[K/home/kargla/robot_movement/src/movement_info/test/movement_test.cpp:67:29:[m[K [01;31m[Kerror: [m[Kexpected identifier before â€˜[01m[K.[m[Kâ€™ token
[3.889s] In file included from [01m[K/opt/ros/humble/src/gtest_vendor/include/gtest/gtest.h:375[m[K,
[3.889s]                  from [01m[K/home/kargla/robot_movement/src/movement_info/test/movement_test.cpp:1[m[K:
[3.889s] [01m[K/home/kargla/robot_movement/src/movement_info/test/movement_test.cpp:[m[K In lambda function:
[3.889s] [01m[K/home/kargla/robot_movement/src/movement_info/test/movement_test.cpp:68:47:[m[K [01;31m[Kerror: [m[Kpassing â€˜[01m[Kconst MockPublisher[m[Kâ€™ as â€˜[01m[Kthis[m[Kâ€™ argument discards qualifiers [[01;31m[K]8;;https://gcc.gnu.org/onlinedocs/gcc/Warning-Options.html#index-fpermissive-fpermissive]8;;[m[K]
[3.889s]    68 |             EXPECT_EQ([01;31m[KmockPublisher.getMessage()[m[K.heading, movement_info_msgs::msg::MovementInfo::STRAIGHT);
[3.889s]       |                       [01;31m[K~~~~~~~~~~~~~~~~~~~~~~~~^~[m[K
[3.889s] In file included from [01m[K/home/kargla/robot_movement/src/movement_info/include/movement_info/movement.hpp:9[m[K,
[3.889s]                  from [01m[K/home/kargla/robot_movement/src/movement_info/test/movement_test.cpp:3[m[K:
[3.889s] [01m[K/home/kargla/robot_movement/src/movement_info/include/movement_info/movement_interface.hpp:13:43:[m[K [01;36m[Knote: [m[K  in call to â€˜[01m[Kmovement_info_msgs::msg::MovementInfo MovementInterface::getMessage()[m[Kâ€™
[3.889s]    13 |     movement_info_msgs::msg::MovementInfo [01;36m[KgetMessage[m[K();
[3.889s]       |                                           [01;36m[K^~~~~~~~~~[m[K
[3.889s] In file included from [01m[K/opt/ros/humble/src/gtest_vendor/include/gtest/gtest.h:375[m[K,
[3.889s]                  from [01m[K/home/kargla/robot_movement/src/movement_info/test/movement_test.cpp:1[m[K:
[3.889s] [01m[K/home/kargla/robot_movement/src/movement_info/test/movement_test.cpp:69:47:[m[K [01;31m[Kerror: [m[Kpassing â€˜[01m[Kconst MockPublisher[m[Kâ€™ as â€˜[01m[Kthis[m[Kâ€™ argument discards qualifiers [[01;31m[K]8;;https://gcc.gnu.org/onlinedocs/gcc/Warning-Options.html#index-fpermissive-fpermissive]8;;[m[K]
[3.890s]    69 |             EXPECT_EQ([01;31m[KmockPublisher.getMessage()[m[K.movement, movement_info_msgs::msg::MovementInfo::FORWARD);
[3.890s]       |                       [01;31m[K~~~~~~~~~~~~~~~~~~~~~~~~^~[m[K
[3.890s] In file included from [01m[K/home/kargla/robot_movement/src/movement_info/include/movement_info/movement.hpp:9[m[K,
[3.890s]                  from [01m[K/home/kargla/robot_movement/src/movement_info/test/movement_test.cpp:3[m[K:
[3.890s] [01m[K/home/kargla/robot_movement/src/movement_info/include/movement_info/movement_interface.hpp:13:43:[m[K [01;36m[Knote: [m[K  in call to â€˜[01m[Kmovement_info_msgs::msg::MovementInfo MovementInterface::getMessage()[m[Kâ€™
[3.890s]    13 |     movement_info_msgs::msg::MovementInfo [01;36m[KgetMessage[m[K();
[3.890s]       |                                           [01;36m[K^~~~~~~~~~[m[K
[3.890s] [01m[K/home/kargla/robot_movement/src/movement_info/test/movement_test.cpp:[m[K In member function â€˜[01m[Kvirtual void MovementTest_MovementInfoPublishingTest_Test::TestBody()[m[Kâ€™:
[3.890s] [01m[K/home/kargla/robot_movement/src/movement_info/test/movement_test.cpp:67:15:[m[K [01;31m[Kerror: [m[Kuse of deleted function â€˜[01m[KMockPublisher::MockPublisher(const MockPublisher&)[m[Kâ€™
[3.890s]    67 |     .WillOnce([01;31m[K[mockPublisher.getMessage()]() {[m[K
[3.890s]       |               [01;31m[K^~~~~~~~~~~~~~~~~~~~~~~~~~~~~~~~[m[K
[3.890s]    68 | [01;31m[K            EXPECT_EQ(mockPublisher.getMessage().heading, movement_info_msgs::msg::MovementInfo::STRAIGHT);[m[K
[3.890s]       |             [01;31m[K~~~~~~~~~~~~~~~~~~~~~~~~~~~~~~~~~~~~~~~~~~~~~~~~~~~~~~~~~~~~~~~~~~~~~~~~~~~~~~~~~~~~~~~~~~~~~~~[m[K
[3.890s]    69 | [01;31m[K            EXPECT_EQ(mockPublisher.getMessage().movement, movement_info_msgs::msg::MovementInfo::FORWARD);[m[K
[3.890s]       |             [01;31m[K~~~~~~~~~~~~~~~~~~~~~~~~~~~~~~~~~~~~~~~~~~~~~~~~~~~~~~~~~~~~~~~~~~~~~~~~~~~~~~~~~~~~~~~~~~~~~~~[m[K
[3.890s]    70 | [01;31m[K        }[m[K);
[3.890s]       |         [01;31m[K~[m[K      
[3.890s] In file included from [01m[K/home/kargla/robot_movement/src/movement_info/test/movement_test.cpp:5[m[K:
[3.891s] [01m[K/home/kargla/robot_movement/src/movement_info/include/movement_info/MockPublisher.hpp:7:7:[m[K [01;36m[Knote: [m[Kâ€˜[01m[KMockPublisher::MockPublisher(const MockPublisher&)[m[Kâ€™ is implicitly deleted because the default definition would be ill-formed:
[3.891s]     7 | class [01;36m[KMockPublisher[m[K : public MovementInterface
[3.891s]       |       [01;36m[K^~~~~~~~~~~~~[m[K
[3.891s] [01m[K/home/kargla/robot_movement/src/movement_info/include/movement_info/MockPublisher.hpp:7:7:[m[K [01;31m[Kerror: [m[Kuse of deleted function â€˜[01m[KMovementInterface::MovementInterface(const MovementInterface&)[m[Kâ€™
[3.891s] In file included from [01m[K/home/kargla/robot_movement/src/movement_info/include/movement_info/movement.hpp:9[m[K,
[3.891s]                  from [01m[K/home/kargla/robot_movement/src/movement_info/test/movement_test.cpp:3[m[K:
[3.891s] [01m[K/home/kargla/robot_movement/src/movement_info/include/movement_info/movement_interface.hpp:7:7:[m[K [01;36m[Knote: [m[Kâ€˜[01m[KMovementInterface::MovementInterface(const MovementInterface&)[m[Kâ€™ is implicitly deleted because the default definition would be ill-formed:
[3.891s]     7 | class [01;36m[KMovementInterface[m[K : public rclcpp::Node
[3.891s]       |       [01;36m[K^~~~~~~~~~~~~~~~~[m[K
[3.891s] [01m[K/home/kargla/robot_movement/src/movement_info/include/movement_info/movement_interface.hpp:7:7:[m[K [01;31m[Kerror: [m[Kuse of deleted function â€˜[01m[Krclcpp::Node::Node(const rclcpp::Node&)[m[Kâ€™
[3.891s] In file included from [01m[K/opt/ros/humble/include/rclcpp/rclcpp/context.hpp:35[m[K,
[3.891s]                  from [01m[K/opt/ros/humble/include/rclcpp/rclcpp/executor.hpp:34[m[K,
[3.891s]                  from [01m[K/opt/ros/humble/include/rclcpp/rclcpp/executors/multi_threaded_executor.hpp:25[m[K,
[3.891s]                  from [01m[K/opt/ros/humble/include/rclcpp/rclcpp/executors.hpp:21[m[K,
[3.891s]                  from [01m[K/opt/ros/humble/include/rclcpp/rclcpp/rclcpp.hpp:155[m[K,
[3.891s]                  from [01m[K/home/kargla/robot_movement/src/movement_info/include/movement_info/movement.hpp:4[m[K,
[3.891s]                  from [01m[K/home/kargla/robot_movement/src/movement_info/test/movement_test.cpp:3[m[K:
[3.891s] [01m[K/opt/ros/humble/include/rclcpp/rclcpp/node.hpp:1299:3:[m[K [01;36m[Knote: [m[Kdeclared here
[3.892s]  1299 |   [01;36m[KRCLCPP_DISABLE_COPY[m[K(Node)
[3.892s]       |   [01;36m[K^~~~~~~~~~~~~~~~~~~[m[K
[3.892s] In file included from [01m[K/home/kargla/robot_movement/src/movement_info/test/movement_test.cpp:5[m[K:
[3.892s] [01m[K/home/kargla/robot_movement/src/movement_info/include/movement_info/MockPublisher.hpp:7:7:[m[K [01;31m[Kerror: [m[Kuse of deleted function â€˜[01m[Ktesting::internal::FunctionMocker<R(Args ...)>::FunctionMocker(const testing::internal::FunctionMocker<R(Args ...)>&) [with R = void; Args = {}][m[Kâ€™
[3.892s]     7 | class [01;31m[KMockPublisher[m[K : public MovementInterface
[3.892s]       |       [01;31m[K^~~~~~~~~~~~~[m[K
[3.892s] In file included from [01m[K/opt/ros/humble/src/gmock_vendor/include/gmock/gmock-generated-function-mockers.h:47[m[K,
[3.892s]                  from [01m[K/opt/ros/humble/src/gmock_vendor/include/gmock/gmock-function-mocker.h:39[m[K,
[3.892s]                  from [01m[K/opt/ros/humble/src/gmock_vendor/include/gmock/gmock.h:61[m[K,
[3.892s]                  from [01m[K/home/kargla/robot_movement/src/movement_info/test/movement_test.cpp:2[m[K:
[3.892s] [01m[K/opt/ros/humble/src/gmock_vendor/include/gmock/gmock-spec-builders.h:1483:3:[m[K [01;36m[Knote: [m[Kdeclared here
[3.892s]  1483 |   [01;36m[KFunctionMocker[m[K(const FunctionMocker&) = delete;
[3.892s]       |   [01;36m[K^~~~~~~~~~~~~~[m[K
[5.008s] gmake[2]: *** [CMakeFiles/movement_info_movement_gmock.dir/build.make:76: CMakeFiles/movement_info_movement_gmock.dir/test/movement_test.cpp.o] Error 1
[5.009s] gmake[1]: *** [CMakeFiles/Makefile2:264: CMakeFiles/movement_info_movement_gmock.dir/all] Error 2
[5.009s] gmake[1]: *** Waiting for unfinished jobs....
[5.019s] gmake[2]: *** [CMakeFiles/movement_info_movement_gtest.dir/build.make:76: CMakeFiles/movement_info_movement_gtest.dir/test/movement_test.cpp.o] Error 1
[5.020s] gmake[1]: *** [CMakeFiles/Makefile2:235: CMakeFiles/movement_info_movement_gtest.dir/all] Error 2
[5.020s] gmake: *** [Makefile:146: all] Error 2
[5.024s] Invoked command in '/home/kargla/robot_movement/build/movement_info' returned '2': CMAKE_PREFIX_PATH=${CMAKE_PREFIX_PATH}:/opt/ros/humble /usr/bin/cmake --build /home/kargla/robot_movement/build/movement_info -- -j12 -l12
