[0.020s] Invoking command in '/home/kargla/robot_movement/build/movement_info': CMAKE_PREFIX_PATH=${CMAKE_PREFIX_PATH}:/opt/ros/humble /usr/bin/cmake --build /home/kargla/robot_movement/build/movement_info -- -j12 -l12
[0.101s] [35m[1mConsolidate compiler generated dependencies of target movement[0m
[0.139s] [ 50%] [32mBuilding CXX object CMakeFiles/movement.dir/src/movement.cpp.o[0m
[3.707s] [01m[K/home/kargla/robot_movement/src/movement_info/src/movement.cpp:[m[K In member function â€˜[01m[Kvoid Movement::odometry_callback(nav_msgs::msg::Odometry_<std::allocator<void> >::SharedPtr)[m[Kâ€™:
[3.708s] [01m[K/home/kargla/robot_movement/src/movement_info/src/movement.cpp:45:37:[m[K [01;31m[Kerror: [m[Kcannot convert â€˜[01m[Kstd::string[m[Kâ€™ {aka â€˜[01m[Kstd::__cxx11::basic_string<char>[m[Kâ€™} to â€˜[01m[Kchar*[m[Kâ€™ in initialization
[3.708s]    45 |         char* x_str = [01;31m[Kstd::to_string(x)[m[K;
[3.708s]       |                       [01;31m[K~~~~~~~~~~~~~~^~~[m[K
[3.708s]       |                                     [01;31m[K|[m[K
[3.708s]       |                                     [01;31m[Kstd::string {aka std::__cxx11::basic_string<char>}[m[K
[3.709s] [01m[K/home/kargla/robot_movement/src/movement_info/src/movement.cpp:46:37:[m[K [01;31m[Kerror: [m[Kcannot convert â€˜[01m[Kstd::string[m[Kâ€™ {aka â€˜[01m[Kstd::__cxx11::basic_string<char>[m[Kâ€™} to â€˜[01m[Kchar*[m[Kâ€™ in initialization
[3.709s]    46 |         char* y_str = [01;31m[Kstd::to_string(y)[m[K;
[3.709s]       |                       [01;31m[K~~~~~~~~~~~~~~^~~[m[K
[3.709s]       |                                     [01;31m[K|[m[K
[3.709s]       |                                     [01;31m[Kstd::string {aka std::__cxx11::basic_string<char>}[m[K
[7.016s] gmake[2]: *** [CMakeFiles/movement.dir/build.make:76: CMakeFiles/movement.dir/src/movement.cpp.o] Error 1
[7.016s] gmake[1]: *** [CMakeFiles/Makefile2:137: CMakeFiles/movement.dir/all] Error 2
[7.017s] gmake: *** [Makefile:146: all] Error 2
[7.022s] Invoked command in '/home/kargla/robot_movement/build/movement_info' returned '2': CMAKE_PREFIX_PATH=${CMAKE_PREFIX_PATH}:/opt/ros/humble /usr/bin/cmake --build /home/kargla/robot_movement/build/movement_info -- -j12 -l12
