[0.000000] (-) TimerEvent: {}
[0.000292] (movement_info) JobQueued: {'identifier': 'movement_info', 'dependencies': OrderedDict([('movement_info', '/home/kargla/robot_movement/install/movement_info')])}
[0.000371] (movement_info_msgs) JobQueued: {'identifier': 'movement_info_msgs', 'dependencies': OrderedDict([('movement_info_msgs', '/home/kargla/robot_movement/install/movement_info_msgs')])}
[0.000427] (movement_info) JobStarted: {'identifier': 'movement_info'}
[0.007000] (movement_info_msgs) JobStarted: {'identifier': 'movement_info_msgs'}
[0.024744] (movement_info) Command: {'cmd': ['/usr/bin/ctest', '-C', 'Release', '-D', 'ExperimentalTest', '--no-compress-output', '-V', '--force-new-ctest-process'], 'cwd': '/home/kargla/robot_movement/build/movement_info', 'env': OrderedDict([('LESSOPEN', '| /usr/bin/lesspipe %s'), ('USER', 'kargla'), ('LC_TIME', 'pl_PL.UTF-8'), ('XDG_SESSION_TYPE', 'wayland'), ('SHLVL', '1'), ('LD_LIBRARY_PATH', '/home/kargla/robot_movement/install/movement_info_msgs/lib:/opt/ros/humble/opt/rviz_ogre_vendor/lib:/opt/ros/humble/lib/x86_64-linux-gnu:/opt/ros/humble/lib'), ('HOME', '/home/kargla'), ('OLDPWD', '/home/kargla'), ('DESKTOP_SESSION', 'ubuntu'), ('ROS_PYTHON_VERSION', '3'), ('GNOME_SHELL_SESSION_MODE', 'ubuntu'), ('GTK_MODULES', 'gail:atk-bridge'), ('LC_MONETARY', 'pl_PL.UTF-8'), ('SYSTEMD_EXEC_PID', '3457'), ('DBUS_SESSION_BUS_ADDRESS', 'unix:path=/run/user/1000/bus'), ('COLORTERM', 'truecolor'), ('IM_CONFIG_PHASE', '1'), ('WAYLAND_DISPLAY', 'wayland-0'), ('COLCON_PREFIX_PATH', '/home/kargla/robot_movement/install'), ('ROS_DISTRO', 'humble'), ('LOGNAME', 'kargla'), ('_', '/usr/bin/colcon'), ('ROS_VERSION', '2'), ('XDG_SESSION_CLASS', 'user'), ('USERNAME', 'kargla'), ('TERM', 'xterm-256color'), ('GNOME_DESKTOP_SESSION_ID', 'this-is-deprecated'), ('ROS_LOCALHOST_ONLY', '0'), ('PATH', '/opt/ros/humble/bin:/home/kargla/.local/bin:/usr/local/sbin:/usr/local/bin:/usr/sbin:/usr/bin:/sbin:/bin:/usr/games:/usr/local/games:/snap/bin:/snap/bin'), ('SESSION_MANAGER', 'local/kargla-ideapad:@/tmp/.ICE-unix/3414,unix/kargla-ideapad:/tmp/.ICE-unix/3414'), ('XDG_MENU_PREFIX', 'gnome-'), ('LC_ADDRESS', 'pl_PL.UTF-8'), ('GNOME_TERMINAL_SCREEN', '/org/gnome/Terminal/screen/5d9f1769_7dc9_4d92_9211_e9671ddd237a'), ('GNOME_SETUP_DISPLAY', ':1'), ('XDG_RUNTIME_DIR', '/run/user/1000'), ('DISPLAY', ':0'), ('LANG', 'en_US.UTF-8'), ('XDG_CURRENT_DESKTOP', 'ubuntu:GNOME'), ('LC_TELEPHONE', 'pl_PL.UTF-8'), ('XMODIFIERS', '@im=ibus'), ('XDG_SESSION_DESKTOP', 'ubuntu'), ('XAUTHORITY', '/run/user/1000/.mutter-Xwaylandauth.RTKXZ2'), ('LS_COLORS', 'rs=0:di=01;34:ln=01;36:mh=00:pi=40;33:so=01;35:do=01;35:bd=40;33;01:cd=40;33;01:or=40;31;01:mi=00:su=37;41:sg=30;43:ca=30;41:tw=30;42:ow=34;42:st=37;44:ex=01;32:*.tar=01;31:*.tgz=01;31:*.arc=01;31:*.arj=01;31:*.taz=01;31:*.lha=01;31:*.lz4=01;31:*.lzh=01;31:*.lzma=01;31:*.tlz=01;31:*.txz=01;31:*.tzo=01;31:*.t7z=01;31:*.zip=01;31:*.z=01;31:*.dz=01;31:*.gz=01;31:*.lrz=01;31:*.lz=01;31:*.lzo=01;31:*.xz=01;31:*.zst=01;31:*.tzst=01;31:*.bz2=01;31:*.bz=01;31:*.tbz=01;31:*.tbz2=01;31:*.tz=01;31:*.deb=01;31:*.rpm=01;31:*.jar=01;31:*.war=01;31:*.ear=01;31:*.sar=01;31:*.rar=01;31:*.alz=01;31:*.ace=01;31:*.zoo=01;31:*.cpio=01;31:*.7z=01;31:*.rz=01;31:*.cab=01;31:*.wim=01;31:*.swm=01;31:*.dwm=01;31:*.esd=01;31:*.jpg=01;35:*.jpeg=01;35:*.mjpg=01;35:*.mjpeg=01;35:*.gif=01;35:*.bmp=01;35:*.pbm=01;35:*.pgm=01;35:*.ppm=01;35:*.tga=01;35:*.xbm=01;35:*.xpm=01;35:*.tif=01;35:*.tiff=01;35:*.png=01;35:*.svg=01;35:*.svgz=01;35:*.mng=01;35:*.pcx=01;35:*.mov=01;35:*.mpg=01;35:*.mpeg=01;35:*.m2v=01;35:*.mkv=01;35:*.webm=01;35:*.webp=01;35:*.ogm=01;35:*.mp4=01;35:*.m4v=01;35:*.mp4v=01;35:*.vob=01;35:*.qt=01;35:*.nuv=01;35:*.wmv=01;35:*.asf=01;35:*.rm=01;35:*.rmvb=01;35:*.flc=01;35:*.avi=01;35:*.fli=01;35:*.flv=01;35:*.gl=01;35:*.dl=01;35:*.xcf=01;35:*.xwd=01;35:*.yuv=01;35:*.cgm=01;35:*.emf=01;35:*.ogv=01;35:*.ogx=01;35:*.aac=00;36:*.au=00;36:*.flac=00;36:*.m4a=00;36:*.mid=00;36:*.midi=00;36:*.mka=00;36:*.mp3=00;36:*.mpc=00;36:*.ogg=00;36:*.ra=00;36:*.wav=00;36:*.oga=00;36:*.opus=00;36:*.spx=00;36:*.xspf=00;36:'), ('GNOME_TERMINAL_SERVICE', ':1.106'), ('SSH_AGENT_LAUNCHER', 'gnome-keyring'), ('SSH_AUTH_SOCK', '/run/user/1000/keyring/ssh'), ('AMENT_PREFIX_PATH', '/home/kargla/robot_movement/install/movement_info_msgs:/home/kargla/robot_movement/install/movement_info:/opt/ros/humble'), ('SHELL', '/bin/bash'), ('LC_NAME', 'pl_PL.UTF-8'), ('QT_ACCESSIBILITY', '1'), ('GDMSESSION', 'ubuntu'), ('LESSCLOSE', '/usr/bin/lesspipe %s %s'), ('LC_MEASUREMENT', 'pl_PL.UTF-8'), ('LC_IDENTIFICATION', 'pl_PL.UTF-8'), ('QT_IM_MODULE', 'ibus'), ('PWD', '/home/kargla/robot_movement/build/movement_info'), ('XDG_CONFIG_DIRS', '/etc/xdg/xdg-ubuntu:/etc/xdg'), ('XDG_DATA_DIRS', '/usr/share/ubuntu:/usr/local/share/:/usr/share/:/var/lib/snapd/desktop'), ('PYTHONPATH', '/home/kargla/robot_movement/install/movement_info_msgs/local/lib/python3.10/dist-packages:/opt/ros/humble/lib/python3.10/site-packages:/opt/ros/humble/local/lib/python3.10/dist-packages'), ('LC_NUMERIC', 'pl_PL.UTF-8'), ('LC_PAPER', 'pl_PL.UTF-8'), ('COLCON', '1'), ('VTE_VERSION', '6800'), ('CMAKE_PREFIX_PATH', '/home/kargla/robot_movement/install/movement_info:/home/kargla/robot_movement/install/movement_info_msgs')]), 'shell': False}
[0.028381] (movement_info_msgs) JobEnded: {'identifier': 'movement_info_msgs', 'rc': 0}
[0.034784] (movement_info) StdoutLine: {'line': b'UpdateCTestConfiguration  from :/home/kargla/robot_movement/build/movement_info/CTestConfiguration.ini\n'}
[0.035223] (movement_info) StdoutLine: {'line': b'Parse Config file:/home/kargla/robot_movement/build/movement_info/CTestConfiguration.ini\n'}
[0.035311] (movement_info) StdoutLine: {'line': b'   Site: kargla-ideapad\n'}
[0.035382] (movement_info) StdoutLine: {'line': b'   Build name: (empty)\n'}
[0.035445] (movement_info) StdoutLine: {'line': b' Add coverage exclude regular expressions.\n'}
[0.035571] (movement_info) StdoutLine: {'line': b'Create new tag: 20250102-1610 - Experimental\n'}
[0.035640] (movement_info) StdoutLine: {'line': b'UpdateCTestConfiguration  from :/home/kargla/robot_movement/build/movement_info/CTestConfiguration.ini\n'}
[0.035723] (movement_info) StdoutLine: {'line': b'Parse Config file:/home/kargla/robot_movement/build/movement_info/CTestConfiguration.ini\n'}
[0.035788] (movement_info) StdoutLine: {'line': b'Test project /home/kargla/robot_movement/build/movement_info\n'}
[0.035920] (movement_info) StdoutLine: {'line': b'Constructing a list of tests\n'}
[0.035979] (movement_info) StdoutLine: {'line': b'Done constructing a list of tests\n'}
[0.036029] (movement_info) StdoutLine: {'line': b'Updating test list for fixtures\n'}
[0.036077] (movement_info) StdoutLine: {'line': b'Added 0 tests to meet fixture requirements\n'}
[0.036127] (movement_info) StdoutLine: {'line': b'Checking test dependency graph...\n'}
[0.036176] (movement_info) StdoutLine: {'line': b'Checking test dependency graph end\n'}
[0.036226] (movement_info) StdoutLine: {'line': b'test 1\n'}
[0.036276] (movement_info) StdoutLine: {'line': b'    Start 1: movement_info_movement_gtest\n'}
[0.036325] (movement_info) StdoutLine: {'line': b'\n'}
[0.036373] (movement_info) StdoutLine: {'line': b'1: Test command: /usr/bin/python3 "-u" "/opt/ros/humble/share/ament_cmake_test/cmake/run_test.py" "/home/kargla/robot_movement/build/movement_info/test_results/movement_info/movement_info_movement_gtest.gtest.xml" "--package-name" "movement_info" "--output-file" "/home/kargla/robot_movement/build/movement_info/ament_cmake_gtest/movement_info_movement_gtest.txt" "--command" "/home/kargla/robot_movement/build/movement_info/movement_info_movement_gtest" "--gtest_output=xml:/home/kargla/robot_movement/build/movement_info/test_results/movement_info/movement_info_movement_gtest.gtest.xml"\n'}
[0.036434] (movement_info) StdoutLine: {'line': b'1: Test timeout computed to be: 60\n'}
[0.092415] (movement_info) StdoutLine: {'line': b"1: -- run_test.py: invoking following command in '/home/kargla/robot_movement/build/movement_info':\n"}
[0.092785] (movement_info) StdoutLine: {'line': b'1:  - /home/kargla/robot_movement/build/movement_info/movement_info_movement_gtest --gtest_output=xml:/home/kargla/robot_movement/build/movement_info/test_results/movement_info/movement_info_movement_gtest.gtest.xml\n'}
[0.099106] (-) TimerEvent: {}
[0.103777] (movement_info) StdoutLine: {'line': b'1: [==========] Running 3 tests from 2 test suites.\n'}
[0.104180] (movement_info) StdoutLine: {'line': b'1: [----------] Global test environment set-up.\n'}
[0.104349] (movement_info) StdoutLine: {'line': b'1: [----------] 2 tests from MovementTest\n'}
[0.104517] (movement_info) StdoutLine: {'line': b'1: [ RUN      ] MovementTest.HeadingDeterminationTest\n'}
[0.119900] (movement_info) StdoutLine: {'line': b"1: [INFO] [1735834225.178937965] [movement]: Direction treshold: '0.100000'\n"}
[0.120206] (movement_info) StdoutLine: {'line': b"1: [INFO] [1735834225.179042730] [movement]: Heading treshold: '0.100000'\n"}
[0.120285] (movement_info) StdoutLine: {'line': b"1: [INFO] [1735834225.179057327] [movement]: Movement topic: '/movement_info'\n"}
[0.120357] (movement_info) StdoutLine: {'line': b"1: [INFO] [1735834225.179069689] [movement]: Odometry topic: '/diff_drive/odom'\n"}
[0.120431] (movement_info) StdoutLine: {'line': b"1: [INFO] [1735834225.179081702] [movement]: Velocity topic: '/diff_drive/cmd_vel'\n"}
[0.121099] (movement_info) StdoutLine: {'line': b'1: [       OK ] MovementTest.HeadingDeterminationTest (17 ms)\n'}
[0.121291] (movement_info) StdoutLine: {'line': b'1: [ RUN      ] MovementTest.MovementInfoPublishingTest\n'}
[0.126271] (movement_info) StdoutLine: {'line': b'1: /home/kargla/robot_movement/src/movement_info/test/movement_test.cpp:65: Failure\n'}
[0.126630] (movement_info) StdoutLine: {'line': b'1: Expected equality of these values:\n'}
[0.126804] (movement_info) StdoutLine: {'line': b'1:   message.heading\n'}
[0.126913] (movement_info) StdoutLine: {'line': b'1:     Which is: "straight"\n'}
[0.126985] (movement_info) StdoutLine: {'line': b'1:   movement_info_msgs::msg::MovementInfo::FORWARD\n'}
[0.127056] (movement_info) StdoutLine: {'line': b'1:     Which is: "forward"\n'}
[0.127730] (movement_info) StdoutLine: {'line': b'1: [  FAILED  ] MovementTest.MovementInfoPublishingTest (7 ms)\n'}
[0.127820] (movement_info) StdoutLine: {'line': b'1: [----------] 2 tests from MovementTest (24 ms total)\n'}
[0.127892] (movement_info) StdoutLine: {'line': b'1: \n'}
[0.127962] (movement_info) StdoutLine: {'line': b'1: [----------] 1 test from MovementTEST\n'}
[0.128033] (movement_info) StdoutLine: {'line': b'1: [ RUN      ] MovementTEST.DirectionDeterminationTest\n'}
[0.133139] (movement_info) StdoutLine: {'line': b"1: [INFO] [1735834225.197138066] [movement]: Direction treshold: '0.100000'\n"}
[0.133422] (movement_info) StdoutLine: {'line': b"1: [INFO] [1735834225.197229560] [movement]: Heading treshold: '0.100000'\n"}
[0.133503] (movement_info) StdoutLine: {'line': b"1: [INFO] [1735834225.197243808] [movement]: Movement topic: '/movement_info'\n"}
[0.133576] (movement_info) StdoutLine: {'line': b"1: [INFO] [1735834225.197256590] [movement]: Odometry topic: '/diff_drive/odom'\n"}
[0.133638] (movement_info) StdoutLine: {'line': b"1: [INFO] [1735834225.197268812] [movement]: Velocity topic: '/diff_drive/cmd_vel'\n"}
[0.136161] (movement_info) StdoutLine: {'line': b'1: [       OK ] MovementTEST.DirectionDeterminationTest (8 ms)\n'}
[0.136406] (movement_info) StdoutLine: {'line': b'1: [----------] 1 test from MovementTEST (8 ms total)\n'}
[0.136549] (movement_info) StdoutLine: {'line': b'1: \n'}
[0.136610] (movement_info) StdoutLine: {'line': b'1: [----------] Global test environment tear-down\n'}
[0.136663] (movement_info) StdoutLine: {'line': b'1: [==========] 3 tests from 2 test suites ran. (33 ms total)\n'}
[0.136714] (movement_info) StdoutLine: {'line': b'1: [  PASSED  ] 2 tests.\n'}
[0.136765] (movement_info) StdoutLine: {'line': b'1: [  FAILED  ] 1 test, listed below:\n'}
[0.136815] (movement_info) StdoutLine: {'line': b'1: [  FAILED  ] MovementTest.MovementInfoPublishingTest\n'}
[0.136865] (movement_info) StdoutLine: {'line': b'1: \n'}
[0.136917] (movement_info) StdoutLine: {'line': b'1:  1 FAILED TEST\n'}
[0.199279] (-) TimerEvent: {}
[0.243197] (movement_info) StdoutLine: {'line': b'1: -- run_test.py: return code 1\n'}
[0.243442] (movement_info) StdoutLine: {'line': b"1: -- run_test.py: inject classname prefix into gtest result file '/home/kargla/robot_movement/build/movement_info/test_results/movement_info/movement_info_movement_gtest.gtest.xml'\n"}
[0.243535] (movement_info) StdoutLine: {'line': b"1: -- run_test.py: verify result file '/home/kargla/robot_movement/build/movement_info/test_results/movement_info/movement_info_movement_gtest.gtest.xml'\n"}
[0.252538] (movement_info) StdoutLine: {'line': b'1/2 Test #1: movement_info_movement_gtest .....***Failed    0.22 sec\n'}
[0.253083] (movement_info) StdoutLine: {'line': b'test 2\n'}
[0.253203] (movement_info) StdoutLine: {'line': b'    Start 2: movement_info_movement_gmock\n'}
[0.253261] (movement_info) StdoutLine: {'line': b'\n'}
[0.253313] (movement_info) StdoutLine: {'line': b'2: Test command: /usr/bin/python3 "-u" "/opt/ros/humble/share/ament_cmake_test/cmake/run_test.py" "/home/kargla/robot_movement/build/movement_info/test_results/movement_info/movement_info_movement_gmock.gtest.xml" "--package-name" "movement_info" "--output-file" "/home/kargla/robot_movement/build/movement_info/ament_cmake_gmock/movement_info_movement_gmock.txt" "--command" "/home/kargla/robot_movement/build/movement_info/movement_info_movement_gmock" "--gtest_output=xml:/home/kargla/robot_movement/build/movement_info/test_results/movement_info/movement_info_movement_gmock.gtest.xml"\n'}
[0.253376] (movement_info) StdoutLine: {'line': b'2: Test timeout computed to be: 60\n'}
[0.299437] (-) TimerEvent: {}
[0.307823] (movement_info) StdoutLine: {'line': b"2: -- run_test.py: invoking following command in '/home/kargla/robot_movement/build/movement_info':\n"}
[0.307965] (movement_info) StdoutLine: {'line': b'2:  - /home/kargla/robot_movement/build/movement_info/movement_info_movement_gmock --gtest_output=xml:/home/kargla/robot_movement/build/movement_info/test_results/movement_info/movement_info_movement_gmock.gtest.xml\n'}
[0.319613] (movement_info) StdoutLine: {'line': b'2: [==========] Running 3 tests from 2 test suites.\n'}
[0.319812] (movement_info) StdoutLine: {'line': b'2: [----------] Global test environment set-up.\n'}
[0.319889] (movement_info) StdoutLine: {'line': b'2: [----------] 2 tests from MovementTest\n'}
[0.319959] (movement_info) StdoutLine: {'line': b'2: [ RUN      ] MovementTest.HeadingDeterminationTest\n'}
[0.331496] (movement_info) StdoutLine: {'line': b"2: [INFO] [1735834225.396633267] [movement]: Direction treshold: '0.100000'\n"}
[0.331769] (movement_info) StdoutLine: {'line': b"2: [INFO] [1735834225.396731048] [movement]: Heading treshold: '0.100000'\n"}
[0.331889] (movement_info) StdoutLine: {'line': b"2: [INFO] [1735834225.396744947] [movement]: Movement topic: '/movement_info'\n"}
[0.331999] (movement_info) StdoutLine: {'line': b"2: [INFO] [1735834225.396756331] [movement]: Odometry topic: '/diff_drive/odom'\n"}
[0.332106] (movement_info) StdoutLine: {'line': b"2: [INFO] [1735834225.396767786] [movement]: Velocity topic: '/diff_drive/cmd_vel'\n"}
[0.335587] (movement_info) StdoutLine: {'line': b'2: [       OK ] MovementTest.HeadingDeterminationTest (16 ms)\n'}
[0.335825] (movement_info) StdoutLine: {'line': b'2: [ RUN      ] MovementTest.MovementInfoPublishingTest\n'}
[0.339285] (movement_info) StdoutLine: {'line': b'2: /home/kargla/robot_movement/src/movement_info/test/movement_test.cpp:65: Failure\n'}
[0.339380] (movement_info) StdoutLine: {'line': b'2: Expected equality of these values:\n'}
[0.339437] (movement_info) StdoutLine: {'line': b'2:   message.heading\n'}
[0.339505] (movement_info) StdoutLine: {'line': b'2:     Which is: "straight"\n'}
[0.339563] (movement_info) StdoutLine: {'line': b'2:   movement_info_msgs::msg::MovementInfo::FORWARD\n'}
[0.339614] (movement_info) StdoutLine: {'line': b'2:     Which is: "forward"\n'}
[0.340895] (movement_info) StdoutLine: {'line': b'2: [  FAILED  ] MovementTest.MovementInfoPublishingTest (6 ms)\n'}
[0.340987] (movement_info) StdoutLine: {'line': b'2: [----------] 2 tests from MovementTest (22 ms total)\n'}
[0.341056] (movement_info) StdoutLine: {'line': b'2: \n'}
[0.341109] (movement_info) StdoutLine: {'line': b'2: [----------] 1 test from MovementTEST\n'}
[0.341160] (movement_info) StdoutLine: {'line': b'2: [ RUN      ] MovementTEST.DirectionDeterminationTest\n'}
[0.345543] (movement_info) StdoutLine: {'line': b"2: [INFO] [1735834225.410938141] [movement]: Direction treshold: '0.100000'\n"}
[0.345708] (movement_info) StdoutLine: {'line': b"2: [INFO] [1735834225.410985983] [movement]: Heading treshold: '0.100000'\n"}
[0.345767] (movement_info) StdoutLine: {'line': b"2: [INFO] [1735834225.411000651] [movement]: Movement topic: '/movement_info'\n"}
[0.345819] (movement_info) StdoutLine: {'line': b"2: [INFO] [1735834225.411014619] [movement]: Odometry topic: '/diff_drive/odom'\n"}
[0.345870] (movement_info) StdoutLine: {'line': b"2: [INFO] [1735834225.411028797] [movement]: Velocity topic: '/diff_drive/cmd_vel'\n"}
[0.352540] (movement_info) StdoutLine: {'line': b'2: [       OK ] MovementTEST.DirectionDeterminationTest (11 ms)\n'}
[0.352878] (movement_info) StdoutLine: {'line': b'2: [----------] 1 test from MovementTEST (11 ms total)\n'}
[0.353014] (movement_info) StdoutLine: {'line': b'2: \n'}
[0.353073] (movement_info) StdoutLine: {'line': b'2: [----------] Global test environment tear-down\n'}
[0.353123] (movement_info) StdoutLine: {'line': b'2: [==========] 3 tests from 2 test suites ran. (33 ms total)\n'}
[0.353173] (movement_info) StdoutLine: {'line': b'2: [  PASSED  ] 2 tests.\n'}
[0.353235] (movement_info) StdoutLine: {'line': b'2: [  FAILED  ] 1 test, listed below:\n'}
[0.353285] (movement_info) StdoutLine: {'line': b'2: [  FAILED  ] MovementTest.MovementInfoPublishingTest\n'}
[0.353337] (movement_info) StdoutLine: {'line': b'2: \n'}
[0.353385] (movement_info) StdoutLine: {'line': b'2:  1 FAILED TEST\n'}
[0.399829] (-) TimerEvent: {}
[0.457115] (movement_info) StdoutLine: {'line': b'2: -- run_test.py: return code 1\n'}
[0.457350] (movement_info) StdoutLine: {'line': b"2: -- run_test.py: inject classname prefix into gtest result file '/home/kargla/robot_movement/build/movement_info/test_results/movement_info/movement_info_movement_gmock.gtest.xml'\n"}
[0.457577] (movement_info) StdoutLine: {'line': b"2: -- run_test.py: verify result file '/home/kargla/robot_movement/build/movement_info/test_results/movement_info/movement_info_movement_gmock.gtest.xml'\n"}
[0.467039] (movement_info) StdoutLine: {'line': b'2/2 Test #2: movement_info_movement_gmock .....***Failed    0.21 sec\n'}
[0.467955] (movement_info) StdoutLine: {'line': b'\n'}
[0.468231] (movement_info) StdoutLine: {'line': b'0% tests passed\x1b[0;0m, \x1b[0;31m2 tests failed\x1b[0;0m out of 2\n'}
[0.468510] (movement_info) StdoutLine: {'line': b'\n'}
[0.468608] (movement_info) StdoutLine: {'line': b'Label Time Summary:\n'}
[0.468659] (movement_info) StdoutLine: {'line': b'gmock    =   0.21 sec*proc (1 test)\n'}
[0.468711] (movement_info) StdoutLine: {'line': b'gtest    =   0.22 sec*proc (1 test)\n'}
[0.468764] (movement_info) StdoutLine: {'line': b'\n'}
[0.468815] (movement_info) StdoutLine: {'line': b'Total Test time (real) =   0.43 sec\n'}
[0.468869] (movement_info) StdoutLine: {'line': b'\n'}
[0.468933] (movement_info) StdoutLine: {'line': b'The following tests FAILED:\n'}
[0.468985] (movement_info) StdoutLine: {'line': b'\t\x1b[0;31m  1 - movement_info_movement_gtest (Failed)\x1b[0;0m\n'}
[0.469035] (movement_info) StdoutLine: {'line': b'\t\x1b[0;31m  2 - movement_info_movement_gmock (Failed)\x1b[0;0m\n'}
[0.470918] (movement_info) StderrLine: {'line': b'Errors while running CTest\n'}
[0.471176] (movement_info) StderrLine: {'line': b'Output from these tests are in: /home/kargla/robot_movement/build/movement_info/Testing/Temporary/LastTest.log\n'}
[0.471297] (movement_info) StderrLine: {'line': b'Use "--rerun-failed --output-on-failure" to re-run the failed cases verbosely.\n'}
[0.473551] (movement_info) CommandEnded: {'returncode': 8}
[0.474521] (movement_info) TestFailure: {'identifier': 'movement_info'}
[0.474574] (movement_info) JobEnded: {'identifier': 'movement_info', 'rc': 0}
[0.475007] (-) EventReactorShutdown: {}
