[35m[1mConsolidate compiler generated dependencies of target movement[0m
[ 25%] [32mBuilding CXX object CMakeFiles/movement_info_library.dir/src/movement.cpp.o[0m
[01m[K/home/kargla/robot_movement/src/movement_info/src/movement.cpp:105:10:[m[K [01;31m[Kfatal error: [m[Kmovement_info/movement.hpp: No such file or directory
  105 | #include [01;31m[K"movement_info/movement.hpp"[m[K
      |          [01;31m[K^~~~~~~~~~~~~~~~~~~~~~~~~~~~[m[K
compilation terminated.
gmake[2]: *** [CMakeFiles/movement_info_library.dir/build.make:76: CMakeFiles/movement_info_library.dir/src/movement.cpp.o] Error 1
gmake[1]: *** [CMakeFiles/Makefile2:165: CMakeFiles/movement_info_library.dir/all] Error 2
gmake[1]: *** Waiting for unfinished jobs....
[ 50%] [32mBuilding CXX object CMakeFiles/movement.dir/src/movement.cpp.o[0m
In file included from [01m[K/home/kargla/robot_movement/src/movement_info/src/movement.cpp:105[m[K:
[01m[K/home/kargla/robot_movement/src/movement_info/include/movement_info/movement.hpp:10:1:[m[K [01;31m[Kerror: [m[Knew types may not be defined in a return type
   10 | [01;31m[Kclass[m[K Movement : public rclcpp::Node
      | [01;31m[K^~~~~[m[K
[01m[K/home/kargla/robot_movement/src/movement_info/include/movement_info/movement.hpp:10:1:[m[K [01;36m[Knote: [m[K(perhaps a semicolon is missing after the definition of â€˜[01m[KMovement[m[Kâ€™)
[01m[K/home/kargla/robot_movement/src/movement_info/include/movement_info/movement.hpp:10:1:[m[K [01;31m[Kerror: [m[Kreturn type specification for constructor invalid
gmake[2]: *** [CMakeFiles/movement.dir/build.make:76: CMakeFiles/movement.dir/src/movement.cpp.o] Error 1
gmake[1]: *** [CMakeFiles/Makefile2:139: CMakeFiles/movement.dir/all] Error 2
gmake: *** [Makefile:146: all] Error 2
