[0.017s] Invoking command in '/home/kargla/robot_movement/build/movement_info': CMAKE_PREFIX_PATH=${CMAKE_PREFIX_PATH}:/opt/ros/humble /usr/bin/cmake --build /home/kargla/robot_movement/build/movement_info -- -j12 -l12
[0.065s] [35m[1mConsolidate compiler generated dependencies of target movement[0m
[0.077s] [ 25%] [32mBuilding CXX object CMakeFiles/movement_info_library.dir/src/movement.cpp.o[0m
[0.091s] [01m[K/home/kargla/robot_movement/src/movement_info/src/movement.cpp:105:10:[m[K [01;31m[Kfatal error: [m[Kmovement_info/movement.hpp: No such file or directory
[0.091s]   105 | #include [01;31m[K"movement_info/movement.hpp"[m[K
[0.092s]       |          [01;31m[K^~~~~~~~~~~~~~~~~~~~~~~~~~~~[m[K
[0.092s] compilation terminated.
[0.094s] gmake[2]: *** [CMakeFiles/movement_info_library.dir/build.make:76: CMakeFiles/movement_info_library.dir/src/movement.cpp.o] Error 1
[0.096s] gmake[1]: *** [CMakeFiles/Makefile2:165: CMakeFiles/movement_info_library.dir/all] Error 2
[0.097s] gmake[1]: *** Waiting for unfinished jobs....
[0.097s] [ 50%] [32mBuilding CXX object CMakeFiles/movement.dir/src/movement.cpp.o[0m
[2.973s] In file included from [01m[K/home/kargla/robot_movement/src/movement_info/src/movement.cpp:105[m[K:
[2.973s] [01m[K/home/kargla/robot_movement/src/movement_info/include/movement_info/movement.hpp:10:1:[m[K [01;31m[Kerror: [m[Knew types may not be defined in a return type
[2.973s]    10 | [01;31m[Kclass[m[K Movement : public rclcpp::Node
[2.973s]       | [01;31m[K^~~~~[m[K
[2.973s] [01m[K/home/kargla/robot_movement/src/movement_info/include/movement_info/movement.hpp:10:1:[m[K [01;36m[Knote: [m[K(perhaps a semicolon is missing after the definition of â€˜[01m[KMovement[m[Kâ€™)
[2.973s] [01m[K/home/kargla/robot_movement/src/movement_info/include/movement_info/movement.hpp:10:1:[m[K [01;31m[Kerror: [m[Kreturn type specification for constructor invalid
[6.075s] gmake[2]: *** [CMakeFiles/movement.dir/build.make:76: CMakeFiles/movement.dir/src/movement.cpp.o] Error 1
[6.076s] gmake[1]: *** [CMakeFiles/Makefile2:139: CMakeFiles/movement.dir/all] Error 2
[6.076s] gmake: *** [Makefile:146: all] Error 2
[6.079s] Invoked command in '/home/kargla/robot_movement/build/movement_info' returned '2': CMAKE_PREFIX_PATH=${CMAKE_PREFIX_PATH}:/opt/ros/humble /usr/bin/cmake --build /home/kargla/robot_movement/build/movement_info -- -j12 -l12
