[35m[1mConsolidate compiler generated dependencies of target movement[0m
[ 50%] [32mBuilding CXX object CMakeFiles/movement.dir/src/movement.cpp.o[0m
[01m[K/home/kargla/robot_movement/src/movement_info/src/movement.cpp:[m[K In constructor â€˜[01m[KMovement::Movement()[m[Kâ€™:
[01m[K/home/kargla/robot_movement/src/movement_info/src/movement.cpp:31:29:[m[K [01;31m[Kerror: [m[Kâ€˜[01m[KMovementInfo[m[Kâ€™ has not been declared
   31 |         message_.heading =  [01;31m[KMovementInfo[m[K::STRAIGHT;
      |                             [01;31m[K^~~~~~~~~~~~[m[K
[01m[K/home/kargla/robot_movement/src/movement_info/src/movement.cpp:32:29:[m[K [01;31m[Kerror: [m[Kâ€˜[01m[KMovementInfo[m[Kâ€™ has not been declared
   32 |         message_.movement = [01;31m[KMovementInfo[m[K::STANDSTILL;
      |                             [01;31m[K^~~~~~~~~~~~[m[K
[01m[K/home/kargla/robot_movement/src/movement_info/src/movement.cpp:[m[K In member function â€˜[01m[Kvoid Movement::odometry_callback(nav_msgs::msg::Odometry_<std::allocator<void> >::SharedPtr)[m[Kâ€™:
[01m[K/home/kargla/robot_movement/src/movement_info/src/movement.cpp:58:69:[m[K [01;35m[Kwarning: [m[Kunused parameter â€˜[01m[Kmsg[m[Kâ€™ [[01;35m[K]8;;https://gcc.gnu.org/onlinedocs/gcc/Warning-Options.html#index-Wunused-parameter-Wunused-parameter]8;;[m[K]
   58 |    void odometry_callback([01;35m[Kconst nav_msgs::msg::Odometry::SharedPtr msg[m[K)
      |                           [01;35m[K~~~~~~~~~~~~~~~~~~~~~~~~~~~~~~~~~~~~~~~~~^~~[m[K

gmake[2]: *** [CMakeFiles/movement.dir/build.make:76: CMakeFiles/movement.dir/src/movement.cpp.o] Error 1
gmake[1]: *** [CMakeFiles/Makefile2:137: CMakeFiles/movement.dir/all] Error 2
gmake: *** [Makefile:146: all] Error 2
