[35m[1mConsolidate compiler generated dependencies of target movement_info_library[0m
[35m[1mConsolidate compiler generated dependencies of target movement[0m
[ 10%] Built target gtest_main
[ 26%] Built target gmock_main
[ 31%] Built target gtest
[ 47%] Built target gmock
[ 57%] Built target movement_info_library
[ 63%] [32mBuilding CXX object CMakeFiles/movement.dir/src/movement_interface.cpp.o[0m
[35m[1mConsolidate compiler generated dependencies of target movement_info_movement_gtest[0m
[35m[1mConsolidate compiler generated dependencies of target movement_info_movement_gmock[0m
[01m[K/home/kargla/robot_movement/src/movement_info/src/movement_interface.cpp:3:1:[m[K [01;31m[Kerror: [m[Kâ€˜[01m[KMovementInterface[m[Kâ€™ does not name a type
    3 | [01;31m[KMovementInterface[m[K::MovementInterface() : Node("movement_interface")
      | [01;31m[K^~~~~~~~~~~~~~~~~[m[K
[01m[K/home/kargla/robot_movement/src/movement_info/src/movement_interface.cpp:8:14:[m[K [01;31m[Kerror: [m[Kâ€˜[01m[KMovementInterface[m[Kâ€™ has not been declared
    8 | virtual void [01;31m[KMovementInterface[m[K::publish_movement_info()
      |              [01;31m[K^~~~~~~~~~~~~~~~~[m[K
[01m[K/home/kargla/robot_movement/src/movement_info/src/movement_interface.cpp:8:1:[m[K [01;31m[Kerror: [m[Kâ€˜[01m[Kvirtual[m[Kâ€™ outside class declaration
    8 | [01;31m[Kvirtual[m[K void MovementInterface::publish_movement_info()
      | [01;31m[K^~~~~~~[m[K
[01m[K/home/kargla/robot_movement/src/movement_info/src/movement_interface.cpp:[m[K In function â€˜[01m[Kvoid publish_movement_info()[m[Kâ€™:
[01m[K/home/kargla/robot_movement/src/movement_info/src/movement_interface.cpp:10:5:[m[K [01;31m[Kerror: [m[Kâ€˜[01m[Kpublisher_[m[Kâ€™ was not declared in this scope
   10 |     [01;31m[Kpublisher_[m[K->publish(message_);
      |     [01;31m[K^~~~~~~~~~[m[K
[01m[K/home/kargla/robot_movement/src/movement_info/src/movement_interface.cpp:10:25:[m[K [01;31m[Kerror: [m[Kâ€˜[01m[Kmessage_[m[Kâ€™ was not declared in this scope
   10 |     publisher_->publish([01;31m[Kmessage_[m[K);
      |                         [01;31m[K^~~~~~~~[m[K
gmake[2]: *** [CMakeFiles/movement.dir/build.make:104: CMakeFiles/movement.dir/src/movement_interface.cpp.o] Error 1
gmake[1]: *** [CMakeFiles/Makefile2:180: CMakeFiles/movement.dir/all] Error 2
gmake[1]: *** Waiting for unfinished jobs....
[ 68%] [32mBuilding CXX object CMakeFiles/movement_info_movement_gtest.dir/test/movement_test.cpp.o[0m
[ 73%] [32mBuilding CXX object CMakeFiles/movement_info_movement_gmock.dir/test/movement_test.cpp.o[0m
[ 78%] [32m[1mLinking CXX executable movement_info_movement_gtest[0m
[ 84%] [32m[1mLinking CXX executable movement_info_movement_gmock[0m
[ 84%] Built target movement_info_movement_gtest
[ 84%] Built target movement_info_movement_gmock
gmake: *** [Makefile:146: all] Error 2
