[0.017s] Invoking command in '/home/kargla/robot_movement/build/movement_info': CMAKE_PREFIX_PATH=/opt/ros/humble /usr/bin/cmake --build /home/kargla/robot_movement/build/movement_info -- -j12 -l12
[0.094s] [35m[1mConsolidate compiler generated dependencies of target movement_info_library[0m
[0.097s] [35m[1mConsolidate compiler generated dependencies of target movement[0m
[0.114s] [ 10%] Built target gtest_main
[0.118s] [ 26%] Built target gmock_main
[0.118s] [ 31%] Built target gtest
[0.118s] [ 47%] Built target gmock
[0.136s] [ 57%] Built target movement_info_library
[0.153s] [ 63%] [32mBuilding CXX object CMakeFiles/movement.dir/src/movement_interface.cpp.o[0m
[0.160s] [35m[1mConsolidate compiler generated dependencies of target movement_info_movement_gtest[0m
[0.160s] [35m[1mConsolidate compiler generated dependencies of target movement_info_movement_gmock[0m
[0.173s] [01m[K/home/kargla/robot_movement/src/movement_info/src/movement_interface.cpp:3:1:[m[K [01;31m[Kerror: [m[Kâ€˜[01m[KMovementInterface[m[Kâ€™ does not name a type
[0.173s]     3 | [01;31m[KMovementInterface[m[K::MovementInterface() : Node("movement_interface")
[0.173s]       | [01;31m[K^~~~~~~~~~~~~~~~~[m[K
[0.173s] [01m[K/home/kargla/robot_movement/src/movement_info/src/movement_interface.cpp:8:14:[m[K [01;31m[Kerror: [m[Kâ€˜[01m[KMovementInterface[m[Kâ€™ has not been declared
[0.173s]     8 | virtual void [01;31m[KMovementInterface[m[K::publish_movement_info()
[0.173s]       |              [01;31m[K^~~~~~~~~~~~~~~~~[m[K
[0.174s] [01m[K/home/kargla/robot_movement/src/movement_info/src/movement_interface.cpp:8:1:[m[K [01;31m[Kerror: [m[Kâ€˜[01m[Kvirtual[m[Kâ€™ outside class declaration
[0.174s]     8 | [01;31m[Kvirtual[m[K void MovementInterface::publish_movement_info()
[0.174s]       | [01;31m[K^~~~~~~[m[K
[0.174s] [01m[K/home/kargla/robot_movement/src/movement_info/src/movement_interface.cpp:[m[K In function â€˜[01m[Kvoid publish_movement_info()[m[Kâ€™:
[0.174s] [01m[K/home/kargla/robot_movement/src/movement_info/src/movement_interface.cpp:10:5:[m[K [01;31m[Kerror: [m[Kâ€˜[01m[Kpublisher_[m[Kâ€™ was not declared in this scope
[0.174s]    10 |     [01;31m[Kpublisher_[m[K->publish(message_);
[0.175s]       |     [01;31m[K^~~~~~~~~~[m[K
[0.175s] [01m[K/home/kargla/robot_movement/src/movement_info/src/movement_interface.cpp:10:25:[m[K [01;31m[Kerror: [m[Kâ€˜[01m[Kmessage_[m[Kâ€™ was not declared in this scope
[0.175s]    10 |     publisher_->publish([01;31m[Kmessage_[m[K);
[0.175s]       |                         [01;31m[K^~~~~~~~[m[K
[0.177s] gmake[2]: *** [CMakeFiles/movement.dir/build.make:104: CMakeFiles/movement.dir/src/movement_interface.cpp.o] Error 1
[0.178s] gmake[1]: *** [CMakeFiles/Makefile2:180: CMakeFiles/movement.dir/all] Error 2
[0.178s] gmake[1]: *** Waiting for unfinished jobs....
[0.196s] [ 68%] [32mBuilding CXX object CMakeFiles/movement_info_movement_gtest.dir/test/movement_test.cpp.o[0m
[0.199s] [ 73%] [32mBuilding CXX object CMakeFiles/movement_info_movement_gmock.dir/test/movement_test.cpp.o[0m
[5.551s] [ 78%] [32m[1mLinking CXX executable movement_info_movement_gtest[0m
[5.622s] [ 84%] [32m[1mLinking CXX executable movement_info_movement_gmock[0m
[6.639s] [ 84%] Built target movement_info_movement_gtest
[6.746s] [ 84%] Built target movement_info_movement_gmock
[6.748s] gmake: *** [Makefile:146: all] Error 2
[6.751s] Invoked command in '/home/kargla/robot_movement/build/movement_info' returned '2': CMAKE_PREFIX_PATH=/opt/ros/humble /usr/bin/cmake --build /home/kargla/robot_movement/build/movement_info -- -j12 -l12
