[0.017s] Invoking command in '/home/kargla/robot_movement/build/movement_info': CMAKE_PREFIX_PATH=${CMAKE_PREFIX_PATH}:/opt/ros/humble /usr/bin/cmake --build /home/kargla/robot_movement/build/movement_info -- -j12 -l12
[0.087s] [ 20%] Built target gtest_main
[0.087s] [ 25%] Built target gmock
[0.090s] [ 35%] Built target gmock_main
[0.095s] [ 45%] Built target gtest
[0.095s] [ 50%] [32mBuilding CXX object CMakeFiles/movement.dir/src/movement.cpp.o[0m
[0.100s] [ 55%] [32mBuilding CXX object CMakeFiles/movement_info_library.dir/src/movement.cpp.o[0m
[11.032s] [ 60%] [32m[1mLinking CXX static library libmovement_info_library.a[0m
[11.034s] [ 65%] [32m[1mLinking CXX executable movement[0m
[11.311s] [ 70%] Built target movement_info_library
[11.325s] [35m[1mConsolidate compiler generated dependencies of target movement_info_movement_gtest[0m
[11.326s] [35m[1mConsolidate compiler generated dependencies of target movement_info_movement_gmock[0m
[11.346s] [ 80%] [32m[1mLinking CXX executable movement_info_movement_gtest[0m
[11.346s] [ 80%] [32m[1mLinking CXX executable movement_info_movement_gmock[0m
[11.881s] [ 90%] Built target movement
[12.476s] /usr/bin/ld: CMakeFiles/movement_info_movement_gmock.dir/test/movement_test.cpp.o: in function `MovementTest_HeadingDeterminationTest_Test::TestBody()':
[12.476s] movement_test.cpp:(.text+0xce): undefined reference to `Movement::getMessage()'
[12.477s] /usr/bin/ld: movement_test.cpp:(.text+0x247): undefined reference to `Movement::getMessage()'
[12.477s] /usr/bin/ld: movement_test.cpp:(.text+0x3c0): undefined reference to `Movement::getMessage()'
[12.477s] /usr/bin/ld: movement_test.cpp:(.text+0x539): undefined reference to `Movement::getMessage()'
[12.477s] /usr/bin/ld: CMakeFiles/movement_info_movement_gmock.dir/test/movement_test.cpp.o: in function `MovementTEST_DirectionDeterminationTest_Test::TestBody()':
[12.477s] movement_test.cpp:(.text+0x98f): undefined reference to `Movement::getMessage()'
[12.477s] /usr/bin/ld: CMakeFiles/movement_info_movement_gmock.dir/test/movement_test.cpp.o:movement_test.cpp:(.text+0xb01): more undefined references to `Movement::getMessage()' follow
[12.482s] /usr/bin/ld: CMakeFiles/movement_info_movement_gtest.dir/test/movement_test.cpp.o: in function `MovementTest_HeadingDeterminationTest_Test::TestBody()':
[12.482s] movement_test.cpp:(.text+0xce): undefined reference to `Movement::getMessage()'
[12.482s] /usr/bin/ld: movement_test.cpp:(.text+0x247): undefined reference to `Movement::getMessage()'
[12.482s] /usr/bin/ld: movement_test.cpp:(.text+0x3c0): undefined reference to `Movement::getMessage()'
[12.482s] /usr/bin/ld: movement_test.cpp:(.text+0x539): undefined reference to `Movement::getMessage()'
[12.482s] /usr/bin/ld: CMakeFiles/movement_info_movement_gtest.dir/test/movement_test.cpp.o: in function `MovementTEST_DirectionDeterminationTest_Test::TestBody()':
[12.483s] movement_test.cpp:(.text+0x98f): undefined reference to `Movement::getMessage()'
[12.483s] /usr/bin/ld: CMakeFiles/movement_info_movement_gtest.dir/test/movement_test.cpp.o:movement_test.cpp:(.text+0xb01): more undefined references to `Movement::getMessage()' follow
[12.579s] collect2: error: ld returned 1 exit status
[12.582s] gmake[2]: *** [CMakeFiles/movement_info_movement_gmock.dir/build.make:188: movement_info_movement_gmock] Error 1
[12.583s] gmake[1]: *** [CMakeFiles/Makefile2:264: CMakeFiles/movement_info_movement_gmock.dir/all] Error 2
[12.583s] gmake[1]: *** Waiting for unfinished jobs....
[12.592s] collect2: error: ld returned 1 exit status
[12.594s] gmake[2]: *** [CMakeFiles/movement_info_movement_gtest.dir/build.make:188: movement_info_movement_gtest] Error 1
[12.594s] gmake[1]: *** [CMakeFiles/Makefile2:235: CMakeFiles/movement_info_movement_gtest.dir/all] Error 2
[12.595s] gmake: *** [Makefile:146: all] Error 2
[12.598s] Invoked command in '/home/kargla/robot_movement/build/movement_info' returned '2': CMAKE_PREFIX_PATH=${CMAKE_PREFIX_PATH}:/opt/ros/humble /usr/bin/cmake --build /home/kargla/robot_movement/build/movement_info -- -j12 -l12
