[ 20%] Built target gmock_main
[ 20%] Built target gtest_main
[ 35%] Built target gmock
[ 45%] Built target gtest
[ 80%] Built target movement
[ 80%] Built target movement_info_library
[35m[1mConsolidate compiler generated dependencies of target movement_info_movement_gtest[0m
[35m[1mConsolidate compiler generated dependencies of target movement_info_movement_gmock[0m
[ 85%] [32mBuilding CXX object CMakeFiles/movement_info_movement_gmock.dir/test/movement_test.cpp.o[0m
[ 90%] [32mBuilding CXX object CMakeFiles/movement_info_movement_gtest.dir/test/movement_test.cpp.o[0m
[01m[K/home/kargla/robot_movement/src/movement_info/test/movement_test.cpp:[m[K In member function â€˜[01m[Kvirtual void MovementTest_MovementInfoPublishingTest_Test::TestBody()[m[Kâ€™:
[01m[K/home/kargla/robot_movement/src/movement_info/test/movement_test.cpp:60:16:[m[K [01;31m[Kerror: [m[Kâ€˜[01m[Kmessage[m[Kâ€™ was not declared in this scope
   60 |     .WillOnce([[01;31m[Kmessage[m[K]() {
      |                [01;31m[K^~~~~~~[m[K
In file included from [01m[K/opt/ros/humble/src/gtest_vendor/include/gtest/gtest.h:375[m[K,
                 from [01m[K/home/kargla/robot_movement/src/movement_info/test/movement_test.cpp:1[m[K:
[01m[K/home/kargla/robot_movement/src/movement_info/test/movement_test.cpp:[m[K In lambda function:
[01m[K/home/kargla/robot_movement/src/movement_info/test/movement_test.cpp:61:23:[m[K [01;31m[Kerror: [m[Kâ€˜[01m[Kmessage[m[Kâ€™ is not captured
   61 |             EXPECT_EQ([01;31m[Kmessage[m[K.heading, movement_info_msgs::msg::MovementInfo::STRAIGHT);
      |                       [01;31m[K^~~~~~~[m[K
[01m[K/home/kargla/robot_movement/src/movement_info/test/movement_test.cpp:60:23:[m[K [01;36m[Knote: [m[Kthe lambda has no capture-default
   60 |     .WillOnce([message[01;36m[K][m[K() {
      |                       [01;36m[K^[m[K
[01m[K/home/kargla/robot_movement/src/movement_info/test/movement_test.cpp:60:16:[m[K [01;36m[Knote: [m[Kâ€˜[01m[K<typeprefixerror>message[m[Kâ€™ declared here
   60 |     .WillOnce([[01;36m[Kmessage[m[K]() {
      |                [01;36m[K^~~~~~~[m[K
In file included from [01m[K/opt/ros/humble/src/gtest_vendor/include/gtest/gtest.h:375[m[K,
                 from [01m[K/home/kargla/robot_movement/src/movement_info/test/movement_test.cpp:1[m[K:
[01m[K/home/kargla/robot_movement/src/movement_info/test/movement_test.cpp:62:23:[m[K [01;31m[Kerror: [m[Kâ€˜[01m[Kmessage[m[Kâ€™ is not captured
   62 |             EXPECT_EQ([01;31m[Kmessage[m[K.movement, movement_info_msgs::msg::MovementInfo::FORWARD);
      |                       [01;31m[K^~~~~~~[m[K
[01m[K/home/kargla/robot_movement/src/movement_info/test/movement_test.cpp:60:23:[m[K [01;36m[Knote: [m[Kthe lambda has no capture-default
   60 |     .WillOnce([message[01;36m[K][m[K() {
      |                       [01;36m[K^[m[K
[01m[K/home/kargla/robot_movement/src/movement_info/test/movement_test.cpp:60:16:[m[K [01;36m[Knote: [m[Kâ€˜[01m[K<typeprefixerror>message[m[Kâ€™ declared here
   60 |     .WillOnce([[01;36m[Kmessage[m[K]() {
      |                [01;36m[K^~~~~~~[m[K
[01m[K/home/kargla/robot_movement/src/movement_info/test/movement_test.cpp:[m[K In member function â€˜[01m[Kvirtual void MovementTest_MovementInfoPublishingTest_Test::TestBody()[m[Kâ€™:
[01m[K/home/kargla/robot_movement/src/movement_info/test/movement_test.cpp:60:16:[m[K [01;31m[Kerror: [m[Kâ€˜[01m[Kmessage[m[Kâ€™ was not declared in this scope
   60 |     .WillOnce([[01;31m[Kmessage[m[K]() {
      |                [01;31m[K^~~~~~~[m[K
In file included from [01m[K/opt/ros/humble/src/gtest_vendor/include/gtest/gtest.h:375[m[K,
                 from [01m[K/home/kargla/robot_movement/src/movement_info/test/movement_test.cpp:1[m[K:
[01m[K/home/kargla/robot_movement/src/movement_info/test/movement_test.cpp:[m[K In lambda function:
[01m[K/home/kargla/robot_movement/src/movement_info/test/movement_test.cpp:61:23:[m[K [01;31m[Kerror: [m[Kâ€˜[01m[Kmessage[m[Kâ€™ is not captured
   61 |             EXPECT_EQ([01;31m[Kmessage[m[K.heading, movement_info_msgs::msg::MovementInfo::STRAIGHT);
      |                       [01;31m[K^~~~~~~[m[K
[01m[K/home/kargla/robot_movement/src/movement_info/test/movement_test.cpp:60:23:[m[K [01;36m[Knote: [m[Kthe lambda has no capture-default
   60 |     .WillOnce([message[01;36m[K][m[K() {
      |                       [01;36m[K^[m[K
[01m[K/home/kargla/robot_movement/src/movement_info/test/movement_test.cpp:60:16:[m[K [01;36m[Knote: [m[Kâ€˜[01m[K<typeprefixerror>message[m[Kâ€™ declared here
   60 |     .WillOnce([[01;36m[Kmessage[m[K]() {
      |                [01;36m[K^~~~~~~[m[K
In file included from [01m[K/opt/ros/humble/src/gtest_vendor/include/gtest/gtest.h:375[m[K,
                 from [01m[K/home/kargla/robot_movement/src/movement_info/test/movement_test.cpp:1[m[K:
[01m[K/home/kargla/robot_movement/src/movement_info/test/movement_test.cpp:62:23:[m[K [01;31m[Kerror: [m[Kâ€˜[01m[Kmessage[m[Kâ€™ is not captured
   62 |             EXPECT_EQ([01;31m[Kmessage[m[K.movement, movement_info_msgs::msg::MovementInfo::FORWARD);
      |                       [01;31m[K^~~~~~~[m[K
[01m[K/home/kargla/robot_movement/src/movement_info/test/movement_test.cpp:60:23:[m[K [01;36m[Knote: [m[Kthe lambda has no capture-default
   60 |     .WillOnce([message[01;36m[K][m[K() {
      |                       [01;36m[K^[m[K
[01m[K/home/kargla/robot_movement/src/movement_info/test/movement_test.cpp:60:16:[m[K [01;36m[Knote: [m[Kâ€˜[01m[K<typeprefixerror>message[m[Kâ€™ declared here
   60 |     .WillOnce([[01;36m[Kmessage[m[K]() {
      |                [01;36m[K^~~~~~~[m[K
gmake[2]: *** [CMakeFiles/movement_info_movement_gtest.dir/build.make:76: CMakeFiles/movement_info_movement_gtest.dir/test/movement_test.cpp.o] Error 1
gmake[1]: *** [CMakeFiles/Makefile2:235: CMakeFiles/movement_info_movement_gtest.dir/all] Error 2
gmake[1]: *** Waiting for unfinished jobs....
gmake[2]: *** [CMakeFiles/movement_info_movement_gmock.dir/build.make:76: CMakeFiles/movement_info_movement_gmock.dir/test/movement_test.cpp.o] Error 1
gmake[1]: *** [CMakeFiles/Makefile2:264: CMakeFiles/movement_info_movement_gmock.dir/all] Error 2
gmake: *** [Makefile:146: all] Error 2
