[0.017s] Invoking command in '/home/kargla/robot_movement/build/movement_info': CMAKE_PREFIX_PATH=${CMAKE_PREFIX_PATH}:/opt/ros/humble /usr/bin/cmake --build /home/kargla/robot_movement/build/movement_info -- -j12 -l12
[0.120s] [ 25%] Built target gmock_main
[0.120s] [ 25%] Built target movement_info_library
[0.121s] [ 35%] Built target gtest
[0.124s] [ 55%] Built target movement
[0.124s] [ 70%] Built target gtest_main
[0.124s] [ 80%] Built target gmock
[0.150s] [35m[1mConsolidate compiler generated dependencies of target movement_info_movement_gtest[0m
[0.150s] [35m[1mConsolidate compiler generated dependencies of target movement_info_movement_gmock[0m
[0.186s] [ 85%] [32mBuilding CXX object CMakeFiles/movement_info_movement_gtest.dir/test/movement_test.cpp.o[0m
[0.189s] [ 90%] [32mBuilding CXX object CMakeFiles/movement_info_movement_gmock.dir/test/movement_test.cpp.o[0m
[4.605s] In file included from [01m[K/opt/ros/humble/src/gmock_vendor/include/gmock/gmock-function-mocker.h:39[m[K,
[4.605s]                  from [01m[K/opt/ros/humble/src/gmock_vendor/include/gmock/gmock.h:61[m[K,
[4.606s]                  from [01m[K/home/kargla/robot_movement/src/movement_info/test/movement_test.cpp:2[m[K:
[4.606s] [01m[K/home/kargla/robot_movement/src/movement_info/include/movement_info/MockPublisher.hpp:15:5:[m[K [01;31m[Kerror: [m[Ktype/value mismatch at argument 1 in template parameter list for â€˜[01m[Ktemplate<class T> struct testing::internal::Function[m[Kâ€™
[4.606s]    15 |     [01;31m[KMOCK_METHOD0[m[K(void, publish_movement_info);
[4.606s]       |     [01;31m[K^~~~~~~~~~~~[m[K
[4.606s] [01m[K/home/kargla/robot_movement/src/movement_info/include/movement_info/MockPublisher.hpp:15:5:[m[K [01;36m[Knote: [m[K  expected a type, got â€˜[01m[KMockPublisher::publish_movement_info[m[Kâ€™
[4.606s] [01m[K/home/kargla/robot_movement/src/movement_info/include/movement_info/MockPublisher.hpp:15:5:[m[K [01;31m[Kerror: [m[Ktype/value mismatch at argument 1 in template parameter list for â€˜[01m[Ktemplate<class T> struct testing::internal::Function[m[Kâ€™
[4.606s]    15 |     [01;31m[KMOCK_METHOD0[m[K(void, publish_movement_info);
[4.606s]       |     [01;31m[K^~~~~~~~~~~~[m[K
[4.606s] [01m[K/home/kargla/robot_movement/src/movement_info/include/movement_info/MockPublisher.hpp:15:5:[m[K [01;36m[Knote: [m[K  expected a type, got â€˜[01m[KMockPublisher::publish_movement_info[m[Kâ€™
[4.607s] [01m[K/home/kargla/robot_movement/src/movement_info/include/movement_info/MockPublisher.hpp:15:5:[m[K [01;31m[Kerror: [m[Kexpected â€˜[01m[K;[m[Kâ€™ at end of member declaration
[4.607s]    15 |     [01;31m[KMOCK_METHOD0[m[K(void, publish_movement_info);
[4.607s]       |     [01;31m[K^~~~~~~~~~~~[m[K
[4.607s] [01m[K/home/kargla/robot_movement/src/movement_info/include/movement_info/MockPublisher.hpp:15:5:[m[K [01;31m[Kerror: [m[Kexpected unqualified-id before â€˜[01m[K)[m[Kâ€™ token
[4.607s]    15 |     [01;31m[KMOCK_METHOD0[m[K(void, publish_movement_info);
[4.607s]       |     [01;31m[K^~~~~~~~~~~~[m[K
[4.607s] [01m[K/home/kargla/robot_movement/src/movement_info/include/movement_info/MockPublisher.hpp:15:5:[m[K [01;31m[Kerror: [m[Ktype/value mismatch at argument 1 in template parameter list for â€˜[01m[Ktemplate<class F> class testing::internal::MockSpec[m[Kâ€™
[4.607s]    15 |     [01;31m[KMOCK_METHOD0[m[K(void, publish_movement_info);
[4.607s]       |     [01;31m[K^~~~~~~~~~~~[m[K
[4.607s] [01m[K/home/kargla/robot_movement/src/movement_info/include/movement_info/MockPublisher.hpp:15:5:[m[K [01;36m[Knote: [m[K  expected a type, got â€˜[01m[KMockPublisher::publish_movement_info[m[Kâ€™
[4.608s] [01m[K/home/kargla/robot_movement/src/movement_info/include/movement_info/MockPublisher.hpp:15:5:[m[K [01;31m[Kerror: [m[Ktype/value mismatch at argument 1 in template parameter list for â€˜[01m[Ktemplate<class F> class testing::internal::MockSpec[m[Kâ€™
[4.608s]    15 |     [01;31m[KMOCK_METHOD0[m[K(void, publish_movement_info);
[4.608s]       |     [01;31m[K^~~~~~~~~~~~[m[K
[4.608s] [01m[K/home/kargla/robot_movement/src/movement_info/include/movement_info/MockPublisher.hpp:15:5:[m[K [01;36m[Knote: [m[K  expected a type, got â€˜[01m[KMockPublisher::publish_movement_info[m[Kâ€™
[4.608s] [01m[K/home/kargla/robot_movement/src/movement_info/include/movement_info/MockPublisher.hpp:15:5:[m[K [01;31m[Kerror: [m[Ktype/value mismatch at argument 1 in template parameter list for â€˜[01m[Ktemplate<class T> struct testing::internal::Function[m[Kâ€™
[4.608s]    15 |     [01;31m[KMOCK_METHOD0[m[K(void, publish_movement_info);
[4.608s]       |     [01;31m[K^~~~~~~~~~~~[m[K
[4.608s] [01m[K/home/kargla/robot_movement/src/movement_info/include/movement_info/MockPublisher.hpp:15:5:[m[K [01;36m[Knote: [m[K  expected a type, got â€˜[01m[KMockPublisher::publish_movement_info[m[Kâ€™
[4.608s] [01m[K/home/kargla/robot_movement/src/movement_info/include/movement_info/MockPublisher.hpp:15:5:[m[K [01;31m[Kerror: [m[Ktype/value mismatch at argument 1 in template parameter list for â€˜[01m[Ktemplate<class F> class testing::internal::FunctionMocker[m[Kâ€™
[4.608s]    15 |     [01;31m[KMOCK_METHOD0[m[K(void, publish_movement_info);
[4.608s]       |     [01;31m[K^~~~~~~~~~~~[m[K
[4.609s] [01m[K/home/kargla/robot_movement/src/movement_info/include/movement_info/MockPublisher.hpp:15:5:[m[K [01;36m[Knote: [m[K  expected a type, got â€˜[01m[KMockPublisher::publish_movement_info[m[Kâ€™
[4.609s] [01m[K/home/kargla/robot_movement/src/movement_info/include/movement_info/MockPublisher.hpp:[m[K In member function â€˜[01m[Kint MockPublisher::gmock_void()[m[Kâ€™:
[4.609s] [01m[K/home/kargla/robot_movement/src/movement_info/include/movement_info/MockPublisher.hpp:15:5:[m[K [01;31m[Kerror: [m[Krequest for member â€˜[01m[KRegisterOwner[m[Kâ€™ in â€˜[01m[K((MockPublisher*)this)->MockPublisher::gmock0_void_15[m[Kâ€™, which is of non-class type â€˜[01m[Kint[m[Kâ€™
[4.609s]    15 |     [01;31m[KMOCK_METHOD0[m[K(void, publish_movement_info);
[4.609s]       |     [01;31m[K^~~~~~~~~~~~[m[K
[4.609s] [01m[K/home/kargla/robot_movement/src/movement_info/include/movement_info/MockPublisher.hpp:15:5:[m[K [01;31m[Kerror: [m[Krequest for member â€˜[01m[KWith[m[Kâ€™ in â€˜[01m[K((MockPublisher*)this)->MockPublisher::gmock0_void_15[m[Kâ€™, which is of non-class type â€˜[01m[Kint[m[Kâ€™
[4.609s]    15 |     [01;31m[KMOCK_METHOD0[m[K(void, publish_movement_info);
[4.609s]       |     [01;31m[K^~~~~~~~~~~~[m[K
[4.620s] In file included from [01m[K/opt/ros/humble/src/gmock_vendor/include/gmock/gmock-generated-function-mockers.h:47[m[K,
[4.620s]                  from [01m[K/opt/ros/humble/src/gmock_vendor/include/gmock/gmock-function-mocker.h:39[m[K,
[4.620s]                  from [01m[K/opt/ros/humble/src/gmock_vendor/include/gmock/gmock.h:61[m[K,
[4.620s]                  from [01m[K/home/kargla/robot_movement/src/movement_info/test/movement_test.cpp:2[m[K:
[4.621s] [01m[K/home/kargla/robot_movement/src/movement_info/test/movement_test.cpp:[m[K In member function â€˜[01m[Kvirtual void MovementTest_MovementInfoPublishingTest_Test::TestBody()[m[Kâ€™:
[4.621s] [01m[K/home/kargla/robot_movement/src/movement_info/test/movement_test.cpp:59:5:[m[K [01;31m[Kerror: [m[Kâ€˜[01m[Kclass MockPublisher[m[Kâ€™ has no member named â€˜[01m[Kgmock_publish_movement_info[m[Kâ€™; did you mean â€˜[01m[Kpublish_movement_info[m[Kâ€™?
[4.621s]    59 |     [01;31m[KEXPECT_CALL[m[K(mockPublisher, publish_movement_info()).Times(1);
[4.621s]       |     [01;31m[K^~~~~~~~~~~[m[K
[4.667s] In file included from [01m[K/opt/ros/humble/src/gmock_vendor/include/gmock/gmock-function-mocker.h:39[m[K,
[4.668s]                  from [01m[K/opt/ros/humble/src/gmock_vendor/include/gmock/gmock.h:61[m[K,
[4.668s]                  from [01m[K/home/kargla/robot_movement/src/movement_info/test/movement_test.cpp:2[m[K:
[4.668s] [01m[K/opt/ros/humble/src/gmock_vendor/include/gmock/gmock-generated-function-mockers.h:139:48:[m[K [01;31m[Kerror: [m[Ktype/value mismatch at argument 1 in template parameter list for â€˜[01m[Ktemplate<class T> struct testing::internal::Function[m[Kâ€™
[4.668s]   139 |       ::testing::internal::Function<__VA_ARGS__[01;31m[K>[m[K::ArgumentCount, \
[4.668s]       |                                                [01;31m[K^[m[K
[4.668s] [01m[K/opt/ros/humble/src/gmock_vendor/include/gmock/gmock-generated-function-mockers.h:599:30:[m[K [01;36m[Knote: [m[Kin expansion of macro â€˜[01m[KGMOCK_METHOD0_[m[Kâ€™
[4.668s]   599 | #define MOCK_METHOD0(m, ...) [01;36m[KGMOCK_METHOD0_[m[K(, , , m, __VA_ARGS__)
[4.668s]       |                              [01;36m[K^~~~~~~~~~~~~~[m[K
[4.668s] [01m[K/home/kargla/robot_movement/src/movement_info/include/movement_info/MockPublisher.hpp:15:5:[m[K [01;36m[Knote: [m[Kin expansion of macro â€˜[01m[KMOCK_METHOD0[m[Kâ€™
[4.669s]    15 |     [01;36m[KMOCK_METHOD0[m[K(void, publish_movement_info);
[4.669s]       |     [01;36m[K^~~~~~~~~~~~[m[K
[4.669s] [01m[K/opt/ros/humble/src/gmock_vendor/include/gmock/gmock-generated-function-mockers.h:139:48:[m[K [01;36m[Knote: [m[K  expected a type, got â€˜[01m[KMockPublisher::publish_movement_info[m[Kâ€™
[4.669s]   139 |       ::testing::internal::Function<__VA_ARGS__[01;36m[K>[m[K::ArgumentCount, \
[4.669s]       |                                                [01;36m[K^[m[K
[4.669s] [01m[K/opt/ros/humble/src/gmock_vendor/include/gmock/gmock-generated-function-mockers.h:599:30:[m[K [01;36m[Knote: [m[Kin expansion of macro â€˜[01m[KGMOCK_METHOD0_[m[Kâ€™
[4.669s]   599 | #define MOCK_METHOD0(m, ...) [01;36m[KGMOCK_METHOD0_[m[K(, , , m, __VA_ARGS__)
[4.669s]       |                              [01;36m[K^~~~~~~~~~~~~~[m[K
[4.669s] [01m[K/home/kargla/robot_movement/src/movement_info/include/movement_info/MockPublisher.hpp:15:5:[m[K [01;36m[Knote: [m[Kin expansion of macro â€˜[01m[KMOCK_METHOD0[m[Kâ€™
[4.669s]    15 |     [01;36m[KMOCK_METHOD0[m[K(void, publish_movement_info);
[4.669s]       |     [01;36m[K^~~~~~~~~~~~[m[K
[4.669s] [01m[K/opt/ros/humble/src/gmock_vendor/include/gmock/gmock-generated-function-mockers.h:119:49:[m[K [01;31m[Kerror: [m[Ktype/value mismatch at argument 1 in template parameter list for â€˜[01m[Ktemplate<class T> struct testing::internal::Function[m[Kâ€™
[4.669s]   119 |     tn ::testing::internal::Function<__VA_ARGS__[01;31m[K>[m[K::Result
[4.670s]       |                                                 [01;31m[K^[m[K
[4.670s] [01m[K/opt/ros/humble/src/gmock_vendor/include/gmock/gmock-generated-function-mockers.h:141:3:[m[K [01;36m[Knote: [m[Kin expansion of macro â€˜[01m[KGMOCK_RESULT_[m[Kâ€™
[4.670s]   141 |   [01;36m[KGMOCK_RESULT_[m[K(tn, __VA_ARGS__) ct Method( \
[4.670s]       |   [01;36m[K^~~~~~~~~~~~~[m[K
[4.670s] [01m[K/opt/ros/humble/src/gmock_vendor/include/gmock/gmock-generated-function-mockers.h:599:30:[m[K [01;36m[Knote: [m[Kin expansion of macro â€˜[01m[KGMOCK_METHOD0_[m[Kâ€™
[4.670s]   599 | #define MOCK_METHOD0(m, ...) [01;36m[KGMOCK_METHOD0_[m[K(, , , m, __VA_ARGS__)
[4.670s]       |                              [01;36m[K^~~~~~~~~~~~~~[m[K
[4.670s] [01m[K/home/kargla/robot_movement/src/movement_info/include/movement_info/MockPublisher.hpp:15:5:[m[K [01;36m[Knote: [m[Kin expansion of macro â€˜[01m[KMOCK_METHOD0[m[Kâ€™
[4.670s]    15 |     [01;36m[KMOCK_METHOD0[m[K(void, publish_movement_info);
[4.670s]       |     [01;36m[K^~~~~~~~~~~~[m[K
[4.670s] [01m[K/opt/ros/humble/src/gmock_vendor/include/gmock/gmock-generated-function-mockers.h:119:49:[m[K [01;36m[Knote: [m[K  expected a type, got â€˜[01m[KMockPublisher::publish_movement_info[m[Kâ€™
[4.670s]   119 |     tn ::testing::internal::Function<__VA_ARGS__[01;36m[K>[m[K::Result
[4.670s]       |                                                 [01;36m[K^[m[K
[4.671s] [01m[K/opt/ros/humble/src/gmock_vendor/include/gmock/gmock-generated-function-mockers.h:141:3:[m[K [01;36m[Knote: [m[Kin expansion of macro â€˜[01m[KGMOCK_RESULT_[m[Kâ€™
[4.671s]   141 |   [01;36m[KGMOCK_RESULT_[m[K(tn, __VA_ARGS__) ct Method( \
[4.671s]       |   [01;36m[K^~~~~~~~~~~~~[m[K
[4.671s] [01m[K/opt/ros/humble/src/gmock_vendor/include/gmock/gmock-generated-function-mockers.h:599:30:[m[K [01;36m[Knote: [m[Kin expansion of macro â€˜[01m[KGMOCK_METHOD0_[m[Kâ€™
[4.671s]   599 | #define MOCK_METHOD0(m, ...) [01;36m[KGMOCK_METHOD0_[m[K(, , , m, __VA_ARGS__)
[4.671s]       |                              [01;36m[K^~~~~~~~~~~~~~[m[K
[4.671s] [01m[K/home/kargla/robot_movement/src/movement_info/include/movement_info/MockPublisher.hpp:15:5:[m[K [01;36m[Knote: [m[Kin expansion of macro â€˜[01m[KMOCK_METHOD0[m[Kâ€™
[4.671s]    15 |     [01;36m[KMOCK_METHOD0[m[K(void, publish_movement_info);
[4.671s]       |     [01;36m[K^~~~~~~~~~~~[m[K
[4.671s] [01m[K/opt/ros/humble/src/gmock_vendor/include/gmock/gmock-generated-function-mockers.h:119:52:[m[K [01;31m[Kerror: [m[Kexpected â€˜[01m[K;[m[Kâ€™ at end of member declaration
[4.671s]   119 |     tn ::testing::internal::Function<__VA_ARGS__>::[01;31m[KResult[m[K
[4.671s]       |                                                    [01;31m[K^~~~~~[m[K
[4.671s] [01m[K/opt/ros/humble/src/gmock_vendor/include/gmock/gmock-generated-function-mockers.h:141:3:[m[K [01;36m[Knote: [m[Kin expansion of macro â€˜[01m[KGMOCK_RESULT_[m[Kâ€™
[4.672s]   141 |   [01;36m[KGMOCK_RESULT_[m[K(tn, __VA_ARGS__) ct Method( \
[4.672s]       |   [01;36m[K^~~~~~~~~~~~~[m[K
[4.672s] [01m[K/opt/ros/humble/src/gmock_vendor/include/gmock/gmock-generated-function-mockers.h:599:30:[m[K [01;36m[Knote: [m[Kin expansion of macro â€˜[01m[KGMOCK_METHOD0_[m[Kâ€™
[4.672s]   599 | #define MOCK_METHOD0(m, ...) [01;36m[KGMOCK_METHOD0_[m[K(, , , m, __VA_ARGS__)
[4.672s]       |                              [01;36m[K^~~~~~~~~~~~~~[m[K
[4.672s] [01m[K/home/kargla/robot_movement/src/movement_info/include/movement_info/MockPublisher.hpp:15:5:[m[K [01;36m[Knote: [m[Kin expansion of macro â€˜[01m[KMOCK_METHOD0[m[Kâ€™
[4.672s]    15 |     [01;36m[KMOCK_METHOD0[m[K(void, publish_movement_info);
[4.672s]       |     [01;36m[K^~~~~~~~~~~~[m[K
[4.672s] [01m[K/opt/ros/humble/src/gmock_vendor/include/gmock/gmock-generated-function-mockers.h:142:7:[m[K [01;31m[Kerror: [m[Kexpected unqualified-id before â€˜[01m[K)[m[Kâ€™ token
[4.672s]   142 |       [01;31m[K)[m[K constness { \
[4.672s]       |       [01;31m[K^[m[K
[4.672s] [01m[K/opt/ros/humble/src/gmock_vendor/include/gmock/gmock-generated-function-mockers.h:599:30:[m[K [01;36m[Knote: [m[Kin expansion of macro â€˜[01m[KGMOCK_METHOD0_[m[Kâ€™
[4.672s]   599 | #define MOCK_METHOD0(m, ...) [01;36m[KGMOCK_METHOD0_[m[K(, , , m, __VA_ARGS__)
[4.673s]       |                              [01;36m[K^~~~~~~~~~~~~~[m[K
[4.673s] [01m[K/home/kargla/robot_movement/src/movement_info/include/movement_info/MockPublisher.hpp:15:5:[m[K [01;36m[Knote: [m[Kin expansion of macro â€˜[01m[KMOCK_METHOD0[m[Kâ€™
[4.673s]    15 |     [01;36m[KMOCK_METHOD0[m[K(void, publish_movement_info);
[4.673s]       |     [01;36m[K^~~~~~~~~~~~[m[K
[4.673s] [01m[K/opt/ros/humble/src/gmock_vendor/include/gmock/gmock-generated-function-mockers.h:146:34:[m[K [01;31m[Kerror: [m[Ktype/value mismatch at argument 1 in template parameter list for â€˜[01m[Ktemplate<class F> class testing::internal::MockSpec[m[Kâ€™
[4.673s]   146 |   ::testing::MockSpec<__VA_ARGS__[01;31m[K>[m[K \
[4.673s]       |                                  [01;31m[K^[m[K
[4.673s] [01m[K/opt/ros/humble/src/gmock_vendor/include/gmock/gmock-generated-function-mockers.h:599:30:[m[K [01;36m[Knote: [m[Kin expansion of macro â€˜[01m[KGMOCK_METHOD0_[m[Kâ€™
[4.673s]   599 | #define MOCK_METHOD0(m, ...) [01;36m[KGMOCK_METHOD0_[m[K(, , , m, __VA_ARGS__)
[4.673s]       |                              [01;36m[K^~~~~~~~~~~~~~[m[K
[4.673s] [01m[K/home/kargla/robot_movement/src/movement_info/include/movement_info/MockPublisher.hpp:15:5:[m[K [01;36m[Knote: [m[Kin expansion of macro â€˜[01m[KMOCK_METHOD0[m[Kâ€™
[4.673s]    15 |     [01;36m[KMOCK_METHOD0[m[K(void, publish_movement_info);
[4.673s]       |     [01;36m[K^~~~~~~~~~~~[m[K
[4.673s] [01m[K/opt/ros/humble/src/gmock_vendor/include/gmock/gmock-generated-function-mockers.h:146:34:[m[K [01;36m[Knote: [m[K  expected a type, got â€˜[01m[KMockPublisher::publish_movement_info[m[Kâ€™
[4.673s]   146 |   ::testing::MockSpec<__VA_ARGS__[01;36m[K>[m[K \
[4.673s]       |                                  [01;36m[K^[m[K
[4.674s] [01m[K/opt/ros/humble/src/gmock_vendor/include/gmock/gmock-generated-function-mockers.h:599:30:[m[K [01;36m[Knote: [m[Kin expansion of macro â€˜[01m[KGMOCK_METHOD0_[m[Kâ€™
[4.674s]   599 | #define MOCK_METHOD0(m, ...) [01;36m[KGMOCK_METHOD0_[m[K(, , , m, __VA_ARGS__)
[4.674s]       |                              [01;36m[K^~~~~~~~~~~~~~[m[K
[4.674s] [01m[K/home/kargla/robot_movement/src/movement_info/include/movement_info/MockPublisher.hpp:15:5:[m[K [01;36m[Knote: [m[Kin expansion of macro â€˜[01m[KMOCK_METHOD0[m[Kâ€™
[4.674s]    15 |     [01;36m[KMOCK_METHOD0[m[K(void, publish_movement_info);
[4.674s]       |     [01;36m[K^~~~~~~~~~~~[m[K
[4.674s] [01m[K/opt/ros/humble/src/gmock_vendor/include/gmock/gmock-generated-function-mockers.h:151:34:[m[K [01;31m[Kerror: [m[Ktype/value mismatch at argument 1 in template parameter list for â€˜[01m[Ktemplate<class F> class testing::internal::MockSpec[m[Kâ€™
[4.674s]   151 |   ::testing::MockSpec<__VA_ARGS__[01;31m[K>[m[K gmock_##Method( \
[4.674s]       |                                  [01;31m[K^[m[K
[4.674s] [01m[K/opt/ros/humble/src/gmock_vendor/include/gmock/gmock-generated-function-mockers.h:599:30:[m[K [01;36m[Knote: [m[Kin expansion of macro â€˜[01m[KGMOCK_METHOD0_[m[Kâ€™
[4.674s]   599 | #define MOCK_METHOD0(m, ...) [01;36m[KGMOCK_METHOD0_[m[K(, , , m, __VA_ARGS__)
[4.674s]       |                              [01;36m[K^~~~~~~~~~~~~~[m[K
[4.674s] [01m[K/home/kargla/robot_movement/src/movement_info/include/movement_info/MockPublisher.hpp:15:5:[m[K [01;36m[Knote: [m[Kin expansion of macro â€˜[01m[KMOCK_METHOD0[m[Kâ€™
[4.674s]    15 |     [01;36m[KMOCK_METHOD0[m[K(void, publish_movement_info);
[4.674s]       |     [01;36m[K^~~~~~~~~~~~[m[K
[4.675s] [01m[K/opt/ros/humble/src/gmock_vendor/include/gmock/gmock-generated-function-mockers.h:151:34:[m[K [01;36m[Knote: [m[K  expected a type, got â€˜[01m[KMockPublisher::publish_movement_info[m[Kâ€™
[4.675s]   151 |   ::testing::MockSpec<__VA_ARGS__[01;36m[K>[m[K gmock_##Method( \
[4.675s]       |                                  [01;36m[K^[m[K
[4.675s] [01m[K/opt/ros/humble/src/gmock_vendor/include/gmock/gmock-generated-function-mockers.h:599:30:[m[K [01;36m[Knote: [m[Kin expansion of macro â€˜[01m[KGMOCK_METHOD0_[m[Kâ€™
[4.675s]   599 | #define MOCK_METHOD0(m, ...) [01;36m[KGMOCK_METHOD0_[m[K(, , , m, __VA_ARGS__)
[4.675s]       |                              [01;36m[K^~~~~~~~~~~~~~[m[K
[4.675s] [01m[K/home/kargla/robot_movement/src/movement_info/include/movement_info/MockPublisher.hpp:15:5:[m[K [01;36m[Knote: [m[Kin expansion of macro â€˜[01m[KMOCK_METHOD0[m[Kâ€™
[4.675s]    15 |     [01;36m[KMOCK_METHOD0[m[K(void, publish_movement_info);
[4.675s]       |     [01;36m[K^~~~~~~~~~~~[m[K
[4.675s] [01m[K/opt/ros/humble/src/gmock_vendor/include/gmock/gmock-generated-function-mockers.h:153:58:[m[K [01;31m[Kerror: [m[Ktype/value mismatch at argument 1 in template parameter list for â€˜[01m[Ktemplate<class T> struct testing::internal::Function[m[Kâ€™
[4.675s]   153 |       constness ::testing::internal::Function<__VA_ARGS__[01;31m[K>[m[K* ) const { \
[4.675s]       |                                                          [01;31m[K^[m[K
[4.675s] [01m[K/opt/ros/humble/src/gmock_vendor/include/gmock/gmock-generated-function-mockers.h:599:30:[m[K [01;36m[Knote: [m[Kin expansion of macro â€˜[01m[KGMOCK_METHOD0_[m[Kâ€™
[4.675s]   599 | #define MOCK_METHOD0(m, ...) [01;36m[KGMOCK_METHOD0_[m[K(, , , m, __VA_ARGS__)
[4.675s]       |                              [01;36m[K^~~~~~~~~~~~~~[m[K
[4.675s] [01m[K/home/kargla/robot_movement/src/movement_info/include/movement_info/MockPublisher.hpp:15:5:[m[K [01;36m[Knote: [m[Kin expansion of macro â€˜[01m[KMOCK_METHOD0[m[Kâ€™
[4.676s]    15 |     [01;36m[KMOCK_METHOD0[m[K(void, publish_movement_info);
[4.676s]       |     [01;36m[K^~~~~~~~~~~~[m[K
[4.676s] [01m[K/opt/ros/humble/src/gmock_vendor/include/gmock/gmock-generated-function-mockers.h:153:58:[m[K [01;36m[Knote: [m[K  expected a type, got â€˜[01m[KMockPublisher::publish_movement_info[m[Kâ€™
[4.676s]   153 |       constness ::testing::internal::Function<__VA_ARGS__[01;36m[K>[m[K* ) const { \
[4.676s]       |                                                          [01;36m[K^[m[K
[4.676s] [01m[K/opt/ros/humble/src/gmock_vendor/include/gmock/gmock-generated-function-mockers.h:599:30:[m[K [01;36m[Knote: [m[Kin expansion of macro â€˜[01m[KGMOCK_METHOD0_[m[Kâ€™
[4.676s]   599 | #define MOCK_METHOD0(m, ...) [01;36m[KGMOCK_METHOD0_[m[K(, , , m, __VA_ARGS__)
[4.676s]       |                              [01;36m[K^~~~~~~~~~~~~~[m[K
[4.676s] [01m[K/home/kargla/robot_movement/src/movement_info/include/movement_info/MockPublisher.hpp:15:5:[m[K [01;36m[Knote: [m[Kin expansion of macro â€˜[01m[KMOCK_METHOD0[m[Kâ€™
[4.676s]    15 |     [01;36m[KMOCK_METHOD0[m[K(void, publish_movement_info);
[4.676s]       |     [01;36m[K^~~~~~~~~~~~[m[K
[4.676s] [01m[K/opt/ros/humble/src/gmock_vendor/include/gmock/gmock-generated-function-mockers.h:157:48:[m[K [01;31m[Kerror: [m[Ktype/value mismatch at argument 1 in template parameter list for â€˜[01m[Ktemplate<class F> class testing::internal::FunctionMocker[m[Kâ€™
[4.676s]   157 |   mutable ::testing::FunctionMocker<__VA_ARGS__[01;31m[K>[m[K GMOCK_MOCKER_(0, constness, \
[4.676s]       |                                                [01;31m[K^[m[K
[4.676s] [01m[K/opt/ros/humble/src/gmock_vendor/include/gmock/gmock-generated-function-mockers.h:599:30:[m[K [01;36m[Knote: [m[Kin expansion of macro â€˜[01m[KGMOCK_METHOD0_[m[Kâ€™
[4.677s]   599 | #define MOCK_METHOD0(m, ...) [01;36m[KGMOCK_METHOD0_[m[K(, , , m, __VA_ARGS__)
[4.677s]       |                              [01;36m[K^~~~~~~~~~~~~~[m[K
[4.677s] [01m[K/home/kargla/robot_movement/src/movement_info/include/movement_info/MockPublisher.hpp:15:5:[m[K [01;36m[Knote: [m[Kin expansion of macro â€˜[01m[KMOCK_METHOD0[m[Kâ€™
[4.677s]    15 |     [01;36m[KMOCK_METHOD0[m[K(void, publish_movement_info);
[4.677s]       |     [01;36m[K^~~~~~~~~~~~[m[K
[4.677s] [01m[K/opt/ros/humble/src/gmock_vendor/include/gmock/gmock-generated-function-mockers.h:157:48:[m[K [01;36m[Knote: [m[K  expected a type, got â€˜[01m[KMockPublisher::publish_movement_info[m[Kâ€™
[4.677s]   157 |   mutable ::testing::FunctionMocker<__VA_ARGS__[01;36m[K>[m[K GMOCK_MOCKER_(0, constness, \
[4.677s]       |                                                [01;36m[K^[m[K
[4.677s] [01m[K/opt/ros/humble/src/gmock_vendor/include/gmock/gmock-generated-function-mockers.h:599:30:[m[K [01;36m[Knote: [m[Kin expansion of macro â€˜[01m[KGMOCK_METHOD0_[m[Kâ€™
[4.677s]   599 | #define MOCK_METHOD0(m, ...) [01;36m[KGMOCK_METHOD0_[m[K(, , , m, __VA_ARGS__)
[4.677s]       |                              [01;36m[K^~~~~~~~~~~~~~[m[K
[4.677s] [01m[K/home/kargla/robot_movement/src/movement_info/include/movement_info/MockPublisher.hpp:15:5:[m[K [01;36m[Knote: [m[Kin expansion of macro â€˜[01m[KMOCK_METHOD0[m[Kâ€™
[4.677s]    15 |     [01;36m[KMOCK_METHOD0[m[K(void, publish_movement_info);
[4.677s]       |     [01;36m[K^~~~~~~~~~~~[m[K
[4.677s] [01m[K/home/kargla/robot_movement/src/movement_info/include/movement_info/MockPublisher.hpp:[m[K In member function â€˜[01m[Kint MockPublisher::gmock_void()[m[Kâ€™:
[4.678s] [01m[K/opt/ros/humble/src/gmock_vendor/include/gmock/gmock-generated-function-mockers.h:148:41:[m[K [01;31m[Kerror: [m[Krequest for member â€˜[01m[KRegisterOwner[m[Kâ€™ in â€˜[01m[K((MockPublisher*)this)->MockPublisher::gmock0_void_15[m[Kâ€™, which is of non-class type â€˜[01m[Kint[m[Kâ€™
[4.678s]   148 |     GMOCK_MOCKER_(0, constness, Method).[01;31m[KRegisterOwner[m[K(this); \
[4.678s]       |                                         [01;31m[K^~~~~~~~~~~~~[m[K
[4.678s] [01m[K/opt/ros/humble/src/gmock_vendor/include/gmock/gmock-generated-function-mockers.h:599:30:[m[K [01;36m[Knote: [m[Kin expansion of macro â€˜[01m[KGMOCK_METHOD0_[m[Kâ€™
[4.678s]   599 | #define MOCK_METHOD0(m, ...) [01;36m[KGMOCK_METHOD0_[m[K(, , , m, __VA_ARGS__)
[4.678s]       |                              [01;36m[K^~~~~~~~~~~~~~[m[K
[4.678s] [01m[K/home/kargla/robot_movement/src/movement_info/include/movement_info/MockPublisher.hpp:15:5:[m[K [01;36m[Knote: [m[Kin expansion of macro â€˜[01m[KMOCK_METHOD0[m[Kâ€™
[4.678s]    15 |     [01;36m[KMOCK_METHOD0[m[K(void, publish_movement_info);
[4.678s]       |     [01;36m[K^~~~~~~~~~~~[m[K
[4.678s] [01m[K/opt/ros/humble/src/gmock_vendor/include/gmock/gmock-generated-function-mockers.h:149:48:[m[K [01;31m[Kerror: [m[Krequest for member â€˜[01m[KWith[m[Kâ€™ in â€˜[01m[K((MockPublisher*)this)->MockPublisher::gmock0_void_15[m[Kâ€™, which is of non-class type â€˜[01m[Kint[m[Kâ€™
[4.678s]   149 |     return GMOCK_MOCKER_(0, constness, Method).[01;31m[KWith[m[K(); \
[4.678s]       |                                                [01;31m[K^~~~[m[K
[4.678s] [01m[K/opt/ros/humble/src/gmock_vendor/include/gmock/gmock-generated-function-mockers.h:599:30:[m[K [01;36m[Knote: [m[Kin expansion of macro â€˜[01m[KGMOCK_METHOD0_[m[Kâ€™
[4.678s]   599 | #define MOCK_METHOD0(m, ...) [01;36m[KGMOCK_METHOD0_[m[K(, , , m, __VA_ARGS__)
[4.678s]       |                              [01;36m[K^~~~~~~~~~~~~~[m[K
[4.679s] [01m[K/home/kargla/robot_movement/src/movement_info/include/movement_info/MockPublisher.hpp:15:5:[m[K [01;36m[Knote: [m[Kin expansion of macro â€˜[01m[KMOCK_METHOD0[m[Kâ€™
[4.679s]    15 |     [01;36m[KMOCK_METHOD0[m[K(void, publish_movement_info);
[4.679s]       |     [01;36m[K^~~~~~~~~~~~[m[K
[4.681s] In file included from [01m[K/opt/ros/humble/src/gmock_vendor/include/gmock/gmock-generated-function-mockers.h:47[m[K,
[4.682s]                  from [01m[K/opt/ros/humble/src/gmock_vendor/include/gmock/gmock-function-mocker.h:39[m[K,
[4.682s]                  from [01m[K/opt/ros/humble/src/gmock_vendor/include/gmock/gmock.h:61[m[K,
[4.682s]                  from [01m[K/home/kargla/robot_movement/src/movement_info/test/movement_test.cpp:2[m[K:
[4.682s] [01m[K/home/kargla/robot_movement/src/movement_info/test/movement_test.cpp:[m[K In member function â€˜[01m[Kvirtual void MovementTest_MovementInfoPublishingTest_Test::TestBody()[m[Kâ€™:
[4.682s] [01m[K/opt/ros/humble/src/gmock_vendor/include/gmock/gmock-spec-builders.h:1975:16:[m[K [01;31m[Kerror: [m[Kâ€˜[01m[Kclass MockPublisher[m[Kâ€™ has no member named â€˜[01m[Kgmock_publish_movement_info[m[Kâ€™; did you mean â€˜[01m[Kpublish_movement_info[m[Kâ€™?
[4.682s]  1975 |   ((mock_expr).[01;31m[Kgmock_[m[K##call)(::testing::internal::GetWithoutMatchers(), \
[4.682s]       |                [01;31m[K^~~~~~[m[K
[4.683s] [01m[K/opt/ros/humble/src/gmock_vendor/include/gmock/gmock-spec-builders.h:1983:3:[m[K [01;36m[Knote: [m[Kin expansion of macro â€˜[01m[KGMOCK_ON_CALL_IMPL_[m[Kâ€™
[4.683s]  1983 |   [01;36m[KGMOCK_ON_CALL_IMPL_[m[K(obj, InternalExpectedAt, call)
[4.683s]       |   [01;36m[K^~~~~~~~~~~~~~~~~~~[m[K
[4.683s] [01m[K/home/kargla/robot_movement/src/movement_info/test/movement_test.cpp:59:5:[m[K [01;36m[Knote: [m[Kin expansion of macro â€˜[01m[KEXPECT_CALL[m[Kâ€™
[4.683s]    59 |     [01;36m[KEXPECT_CALL[m[K(mockPublisher, publish_movement_info()).Times(1);
[4.683s]       |     [01;36m[K^~~~~~~~~~~[m[K
[5.565s] gmake[2]: *** [CMakeFiles/movement_info_movement_gmock.dir/build.make:76: CMakeFiles/movement_info_movement_gmock.dir/test/movement_test.cpp.o] Error 1
[5.566s] gmake[1]: *** [CMakeFiles/Makefile2:264: CMakeFiles/movement_info_movement_gmock.dir/all] Error 2
[5.566s] gmake[1]: *** Waiting for unfinished jobs....
[5.604s] gmake[2]: *** [CMakeFiles/movement_info_movement_gtest.dir/build.make:76: CMakeFiles/movement_info_movement_gtest.dir/test/movement_test.cpp.o] Error 1
[5.605s] gmake[1]: *** [CMakeFiles/Makefile2:235: CMakeFiles/movement_info_movement_gtest.dir/all] Error 2
[5.605s] gmake: *** [Makefile:146: all] Error 2
[5.610s] Invoked command in '/home/kargla/robot_movement/build/movement_info' returned '2': CMAKE_PREFIX_PATH=${CMAKE_PREFIX_PATH}:/opt/ros/humble /usr/bin/cmake --build /home/kargla/robot_movement/build/movement_info -- -j12 -l12
