[0.020s] Invoking command in '/home/kargla/robot_movement/build/movement_info': CMAKE_PREFIX_PATH=/opt/ros/humble /usr/bin/cmake --build /home/kargla/robot_movement/build/movement_info -- -j12 -l12
[0.090s] [35m[1mConsolidate compiler generated dependencies of target movement[0m
[0.112s] [ 10%] Built target gtest_main
[0.117s] [ 21%] Built target gtest
[0.117s] [ 26%] [32mBuilding CXX object CMakeFiles/movement_info_library.dir/src/movement.cpp.o[0m
[0.120s] [ 42%] Built target gmock
[0.131s] [ 52%] Built target gmock_main
[0.135s] [ 57%] [32mBuilding CXX object CMakeFiles/movement.dir/src/movement.cpp.o[0m
[0.142s] [ 63%] [32mBuilding CXX object CMakeFiles/movement.dir/src/main.cpp.o[0m
[0.150s] [ 68%] [32mBuilding CXX object CMakeFiles/movement.dir/test/movement_interface.cpp.o[0m
[0.589s] In file included from [01m[K/home/kargla/robot_movement/src/movement_info/src/movement.cpp:1[m[K:
[0.589s] [01m[K/home/kargla/robot_movement/src/movement_info/include/movement_info/movement.hpp:9:10:[m[K [01;31m[Kfatal error: [m[Kmovement_info/movement_interface.cpp: No such file or directory
[0.589s]     9 | #include [01;31m[K"movement_info/movement_interface.cpp"[m[K
[0.589s]       |          [01;31m[K^~~~~~~~~~~~~~~~~~~~~~~~~~~~~~~~~~~~~~[m[K
[0.592s] compilation terminated.
[0.604s] In file included from [01m[K/home/kargla/robot_movement/src/movement_info/src/movement.cpp:1[m[K:
[0.605s] [01m[K/home/kargla/robot_movement/src/movement_info/include/movement_info/movement.hpp:9:10:[m[K [01;31m[Kfatal error: [m[Kmovement_info/movement_interface.cpp: No such file or directory
[0.605s]     9 | #include [01;31m[K"movement_info/movement_interface.cpp"[m[K
[0.605s]       |          [01;31m[K^~~~~~~~~~~~~~~~~~~~~~~~~~~~~~~~~~~~~~[m[K
[0.605s] compilation terminated.
[0.605s] gmake[2]: *** [CMakeFiles/movement.dir/build.make:76: CMakeFiles/movement.dir/src/movement.cpp.o] Error 1
[0.605s] gmake[2]: *** Waiting for unfinished jobs....
[0.615s] gmake[2]: *** [CMakeFiles/movement_info_library.dir/build.make:76: CMakeFiles/movement_info_library.dir/src/movement.cpp.o] Error 1
[0.615s] gmake[1]: *** [CMakeFiles/Makefile2:206: CMakeFiles/movement_info_library.dir/all] Error 2
[0.615s] gmake[1]: *** Waiting for unfinished jobs....
[0.659s] In file included from [01m[K/home/kargla/robot_movement/src/movement_info/src/main.cpp:1[m[K:
[0.659s] [01m[K/home/kargla/robot_movement/src/movement_info/include/movement_info/movement.hpp:9:10:[m[K [01;31m[Kfatal error: [m[Kmovement_info/movement_interface.cpp: No such file or directory
[0.659s]     9 | #include [01;31m[K"movement_info/movement_interface.cpp"[m[K
[0.659s]       |          [01;31m[K^~~~~~~~~~~~~~~~~~~~~~~~~~~~~~~~~~~~~~[m[K
[0.660s] compilation terminated.
[0.668s] gmake[2]: *** [CMakeFiles/movement.dir/build.make:90: CMakeFiles/movement.dir/src/main.cpp.o] Error 1
[3.065s] [01m[K/home/kargla/robot_movement/src/movement_info/test/movement_interface.cpp:[m[K In constructor â€˜[01m[KMovementInterface::MovementInterface(const string&)[m[Kâ€™:
[3.065s] [01m[K/home/kargla/robot_movement/src/movement_info/test/movement_interface.cpp:9:26:[m[K [01;31m[Kerror: [m[Kbase operand of â€˜[01m[K->[m[Kâ€™ has non-pointer type â€˜[01m[Kconst string[m[Kâ€™ {aka â€˜[01m[Kconst std::__cxx11::basic_string<char>[m[Kâ€™}
[3.065s]     9 |         publisher_ = node[01;31m[K->[m[Kcreate_publisher<movement_info_msgs::msg::MovementInfo>("/movement_info", 10);
[3.065s]       |                          [01;31m[K^~[m[K
[3.065s] [01m[K/home/kargla/robot_movement/src/movement_info/test/movement_interface.cpp:9:82:[m[K [01;31m[Kerror: [m[Kexpected primary-expression before â€˜[01m[K>[m[Kâ€™ token
[3.066s]     9 |         publisher_ = node->create_publisher<movement_info_msgs::msg::MovementInfo[01;31m[K>[m[K("/movement_info", 10);
[3.066s]       |                                                                                  [01;31m[K^[m[K
[3.066s] [01m[K/home/kargla/robot_movement/src/movement_info/test/movement_interface.cpp:9:84:[m[K [01;35m[Kwarning: [m[Kleft operand of comma operator has no effect [[01;35m[K]8;;https://gcc.gnu.org/onlinedocs/gcc/Warning-Options.html#index-Wunused-value-Wunused-value]8;;[m[K]
[3.066s]     9 |         publisher_ = node->create_publisher<movement_info_msgs::msg::MovementInfo>([01;35m[K"/movement_info"[m[K, 10);
[3.066s]       |                                                                                    [01;35m[K^~~~~~~~~~~~~~~~[m[K
[3.546s] gmake[2]: *** [CMakeFiles/movement.dir/build.make:104: CMakeFiles/movement.dir/test/movement_interface.cpp.o] Error 1
[3.546s] gmake[1]: *** [CMakeFiles/Makefile2:180: CMakeFiles/movement.dir/all] Error 2
[3.547s] gmake: *** [Makefile:146: all] Error 2
[3.550s] Invoked command in '/home/kargla/robot_movement/build/movement_info' returned '2': CMAKE_PREFIX_PATH=/opt/ros/humble /usr/bin/cmake --build /home/kargla/robot_movement/build/movement_info -- -j12 -l12
