[01m[K/home/kargla/robot_movement/src/movement_info/test/movement_test.cpp:[m[K In member function â€˜[01m[Kvirtual void MovementTest_MovementInfoPublishingTest_Test::TestBody()[m[Kâ€™:
[01m[K/home/kargla/robot_movement/src/movement_info/test/movement_test.cpp:74:30:[m[K [01;31m[Kerror: [m[Kâ€˜[01m[Kreceived[m[Kâ€™ was not declared in this scope
   74 |     for (int i = 0; i < 5 && [01;31m[Kreceived[m[K == 0; ++i) {
      |                              [01;31m[K^~~~~~~~[m[K
[01m[K/home/kargla/robot_movement/src/movement_info/test/movement_test.cpp:75:27:[m[K [01;31m[Kerror: [m[Kâ€˜[01m[Knode[m[Kâ€™ was not declared in this scope; did you mean â€˜[01m[KYAML::detail::node[m[Kâ€™?
   75 |         rclcpp::spin_some([01;31m[Knode[m[K);
      |                           [01;31m[K^~~~[m[K
      |                           [32m[KYAML::detail::node[m[K
In file included from [01m[K/usr/include/yaml-cpp/node/impl.h:12[m[K,
                 from [01m[K/usr/include/yaml-cpp/yaml.h:17[m[K,
                 from [01m[K/home/kargla/robot_movement/src/movement_info/include/movement_info/movement.hpp:8[m[K,
                 from [01m[K/home/kargla/robot_movement/src/movement_info/test/movement_test.cpp:3[m[K:
[01m[K/usr/include/yaml-cpp/node/detail/node.h:20:7:[m[K [01;36m[Knote: [m[Kâ€˜[01m[KYAML::detail::node[m[Kâ€™ declared here
   20 | class [01;36m[Knode[m[K {
      |       [01;36m[K^~~~[m[K
[01m[K/home/kargla/robot_movement/src/movement_info/test/movement_test.cpp:[m[K In member function â€˜[01m[Kvirtual void MovementTest_MovementInfoPublishingTest_Test::TestBody()[m[Kâ€™:
[01m[K/home/kargla/robot_movement/src/movement_info/test/movement_test.cpp:74:30:[m[K [01;31m[Kerror: [m[Kâ€˜[01m[Kreceived[m[Kâ€™ was not declared in this scope
   74 |     for (int i = 0; i < 5 && [01;31m[Kreceived[m[K == 0; ++i) {
      |                              [01;31m[K^~~~~~~~[m[K
[01m[K/home/kargla/robot_movement/src/movement_info/test/movement_test.cpp:75:27:[m[K [01;31m[Kerror: [m[Kâ€˜[01m[Knode[m[Kâ€™ was not declared in this scope; did you mean â€˜[01m[KYAML::detail::node[m[Kâ€™?
   75 |         rclcpp::spin_some([01;31m[Knode[m[K);
      |                           [01;31m[K^~~~[m[K
      |                           [32m[KYAML::detail::node[m[K
In file included from [01m[K/usr/include/yaml-cpp/node/impl.h:12[m[K,
                 from [01m[K/usr/include/yaml-cpp/yaml.h:17[m[K,
                 from [01m[K/home/kargla/robot_movement/src/movement_info/include/movement_info/movement.hpp:8[m[K,
                 from [01m[K/home/kargla/robot_movement/src/movement_info/test/movement_test.cpp:3[m[K:
[01m[K/usr/include/yaml-cpp/node/detail/node.h:20:7:[m[K [01;36m[Knote: [m[Kâ€˜[01m[KYAML::detail::node[m[Kâ€™ declared here
   20 | class [01;36m[Knode[m[K {
      |       [01;36m[K^~~~[m[K
gmake[2]: *** [CMakeFiles/movement_info_movement_gtest.dir/build.make:76: CMakeFiles/movement_info_movement_gtest.dir/test/movement_test.cpp.o] Error 1
gmake[1]: *** [CMakeFiles/Makefile2:235: CMakeFiles/movement_info_movement_gtest.dir/all] Error 2
gmake[1]: *** Waiting for unfinished jobs....
gmake[2]: *** [CMakeFiles/movement_info_movement_gmock.dir/build.make:76: CMakeFiles/movement_info_movement_gmock.dir/test/movement_test.cpp.o] Error 1
gmake[1]: *** [CMakeFiles/Makefile2:264: CMakeFiles/movement_info_movement_gmock.dir/all] Error 2
gmake: *** [Makefile:146: all] Error 2
