[0.030s] Invoking command in '/home/kargla/robot_movement/build/movement_info': CMAKE_PREFIX_PATH=/home/kargla/robot_movement/install/movement_info:/home/kargla/robot_movement/install/movement_info_msgs /usr/bin/ctest -C Release -D ExperimentalTest --no-compress-output -V --force-new-ctest-process
[0.037s] UpdateCTestConfiguration  from :/home/kargla/robot_movement/build/movement_info/CTestConfiguration.ini
[0.037s] Parse Config file:/home/kargla/robot_movement/build/movement_info/CTestConfiguration.ini
[0.037s]    Site: kargla-ideapad
[0.037s]    Build name: (empty)
[0.037s]  Add coverage exclude regular expressions.
[0.038s] Create new tag: 20250102-1633 - Experimental
[0.038s] UpdateCTestConfiguration  from :/home/kargla/robot_movement/build/movement_info/CTestConfiguration.ini
[0.038s] Parse Config file:/home/kargla/robot_movement/build/movement_info/CTestConfiguration.ini
[0.038s] Test project /home/kargla/robot_movement/build/movement_info
[0.038s] Constructing a list of tests
[0.038s] Done constructing a list of tests
[0.038s] Updating test list for fixtures
[0.038s] Added 0 tests to meet fixture requirements
[0.038s] Checking test dependency graph...
[0.038s] Checking test dependency graph end
[0.038s] test 1
[0.038s]     Start 1: movement_info_movement_gtest
[0.038s] 
[0.038s] 1: Test command: /usr/bin/python3 "-u" "/opt/ros/humble/share/ament_cmake_test/cmake/run_test.py" "/home/kargla/robot_movement/build/movement_info/test_results/movement_info/movement_info_movement_gtest.gtest.xml" "--package-name" "movement_info" "--output-file" "/home/kargla/robot_movement/build/movement_info/ament_cmake_gtest/movement_info_movement_gtest.txt" "--command" "/home/kargla/robot_movement/build/movement_info/movement_info_movement_gtest" "--gtest_output=xml:/home/kargla/robot_movement/build/movement_info/test_results/movement_info/movement_info_movement_gtest.gtest.xml"
[0.038s] 1: Test timeout computed to be: 60
[0.093s] 1: -- run_test.py: invoking following command in '/home/kargla/robot_movement/build/movement_info':
[0.093s] 1:  - /home/kargla/robot_movement/build/movement_info/movement_info_movement_gtest --gtest_output=xml:/home/kargla/robot_movement/build/movement_info/test_results/movement_info/movement_info_movement_gtest.gtest.xml
[0.107s] 1: [==========] Running 3 tests from 2 test suites.
[0.107s] 1: [----------] Global test environment set-up.
[0.107s] 1: [----------] 2 tests from MovementTest
[0.107s] 1: [ RUN      ] MovementTest.HeadingDeterminationTest
[0.116s] 1: [INFO] [1735835586.041505075] [movement]: Direction treshold: '0.100000'
[0.116s] 1: [INFO] [1735835586.041599991] [movement]: Heading treshold: '0.100000'
[0.116s] 1: [INFO] [1735835586.041613960] [movement]: Movement topic: '/movement_info'
[0.116s] 1: [INFO] [1735835586.041624786] [movement]: Odometry topic: '/diff_drive/odom'
[0.116s] 1: [INFO] [1735835586.041635262] [movement]: Velocity topic: '/diff_drive/cmd_vel'
[0.118s] 1: /home/kargla/robot_movement/src/movement_info/test/movement_test.cpp:16: Failure
[0.118s] 1: Expected equality of these values:
[0.118s] 1:   movement.getMessage().heading
[0.118s] 1:     Which is: ""
[0.118s] 1:   movement_info_msgs::msg::MovementInfo::STRAIGHT
[0.118s] 1:     Which is: "straight"
[0.125s] 1: [  FAILED  ] MovementTest.HeadingDeterminationTest (21 ms)
[0.125s] 1: [ RUN      ] MovementTest.MovementInfoPublishingTest
[0.131s] 1: [       OK ] MovementTest.MovementInfoPublishingTest (7 ms)
[0.131s] 1: [----------] 2 tests from MovementTest (28 ms total)
[0.131s] 1: 
[0.131s] 1: [----------] 1 test from MovementTEST
[0.132s] 1: [ RUN      ] MovementTEST.DirectionDeterminationTest
[0.139s] 1: [INFO] [1735835586.062426096] [movement]: Direction treshold: '0.100000'
[0.139s] 1: [INFO] [1735835586.062614671] [movement]: Heading treshold: '0.100000'
[0.139s] 1: [INFO] [1735835586.062632202] [movement]: Movement topic: '/movement_info'
[0.139s] 1: [INFO] [1735835586.062644703] [movement]: Odometry topic: '/diff_drive/odom'
[0.139s] 1: [INFO] [1735835586.062656507] [movement]: Velocity topic: '/diff_drive/cmd_vel'
[0.139s] 1: /home/kargla/robot_movement/src/movement_info/test/movement_test.cpp:40: Failure
[0.139s] 1: Expected equality of these values:
[0.139s] 1:   movement.getMessage().movement
[0.139s] 1:     Which is: ""
[0.139s] 1:   movement_info_msgs::msg::MovementInfo::STANDSTILL
[0.139s] 1:     Which is: "standstill"
[0.140s] 1: [  FAILED  ] MovementTEST.DirectionDeterminationTest (8 ms)
[0.140s] 1: [----------] 1 test from MovementTEST (8 ms total)
[0.141s] 1: 
[0.141s] 1: [----------] Global test environment tear-down
[0.141s] 1: [==========] 3 tests from 2 test suites ran. (36 ms total)
[0.141s] 1: [  PASSED  ] 1 test.
[0.141s] 1: [  FAILED  ] 2 tests, listed below:
[0.141s] 1: [  FAILED  ] MovementTest.HeadingDeterminationTest
[0.141s] 1: [  FAILED  ] MovementTEST.DirectionDeterminationTest
[0.141s] 1: 
[0.141s] 1:  2 FAILED TESTS
[0.246s] 1: -- run_test.py: return code 1
[0.246s] 1: -- run_test.py: inject classname prefix into gtest result file '/home/kargla/robot_movement/build/movement_info/test_results/movement_info/movement_info_movement_gtest.gtest.xml'
[0.246s] 1: -- run_test.py: verify result file '/home/kargla/robot_movement/build/movement_info/test_results/movement_info/movement_info_movement_gtest.gtest.xml'
[0.258s] 1/2 Test #1: movement_info_movement_gtest .....***Failed    0.22 sec
[0.258s] test 2
[0.258s]     Start 2: movement_info_movement_gmock
[0.258s] 
[0.259s] 2: Test command: /usr/bin/python3 "-u" "/opt/ros/humble/share/ament_cmake_test/cmake/run_test.py" "/home/kargla/robot_movement/build/movement_info/test_results/movement_info/movement_info_movement_gmock.gtest.xml" "--package-name" "movement_info" "--output-file" "/home/kargla/robot_movement/build/movement_info/ament_cmake_gmock/movement_info_movement_gmock.txt" "--command" "/home/kargla/robot_movement/build/movement_info/movement_info_movement_gmock" "--gtest_output=xml:/home/kargla/robot_movement/build/movement_info/test_results/movement_info/movement_info_movement_gmock.gtest.xml"
[0.259s] 2: Test timeout computed to be: 60
[0.314s] 2: -- run_test.py: invoking following command in '/home/kargla/robot_movement/build/movement_info':
[0.314s] 2:  - /home/kargla/robot_movement/build/movement_info/movement_info_movement_gmock --gtest_output=xml:/home/kargla/robot_movement/build/movement_info/test_results/movement_info/movement_info_movement_gmock.gtest.xml
[0.325s] 2: [==========] Running 3 tests from 2 test suites.
[0.325s] 2: [----------] Global test environment set-up.
[0.325s] 2: [----------] 2 tests from MovementTest
[0.325s] 2: [ RUN      ] MovementTest.HeadingDeterminationTest
[0.337s] 2: [INFO] [1735835586.263051941] [movement]: Direction treshold: '0.100000'
[0.337s] 2: [INFO] [1735835586.263162641] [movement]: Heading treshold: '0.100000'
[0.338s] 2: [INFO] [1735835586.263177867] [movement]: Movement topic: '/movement_info'
[0.338s] 2: [INFO] [1735835586.263188483] [movement]: Odometry topic: '/diff_drive/odom'
[0.338s] 2: [INFO] [1735835586.263199728] [movement]: Velocity topic: '/diff_drive/cmd_vel'
[0.339s] 2: /home/kargla/robot_movement/src/movement_info/test/movement_test.cpp:16: Failure
[0.339s] 2: Expected equality of these values:
[0.339s] 2:   movement.getMessage().heading
[0.340s] 2:     Which is: ""
[0.340s] 2:   movement_info_msgs::msg::MovementInfo::STRAIGHT
[0.340s] 2:     Which is: "straight"
[0.349s] 2: [  FAILED  ] MovementTest.HeadingDeterminationTest (24 ms)
[0.349s] 2: [ RUN      ] MovementTest.MovementInfoPublishingTest
[0.357s] 2: [       OK ] MovementTest.MovementInfoPublishingTest (8 ms)
[0.357s] 2: [----------] 2 tests from MovementTest (32 ms total)
[0.357s] 2: 
[0.357s] 2: [----------] 1 test from MovementTEST
[0.358s] 2: [ RUN      ] MovementTEST.DirectionDeterminationTest
[0.361s] 2: [INFO] [1735835586.287219109] [movement]: Direction treshold: '0.100000'
[0.362s] 2: [INFO] [1735835586.287265135] [movement]: Heading treshold: '0.100000'
[0.362s] 2: [INFO] [1735835586.287277497] [movement]: Movement topic: '/movement_info'
[0.362s] 2: [INFO] [1735835586.287290977] [movement]: Odometry topic: '/diff_drive/odom'
[0.362s] 2: [INFO] [1735835586.287303269] [movement]: Velocity topic: '/diff_drive/cmd_vel'
[0.362s] 2: /home/kargla/robot_movement/src/movement_info/test/movement_test.cpp:40: Failure
[0.362s] 2: Expected equality of these values:
[0.362s] 2:   movement.getMessage().movement
[0.363s] 2:     Which is: ""
[0.363s] 2:   movement_info_msgs::msg::MovementInfo::STANDSTILL
[0.363s] 2:     Which is: "standstill"
[0.364s] 2: [  FAILED  ] MovementTEST.DirectionDeterminationTest (7 ms)
[0.364s] 2: [----------] 1 test from MovementTEST (7 ms total)
[0.364s] 2: 
[0.364s] 2: [----------] Global test environment tear-down
[0.364s] 2: [==========] 3 tests from 2 test suites ran. (39 ms total)
[0.364s] 2: [  PASSED  ] 1 test.
[0.364s] 2: [  FAILED  ] 2 tests, listed below:
[0.364s] 2: [  FAILED  ] MovementTest.HeadingDeterminationTest
[0.364s] 2: [  FAILED  ] MovementTEST.DirectionDeterminationTest
[0.364s] 2: 
[0.364s] 2:  2 FAILED TESTS
[0.469s] 2: -- run_test.py: return code 1
[0.469s] 2: -- run_test.py: inject classname prefix into gtest result file '/home/kargla/robot_movement/build/movement_info/test_results/movement_info/movement_info_movement_gmock.gtest.xml'
[0.469s] 2: -- run_test.py: verify result file '/home/kargla/robot_movement/build/movement_info/test_results/movement_info/movement_info_movement_gmock.gtest.xml'
[0.482s] 2/2 Test #2: movement_info_movement_gmock .....***Failed    0.22 sec
[0.483s] 
[0.483s] 0% tests passed[0;0m, [0;31m2 tests failed[0;0m out of 2
[0.483s] 
[0.483s] Label Time Summary:
[0.483s] gmock    =   0.22 sec*proc (1 test)
[0.483s] gtest    =   0.22 sec*proc (1 test)
[0.483s] 
[0.483s] Total Test time (real) =   0.44 sec
[0.483s] 
[0.483s] The following tests FAILED:
[0.483s] 	[0;31m  1 - movement_info_movement_gtest (Failed)[0;0m
[0.483s] 	[0;31m  2 - movement_info_movement_gmock (Failed)[0;0m
[0.483s] Errors while running CTest
[0.483s] Output from these tests are in: /home/kargla/robot_movement/build/movement_info/Testing/Temporary/LastTest.log
[0.483s] Use "--rerun-failed --output-on-failure" to re-run the failed cases verbosely.
[0.486s] Invoked command in '/home/kargla/robot_movement/build/movement_info' returned '8': CMAKE_PREFIX_PATH=/home/kargla/robot_movement/install/movement_info:/home/kargla/robot_movement/install/movement_info_msgs /usr/bin/ctest -C Release -D ExperimentalTest --no-compress-output -V --force-new-ctest-process
