UpdateCTestConfiguration  from :/home/kargla/robot_movement/build/movement_info/CTestConfiguration.ini
Parse Config file:/home/kargla/robot_movement/build/movement_info/CTestConfiguration.ini
   Site: kargla-ideapad
   Build name: (empty)
 Add coverage exclude regular expressions.
Create new tag: 20250102-1603 - Experimental
UpdateCTestConfiguration  from :/home/kargla/robot_movement/build/movement_info/CTestConfiguration.ini
Parse Config file:/home/kargla/robot_movement/build/movement_info/CTestConfiguration.ini
Test project /home/kargla/robot_movement/build/movement_info
Constructing a list of tests
Done constructing a list of tests
Updating test list for fixtures
Added 0 tests to meet fixture requirements
Checking test dependency graph...
Checking test dependency graph end
test 1
    Start 1: movement_info_movement_gtest

1: Test command: /usr/bin/python3 "-u" "/opt/ros/humble/share/ament_cmake_test/cmake/run_test.py" "/home/kargla/robot_movement/build/movement_info/test_results/movement_info/movement_info_movement_gtest.gtest.xml" "--package-name" "movement_info" "--output-file" "/home/kargla/robot_movement/build/movement_info/ament_cmake_gtest/movement_info_movement_gtest.txt" "--command" "/home/kargla/robot_movement/build/movement_info/movement_info_movement_gtest" "--gtest_output=xml:/home/kargla/robot_movement/build/movement_info/test_results/movement_info/movement_info_movement_gtest.gtest.xml"
1: Test timeout computed to be: 60
1: -- run_test.py: invoking following command in '/home/kargla/robot_movement/build/movement_info':
1:  - /home/kargla/robot_movement/build/movement_info/movement_info_movement_gtest --gtest_output=xml:/home/kargla/robot_movement/build/movement_info/test_results/movement_info/movement_info_movement_gtest.gtest.xml
1: [==========] Running 3 tests from 2 test suites.
1: [----------] Global test environment set-up.
1: [----------] 2 tests from MovementTest
1: [ RUN      ] MovementTest.HeadingDeterminationTest
1: [INFO] [1735833808.368179059] [movement]: Direction treshold: '0.100000'
1: [INFO] [1735833808.368318258] [movement]: Heading treshold: '0.100000'
1: [INFO] [1735833808.368332437] [movement]: Movement topic: '/movement_info'
1: [INFO] [1735833808.368344031] [movement]: Odometry topic: '/diff_drive/odom'
1: [INFO] [1735833808.368355905] [movement]: Velocity topic: '/diff_drive/cmd_vel'
1: [       OK ] MovementTest.HeadingDeterminationTest (18 ms)
1: [ RUN      ] MovementTest.MovementInfoPublishingTest
1: /home/kargla/robot_movement/src/movement_info/test/movement_test.cpp:59: Failure
1: Actual function call count doesn't match EXPECT_CALL(mockPublisher, publish_movement_info())...
1:          Expected: to be called once
1:            Actual: never called - unsatisfied and active
1: [  FAILED  ] MovementTest.MovementInfoPublishingTest (7 ms)
1: [----------] 2 tests from MovementTest (25 ms total)
1: 
1: [----------] 1 test from MovementTEST
1: [ RUN      ] MovementTEST.DirectionDeterminationTest
1: [INFO] [1735833808.385428849] [movement]: Direction treshold: '0.100000'
1: [INFO] [1735833808.385598501] [movement]: Heading treshold: '0.100000'
1: [INFO] [1735833808.385636496] [movement]: Movement topic: '/movement_info'
1: [INFO] [1735833808.385672257] [movement]: Odometry topic: '/diff_drive/odom'
1: [INFO] [1735833808.385701591] [movement]: Velocity topic: '/diff_drive/cmd_vel'
1: [       OK ] MovementTEST.DirectionDeterminationTest (8 ms)
1: [----------] 1 test from MovementTEST (8 ms total)
1: 
1: [----------] Global test environment tear-down
1: [==========] 3 tests from 2 test suites ran. (33 ms total)
1: [  PASSED  ] 2 tests.
1: [  FAILED  ] 1 test, listed below:
1: [  FAILED  ] MovementTest.MovementInfoPublishingTest
1: 
1:  1 FAILED TEST
1: -- run_test.py: return code 1
1: -- run_test.py: inject classname prefix into gtest result file '/home/kargla/robot_movement/build/movement_info/test_results/movement_info/movement_info_movement_gtest.gtest.xml'
1: -- run_test.py: verify result file '/home/kargla/robot_movement/build/movement_info/test_results/movement_info/movement_info_movement_gtest.gtest.xml'
1/2 Test #1: movement_info_movement_gtest .....***Failed    0.22 sec
test 2
    Start 2: movement_info_movement_gmock

2: Test command: /usr/bin/python3 "-u" "/opt/ros/humble/share/ament_cmake_test/cmake/run_test.py" "/home/kargla/robot_movement/build/movement_info/test_results/movement_info/movement_info_movement_gmock.gtest.xml" "--package-name" "movement_info" "--output-file" "/home/kargla/robot_movement/build/movement_info/ament_cmake_gmock/movement_info_movement_gmock.txt" "--command" "/home/kargla/robot_movement/build/movement_info/movement_info_movement_gmock" "--gtest_output=xml:/home/kargla/robot_movement/build/movement_info/test_results/movement_info/movement_info_movement_gmock.gtest.xml"
2: Test timeout computed to be: 60
2: -- run_test.py: invoking following command in '/home/kargla/robot_movement/build/movement_info':
2:  - /home/kargla/robot_movement/build/movement_info/movement_info_movement_gmock --gtest_output=xml:/home/kargla/robot_movement/build/movement_info/test_results/movement_info/movement_info_movement_gmock.gtest.xml
2: [==========] Running 3 tests from 2 test suites.
2: [----------] Global test environment set-up.
2: [----------] 2 tests from MovementTest
2: [ RUN      ] MovementTest.HeadingDeterminationTest
2: [INFO] [1735833808.591365399] [movement]: Direction treshold: '0.100000'
2: [INFO] [1735833808.591609156] [movement]: Heading treshold: '0.100000'
2: [INFO] [1735833808.591627664] [movement]: Movement topic: '/movement_info'
2: [INFO] [1735833808.591639887] [movement]: Odometry topic: '/diff_drive/odom'
2: [INFO] [1735833808.591652389] [movement]: Velocity topic: '/diff_drive/cmd_vel'
2: [       OK ] MovementTest.HeadingDeterminationTest (21 ms)
2: [ RUN      ] MovementTest.MovementInfoPublishingTest
2: /home/kargla/robot_movement/src/movement_info/test/movement_test.cpp:59: Failure
2: Actual function call count doesn't match EXPECT_CALL(mockPublisher, publish_movement_info())...
2:          Expected: to be called once
2:            Actual: never called - unsatisfied and active
2: [  FAILED  ] MovementTest.MovementInfoPublishingTest (7 ms)
2: [----------] 2 tests from MovementTest (29 ms total)
2: 
2: [----------] 1 test from MovementTEST
2: [ RUN      ] MovementTEST.DirectionDeterminationTest
2: [INFO] [1735833808.609596991] [movement]: Direction treshold: '0.100000'
2: [INFO] [1735833808.609684226] [movement]: Heading treshold: '0.100000'
2: [INFO] [1735833808.609700081] [movement]: Movement topic: '/movement_info'
2: [INFO] [1735833808.609712443] [movement]: Odometry topic: '/diff_drive/odom'
2: [INFO] [1735833808.609725783] [movement]: Velocity topic: '/diff_drive/cmd_vel'
2: [       OK ] MovementTEST.DirectionDeterminationTest (7 ms)
2: [----------] 1 test from MovementTEST (7 ms total)
2: 
2: [----------] Global test environment tear-down
2: [==========] 3 tests from 2 test suites ran. (36 ms total)
2: [  PASSED  ] 2 tests.
2: [  FAILED  ] 1 test, listed below:
2: [  FAILED  ] MovementTest.MovementInfoPublishingTest
2: 
2:  1 FAILED TEST
2: -- run_test.py: return code 1
2: -- run_test.py: inject classname prefix into gtest result file '/home/kargla/robot_movement/build/movement_info/test_results/movement_info/movement_info_movement_gmock.gtest.xml'
2: -- run_test.py: verify result file '/home/kargla/robot_movement/build/movement_info/test_results/movement_info/movement_info_movement_gmock.gtest.xml'
2/2 Test #2: movement_info_movement_gmock .....***Failed    0.23 sec

0% tests passed[0;0m, [0;31m2 tests failed[0;0m out of 2

Label Time Summary:
gmock    =   0.23 sec*proc (1 test)
gtest    =   0.22 sec*proc (1 test)

Total Test time (real) =   0.45 sec

The following tests FAILED:
	[0;31m  1 - movement_info_movement_gtest (Failed)[0;0m
	[0;31m  2 - movement_info_movement_gmock (Failed)[0;0m
