[35m[1mConsolidate compiler generated dependencies of target movement[0m
[ 50%] [32mBuilding CXX object CMakeFiles/movement.dir/src/movement.cpp.o[0m
[01m[K/home/kargla/robot_movement/src/movement_info/src/movement.cpp:19:26:[m[K [01;31m[Kerror: [m[Kâ€˜[01m[Knav_msgs[m[Kâ€™ was not declared in this scope
   19 |     rclcpp::Subscription<[01;31m[Knav_msgs[m[K::msg::Odometry>::SharedPtr odom_subscriber;
      |                          [01;31m[K^~~~~~~~[m[K
[01m[K/home/kargla/robot_movement/src/movement_info/src/movement.cpp:19:49:[m[K [01;31m[Kerror: [m[Ktemplate argument 1 is invalid
   19 |     rclcpp::Subscription<nav_msgs::msg::Odometry[01;31m[K>[m[K::SharedPtr odom_subscriber;
      |                                                 [01;31m[K^[m[K
[01m[K/home/kargla/robot_movement/src/movement_info/src/movement.cpp:19:49:[m[K [01;31m[Kerror: [m[Ktemplate argument 3 is invalid
[01m[K/home/kargla/robot_movement/src/movement_info/src/movement.cpp:19:49:[m[K [01;31m[Kerror: [m[Ktemplate argument 4 is invalid
[01m[K/home/kargla/robot_movement/src/movement_info/src/movement.cpp:19:49:[m[K [01;31m[Kerror: [m[Ktemplate argument 5 is invalid
[01m[K/home/kargla/robot_movement/src/movement_info/src/movement.cpp:19:52:[m[K [01;31m[Kerror: [m[Kexpected â€˜[01m[K;[m[Kâ€™ at end of member declaration
   19 |     rclcpp::Subscription<nav_msgs::msg::Odometry>::[01;31m[KSharedPtr[m[K odom_subscriber;
      |                                                    [01;31m[K^~~~~~~~~[m[K
      |                                                             [32m[K;[m[K
[01m[K/home/kargla/robot_movement/src/movement_info/src/movement.cpp:19:62:[m[K [01;31m[Kerror: [m[Kâ€˜[01m[Kodom_subscriber[m[Kâ€™ does not name a type
   19 |     rclcpp::Subscription<nav_msgs::msg::Odometry>::SharedPtr [01;31m[Kodom_subscriber[m[K;
      |                                                              [01;31m[K^~~~~~~~~~~~~~~[m[K
[01m[K/home/kargla/robot_movement/src/movement_info/src/movement.cpp:20:26:[m[K [01;31m[Kerror: [m[Kâ€˜[01m[Kgeometry_msgs[m[Kâ€™ was not declared in this scope
   20 |     rclcpp::Subscription<[01;31m[Kgeometry_msgs[m[K::msg::Twist>::SharedPtr vel_subscriber;
      |                          [01;31m[K^~~~~~~~~~~~~[m[K
[01m[K/home/kargla/robot_movement/src/movement_info/src/movement.cpp:20:51:[m[K [01;31m[Kerror: [m[Ktemplate argument 1 is invalid
   20 |     rclcpp::Subscription<geometry_msgs::msg::Twist[01;31m[K>[m[K::SharedPtr vel_subscriber;
      |                                                   [01;31m[K^[m[K
[01m[K/home/kargla/robot_movement/src/movement_info/src/movement.cpp:20:51:[m[K [01;31m[Kerror: [m[Ktemplate argument 3 is invalid
[01m[K/home/kargla/robot_movement/src/movement_info/src/movement.cpp:20:51:[m[K [01;31m[Kerror: [m[Ktemplate argument 4 is invalid
[01m[K/home/kargla/robot_movement/src/movement_info/src/movement.cpp:20:51:[m[K [01;31m[Kerror: [m[Ktemplate argument 5 is invalid
[01m[K/home/kargla/robot_movement/src/movement_info/src/movement.cpp:20:54:[m[K [01;31m[Kerror: [m[Kexpected â€˜[01m[K;[m[Kâ€™ at end of member declaration
   20 |     rclcpp::Subscription<geometry_msgs::msg::Twist>::[01;31m[KSharedPtr[m[K vel_subscriber;
      |                                                      [01;31m[K^~~~~~~~~[m[K
      |                                                               [32m[K;[m[K
[01m[K/home/kargla/robot_movement/src/movement_info/src/movement.cpp:20:54:[m[K [01;31m[Kerror: [m[Kredeclaration of â€˜[01m[Kint Movement::SharedPtr[m[Kâ€™
[01m[K/home/kargla/robot_movement/src/movement_info/src/movement.cpp:19:52:[m[K [01;36m[Knote: [m[Kprevious declaration â€˜[01m[Kint Movement::SharedPtr[m[Kâ€™
   19 |     rclcpp::Subscription<nav_msgs::msg::Odometry>::[01;36m[KSharedPtr[m[K odom_subscriber;
      |                                                    [01;36m[K^~~~~~~~~[m[K
[01m[K/home/kargla/robot_movement/src/movement_info/src/movement.cpp:20:64:[m[K [01;31m[Kerror: [m[Kâ€˜[01m[Kvel_subscriber[m[Kâ€™ does not name a type
   20 |     rclcpp::Subscription<geometry_msgs::msg::Twist>::SharedPtr [01;31m[Kvel_subscriber[m[K;
      |                                                                [01;31m[K^~~~~~~~~~~~~~[m[K
[01m[K/home/kargla/robot_movement/src/movement_info/src/movement.cpp:31:34:[m[K [01;31m[Kerror: [m[Kâ€˜[01m[Knav_msgs[m[Kâ€™ does not name a type
   31 |     void odometry_callback(const [01;31m[Knav_msgs[m[K::msg::Odometry::SharedPtr msg)
      |                                  [01;31m[K^~~~~~~~[m[K
[01m[K/home/kargla/robot_movement/src/movement_info/src/movement.cpp:31:47:[m[K [01;31m[Kerror: [m[Kexpected unqualified-id before â€˜[01m[K::[m[Kâ€™ token
   31 |     void odometry_callback(const nav_msgs::msg[01;31m[K::[m[KOdometry::SharedPtr msg)
      |                                               [01;31m[K^~[m[K
[01m[K/home/kargla/robot_movement/src/movement_info/src/movement.cpp:31:47:[m[K [01;31m[Kerror: [m[Kexpected â€˜[01m[K)[m[Kâ€™ before â€˜[01m[K::[m[Kâ€™ token
   31 |     void odometry_callback[34m[K([m[Kconst nav_msgs::msg[01;31m[K:[m[K[32m[K:[m[KOdometry::SharedPtr msg)
      |                           [34m[K~[m[K                   [01;31m[K^[m[K[32m[K~[m[K
      |                                               [32m[K)[m[K
[01m[K/home/kargla/robot_movement/src/movement_info/src/movement.cpp:31:44:[m[K [01;31m[Kerror: [m[Kexpected â€˜[01m[K;[m[Kâ€™ at end of member declaration
   31 |     void odometry_callback(const nav_msgs::[01;31m[Kmsg[m[K::Odometry::SharedPtr msg)
      |                                            [01;31m[K^~~[m[K
      |                                               [32m[K;[m[K
[01m[K/home/kargla/robot_movement/src/movement_info/src/movement.cpp:31:49:[m[K [01;31m[Kerror: [m[Kâ€˜[01m[KOdometry[m[Kâ€™ in namespace â€˜[01m[K::[m[Kâ€™ does not name a type
   31 |     void odometry_callback(const nav_msgs::msg::[01;31m[KOdometry[m[K::SharedPtr msg)
      |                                                 [01;31m[K^~~~~~~~[m[K
[01m[K/home/kargla/robot_movement/src/movement_info/src/movement.cpp:44:34:[m[K [01;31m[Kerror: [m[Kâ€˜[01m[Kgeometry_msgs[m[Kâ€™ does not name a type
   44 |     void velocity_callback(const [01;31m[Kgeometry_msgs[m[K::msg::Twist::SharedPtr msg)
      |                                  [01;31m[K^~~~~~~~~~~~~[m[K
[01m[K/home/kargla/robot_movement/src/movement_info/src/movement.cpp:44:52:[m[K [01;31m[Kerror: [m[Kexpected unqualified-id before â€˜[01m[K::[m[Kâ€™ token
   44 |     void velocity_callback(const geometry_msgs::msg[01;31m[K::[m[KTwist::SharedPtr msg)
      |                                                    [01;31m[K^~[m[K
[01m[K/home/kargla/robot_movement/src/movement_info/src/movement.cpp:44:52:[m[K [01;31m[Kerror: [m[Kexpected â€˜[01m[K)[m[Kâ€™ before â€˜[01m[K::[m[Kâ€™ token
   44 |     void velocity_callback[34m[K([m[Kconst geometry_msgs::msg[01;31m[K:[m[K[32m[K:[m[KTwist::SharedPtr msg)
      |                           [34m[K~[m[K                        [01;31m[K^[m[K[32m[K~[m[K
      |                                                    [32m[K)[m[K
[01m[K/home/kargla/robot_movement/src/movement_info/src/movement.cpp:44:49:[m[K [01;31m[Kerror: [m[Kexpected â€˜[01m[K;[m[Kâ€™ at end of member declaration
   44 |     void velocity_callback(const geometry_msgs::[01;31m[Kmsg[m[K::Twist::SharedPtr msg)
      |                                                 [01;31m[K^~~[m[K
      |                                                    [32m[K;[m[K
[01m[K/home/kargla/robot_movement/src/movement_info/src/movement.cpp:44:54:[m[K [01;31m[Kerror: [m[Kâ€˜[01m[KTwist[m[Kâ€™ in namespace â€˜[01m[K::[m[Kâ€™ does not name a type
   44 |     void velocity_callback(const geometry_msgs::msg::[01;31m[KTwist[m[K::SharedPtr msg)
      |                                                      [01;31m[K^~~~~[m[K
[01m[K/home/kargla/robot_movement/src/movement_info/src/movement.cpp:[m[K In constructor â€˜[01m[KMovement::Movement()[m[Kâ€™:
[01m[K/home/kargla/robot_movement/src/movement_info/src/movement.cpp:10:9:[m[K [01;31m[Kerror: [m[Kâ€˜[01m[Kodom_subscriber[m[Kâ€™ was not declared in this scope; did you mean â€˜[01m[Kcount_subscribers[m[Kâ€™?
   10 |         [01;31m[Kodom_subscriber[m[K = this->create_subscription<nav_msgs::msg::Odometry>("/ibp3/diff_drive/odom", 10, std::bind(&Movement::odometry_callback, this, std::placeholders::_1));
      |         [01;31m[K^~~~~~~~~~~~~~~[m[K
      |         [32m[Kcount_subscribers[m[K
[01m[K/home/kargla/robot_movement/src/movement_info/src/movement.cpp:10:53:[m[K [01;31m[Kerror: [m[Kâ€˜[01m[Knav_msgs[m[Kâ€™ was not declared in this scope
   10 |         odom_subscriber = this->create_subscription<[01;31m[Knav_msgs[m[K::msg::Odometry>("/ibp3/diff_drive/odom", 10, std::bind(&Movement::odometry_callback, this, std::placeholders::_1));
      |                                                     [01;31m[K^~~~~~~~[m[K
[01m[K/home/kargla/robot_movement/src/movement_info/src/movement.cpp:10:33:[m[K [01;31m[Kerror: [m[Kparse error in template argument list
   10 |         odom_subscriber = this->[01;31m[Kcreate_subscription<nav_msgs::msg::Odometry>[m[K("/ibp3/diff_drive/odom", 10, std::bind(&Movement::odometry_callback, this, std::placeholders::_1));
      |                                 [01;31m[K^~~~~~~~~~~~~~~~~~~~~~~~~~~~~~~~~~~~~~~~~~~~[m[K
[01m[K/home/kargla/robot_movement/src/movement_info/src/movement.cpp:10:77:[m[K [01;31m[Kerror: [m[Kno matching function for call to â€˜[01m[KMovement::create_subscription<<expression error> >(const char [22], int, std::_Bind_helper<false, void (Movement::*)(...), Movement*, const std::_Placeholder<1>&>::type)[m[Kâ€™
   10 |         odom_subscriber = [01;31m[Kthis->create_subscription<nav_msgs::msg::Odometry>("/ibp3/diff_drive/odom", 10, std::bind(&Movement::odometry_callback, this, std::placeholders::_1))[m[K;
      |                           [01;31m[K~~~~~~~~~~~~~~~~~~~~~~~~~~~~~~~~~~~~~~~~~~~~~~~~~~^~~~~~~~~~~~~~~~~~~~~~~~~~~~~~~~~~~~~~~~~~~~~~~~~~~~~~~~~~~~~~~~~~~~~~~~~~~~~~~~~~~~~~~~~~~~~~~~~~~[m[K
In file included from [01m[K/opt/ros/humble/include/rclcpp/rclcpp/executors/single_threaded_executor.hpp:28[m[K,
                 from [01m[K/opt/ros/humble/include/rclcpp/rclcpp/executors.hpp:22[m[K,
                 from [01m[K/opt/ros/humble/include/rclcpp/rclcpp/rclcpp.hpp:155[m[K,
                 from [01m[K/home/kargla/robot_movement/src/movement_info/src/movement.cpp:1[m[K:
[01m[K/opt/ros/humble/include/rclcpp/rclcpp/node.hpp:219:3:[m[K [01;36m[Knote: [m[Kcandidate: â€˜[01m[Ktemplate<class MessageT, class CallbackT, class AllocatorT, class SubscriptionT, class MessageMemoryStrategyT> std::shared_ptr<ROSMessageT> rclcpp::Node::create_subscription(const string&, const rclcpp::QoS&, CallbackT&&, const rclcpp::SubscriptionOptionsWithAllocator<AllocatorT>&, typename MessageMemoryStrategyT::SharedPtr)[m[Kâ€™
  219 |   [01;36m[Kcreate_subscription[m[K(
      |   [01;36m[K^~~~~~~~~~~~~~~~~~~[m[K
[01m[K/opt/ros/humble/include/rclcpp/rclcpp/node.hpp:219:3:[m[K [01;36m[Knote: [m[K  template argument deduction/substitution failed:
[01m[K/home/kargla/robot_movement/src/movement_info/src/movement.cpp:10:77:[m[K [01;31m[Kerror: [m[Ktemplate argument 1 is invalid
   10 |         odom_subscriber = [01;31m[Kthis->create_subscription<nav_msgs::msg::Odometry>("/ibp3/diff_drive/odom", 10, std::bind(&Movement::odometry_callback, this, std::placeholders::_1))[m[K;
      |                           [01;31m[K~~~~~~~~~~~~~~~~~~~~~~~~~~~~~~~~~~~~~~~~~~~~~~~~~~^~~~~~~~~~~~~~~~~~~~~~~~~~~~~~~~~~~~~~~~~~~~~~~~~~~~~~~~~~~~~~~~~~~~~~~~~~~~~~~~~~~~~~~~~~~~~~~~~~~[m[K
[01m[K/home/kargla/robot_movement/src/movement_info/src/movement.cpp:11:9:[m[K [01;31m[Kerror: [m[Kâ€˜[01m[Kvel_subscriber[m[Kâ€™ was not declared in this scope; did you mean â€˜[01m[Kcount_subscribers[m[Kâ€™?
   11 |         [01;31m[Kvel_subscriber[m[K = this->create_subscription<geometry_msgs::msg::Twist>("/ibp3/diff_drive/cmd_vel", 10, std::bind(&Movement::velocity_callback, this, std::placeholders::_1));
      |         [01;31m[K^~~~~~~~~~~~~~[m[K
      |         [32m[Kcount_subscribers[m[K
[01m[K/home/kargla/robot_movement/src/movement_info/src/movement.cpp:11:52:[m[K [01;31m[Kerror: [m[Kâ€˜[01m[Kgeometry_msgs[m[Kâ€™ was not declared in this scope
   11 |         vel_subscriber = this->create_subscription<[01;31m[Kgeometry_msgs[m[K::msg::Twist>("/ibp3/diff_drive/cmd_vel", 10, std::bind(&Movement::velocity_callback, this, std::placeholders::_1));
      |                                                    [01;31m[K^~~~~~~~~~~~~[m[K
[01m[K/home/kargla/robot_movement/src/movement_info/src/movement.cpp:11:32:[m[K [01;31m[Kerror: [m[Kparse error in template argument list
   11 |         vel_subscriber = this->[01;31m[Kcreate_subscription<geometry_msgs::msg::Twist>[m[K("/ibp3/diff_drive/cmd_vel", 10, std::bind(&Movement::velocity_callback, this, std::placeholders::_1));
      |                                [01;31m[K^~~~~~~~~~~~~~~~~~~~~~~~~~~~~~~~~~~~~~~~~~~~~~[m[K
[01m[K/home/kargla/robot_movement/src/movement_info/src/movement.cpp:11:78:[m[K [01;31m[Kerror: [m[Kno matching function for call to â€˜[01m[KMovement::create_subscription<<expression error> >(const char [25], int, std::_Bind_helper<false, void (Movement::*)(...), Movement*, const std::_Placeholder<1>&>::type)[m[Kâ€™
   11 |         vel_subscriber = [01;31m[Kthis->create_subscription<geometry_msgs::msg::Twist>("/ibp3/diff_drive/cmd_vel", 10, std::bind(&Movement::velocity_callback, this, std::placeholders::_1))[m[K;
      |                          [01;31m[K~~~~~~~~~~~~~~~~~~~~~~~~~~~~~~~~~~~~~~~~~~~~~~~~~~~~^~~~~~~~~~~~~~~~~~~~~~~~~~~~~~~~~~~~~~~~~~~~~~~~~~~~~~~~~~~~~~~~~~~~~~~~~~~~~~~~~~~~~~~~~~~~~~~~~~~~~~[m[K
In file included from [01m[K/opt/ros/humble/include/rclcpp/rclcpp/executors/single_threaded_executor.hpp:28[m[K,
                 from [01m[K/opt/ros/humble/include/rclcpp/rclcpp/executors.hpp:22[m[K,
                 from [01m[K/opt/ros/humble/include/rclcpp/rclcpp/rclcpp.hpp:155[m[K,
                 from [01m[K/home/kargla/robot_movement/src/movement_info/src/movement.cpp:1[m[K:
[01m[K/opt/ros/humble/include/rclcpp/rclcpp/node.hpp:219:3:[m[K [01;36m[Knote: [m[Kcandidate: â€˜[01m[Ktemplate<class MessageT, class CallbackT, class AllocatorT, class SubscriptionT, class MessageMemoryStrategyT> std::shared_ptr<ROSMessageT> rclcpp::Node::create_subscription(const string&, const rclcpp::QoS&, CallbackT&&, const rclcpp::SubscriptionOptionsWithAllocator<AllocatorT>&, typename MessageMemoryStrategyT::SharedPtr)[m[Kâ€™
  219 |   [01;36m[Kcreate_subscription[m[K(
      |   [01;36m[K^~~~~~~~~~~~~~~~~~~[m[K
[01m[K/opt/ros/humble/include/rclcpp/rclcpp/node.hpp:219:3:[m[K [01;36m[Knote: [m[K  template argument deduction/substitution failed:
[01m[K/home/kargla/robot_movement/src/movement_info/src/movement.cpp:11:78:[m[K [01;31m[Kerror: [m[Ktemplate argument 1 is invalid
   11 |         vel_subscriber = [01;31m[Kthis->create_subscription<geometry_msgs::msg::Twist>("/ibp3/diff_drive/cmd_vel", 10, std::bind(&Movement::velocity_callback, this, std::placeholders::_1))[m[K;
      |                          [01;31m[K~~~~~~~~~~~~~~~~~~~~~~~~~~~~~~~~~~~~~~~~~~~~~~~~~~~~^~~~~~~~~~~~~~~~~~~~~~~~~~~~~~~~~~~~~~~~~~~~~~~~~~~~~~~~~~~~~~~~~~~~~~~~~~~~~~~~~~~~~~~~~~~~~~~~~~~~~~[m[K
gmake[2]: *** [CMakeFiles/movement.dir/build.make:76: CMakeFiles/movement.dir/src/movement.cpp.o] Error 1
gmake[1]: *** [CMakeFiles/Makefile2:137: CMakeFiles/movement.dir/all] Error 2
gmake: *** [Makefile:146: all] Error 2
