[0.033s] Invoking command in '/home/kargla/robot_movement/build/movement_info': CMAKE_PREFIX_PATH=/home/kargla/robot_movement/install/movement_info:/home/kargla/robot_movement/install/movement_info_msgs /usr/bin/ctest -C Release -D ExperimentalTest --no-compress-output -V --force-new-ctest-process
[0.046s] UpdateCTestConfiguration  from :/home/kargla/robot_movement/build/movement_info/CTestConfiguration.ini
[0.046s] Parse Config file:/home/kargla/robot_movement/build/movement_info/CTestConfiguration.ini
[0.046s]    Site: kargla-ideapad
[0.046s]    Build name: (empty)
[0.046s]  Add coverage exclude regular expressions.
[0.047s] Create new tag: 20250101-1354 - Experimental
[0.047s] UpdateCTestConfiguration  from :/home/kargla/robot_movement/build/movement_info/CTestConfiguration.ini
[0.047s] Parse Config file:/home/kargla/robot_movement/build/movement_info/CTestConfiguration.ini
[0.047s] Test project /home/kargla/robot_movement/build/movement_info
[0.047s] Constructing a list of tests
[0.047s] Done constructing a list of tests
[0.047s] Updating test list for fixtures
[0.047s] Added 0 tests to meet fixture requirements
[0.047s] Checking test dependency graph...
[0.047s] Checking test dependency graph end
[0.047s] test 1
[0.047s]     Start 1: movement_info_movement_gtest
[0.047s] 
[0.047s] 1: Test command: /usr/bin/python3 "-u" "/opt/ros/humble/share/ament_cmake_test/cmake/run_test.py" "/home/kargla/robot_movement/build/movement_info/test_results/movement_info/movement_info_movement_gtest.gtest.xml" "--package-name" "movement_info" "--output-file" "/home/kargla/robot_movement/build/movement_info/ament_cmake_gtest/movement_info_movement_gtest.txt" "--command" "/home/kargla/robot_movement/build/movement_info/movement_info_movement_gtest" "--gtest_output=xml:/home/kargla/robot_movement/build/movement_info/test_results/movement_info/movement_info_movement_gtest.gtest.xml"
[0.047s] 1: Test timeout computed to be: 60
[0.124s] 1: -- run_test.py: invoking following command in '/home/kargla/robot_movement/build/movement_info':
[0.124s] 1:  - /home/kargla/robot_movement/build/movement_info/movement_info_movement_gtest --gtest_output=xml:/home/kargla/robot_movement/build/movement_info/test_results/movement_info/movement_info_movement_gtest.gtest.xml
[0.139s] 1: [==========] Running 2 tests from 2 test suites.
[0.139s] 1: [----------] Global test environment set-up.
[0.139s] 1: [----------] 1 test from MovementTest
[0.140s] 1: [ RUN      ] MovementTest.HeadingDeterminationTest
[0.152s] 1: [INFO] [1735739662.125271301] [movement]: Direction treshold: '0.100000'
[0.152s] 1: [INFO] [1735739662.125403720] [movement]: Heading treshold: '0.100000'
[0.152s] 1: [INFO] [1735739662.125418597] [movement]: Movement topic: '/movement_info'
[0.152s] 1: [INFO] [1735739662.125432775] [movement]: Odometry topic: '/diff_drive/odom'
[0.153s] 1: [INFO] [1735739662.125445695] [movement]: Velocity topic: '/diff_drive/cmd_vel'
[0.158s] 1: [       OK ] MovementTest.HeadingDeterminationTest (20 ms)
[0.158s] 1: [----------] 1 test from MovementTest (20 ms total)
[0.158s] 1: 
[0.158s] 1: [----------] 1 test from MovementTEST
[0.158s] 1: [ RUN      ] MovementTEST.DirectionDeterminationTest
[0.165s] 1: [INFO] [1735739662.136670146] [movement]: Direction treshold: '0.100000'
[0.165s] 1: [INFO] [1735739662.136759753] [movement]: Heading treshold: '0.100000'
[0.165s] 1: [INFO] [1735739662.136774559] [movement]: Movement topic: '/movement_info'
[0.165s] 1: [INFO] [1735739662.136787480] [movement]: Odometry topic: '/diff_drive/odom'
[0.165s] 1: [INFO] [1735739662.136801727] [movement]: Velocity topic: '/diff_drive/cmd_vel'
[0.165s] 1: /home/kargla/robot_movement/src/movement_info/test/movement_test.cpp:43: Failure
[0.165s] 1: Expected equality of these values:
[0.165s] 1:   movement.getMessage().movement
[0.165s] 1:     Which is: "standstill"
[0.165s] 1:   movement_info_msgs::msg::MovementInfo::FORWARD
[0.165s] 1:     Which is: "forward"
[0.167s] 1: [  FAILED  ] MovementTEST.DirectionDeterminationTest (9 ms)
[0.167s] 1: [----------] 1 test from MovementTEST (9 ms total)
[0.167s] 1: 
[0.167s] 1: [----------] Global test environment tear-down
[0.167s] 1: [==========] 2 tests from 2 test suites ran. (29 ms total)
[0.167s] 1: [  PASSED  ] 1 test.
[0.168s] 1: [  FAILED  ] 1 test, listed below:
[0.168s] 1: [  FAILED  ] MovementTEST.DirectionDeterminationTest
[0.168s] 1: 
[0.168s] 1:  1 FAILED TEST
[0.274s] 1: -- run_test.py: return code 1
[0.274s] 1: -- run_test.py: inject classname prefix into gtest result file '/home/kargla/robot_movement/build/movement_info/test_results/movement_info/movement_info_movement_gtest.gtest.xml'
[0.274s] 1: -- run_test.py: verify result file '/home/kargla/robot_movement/build/movement_info/test_results/movement_info/movement_info_movement_gtest.gtest.xml'
[0.296s] 1/2 Test #1: movement_info_movement_gtest .....***Failed    0.25 sec
[0.296s] test 2
[0.296s]     Start 2: movement_info_movement_gmock
[0.296s] 
[0.296s] 2: Test command: /usr/bin/python3 "-u" "/opt/ros/humble/share/ament_cmake_test/cmake/run_test.py" "/home/kargla/robot_movement/build/movement_info/test_results/movement_info/movement_info_movement_gmock.gtest.xml" "--package-name" "movement_info" "--output-file" "/home/kargla/robot_movement/build/movement_info/ament_cmake_gmock/movement_info_movement_gmock.txt" "--command" "/home/kargla/robot_movement/build/movement_info/movement_info_movement_gmock" "--gtest_output=xml:/home/kargla/robot_movement/build/movement_info/test_results/movement_info/movement_info_movement_gmock.gtest.xml"
[0.296s] 2: Test timeout computed to be: 60
[0.367s] 2: -- run_test.py: invoking following command in '/home/kargla/robot_movement/build/movement_info':
[0.367s] 2:  - /home/kargla/robot_movement/build/movement_info/movement_info_movement_gmock --gtest_output=xml:/home/kargla/robot_movement/build/movement_info/test_results/movement_info/movement_info_movement_gmock.gtest.xml
[0.381s] 2: [==========] Running 2 tests from 2 test suites.
[0.381s] 2: [----------] Global test environment set-up.
[0.381s] 2: [----------] 1 test from MovementTest
[0.381s] 2: [ RUN      ] MovementTest.HeadingDeterminationTest
[0.398s] 2: [INFO] [1735739662.371620030] [movement]: Direction treshold: '0.100000'
[0.399s] 2: [INFO] [1735739662.371914413] [movement]: Heading treshold: '0.100000'
[0.399s] 2: [INFO] [1735739662.371950311] [movement]: Movement topic: '/movement_info'
[0.399s] 2: [INFO] [1735739662.371970216] [movement]: Odometry topic: '/diff_drive/odom'
[0.399s] 2: [INFO] [1735739662.371989353] [movement]: Velocity topic: '/diff_drive/cmd_vel'
[0.406s] 2: [       OK ] MovementTest.HeadingDeterminationTest (26 ms)
[0.406s] 2: [----------] 1 test from MovementTest (26 ms total)
[0.407s] 2: 
[0.407s] 2: [----------] 1 test from MovementTEST
[0.407s] 2: [ RUN      ] MovementTEST.DirectionDeterminationTest
[0.412s] 2: [INFO] [1735739662.384902293] [movement]: Direction treshold: '0.100000'
[0.412s] 2: [INFO] [1735739662.384971995] [movement]: Heading treshold: '0.100000'
[0.412s] 2: [INFO] [1735739662.384986173] [movement]: Movement topic: '/movement_info'
[0.412s] 2: [INFO] [1735739662.384997697] [movement]: Odometry topic: '/diff_drive/odom'
[0.412s] 2: [INFO] [1735739662.385009710] [movement]: Velocity topic: '/diff_drive/cmd_vel'
[0.412s] 2: /home/kargla/robot_movement/src/movement_info/test/movement_test.cpp:43: Failure
[0.412s] 2: Expected equality of these values:
[0.412s] 2:   movement.getMessage().movement
[0.412s] 2:     Which is: "standstill"
[0.412s] 2:   movement_info_msgs::msg::MovementInfo::FORWARD
[0.412s] 2:     Which is: "forward"
[0.415s] 2: [  FAILED  ] MovementTEST.DirectionDeterminationTest (9 ms)
[0.415s] 2: [----------] 1 test from MovementTEST (9 ms total)
[0.415s] 2: 
[0.415s] 2: [----------] Global test environment tear-down
[0.415s] 2: [==========] 2 tests from 2 test suites ran. (35 ms total)
[0.415s] 2: [  PASSED  ] 1 test.
[0.415s] 2: [  FAILED  ] 1 test, listed below:
[0.415s] 2: [  FAILED  ] MovementTEST.DirectionDeterminationTest
[0.416s] 2: 
[0.416s] 2:  1 FAILED TEST
[0.523s] 2: -- run_test.py: return code 1
[0.523s] 2: -- run_test.py: inject classname prefix into gtest result file '/home/kargla/robot_movement/build/movement_info/test_results/movement_info/movement_info_movement_gmock.gtest.xml'
[0.524s] 2: -- run_test.py: verify result file '/home/kargla/robot_movement/build/movement_info/test_results/movement_info/movement_info_movement_gmock.gtest.xml'
[0.550s] 2/2 Test #2: movement_info_movement_gmock .....***Failed    0.25 sec
[0.550s] 
[0.550s] 0% tests passed[0;0m, [0;31m2 tests failed[0;0m out of 2
[0.550s] 
[0.550s] Label Time Summary:
[0.550s] gmock    =   0.25 sec*proc (1 test)
[0.550s] gtest    =   0.25 sec*proc (1 test)
[0.550s] 
[0.550s] Total Test time (real) =   0.50 sec
[0.551s] 
[0.551s] The following tests FAILED:
[0.551s] 	[0;31m  1 - movement_info_movement_gtest (Failed)[0;0m
[0.551s] 	[0;31m  2 - movement_info_movement_gmock (Failed)[0;0m
[0.552s] Errors while running CTest
[0.552s] Output from these tests are in: /home/kargla/robot_movement/build/movement_info/Testing/Temporary/LastTest.log
[0.552s] Use "--rerun-failed --output-on-failure" to re-run the failed cases verbosely.
[0.557s] Invoked command in '/home/kargla/robot_movement/build/movement_info' returned '8': CMAKE_PREFIX_PATH=/home/kargla/robot_movement/install/movement_info:/home/kargla/robot_movement/install/movement_info_msgs /usr/bin/ctest -C Release -D ExperimentalTest --no-compress-output -V --force-new-ctest-process
