[01m[K/home/kargla/robot_movement/src/movement_info/src/movement.cpp:[m[K In member function â€˜[01m[Kvoid Movement::odometry_callback(nav_msgs::msg::Odometry_<std::allocator<void> >::SharedPtr)[m[Kâ€™:
[01m[K/home/kargla/robot_movement/src/movement_info/src/movement.cpp:61:87:[m[K [01;31m[Kerror: [m[Kexpected primary-expression before â€˜[01m[K>[m[Kâ€™ token
   61 |     if (msg->twist.twist.angular.z <= heading_treshold && msg->twist.twist.angular.z =[01;31m[K>[m[K -heading_treshold)
      |                                                                                       [01;31m[K^[m[K
[01m[K/home/kargla/robot_movement/src/movement_info/src/movement.cpp:[m[K In member function â€˜[01m[Kvoid Movement::odometry_callback(nav_msgs::msg::Odometry_<std::allocator<void> >::SharedPtr)[m[Kâ€™:
[01m[K/home/kargla/robot_movement/src/movement_info/src/movement.cpp:61:87:[m[K [01;31m[Kerror: [m[Kexpected primary-expression before â€˜[01m[K>[m[Kâ€™ token
   61 | ngular.z <= heading_treshold && msg->twist.twist.angular.z =[01;31m[K>[m[K -heading_treshold)
      |                                                             [01;31m[K^[m[K

gmake[2]: *** [CMakeFiles/movement_info_library.dir/build.make:76: CMakeFiles/movement_info_library.dir/src/movement.cpp.o] Error 1
gmake[1]: *** [CMakeFiles/Makefile2:206: CMakeFiles/movement_info_library.dir/all] Error 2
gmake[1]: *** Waiting for unfinished jobs....
gmake[2]: *** [CMakeFiles/movement.dir/build.make:76: CMakeFiles/movement.dir/src/movement.cpp.o] Error 1
gmake[1]: *** [CMakeFiles/Makefile2:180: CMakeFiles/movement.dir/all] Error 2
gmake: *** [Makefile:146: all] Error 2
