[0.023s] Invoking command in '/home/kargla/robot_movement/build/movement_info': CMAKE_PREFIX_PATH=${CMAKE_PREFIX_PATH}:/opt/ros/humble /usr/bin/cmake --build /home/kargla/robot_movement/build/movement_info -- -j12 -l12
[0.124s] [ 11%] Built target gtest_main
[0.124s] [ 22%] Built target gmock_main
[0.132s] [ 50%] Built target gtest
[0.132s] [ 50%] Built target gmock
[0.132s] [ 55%] [32mBuilding CXX object CMakeFiles/movement_info_library.dir/src/movement.cpp.o[0m
[0.132s] [ 61%] [32mBuilding CXX object CMakeFiles/movement.dir/src/movement.cpp.o[0m
[3.758s] [01m[K/home/kargla/robot_movement/src/movement_info/src/movement.cpp:[m[K In member function â€˜[01m[Kvoid Movement::odometry_callback(nav_msgs::msg::Odometry_<std::allocator<void> >::SharedPtr)[m[Kâ€™:
[3.758s] [01m[K/home/kargla/robot_movement/src/movement_info/src/movement.cpp:61:87:[m[K [01;31m[Kerror: [m[Kexpected primary-expression before â€˜[01m[K>[m[Kâ€™ token
[3.758s]    61 |     if (msg->twist.twist.angular.z <= heading_treshold && msg->twist.twist.angular.z =[01;31m[K>[m[K -heading_treshold)
[3.759s]       |                                                                                       [01;31m[K^[m[K
[3.824s] [01m[K/home/kargla/robot_movement/src/movement_info/src/movement.cpp:[m[K In member function â€˜[01m[Kvoid Movement::odometry_callback(nav_msgs::msg::Odometry_<std::allocator<void> >::SharedPtr)[m[Kâ€™:
[3.824s] [01m[K/home/kargla/robot_movement/src/movement_info/src/movement.cpp:61:87:[m[K [01;31m[Kerror: [m[Kexpected primary-expression before â€˜[01m[K>[m[Kâ€™ token
[3.825s]    61 | ngular.z <= heading_treshold && msg->twist.twist.angular.z =[01;31m[K>[m[K -heading_treshold)
[3.825s]       |                                                             [01;31m[K^[m[K
[3.825s] 
[7.266s] gmake[2]: *** [CMakeFiles/movement_info_library.dir/build.make:76: CMakeFiles/movement_info_library.dir/src/movement.cpp.o] Error 1
[7.267s] gmake[1]: *** [CMakeFiles/Makefile2:206: CMakeFiles/movement_info_library.dir/all] Error 2
[7.267s] gmake[1]: *** Waiting for unfinished jobs....
[7.285s] gmake[2]: *** [CMakeFiles/movement.dir/build.make:76: CMakeFiles/movement.dir/src/movement.cpp.o] Error 1
[7.286s] gmake[1]: *** [CMakeFiles/Makefile2:180: CMakeFiles/movement.dir/all] Error 2
[7.286s] gmake: *** [Makefile:146: all] Error 2
[7.290s] Invoked command in '/home/kargla/robot_movement/build/movement_info' returned '2': CMAKE_PREFIX_PATH=${CMAKE_PREFIX_PATH}:/opt/ros/humble /usr/bin/cmake --build /home/kargla/robot_movement/build/movement_info -- -j12 -l12
