[0.025s] Invoking command in '/home/kargla/robot_movement/build/movement_info': CMAKE_PREFIX_PATH=/home/kargla/robot_movement/install/movement_info:/home/kargla/robot_movement/install/movement_info_msgs /usr/bin/ctest -C Release -D ExperimentalTest --no-compress-output -V --force-new-ctest-process
[0.032s] UpdateCTestConfiguration  from :/home/kargla/robot_movement/build/movement_info/CTestConfiguration.ini
[0.032s] Parse Config file:/home/kargla/robot_movement/build/movement_info/CTestConfiguration.ini
[0.033s]    Site: kargla-ideapad
[0.033s]    Build name: (empty)
[0.033s]  Add coverage exclude regular expressions.
[0.033s] Create new tag: 20241227-1550 - Experimental
[0.033s] UpdateCTestConfiguration  from :/home/kargla/robot_movement/build/movement_info/CTestConfiguration.ini
[0.033s] Parse Config file:/home/kargla/robot_movement/build/movement_info/CTestConfiguration.ini
[0.034s] Test project /home/kargla/robot_movement/build/movement_info
[0.034s] Constructing a list of tests
[0.034s] Done constructing a list of tests
[0.034s] Updating test list for fixtures
[0.034s] Added 0 tests to meet fixture requirements
[0.034s] Checking test dependency graph...
[0.034s] Checking test dependency graph end
[0.034s] test 1
[0.034s]     Start 1: movement_info_movement_test
[0.034s] 
[0.034s] 1: Test command: /usr/bin/python3 "-u" "/opt/ros/humble/share/ament_cmake_test/cmake/run_test.py" "/home/kargla/robot_movement/build/movement_info/test_results/movement_info/movement_info_movement_test.gtest.xml" "--package-name" "movement_info" "--output-file" "/home/kargla/robot_movement/build/movement_info/ament_cmake_gtest/movement_info_movement_test.txt" "--command" "/home/kargla/robot_movement/build/movement_info/movement_info_movement_test" "--gtest_output=xml:/home/kargla/robot_movement/build/movement_info/test_results/movement_info/movement_info_movement_test.gtest.xml"
[0.034s] 1: Test timeout computed to be: 60
[0.084s] 1: -- run_test.py: invoking following command in '/home/kargla/robot_movement/build/movement_info':
[0.084s] 1:  - /home/kargla/robot_movement/build/movement_info/movement_info_movement_test --gtest_output=xml:/home/kargla/robot_movement/build/movement_info/test_results/movement_info/movement_info_movement_test.gtest.xml
[0.087s] 1: [==========] Running 1 test from 1 test suite.
[0.087s] 1: [----------] Global test environment set-up.
[0.087s] 1: [----------] 1 test from MovementTest
[0.087s] 1: [ RUN      ] MovementTest.test1
[0.087s] 1: /home/kargla/robot_movement/src/movement_info/test/movement_test.cpp:5: Failure
[0.088s] 1: Expected equality of these values:
[0.088s] 1:   1
[0.088s] 1:   0
[0.088s] 1: [  FAILED  ] MovementTest.test1 (0 ms)
[0.088s] 1: [----------] 1 test from MovementTest (0 ms total)
[0.088s] 1: 
[0.088s] 1: [----------] Global test environment tear-down
[0.088s] 1: [==========] 1 test from 1 test suite ran. (1 ms total)
[0.088s] 1: [  PASSED  ] 0 tests.
[0.088s] 1: [  FAILED  ] 1 test, listed below:
[0.088s] 1: [  FAILED  ] MovementTest.test1
[0.088s] 1: 
[0.088s] 1:  1 FAILED TEST
[0.088s] 1: -- run_test.py: return code 1
[0.088s] 1: -- run_test.py: inject classname prefix into gtest result file '/home/kargla/robot_movement/build/movement_info/test_results/movement_info/movement_info_movement_test.gtest.xml'
[0.088s] 1: -- run_test.py: verify result file '/home/kargla/robot_movement/build/movement_info/test_results/movement_info/movement_info_movement_test.gtest.xml'
[0.098s] 1/1 Test #1: movement_info_movement_test ......***Failed    0.07 sec
[0.099s] 
[0.099s] 0% tests passed[0;0m, [0;31m1 tests failed[0;0m out of 1
[0.099s] 
[0.099s] Label Time Summary:
[0.100s] gtest    =   0.07 sec*proc (1 test)
[0.100s] 
[0.100s] Total Test time (real) =   0.07 sec
[0.100s] 
[0.100s] The following tests FAILED:
[0.100s] 	[0;31m  1 - movement_info_movement_test (Failed)[0;0m
[0.102s] Errors while running CTest
[0.102s] Output from these tests are in: /home/kargla/robot_movement/build/movement_info/Testing/Temporary/LastTest.log
[0.102s] Use "--rerun-failed --output-on-failure" to re-run the failed cases verbosely.
[0.104s] Invoked command in '/home/kargla/robot_movement/build/movement_info' returned '8': CMAKE_PREFIX_PATH=/home/kargla/robot_movement/install/movement_info:/home/kargla/robot_movement/install/movement_info_msgs /usr/bin/ctest -C Release -D ExperimentalTest --no-compress-output -V --force-new-ctest-process
