[ 36%] Built target gtest_main
[ 36%] Built target gtest
[ 63%] Built target movement
[ 81%] Built target movement_info_library
[35m[1mConsolidate compiler generated dependencies of target movement_info_movement_test[0m
[ 90%] [32mBuilding CXX object CMakeFiles/movement_info_movement_test.dir/test/movement_test.cpp.o[0m
[01m[K/home/kargla/robot_movement/src/movement_info/test/movement_test.cpp:2:10:[m[K [01;31m[Kfatal error: [m[Kgmock/gmock.h: No such file or directory
    2 | #include [01;31m[K"gmock/gmock.h"[m[K
      |          [01;31m[K^~~~~~~~~~~~~~~[m[K
compilation terminated.
gmake[2]: *** [CMakeFiles/movement_info_movement_test.dir/build.make:76: CMakeFiles/movement_info_movement_test.dir/test/movement_test.cpp.o] Error 1
gmake[1]: *** [CMakeFiles/Makefile2:213: CMakeFiles/movement_info_movement_test.dir/all] Error 2
gmake: *** [Makefile:146: all] Error 2
