UpdateCTestConfiguration  from :/home/kargla/robot_movement/build/movement_info/CTestConfiguration.ini
Parse Config file:/home/kargla/robot_movement/build/movement_info/CTestConfiguration.ini
   Site: kargla-ideapad
   Build name: (empty)
 Add coverage exclude regular expressions.
Create new tag: 20250102-1610 - Experimental
UpdateCTestConfiguration  from :/home/kargla/robot_movement/build/movement_info/CTestConfiguration.ini
Parse Config file:/home/kargla/robot_movement/build/movement_info/CTestConfiguration.ini
Test project /home/kargla/robot_movement/build/movement_info
Constructing a list of tests
Done constructing a list of tests
Updating test list for fixtures
Added 0 tests to meet fixture requirements
Checking test dependency graph...
Checking test dependency graph end
test 1
    Start 1: movement_info_movement_gtest

1: Test command: /usr/bin/python3 "-u" "/opt/ros/humble/share/ament_cmake_test/cmake/run_test.py" "/home/kargla/robot_movement/build/movement_info/test_results/movement_info/movement_info_movement_gtest.gtest.xml" "--package-name" "movement_info" "--output-file" "/home/kargla/robot_movement/build/movement_info/ament_cmake_gtest/movement_info_movement_gtest.txt" "--command" "/home/kargla/robot_movement/build/movement_info/movement_info_movement_gtest" "--gtest_output=xml:/home/kargla/robot_movement/build/movement_info/test_results/movement_info/movement_info_movement_gtest.gtest.xml"
1: Test timeout computed to be: 60
1: -- run_test.py: invoking following command in '/home/kargla/robot_movement/build/movement_info':
1:  - /home/kargla/robot_movement/build/movement_info/movement_info_movement_gtest --gtest_output=xml:/home/kargla/robot_movement/build/movement_info/test_results/movement_info/movement_info_movement_gtest.gtest.xml
1: [==========] Running 3 tests from 2 test suites.
1: [----------] Global test environment set-up.
1: [----------] 2 tests from MovementTest
1: [ RUN      ] MovementTest.HeadingDeterminationTest
1: [INFO] [1735834225.178937965] [movement]: Direction treshold: '0.100000'
1: [INFO] [1735834225.179042730] [movement]: Heading treshold: '0.100000'
1: [INFO] [1735834225.179057327] [movement]: Movement topic: '/movement_info'
1: [INFO] [1735834225.179069689] [movement]: Odometry topic: '/diff_drive/odom'
1: [INFO] [1735834225.179081702] [movement]: Velocity topic: '/diff_drive/cmd_vel'
1: [       OK ] MovementTest.HeadingDeterminationTest (17 ms)
1: [ RUN      ] MovementTest.MovementInfoPublishingTest
1: /home/kargla/robot_movement/src/movement_info/test/movement_test.cpp:65: Failure
1: Expected equality of these values:
1:   message.heading
1:     Which is: "straight"
1:   movement_info_msgs::msg::MovementInfo::FORWARD
1:     Which is: "forward"
1: [  FAILED  ] MovementTest.MovementInfoPublishingTest (7 ms)
1: [----------] 2 tests from MovementTest (24 ms total)
1: 
1: [----------] 1 test from MovementTEST
1: [ RUN      ] MovementTEST.DirectionDeterminationTest
1: [INFO] [1735834225.197138066] [movement]: Direction treshold: '0.100000'
1: [INFO] [1735834225.197229560] [movement]: Heading treshold: '0.100000'
1: [INFO] [1735834225.197243808] [movement]: Movement topic: '/movement_info'
1: [INFO] [1735834225.197256590] [movement]: Odometry topic: '/diff_drive/odom'
1: [INFO] [1735834225.197268812] [movement]: Velocity topic: '/diff_drive/cmd_vel'
1: [       OK ] MovementTEST.DirectionDeterminationTest (8 ms)
1: [----------] 1 test from MovementTEST (8 ms total)
1: 
1: [----------] Global test environment tear-down
1: [==========] 3 tests from 2 test suites ran. (33 ms total)
1: [  PASSED  ] 2 tests.
1: [  FAILED  ] 1 test, listed below:
1: [  FAILED  ] MovementTest.MovementInfoPublishingTest
1: 
1:  1 FAILED TEST
1: -- run_test.py: return code 1
1: -- run_test.py: inject classname prefix into gtest result file '/home/kargla/robot_movement/build/movement_info/test_results/movement_info/movement_info_movement_gtest.gtest.xml'
1: -- run_test.py: verify result file '/home/kargla/robot_movement/build/movement_info/test_results/movement_info/movement_info_movement_gtest.gtest.xml'
1/2 Test #1: movement_info_movement_gtest .....***Failed    0.22 sec
test 2
    Start 2: movement_info_movement_gmock

2: Test command: /usr/bin/python3 "-u" "/opt/ros/humble/share/ament_cmake_test/cmake/run_test.py" "/home/kargla/robot_movement/build/movement_info/test_results/movement_info/movement_info_movement_gmock.gtest.xml" "--package-name" "movement_info" "--output-file" "/home/kargla/robot_movement/build/movement_info/ament_cmake_gmock/movement_info_movement_gmock.txt" "--command" "/home/kargla/robot_movement/build/movement_info/movement_info_movement_gmock" "--gtest_output=xml:/home/kargla/robot_movement/build/movement_info/test_results/movement_info/movement_info_movement_gmock.gtest.xml"
2: Test timeout computed to be: 60
2: -- run_test.py: invoking following command in '/home/kargla/robot_movement/build/movement_info':
2:  - /home/kargla/robot_movement/build/movement_info/movement_info_movement_gmock --gtest_output=xml:/home/kargla/robot_movement/build/movement_info/test_results/movement_info/movement_info_movement_gmock.gtest.xml
2: [==========] Running 3 tests from 2 test suites.
2: [----------] Global test environment set-up.
2: [----------] 2 tests from MovementTest
2: [ RUN      ] MovementTest.HeadingDeterminationTest
2: [INFO] [1735834225.396633267] [movement]: Direction treshold: '0.100000'
2: [INFO] [1735834225.396731048] [movement]: Heading treshold: '0.100000'
2: [INFO] [1735834225.396744947] [movement]: Movement topic: '/movement_info'
2: [INFO] [1735834225.396756331] [movement]: Odometry topic: '/diff_drive/odom'
2: [INFO] [1735834225.396767786] [movement]: Velocity topic: '/diff_drive/cmd_vel'
2: [       OK ] MovementTest.HeadingDeterminationTest (16 ms)
2: [ RUN      ] MovementTest.MovementInfoPublishingTest
2: /home/kargla/robot_movement/src/movement_info/test/movement_test.cpp:65: Failure
2: Expected equality of these values:
2:   message.heading
2:     Which is: "straight"
2:   movement_info_msgs::msg::MovementInfo::FORWARD
2:     Which is: "forward"
2: [  FAILED  ] MovementTest.MovementInfoPublishingTest (6 ms)
2: [----------] 2 tests from MovementTest (22 ms total)
2: 
2: [----------] 1 test from MovementTEST
2: [ RUN      ] MovementTEST.DirectionDeterminationTest
2: [INFO] [1735834225.410938141] [movement]: Direction treshold: '0.100000'
2: [INFO] [1735834225.410985983] [movement]: Heading treshold: '0.100000'
2: [INFO] [1735834225.411000651] [movement]: Movement topic: '/movement_info'
2: [INFO] [1735834225.411014619] [movement]: Odometry topic: '/diff_drive/odom'
2: [INFO] [1735834225.411028797] [movement]: Velocity topic: '/diff_drive/cmd_vel'
2: [       OK ] MovementTEST.DirectionDeterminationTest (11 ms)
2: [----------] 1 test from MovementTEST (11 ms total)
2: 
2: [----------] Global test environment tear-down
2: [==========] 3 tests from 2 test suites ran. (33 ms total)
2: [  PASSED  ] 2 tests.
2: [  FAILED  ] 1 test, listed below:
2: [  FAILED  ] MovementTest.MovementInfoPublishingTest
2: 
2:  1 FAILED TEST
2: -- run_test.py: return code 1
2: -- run_test.py: inject classname prefix into gtest result file '/home/kargla/robot_movement/build/movement_info/test_results/movement_info/movement_info_movement_gmock.gtest.xml'
2: -- run_test.py: verify result file '/home/kargla/robot_movement/build/movement_info/test_results/movement_info/movement_info_movement_gmock.gtest.xml'
2/2 Test #2: movement_info_movement_gmock .....***Failed    0.21 sec

0% tests passed[0;0m, [0;31m2 tests failed[0;0m out of 2

Label Time Summary:
gmock    =   0.21 sec*proc (1 test)
gtest    =   0.22 sec*proc (1 test)

Total Test time (real) =   0.43 sec

The following tests FAILED:
	[0;31m  1 - movement_info_movement_gtest (Failed)[0;0m
	[0;31m  2 - movement_info_movement_gmock (Failed)[0;0m
Errors while running CTest
Output from these tests are in: /home/kargla/robot_movement/build/movement_info/Testing/Temporary/LastTest.log
Use "--rerun-failed --output-on-failure" to re-run the failed cases verbosely.
