[0.027s] Invoking command in '/home/kargla/robot_movement/build/movement_info': CMAKE_PREFIX_PATH=/home/kargla/robot_movement/install/movement_info:/home/kargla/robot_movement/install/movement_info_msgs /usr/bin/ctest -C Release -D ExperimentalTest --no-compress-output -V --force-new-ctest-process
[0.035s] UpdateCTestConfiguration  from :/home/kargla/robot_movement/build/movement_info/CTestConfiguration.ini
[0.035s] Parse Config file:/home/kargla/robot_movement/build/movement_info/CTestConfiguration.ini
[0.035s]    Site: kargla-ideapad
[0.035s]    Build name: (empty)
[0.035s]  Add coverage exclude regular expressions.
[0.035s] Create new tag: 20250102-1610 - Experimental
[0.035s] UpdateCTestConfiguration  from :/home/kargla/robot_movement/build/movement_info/CTestConfiguration.ini
[0.035s] Parse Config file:/home/kargla/robot_movement/build/movement_info/CTestConfiguration.ini
[0.035s] Test project /home/kargla/robot_movement/build/movement_info
[0.036s] Constructing a list of tests
[0.036s] Done constructing a list of tests
[0.036s] Updating test list for fixtures
[0.036s] Added 0 tests to meet fixture requirements
[0.036s] Checking test dependency graph...
[0.036s] Checking test dependency graph end
[0.036s] test 1
[0.036s]     Start 1: movement_info_movement_gtest
[0.036s] 
[0.036s] 1: Test command: /usr/bin/python3 "-u" "/opt/ros/humble/share/ament_cmake_test/cmake/run_test.py" "/home/kargla/robot_movement/build/movement_info/test_results/movement_info/movement_info_movement_gtest.gtest.xml" "--package-name" "movement_info" "--output-file" "/home/kargla/robot_movement/build/movement_info/ament_cmake_gtest/movement_info_movement_gtest.txt" "--command" "/home/kargla/robot_movement/build/movement_info/movement_info_movement_gtest" "--gtest_output=xml:/home/kargla/robot_movement/build/movement_info/test_results/movement_info/movement_info_movement_gtest.gtest.xml"
[0.036s] 1: Test timeout computed to be: 60
[0.092s] 1: -- run_test.py: invoking following command in '/home/kargla/robot_movement/build/movement_info':
[0.092s] 1:  - /home/kargla/robot_movement/build/movement_info/movement_info_movement_gtest --gtest_output=xml:/home/kargla/robot_movement/build/movement_info/test_results/movement_info/movement_info_movement_gtest.gtest.xml
[0.104s] 1: [==========] Running 3 tests from 2 test suites.
[0.104s] 1: [----------] Global test environment set-up.
[0.104s] 1: [----------] 2 tests from MovementTest
[0.104s] 1: [ RUN      ] MovementTest.HeadingDeterminationTest
[0.120s] 1: [INFO] [1735834225.178937965] [movement]: Direction treshold: '0.100000'
[0.120s] 1: [INFO] [1735834225.179042730] [movement]: Heading treshold: '0.100000'
[0.120s] 1: [INFO] [1735834225.179057327] [movement]: Movement topic: '/movement_info'
[0.120s] 1: [INFO] [1735834225.179069689] [movement]: Odometry topic: '/diff_drive/odom'
[0.120s] 1: [INFO] [1735834225.179081702] [movement]: Velocity topic: '/diff_drive/cmd_vel'
[0.121s] 1: [       OK ] MovementTest.HeadingDeterminationTest (17 ms)
[0.121s] 1: [ RUN      ] MovementTest.MovementInfoPublishingTest
[0.126s] 1: /home/kargla/robot_movement/src/movement_info/test/movement_test.cpp:65: Failure
[0.126s] 1: Expected equality of these values:
[0.126s] 1:   message.heading
[0.127s] 1:     Which is: "straight"
[0.127s] 1:   movement_info_msgs::msg::MovementInfo::FORWARD
[0.127s] 1:     Which is: "forward"
[0.127s] 1: [  FAILED  ] MovementTest.MovementInfoPublishingTest (7 ms)
[0.127s] 1: [----------] 2 tests from MovementTest (24 ms total)
[0.127s] 1: 
[0.128s] 1: [----------] 1 test from MovementTEST
[0.128s] 1: [ RUN      ] MovementTEST.DirectionDeterminationTest
[0.133s] 1: [INFO] [1735834225.197138066] [movement]: Direction treshold: '0.100000'
[0.133s] 1: [INFO] [1735834225.197229560] [movement]: Heading treshold: '0.100000'
[0.133s] 1: [INFO] [1735834225.197243808] [movement]: Movement topic: '/movement_info'
[0.133s] 1: [INFO] [1735834225.197256590] [movement]: Odometry topic: '/diff_drive/odom'
[0.133s] 1: [INFO] [1735834225.197268812] [movement]: Velocity topic: '/diff_drive/cmd_vel'
[0.136s] 1: [       OK ] MovementTEST.DirectionDeterminationTest (8 ms)
[0.136s] 1: [----------] 1 test from MovementTEST (8 ms total)
[0.136s] 1: 
[0.136s] 1: [----------] Global test environment tear-down
[0.136s] 1: [==========] 3 tests from 2 test suites ran. (33 ms total)
[0.136s] 1: [  PASSED  ] 2 tests.
[0.136s] 1: [  FAILED  ] 1 test, listed below:
[0.136s] 1: [  FAILED  ] MovementTest.MovementInfoPublishingTest
[0.136s] 1: 
[0.137s] 1:  1 FAILED TEST
[0.243s] 1: -- run_test.py: return code 1
[0.243s] 1: -- run_test.py: inject classname prefix into gtest result file '/home/kargla/robot_movement/build/movement_info/test_results/movement_info/movement_info_movement_gtest.gtest.xml'
[0.243s] 1: -- run_test.py: verify result file '/home/kargla/robot_movement/build/movement_info/test_results/movement_info/movement_info_movement_gtest.gtest.xml'
[0.252s] 1/2 Test #1: movement_info_movement_gtest .....***Failed    0.22 sec
[0.253s] test 2
[0.253s]     Start 2: movement_info_movement_gmock
[0.253s] 
[0.253s] 2: Test command: /usr/bin/python3 "-u" "/opt/ros/humble/share/ament_cmake_test/cmake/run_test.py" "/home/kargla/robot_movement/build/movement_info/test_results/movement_info/movement_info_movement_gmock.gtest.xml" "--package-name" "movement_info" "--output-file" "/home/kargla/robot_movement/build/movement_info/ament_cmake_gmock/movement_info_movement_gmock.txt" "--command" "/home/kargla/robot_movement/build/movement_info/movement_info_movement_gmock" "--gtest_output=xml:/home/kargla/robot_movement/build/movement_info/test_results/movement_info/movement_info_movement_gmock.gtest.xml"
[0.253s] 2: Test timeout computed to be: 60
[0.307s] 2: -- run_test.py: invoking following command in '/home/kargla/robot_movement/build/movement_info':
[0.308s] 2:  - /home/kargla/robot_movement/build/movement_info/movement_info_movement_gmock --gtest_output=xml:/home/kargla/robot_movement/build/movement_info/test_results/movement_info/movement_info_movement_gmock.gtest.xml
[0.319s] 2: [==========] Running 3 tests from 2 test suites.
[0.319s] 2: [----------] Global test environment set-up.
[0.319s] 2: [----------] 2 tests from MovementTest
[0.320s] 2: [ RUN      ] MovementTest.HeadingDeterminationTest
[0.331s] 2: [INFO] [1735834225.396633267] [movement]: Direction treshold: '0.100000'
[0.331s] 2: [INFO] [1735834225.396731048] [movement]: Heading treshold: '0.100000'
[0.332s] 2: [INFO] [1735834225.396744947] [movement]: Movement topic: '/movement_info'
[0.332s] 2: [INFO] [1735834225.396756331] [movement]: Odometry topic: '/diff_drive/odom'
[0.332s] 2: [INFO] [1735834225.396767786] [movement]: Velocity topic: '/diff_drive/cmd_vel'
[0.335s] 2: [       OK ] MovementTest.HeadingDeterminationTest (16 ms)
[0.335s] 2: [ RUN      ] MovementTest.MovementInfoPublishingTest
[0.339s] 2: /home/kargla/robot_movement/src/movement_info/test/movement_test.cpp:65: Failure
[0.339s] 2: Expected equality of these values:
[0.339s] 2:   message.heading
[0.339s] 2:     Which is: "straight"
[0.339s] 2:   movement_info_msgs::msg::MovementInfo::FORWARD
[0.339s] 2:     Which is: "forward"
[0.341s] 2: [  FAILED  ] MovementTest.MovementInfoPublishingTest (6 ms)
[0.341s] 2: [----------] 2 tests from MovementTest (22 ms total)
[0.341s] 2: 
[0.341s] 2: [----------] 1 test from MovementTEST
[0.341s] 2: [ RUN      ] MovementTEST.DirectionDeterminationTest
[0.345s] 2: [INFO] [1735834225.410938141] [movement]: Direction treshold: '0.100000'
[0.345s] 2: [INFO] [1735834225.410985983] [movement]: Heading treshold: '0.100000'
[0.345s] 2: [INFO] [1735834225.411000651] [movement]: Movement topic: '/movement_info'
[0.345s] 2: [INFO] [1735834225.411014619] [movement]: Odometry topic: '/diff_drive/odom'
[0.345s] 2: [INFO] [1735834225.411028797] [movement]: Velocity topic: '/diff_drive/cmd_vel'
[0.352s] 2: [       OK ] MovementTEST.DirectionDeterminationTest (11 ms)
[0.353s] 2: [----------] 1 test from MovementTEST (11 ms total)
[0.353s] 2: 
[0.353s] 2: [----------] Global test environment tear-down
[0.353s] 2: [==========] 3 tests from 2 test suites ran. (33 ms total)
[0.353s] 2: [  PASSED  ] 2 tests.
[0.353s] 2: [  FAILED  ] 1 test, listed below:
[0.353s] 2: [  FAILED  ] MovementTest.MovementInfoPublishingTest
[0.353s] 2: 
[0.353s] 2:  1 FAILED TEST
[0.457s] 2: -- run_test.py: return code 1
[0.457s] 2: -- run_test.py: inject classname prefix into gtest result file '/home/kargla/robot_movement/build/movement_info/test_results/movement_info/movement_info_movement_gmock.gtest.xml'
[0.457s] 2: -- run_test.py: verify result file '/home/kargla/robot_movement/build/movement_info/test_results/movement_info/movement_info_movement_gmock.gtest.xml'
[0.467s] 2/2 Test #2: movement_info_movement_gmock .....***Failed    0.21 sec
[0.468s] 
[0.468s] 0% tests passed[0;0m, [0;31m2 tests failed[0;0m out of 2
[0.468s] 
[0.468s] Label Time Summary:
[0.468s] gmock    =   0.21 sec*proc (1 test)
[0.468s] gtest    =   0.22 sec*proc (1 test)
[0.468s] 
[0.468s] Total Test time (real) =   0.43 sec
[0.468s] 
[0.469s] The following tests FAILED:
[0.469s] 	[0;31m  1 - movement_info_movement_gtest (Failed)[0;0m
[0.469s] 	[0;31m  2 - movement_info_movement_gmock (Failed)[0;0m
[0.471s] Errors while running CTest
[0.471s] Output from these tests are in: /home/kargla/robot_movement/build/movement_info/Testing/Temporary/LastTest.log
[0.471s] Use "--rerun-failed --output-on-failure" to re-run the failed cases verbosely.
[0.473s] Invoked command in '/home/kargla/robot_movement/build/movement_info' returned '8': CMAKE_PREFIX_PATH=/home/kargla/robot_movement/install/movement_info:/home/kargla/robot_movement/install/movement_info_msgs /usr/bin/ctest -C Release -D ExperimentalTest --no-compress-output -V --force-new-ctest-process
