[0.032s] Invoking command in '/home/kargla/robot_movement/build/movement_info': CMAKE_PREFIX_PATH=/home/kargla/robot_movement/install/movement_info:/home/kargla/robot_movement/install/movement_info_msgs /usr/bin/ctest -C Release -D ExperimentalTest --no-compress-output -V --force-new-ctest-process
[0.043s] UpdateCTestConfiguration  from :/home/kargla/robot_movement/build/movement_info/CTestConfiguration.ini
[0.043s] Parse Config file:/home/kargla/robot_movement/build/movement_info/CTestConfiguration.ini
[0.043s]    Site: kargla-ideapad
[0.043s]    Build name: (empty)
[0.043s]  Add coverage exclude regular expressions.
[0.044s] Create new tag: 20241228-1230 - Experimental
[0.044s] UpdateCTestConfiguration  from :/home/kargla/robot_movement/build/movement_info/CTestConfiguration.ini
[0.044s] Parse Config file:/home/kargla/robot_movement/build/movement_info/CTestConfiguration.ini
[0.044s] Test project /home/kargla/robot_movement/build/movement_info
[0.044s] Constructing a list of tests
[0.044s] Done constructing a list of tests
[0.044s] Updating test list for fixtures
[0.044s] Added 0 tests to meet fixture requirements
[0.044s] Checking test dependency graph...
[0.044s] Checking test dependency graph end
[0.044s] test 1
[0.044s]     Start 1: movement_info_movement_gtest
[0.044s] 
[0.045s] 1: Test command: /usr/bin/python3 "-u" "/opt/ros/humble/share/ament_cmake_test/cmake/run_test.py" "/home/kargla/robot_movement/build/movement_info/test_results/movement_info/movement_info_movement_gtest.gtest.xml" "--package-name" "movement_info" "--output-file" "/home/kargla/robot_movement/build/movement_info/ament_cmake_gtest/movement_info_movement_gtest.txt" "--command" "/home/kargla/robot_movement/build/movement_info/movement_info_movement_gtest" "--gtest_output=xml:/home/kargla/robot_movement/build/movement_info/test_results/movement_info/movement_info_movement_gtest.gtest.xml"
[0.045s] 1: Test timeout computed to be: 60
[0.110s] 1: -- run_test.py: invoking following command in '/home/kargla/robot_movement/build/movement_info':
[0.111s] 1:  - /home/kargla/robot_movement/build/movement_info/movement_info_movement_gtest --gtest_output=xml:/home/kargla/robot_movement/build/movement_info/test_results/movement_info/movement_info_movement_gtest.gtest.xml
[0.114s] 1: [==========] Running 1 test from 1 test suite.
[0.114s] 1: [----------] Global test environment set-up.
[0.114s] 1: [----------] 1 test from MovementTest
[0.114s] 1: [ RUN      ] MovementTest.HeadingDeterminationTest1
[0.114s] 1: /home/kargla/robot_movement/src/movement_info/test/movement_test.cpp:18: Failure
[0.115s] 1: Expected equality of these values:
[0.115s] 1:   1
[0.115s] 1:   0
[0.115s] 1: [  FAILED  ] MovementTest.HeadingDeterminationTest1 (0 ms)
[0.115s] 1: [----------] 1 test from MovementTest (0 ms total)
[0.115s] 1: 
[0.115s] 1: [----------] Global test environment tear-down
[0.115s] 1: [==========] 1 test from 1 test suite ran. (1 ms total)
[0.115s] 1: [  PASSED  ] 0 tests.
[0.115s] 1: [  FAILED  ] 1 test, listed below:
[0.115s] 1: [  FAILED  ] MovementTest.HeadingDeterminationTest1
[0.115s] 1: 
[0.115s] 1:  1 FAILED TEST
[0.115s] 1: -- run_test.py: return code 1
[0.116s] 1: -- run_test.py: inject classname prefix into gtest result file '/home/kargla/robot_movement/build/movement_info/test_results/movement_info/movement_info_movement_gtest.gtest.xml'
[0.116s] 1: -- run_test.py: verify result file '/home/kargla/robot_movement/build/movement_info/test_results/movement_info/movement_info_movement_gtest.gtest.xml'
[0.132s] 1/2 Test #1: movement_info_movement_gtest .....***Failed    0.09 sec
[0.132s] test 2
[0.133s]     Start 2: movement_info_movement_gmock
[0.133s] 
[0.133s] 2: Test command: /usr/bin/python3 "-u" "/opt/ros/humble/share/ament_cmake_test/cmake/run_test.py" "/home/kargla/robot_movement/build/movement_info/test_results/movement_info/movement_info_movement_gmock.gtest.xml" "--package-name" "movement_info" "--output-file" "/home/kargla/robot_movement/build/movement_info/ament_cmake_gmock/movement_info_movement_gmock.txt" "--command" "/home/kargla/robot_movement/build/movement_info/movement_info_movement_gmock" "--gtest_output=xml:/home/kargla/robot_movement/build/movement_info/test_results/movement_info/movement_info_movement_gmock.gtest.xml"
[0.133s] 2: Test timeout computed to be: 60
[0.197s] 2: -- run_test.py: invoking following command in '/home/kargla/robot_movement/build/movement_info':
[0.197s] 2:  - /home/kargla/robot_movement/build/movement_info/movement_info_movement_gmock --gtest_output=xml:/home/kargla/robot_movement/build/movement_info/test_results/movement_info/movement_info_movement_gmock.gtest.xml
[0.200s] 2: [==========] Running 1 test from 1 test suite.
[0.200s] 2: [----------] Global test environment set-up.
[0.200s] 2: [----------] 1 test from MovementTest
[0.200s] 2: [ RUN      ] MovementTest.HeadingDeterminationTest1
[0.200s] 2: /home/kargla/robot_movement/src/movement_info/test/movement_test.cpp:18: Failure
[0.200s] 2: Expected equality of these values:
[0.200s] 2:   1
[0.200s] 2:   0
[0.201s] 2: [  FAILED  ] MovementTest.HeadingDeterminationTest1 (0 ms)
[0.201s] 2: [----------] 1 test from MovementTest (1 ms total)
[0.201s] 2: 
[0.201s] 2: [----------] Global test environment tear-down
[0.201s] 2: [==========] 1 test from 1 test suite ran. (1 ms total)
[0.201s] 2: [  PASSED  ] 0 tests.
[0.201s] 2: [  FAILED  ] 1 test, listed below:
[0.201s] 2: [  FAILED  ] MovementTest.HeadingDeterminationTest1
[0.201s] 2: 
[0.201s] 2:  1 FAILED TEST
[0.201s] 2: -- run_test.py: return code 1
[0.201s] 2: -- run_test.py: inject classname prefix into gtest result file '/home/kargla/robot_movement/build/movement_info/test_results/movement_info/movement_info_movement_gmock.gtest.xml'
[0.202s] 2: -- run_test.py: verify result file '/home/kargla/robot_movement/build/movement_info/test_results/movement_info/movement_info_movement_gmock.gtest.xml'
[0.222s] 2/2 Test #2: movement_info_movement_gmock .....***Failed    0.09 sec
[0.222s] 
[0.222s] 0% tests passed[0;0m, [0;31m2 tests failed[0;0m out of 2
[0.222s] 
[0.222s] Label Time Summary:
[0.223s] gmock    =   0.09 sec*proc (1 test)
[0.223s] gtest    =   0.09 sec*proc (1 test)
[0.223s] 
[0.223s] Total Test time (real) =   0.18 sec
[0.223s] 
[0.223s] The following tests FAILED:
[0.223s] 	[0;31m  1 - movement_info_movement_gtest (Failed)[0;0m
[0.223s] 	[0;31m  2 - movement_info_movement_gmock (Failed)[0;0m
[0.224s] Errors while running CTest
[0.224s] Output from these tests are in: /home/kargla/robot_movement/build/movement_info/Testing/Temporary/LastTest.log
[0.224s] Use "--rerun-failed --output-on-failure" to re-run the failed cases verbosely.
[0.227s] Invoked command in '/home/kargla/robot_movement/build/movement_info' returned '8': CMAKE_PREFIX_PATH=/home/kargla/robot_movement/install/movement_info:/home/kargla/robot_movement/install/movement_info_msgs /usr/bin/ctest -C Release -D ExperimentalTest --no-compress-output -V --force-new-ctest-process
