[01m[K/home/kargla/robot_movement/src/movement_info/src/movement.cpp:19:26:[m[K [01;31m[Kerror: [m[Kâ€˜[01m[Kibp3[m[Kâ€™ was not declared in this scope
   19 |     rclcpp::Subscription<[01;31m[Kibp3[m[K::diff_drive::odom>::SharedPtr odom_subscriber;
      |                          [01;31m[K^~~~[m[K
[01m[K/home/kargla/robot_movement/src/movement_info/src/movement.cpp:19:48:[m[K [01;31m[Kerror: [m[Ktemplate argument 1 is invalid
   19 |     rclcpp::Subscription<ibp3::diff_drive::odom[01;31m[K>[m[K::SharedPtr odom_subscriber;
      |                                                [01;31m[K^[m[K
[01m[K/home/kargla/robot_movement/src/movement_info/src/movement.cpp:19:48:[m[K [01;31m[Kerror: [m[Ktemplate argument 3 is invalid
[01m[K/home/kargla/robot_movement/src/movement_info/src/movement.cpp:19:48:[m[K [01;31m[Kerror: [m[Ktemplate argument 4 is invalid
[01m[K/home/kargla/robot_movement/src/movement_info/src/movement.cpp:19:48:[m[K [01;31m[Kerror: [m[Ktemplate argument 5 is invalid
[01m[K/home/kargla/robot_movement/src/movement_info/src/movement.cpp:19:51:[m[K [01;31m[Kerror: [m[Kexpected â€˜[01m[K;[m[Kâ€™ at end of member declaration
   19 |     rclcpp::Subscription<ibp3::diff_drive::odom>::[01;31m[KSharedPtr[m[K odom_subscriber;
      |                                                   [01;31m[K^~~~~~~~~[m[K
      |                                                            [32m[K;[m[K
[01m[K/home/kargla/robot_movement/src/movement_info/src/movement.cpp:19:61:[m[K [01;31m[Kerror: [m[Kâ€˜[01m[Kodom_subscriber[m[Kâ€™ does not name a type
   19 |     rclcpp::Subscription<ibp3::diff_drive::odom>::SharedPtr [01;31m[Kodom_subscriber[m[K;
      |                                                             [01;31m[K^~~~~~~~~~~~~~~[m[K
[01m[K/home/kargla/robot_movement/src/movement_info/src/movement.cpp:20:26:[m[K [01;31m[Kerror: [m[Kâ€˜[01m[Kibp3[m[Kâ€™ was not declared in this scope
   20 |     rclcpp::Subscription<[01;31m[Kibp3[m[K::diff_drive::cmd_vel>::SharedPtr vel_subscriber;
      |                          [01;31m[K^~~~[m[K
[01m[K/home/kargla/robot_movement/src/movement_info/src/movement.cpp:20:51:[m[K [01;31m[Kerror: [m[Ktemplate argument 1 is invalid
   20 |     rclcpp::Subscription<ibp3::diff_drive::cmd_vel[01;31m[K>[m[K::SharedPtr vel_subscriber;
      |                                                   [01;31m[K^[m[K
[01m[K/home/kargla/robot_movement/src/movement_info/src/movement.cpp:20:51:[m[K [01;31m[Kerror: [m[Ktemplate argument 3 is invalid
[01m[K/home/kargla/robot_movement/src/movement_info/src/movement.cpp:20:51:[m[K [01;31m[Kerror: [m[Ktemplate argument 4 is invalid
[01m[K/home/kargla/robot_movement/src/movement_info/src/movement.cpp:20:51:[m[K [01;31m[Kerror: [m[Ktemplate argument 5 is invalid
[01m[K/home/kargla/robot_movement/src/movement_info/src/movement.cpp:20:54:[m[K [01;31m[Kerror: [m[Kexpected â€˜[01m[K;[m[Kâ€™ at end of member declaration
   20 |     rclcpp::Subscription<ibp3::diff_drive::cmd_vel>::[01;31m[KSharedPtr[m[K vel_subscriber;
      |                                                      [01;31m[K^~~~~~~~~[m[K
      |                                                               [32m[K;[m[K
[01m[K/home/kargla/robot_movement/src/movement_info/src/movement.cpp:20:54:[m[K [01;31m[Kerror: [m[Kredeclaration of â€˜[01m[Kint Movement::SharedPtr[m[Kâ€™
[01m[K/home/kargla/robot_movement/src/movement_info/src/movement.cpp:19:51:[m[K [01;36m[Knote: [m[Kprevious declaration â€˜[01m[Kint Movement::SharedPtr[m[Kâ€™
   19 |     rclcpp::Subscription<ibp3::diff_drive::odom>::[01;36m[KSharedPtr[m[K odom_subscriber;
      |                                                   [01;36m[K^~~~~~~~~[m[K
[01m[K/home/kargla/robot_movement/src/movement_info/src/movement.cpp:20:64:[m[K [01;31m[Kerror: [m[Kâ€˜[01m[Kvel_subscriber[m[Kâ€™ does not name a type
   20 |     rclcpp::Subscription<ibp3::diff_drive::cmd_vel>::SharedPtr [01;31m[Kvel_subscriber[m[K;
      |                                                                [01;31m[K^~~~~~~~~~~~~~[m[K
[01m[K/home/kargla/robot_movement/src/movement_info/src/movement.cpp:31:5:[m[K [01;31m[Kerror: [m[Kâ€˜[01m[KString[m[Kâ€™ does not name a type
   31 |     [01;31m[KString[m[K getMovement()
      |     [01;31m[K^~~~~~[m[K
[01m[K/home/kargla/robot_movement/src/movement_info/src/movement.cpp:[m[K In constructor â€˜[01m[KMovement::Movement()[m[Kâ€™:
[01m[K/home/kargla/robot_movement/src/movement_info/src/movement.cpp:10:9:[m[K [01;31m[Kerror: [m[Kâ€˜[01m[Kodom_subscriber[m[Kâ€™ was not declared in this scope; did you mean â€˜[01m[Kcount_subscribers[m[Kâ€™?
   10 |         [01;31m[Kodom_subscriber[m[K = this->create_subscription<ibp3::diff_drive::odom>("/ibp3/diff_drive/odom", 10, std::bind(&Movement::movement_callback, this, std::placeholders::_1));
      |         [01;31m[K^~~~~~~~~~~~~~~[m[K
      |         [32m[Kcount_subscribers[m[K
[01m[K/home/kargla/robot_movement/src/movement_info/src/movement.cpp:10:53:[m[K [01;31m[Kerror: [m[Kâ€˜[01m[Kibp3[m[Kâ€™ was not declared in this scope
   10 |         odom_subscriber = this->create_subscription<[01;31m[Kibp3[m[K::diff_drive::odom>("/ibp3/diff_drive/odom", 10, std::bind(&Movement::movement_callback, this, std::placeholders::_1));
      |                                                     [01;31m[K^~~~[m[K
[01m[K/home/kargla/robot_movement/src/movement_info/src/movement.cpp:10:33:[m[K [01;31m[Kerror: [m[Kparse error in template argument list
   10 |         odom_subscriber = this->[01;31m[Kcreate_subscription<ibp3::diff_drive::odom>[m[K("/ibp3/diff_drive/odom", 10, std::bind(&Movement::movement_callback, this, std::placeholders::_1));
      |                                 [01;31m[K^~~~~~~~~~~~~~~~~~~~~~~~~~~~~~~~~~~~~~~~~~~[m[K
[01m[K/home/kargla/robot_movement/src/movement_info/src/movement.cpp:10:127:[m[K [01;31m[Kerror: [m[Kâ€˜[01m[Kmovement_callback[m[Kâ€™ is not a member of â€˜[01m[KMovement[m[Kâ€™
   10 | bscription<ibp3::diff_drive::odom>("/ibp3/diff_drive/odom", 10, std::bind(&Movement::[01;31m[Kmovement_callback[m[K, this, std::placeholders::_1));
      |                                                                                      [01;31m[K^~~~~~~~~~~~~~~~~[m[K

[01m[K/home/kargla/robot_movement/src/movement_info/src/movement.cpp:11:9:[m[K [01;31m[Kerror: [m[Kâ€˜[01m[Kvel_subscriber[m[Kâ€™ was not declared in this scope; did you mean â€˜[01m[Kcount_subscribers[m[Kâ€™?
   11 |         [01;31m[Kvel_subscriber[m[K = this->create_subscription<ibp3::diff_drive::cmd_vel>("/ibp3/diff_drive/cmd_vel", 10, std::bind(&Movement::movement_callback, this, std::placeholders::_1));
      |         [01;31m[K^~~~~~~~~~~~~~[m[K
      |         [32m[Kcount_subscribers[m[K
[01m[K/home/kargla/robot_movement/src/movement_info/src/movement.cpp:11:32:[m[K [01;31m[Kerror: [m[Kparse error in template argument list
   11 |         vel_subscriber = this->[01;31m[Kcreate_subscription<ibp3::diff_drive::cmd_vel>[m[K("/ibp3/diff_drive/cmd_vel", 10, std::bind(&Movement::movement_callback, this, std::placeholders::_1));
      |                                [01;31m[K^~~~~~~~~~~~~~~~~~~~~~~~~~~~~~~~~~~~~~~~~~~~~~[m[K
[01m[K/home/kargla/robot_movement/src/movement_info/src/movement.cpp:11:132:[m[K [01;31m[Kerror: [m[Kâ€˜[01m[Kmovement_callback[m[Kâ€™ is not a member of â€˜[01m[KMovement[m[Kâ€™
   11 | tion<ibp3::diff_drive::cmd_vel>("/ibp3/diff_drive/cmd_vel", 10, std::bind(&Movement::[01;31m[Kmovement_callback[m[K, this, std::placeholders::_1));
      |                                                                                      [01;31m[K^~~~~~~~~~~~~~~~~[m[K

gmake[2]: *** [CMakeFiles/movement.dir/build.make:76: CMakeFiles/movement.dir/src/movement.cpp.o] Error 1
gmake[1]: *** [CMakeFiles/Makefile2:137: CMakeFiles/movement.dir/all] Error 2
gmake: *** [Makefile:146: all] Error 2
