/usr/bin/ld: CMakeFiles/movement_info_movement_gtest.dir/test/movement_test.cpp.o: warning: relocation against `_ZTV17MovementInterface' in read-only section `.text._ZN17MovementInterfaceD2Ev[_ZN17MovementInterfaceD5Ev]'
/usr/bin/ld: CMakeFiles/movement_info_movement_gmock.dir/test/movement_test.cpp.o: warning: relocation against `_ZTV17MovementInterface' in read-only section `.text._ZN17MovementInterfaceD2Ev[_ZN17MovementInterfaceD5Ev]'
/usr/bin/ld: CMakeFiles/movement_info_movement_gtest.dir/test/movement_test.cpp.o: in function `MovementInterface::~MovementInterface()':
movement_test.cpp:(.text._ZN17MovementInterfaceD2Ev[_ZN17MovementInterfaceD5Ev]+0x13): undefined reference to `vtable for MovementInterface'
/usr/bin/ld: libmovement_info_library.a(movement.cpp.o): in function `Movement::Movement()':
movement.cpp:(.text+0xd6): undefined reference to `MovementInterface::MovementInterface(std::__cxx11::basic_string<char, std::char_traits<char>, std::allocator<char> > const&)'
/usr/bin/ld: CMakeFiles/movement_info_movement_gmock.dir/test/movement_test.cpp.o: in function `MovementInterface::~MovementInterface()':
movement_test.cpp:(.text._ZN17MovementInterfaceD2Ev[_ZN17MovementInterfaceD5Ev]+0x13): undefined reference to `vtable for MovementInterface'
/usr/bin/ld: /usr/bin/ld: libmovement_info_library.a(movement.cpp.o):(.data.rel.ro._ZTI8Movement[_ZTI8Movement]+0x10): undefined reference to `typeinfo for MovementInterface'
libmovement_info_library.a(movement.cpp.o): in function `Movement::Movement()':
movement.cpp:(.text+0xd6): undefined reference to `MovementInterface::MovementInterface(std::__cxx11::basic_string<char, std::char_traits<char>, std::allocator<char> > const&)'
/usr/bin/ld: libmovement_info_library.a(movement.cpp.o):(.data.rel.ro._ZTI8Movement[_ZTI8Movement]+0x10): undefined reference to `typeinfo for MovementInterface'
/usr/bin/ld: warning: creating DT_TEXTREL in a PIE
collect2: error: ld returned 1 exit status
gmake[2]: *** [CMakeFiles/movement_info_movement_gtest.dir/build.make:188: movement_info_movement_gtest] Error 1
gmake[1]: *** [CMakeFiles/Makefile2:235: CMakeFiles/movement_info_movement_gtest.dir/all] Error 2
gmake[1]: *** Waiting for unfinished jobs....
/usr/bin/ld: warning: creating DT_TEXTREL in a PIE
collect2: error: ld returned 1 exit status
gmake[2]: *** [CMakeFiles/movement_info_movement_gmock.dir/build.make:188: movement_info_movement_gmock] Error 1
gmake[1]: *** [CMakeFiles/Makefile2:264: CMakeFiles/movement_info_movement_gmock.dir/all] Error 2
gmake: *** [Makefile:146: all] Error 2
