[0.035s] Invoking command in '/home/kargla/robot_movement/build/movement_info': CMAKE_PREFIX_PATH=/home/kargla/robot_movement/install/movement_info:/home/kargla/robot_movement/install/movement_info_msgs /usr/bin/ctest -C Release -D ExperimentalTest --no-compress-output -V --force-new-ctest-process
[0.043s] UpdateCTestConfiguration  from :/home/kargla/robot_movement/build/movement_info/CTestConfiguration.ini
[0.043s] Parse Config file:/home/kargla/robot_movement/build/movement_info/CTestConfiguration.ini
[0.043s]    Site: kargla-ideapad
[0.043s]    Build name: (empty)
[0.043s]  Add coverage exclude regular expressions.
[0.044s] Create new tag: 20250101-1351 - Experimental
[0.044s] UpdateCTestConfiguration  from :/home/kargla/robot_movement/build/movement_info/CTestConfiguration.ini
[0.044s] Parse Config file:/home/kargla/robot_movement/build/movement_info/CTestConfiguration.ini
[0.044s] Test project /home/kargla/robot_movement/build/movement_info
[0.044s] Constructing a list of tests
[0.044s] Done constructing a list of tests
[0.044s] Updating test list for fixtures
[0.044s] Added 0 tests to meet fixture requirements
[0.044s] Checking test dependency graph...
[0.044s] Checking test dependency graph end
[0.044s] test 1
[0.045s]     Start 1: movement_info_movement_gtest
[0.045s] 
[0.045s] 1: Test command: /usr/bin/python3 "-u" "/opt/ros/humble/share/ament_cmake_test/cmake/run_test.py" "/home/kargla/robot_movement/build/movement_info/test_results/movement_info/movement_info_movement_gtest.gtest.xml" "--package-name" "movement_info" "--output-file" "/home/kargla/robot_movement/build/movement_info/ament_cmake_gtest/movement_info_movement_gtest.txt" "--command" "/home/kargla/robot_movement/build/movement_info/movement_info_movement_gtest" "--gtest_output=xml:/home/kargla/robot_movement/build/movement_info/test_results/movement_info/movement_info_movement_gtest.gtest.xml"
[0.045s] 1: Test timeout computed to be: 60
[0.121s] 1: -- run_test.py: invoking following command in '/home/kargla/robot_movement/build/movement_info':
[0.122s] 1:  - /home/kargla/robot_movement/build/movement_info/movement_info_movement_gtest --gtest_output=xml:/home/kargla/robot_movement/build/movement_info/test_results/movement_info/movement_info_movement_gtest.gtest.xml
[0.138s] 1: [==========] Running 2 tests from 2 test suites.
[0.138s] 1: [----------] Global test environment set-up.
[0.138s] 1: [----------] 1 test from MovementTest
[0.138s] 1: [ RUN      ] MovementTest.HeadingDeterminationTest
[0.157s] 1: [INFO] [1735739500.333253195] [movement]: Direction treshold: '0.100000'
[0.158s] 1: [INFO] [1735739500.333486815] [movement]: Heading treshold: '0.100000'
[0.158s] 1: [INFO] [1735739500.333503228] [movement]: Movement topic: '/movement_info'
[0.158s] 1: [INFO] [1735739500.333516149] [movement]: Odometry topic: '/diff_drive/odom'
[0.158s] 1: [INFO] [1735739500.333529070] [movement]: Velocity topic: '/diff_drive/cmd_vel'
[0.169s] 1: [       OK ] MovementTest.HeadingDeterminationTest (27 ms)
[0.169s] 1: [----------] 1 test from MovementTest (27 ms total)
[0.169s] 1: 
[0.169s] 1: [----------] 1 test from MovementTEST
[0.169s] 1: [ RUN      ] MovementTEST.DirectionDeterminationTest
[0.174s] 1: [INFO] [1735739500.350205628] [movement]: Direction treshold: '0.100000'
[0.175s] 1: [INFO] [1735739500.350324847] [movement]: Heading treshold: '0.100000'
[0.175s] 1: [INFO] [1735739500.350343914] [movement]: Movement topic: '/movement_info'
[0.175s] 1: [INFO] [1735739500.350358231] [movement]: Odometry topic: '/diff_drive/odom'
[0.175s] 1: [INFO] [1735739500.350376600] [movement]: Velocity topic: '/diff_drive/cmd_vel'
[0.176s] 1: /home/kargla/robot_movement/src/movement_info/test/movement_test.cpp:43: Failure
[0.176s] 1: Expected equality of these values:
[0.176s] 1:   movement.getMessage().movement
[0.176s] 1:     Which is: "standstill"
[0.176s] 1:   movement_info_msgs::msg::MovementInfo::FORWARD
[0.176s] 1:     Which is: "forward"
[0.187s] 1: [  FAILED  ] MovementTEST.DirectionDeterminationTest (20 ms)
[0.188s] 1: [----------] 1 test from MovementTEST (20 ms total)
[0.188s] 1: 
[0.188s] 1: [----------] Global test environment tear-down
[0.188s] 1: [==========] 2 tests from 2 test suites ran. (48 ms total)
[0.188s] 1: [  PASSED  ] 1 test.
[0.188s] 1: [  FAILED  ] 1 test, listed below:
[0.188s] 1: [  FAILED  ] MovementTEST.DirectionDeterminationTest
[0.188s] 1: 
[0.188s] 1:  1 FAILED TEST
[0.293s] 1: -- run_test.py: return code 1
[0.294s] 1: -- run_test.py: inject classname prefix into gtest result file '/home/kargla/robot_movement/build/movement_info/test_results/movement_info/movement_info_movement_gtest.gtest.xml'
[0.294s] 1: -- run_test.py: verify result file '/home/kargla/robot_movement/build/movement_info/test_results/movement_info/movement_info_movement_gtest.gtest.xml'
[0.316s] 1/2 Test #1: movement_info_movement_gtest .....***Failed    0.27 sec
[0.316s] test 2
[0.316s]     Start 2: movement_info_movement_gmock
[0.316s] 
[0.316s] 2: Test command: /usr/bin/python3 "-u" "/opt/ros/humble/share/ament_cmake_test/cmake/run_test.py" "/home/kargla/robot_movement/build/movement_info/test_results/movement_info/movement_info_movement_gmock.gtest.xml" "--package-name" "movement_info" "--output-file" "/home/kargla/robot_movement/build/movement_info/ament_cmake_gmock/movement_info_movement_gmock.txt" "--command" "/home/kargla/robot_movement/build/movement_info/movement_info_movement_gmock" "--gtest_output=xml:/home/kargla/robot_movement/build/movement_info/test_results/movement_info/movement_info_movement_gmock.gtest.xml"
[0.316s] 2: Test timeout computed to be: 60
[0.402s] 2: -- run_test.py: invoking following command in '/home/kargla/robot_movement/build/movement_info':
[0.402s] 2:  - /home/kargla/robot_movement/build/movement_info/movement_info_movement_gmock --gtest_output=xml:/home/kargla/robot_movement/build/movement_info/test_results/movement_info/movement_info_movement_gmock.gtest.xml
[0.417s] 2: [==========] Running 2 tests from 2 test suites.
[0.417s] 2: [----------] Global test environment set-up.
[0.417s] 2: [----------] 1 test from MovementTest
[0.417s] 2: [ RUN      ] MovementTest.HeadingDeterminationTest
[0.432s] 2: [INFO] [1735739500.608036499] [movement]: Direction treshold: '0.100000'
[0.432s] 2: [INFO] [1735739500.608366361] [movement]: Heading treshold: '0.100000'
[0.432s] 2: [INFO] [1735739500.608388710] [movement]: Movement topic: '/movement_info'
[0.433s] 2: [INFO] [1735739500.608404564] [movement]: Odometry topic: '/diff_drive/odom'
[0.433s] 2: [INFO] [1735739500.608418812] [movement]: Velocity topic: '/diff_drive/cmd_vel'
[0.443s] 2: [       OK ] MovementTest.HeadingDeterminationTest (26 ms)
[0.443s] 2: [----------] 1 test from MovementTest (26 ms total)
[0.443s] 2: 
[0.443s] 2: [----------] 1 test from MovementTEST
[0.443s] 2: [ RUN      ] MovementTEST.DirectionDeterminationTest
[0.451s] 2: [INFO] [1735739500.626752151] [movement]: Direction treshold: '0.100000'
[0.451s] 2: [INFO] [1735739500.626817663] [movement]: Heading treshold: '0.100000'
[0.451s] 2: [INFO] [1735739500.626833028] [movement]: Movement topic: '/movement_info'
[0.451s] 2: [INFO] [1735739500.626847765] [movement]: Odometry topic: '/diff_drive/odom'
[0.451s] 2: [INFO] [1735739500.626861104] [movement]: Velocity topic: '/diff_drive/cmd_vel'
[0.451s] 2: /home/kargla/robot_movement/src/movement_info/test/movement_test.cpp:43: Failure
[0.451s] 2: Expected equality of these values:
[0.451s] 2:   movement.getMessage().movement
[0.451s] 2:     Which is: "standstill"
[0.451s] 2:   movement_info_msgs::msg::MovementInfo::FORWARD
[0.451s] 2:     Which is: "forward"
[0.454s] 2: [  FAILED  ] MovementTEST.DirectionDeterminationTest (11 ms)
[0.454s] 2: [----------] 1 test from MovementTEST (12 ms total)
[0.454s] 2: 
[0.454s] 2: [----------] Global test environment tear-down
[0.454s] 2: [==========] 2 tests from 2 test suites ran. (38 ms total)
[0.455s] 2: [  PASSED  ] 1 test.
[0.455s] 2: [  FAILED  ] 1 test, listed below:
[0.455s] 2: [  FAILED  ] MovementTEST.DirectionDeterminationTest
[0.455s] 2: 
[0.455s] 2:  1 FAILED TEST
[0.566s] 2: -- run_test.py: return code 1
[0.566s] 2: -- run_test.py: inject classname prefix into gtest result file '/home/kargla/robot_movement/build/movement_info/test_results/movement_info/movement_info_movement_gmock.gtest.xml'
[0.566s] 2: -- run_test.py: verify result file '/home/kargla/robot_movement/build/movement_info/test_results/movement_info/movement_info_movement_gmock.gtest.xml'
[0.599s] 2/2 Test #2: movement_info_movement_gmock .....***Failed    0.28 sec
[0.599s] 
[0.599s] 0% tests passed[0;0m, [0;31m2 tests failed[0;0m out of 2
[0.599s] 
[0.600s] Label Time Summary:
[0.600s] gmock    =   0.28 sec*proc (1 test)
[0.600s] gtest    =   0.27 sec*proc (1 test)
[0.600s] 
[0.600s] Total Test time (real) =   0.55 sec
[0.600s] 
[0.600s] The following tests FAILED:
[0.600s] 	[0;31m  1 - movement_info_movement_gtest (Failed)[0;0m
[0.600s] 	[0;31m  2 - movement_info_movement_gmock (Failed)[0;0m
[0.603s] Errors while running CTest
[0.604s] Output from these tests are in: /home/kargla/robot_movement/build/movement_info/Testing/Temporary/LastTest.log
[0.604s] Use "--rerun-failed --output-on-failure" to re-run the failed cases verbosely.
[0.608s] Invoked command in '/home/kargla/robot_movement/build/movement_info' returned '8': CMAKE_PREFIX_PATH=/home/kargla/robot_movement/install/movement_info:/home/kargla/robot_movement/install/movement_info_msgs /usr/bin/ctest -C Release -D ExperimentalTest --no-compress-output -V --force-new-ctest-process
