[0.015s] Invoking command in '/home/kargla/robot_movement/build/movement_info': CMAKE_PREFIX_PATH=${CMAKE_PREFIX_PATH}:/opt/ros/humble /usr/bin/cmake --build /home/kargla/robot_movement/build/movement_info -- -j12 -l12
[0.086s] [ 10%] Built target gtest_main
[0.087s] [ 25%] Built target movement_info_library
[0.090s] [ 35%] Built target gmock_main
[0.092s] [ 75%] Built target gmock
[0.094s] [ 80%] Built target movement
[0.094s] [ 75%] Built target gtest
[0.111s] [35m[1mConsolidate compiler generated dependencies of target movement_info_movement_gmock[0m
[0.114s] [35m[1mConsolidate compiler generated dependencies of target movement_info_movement_gtest[0m
[0.136s] [ 85%] [32mBuilding CXX object CMakeFiles/movement_info_movement_gmock.dir/test/movement_test.cpp.o[0m
[0.140s] [ 90%] [32mBuilding CXX object CMakeFiles/movement_info_movement_gtest.dir/test/movement_test.cpp.o[0m
[3.552s] In file included from [01m[K/home/kargla/robot_movement/src/movement_info/test/movement_test.cpp:5[m[K:
[3.552s] [01m[K/home/kargla/robot_movement/src/movement_info/include/movement_info/MockPublisher.hpp:[m[K In member function â€˜[01m[Kvoid MockPublisher::setMesssage(movement_info_msgs::msg::MovementInfo)[m[Kâ€™:
[3.553s] [01m[K/home/kargla/robot_movement/src/movement_info/include/movement_info/MockPublisher.hpp:16:9:[m[K [01;31m[Kerror: [m[Kâ€˜[01m[Kmovement_info_msgs::msg::MovementInfo MovementInterface::message_[m[Kâ€™ is private within this context
[3.553s]    16 |         [01;31m[Kmessage_[m[K = message;
[3.553s]       |         [01;31m[K^~~~~~~~[m[K
[3.553s] In file included from [01m[K/home/kargla/robot_movement/src/movement_info/include/movement_info/movement.hpp:9[m[K,
[3.553s]                  from [01m[K/home/kargla/robot_movement/src/movement_info/test/movement_test.cpp:3[m[K:
[3.553s] [01m[K/home/kargla/robot_movement/src/movement_info/include/movement_info/movement_interface.hpp:15:43:[m[K [01;36m[Knote: [m[Kdeclared private here
[3.553s]    15 |     movement_info_msgs::msg::MovementInfo [01;36m[Kmessage_[m[K;
[3.553s]       |                                           [01;36m[K^~~~~~~~[m[K
[3.644s] In file included from [01m[K/home/kargla/robot_movement/src/movement_info/test/movement_test.cpp:5[m[K:
[3.644s] [01m[K/home/kargla/robot_movement/src/movement_info/include/movement_info/MockPublisher.hpp:[m[K In member function â€˜[01m[Kvoid MockPublisher::setMesssage(movement_info_msgs::msg::MovementInfo)[m[Kâ€™:
[3.644s] [01m[K/home/kargla/robot_movement/src/movement_info/include/movement_info/MockPublisher.hpp:16:9:[m[K [01;31m[Kerror: [m[Kâ€˜[01m[Kmovement_info_msgs::msg::MovementInfo MovementInterface::message_[m[Kâ€™ is private within this context
[3.645s]    16 |         [01;31m[Kmessage_[m[K = message;
[3.645s]       |         [01;31m[K^~~~~~~~[m[K
[3.645s] In file included from [01m[K/home/kargla/robot_movement/src/movement_info/include/movement_info/movement.hpp:9[m[K,
[3.645s]                  from [01m[K/home/kargla/robot_movement/src/movement_info/test/movement_test.cpp:3[m[K:
[3.645s] [01m[K/home/kargla/robot_movement/src/movement_info/include/movement_info/movement_interface.hpp:15:43:[m[K [01;36m[Knote: [m[Kdeclared private here
[3.645s]    15 |     movement_info_msgs::msg::MovementInfo [01;36m[Kmessage_[m[K;
[3.645s]       |                                           [01;36m[K^~~~~~~~[m[K
[4.682s] gmake[2]: *** [CMakeFiles/movement_info_movement_gmock.dir/build.make:76: CMakeFiles/movement_info_movement_gmock.dir/test/movement_test.cpp.o] Error 1
[4.683s] gmake[1]: *** [CMakeFiles/Makefile2:264: CMakeFiles/movement_info_movement_gmock.dir/all] Error 2
[4.683s] gmake[1]: *** Waiting for unfinished jobs....
[4.773s] gmake[2]: *** [CMakeFiles/movement_info_movement_gtest.dir/build.make:76: CMakeFiles/movement_info_movement_gtest.dir/test/movement_test.cpp.o] Error 1
[4.773s] gmake[1]: *** [CMakeFiles/Makefile2:235: CMakeFiles/movement_info_movement_gtest.dir/all] Error 2
[4.774s] gmake: *** [Makefile:146: all] Error 2
[4.778s] Invoked command in '/home/kargla/robot_movement/build/movement_info' returned '2': CMAKE_PREFIX_PATH=${CMAKE_PREFIX_PATH}:/opt/ros/humble /usr/bin/cmake --build /home/kargla/robot_movement/build/movement_info -- -j12 -l12
