<?xml version="1.0" encoding="UTF-8"?>
<testsuites tests="3" failures="0" disabled="0" errors="0" time="0.035" timestamp="2025-01-02T18:11:21" name="AllTests">
  <testsuite name="MovementTest" tests="2" failures="0" disabled="0" errors="0" time="0.025" timestamp="2025-01-02T18:11:21">
    <testcase name="HeadingDeterminationTest" status="run" result="completed" time="0.017" timestamp="2025-01-02T18:11:21" classname="movement_info.MovementTest" />
    <testcase name="MovementInfoPublishingTest" status="run" result="completed" time="0.008" timestamp="2025-01-02T18:11:21" classname="movement_info.MovementTest" />
  </testsuite>
  <testsuite name="MovementTEST" tests="1" failures="0" disabled="0" errors="0" time="0.01" timestamp="2025-01-02T18:11:21">
    <testcase name="DirectionDeterminationTest" status="run" result="completed" time="0.01" timestamp="2025-01-02T18:11:21" classname="movement_info.MovementTEST" />
  </testsuite>
</testsuites>
