<?xml version="1.0" encoding="UTF-8"?>
<testsuites tests="3" failures="0" disabled="0" errors="0" time="0.036" timestamp="2025-01-02T18:59:49" name="AllTests">
  <testsuite name="MovementTest" tests="2" failures="0" disabled="0" errors="0" time="0.025" timestamp="2025-01-02T18:59:49">
    <testcase name="HeadingDeterminationTest" status="run" result="completed" time="0.016" timestamp="2025-01-02T18:59:49" classname="movement_info.MovementTest" />
    <testcase name="MovementInfoPublishingTest" status="run" result="completed" time="0.009" timestamp="2025-01-02T18:59:49" classname="movement_info.MovementTest" />
  </testsuite>
  <testsuite name="MovementTEST" tests="1" failures="0" disabled="0" errors="0" time="0.011" timestamp="2025-01-02T18:59:49">
    <testcase name="DirectionDeterminationTest" status="run" result="completed" time="0.011" timestamp="2025-01-02T18:59:49" classname="movement_info.MovementTEST" />
  </testsuite>
</testsuites>
