<?xml version="1.0" encoding="UTF-8"?>
<testsuites tests="1" failures="1" disabled="0" errors="0" time="0" timestamp="2024-12-27T16:52:18" name="AllTests">
  <testsuite name="MovementTest" tests="1" failures="1" disabled="0" errors="0" time="0" timestamp="2024-12-27T16:52:18">
    <testcase name="test1" status="run" result="completed" time="0" timestamp="2024-12-27T16:52:18" classname="movement_info.MovementTest">
      <failure message="/home/kargla/robot_movement/src/movement_info/test/movement_test.cpp:5&#x0A;Expected equality of these values:&#x0A;  1&#x0A;  0" type=""><![CDATA[/home/kargla/robot_movement/src/movement_info/test/movement_test.cpp:5
Expected equality of these values:
  1
  0]]></failure>
    </testcase>
  </testsuite>
</testsuites>
