[0.017s] Invoking command in '/home/kargla/robot_movement/build/movement_info': CMAKE_PREFIX_PATH=/opt/ros/humble /usr/bin/cmake --build /home/kargla/robot_movement/build/movement_info -- -j12 -l12
[0.082s] [35m[1mConsolidate compiler generated dependencies of target movement[0m
[0.108s] [ 10%] Built target gtest
[0.108s] [ 21%] [32mBuilding CXX object CMakeFiles/movement_info_library.dir/src/movement.cpp.o[0m
[0.108s] [ 31%] Built target gtest_main
[0.110s] [ 36%] Built target gmock_main
[0.115s] [ 52%] Built target gmock
[0.129s] [ 57%] [32mBuilding CXX object CMakeFiles/movement.dir/src/movement.cpp.o[0m
[0.129s] [ 63%] [32mBuilding CXX object CMakeFiles/movement.dir/test/movement_interface.cpp.o[0m
[0.131s] [ 68%] [32mBuilding CXX object CMakeFiles/movement.dir/src/main.cpp.o[0m
[0.139s] [01m[Kcc1plus:[m[K [01;31m[Kfatal error: [m[K/home/kargla/robot_movement/src/movement_info/test/movement_interface.cpp: No such file or directory
[0.139s] compilation terminated.
[0.143s] gmake[2]: *** [CMakeFiles/movement.dir/build.make:104: CMakeFiles/movement.dir/test/movement_interface.cpp.o] Error 1
[0.144s] gmake[2]: *** Waiting for unfinished jobs....
[3.880s] In file included from [01m[K/home/kargla/robot_movement/src/movement_info/src/movement.cpp:1[m[K:
[3.881s] [01m[K/home/kargla/robot_movement/src/movement_info/include/movement_info/movement.hpp:11:1:[m[K [01;31m[Kerror: [m[Kexpected class-name before â€˜[01m[K{[m[Kâ€™ token
[3.881s]    11 | [01;31m[K{[m[K
[3.881s]       | [01;31m[K^[m[K
[3.881s] [01m[K/home/kargla/robot_movement/src/movement_info/include/movement_info/movement.hpp:13:20:[m[K [01;31m[Kerror: [m[Kexpected â€˜[01m[K)[m[Kâ€™ before â€˜[01m[Knode[m[Kâ€™
[3.881s]    13 |     Movement[34m[K([m[KString[01;31m[K [m[K[32m[Knode[m[K);
[3.881s]       |             [34m[K~[m[K      [01;31m[K^[m[K[32m[K~~~~[m[K
[3.882s]       |                    [32m[K)[m[K
[3.942s] In file included from [01m[K/home/kargla/robot_movement/src/movement_info/src/main.cpp:1[m[K:
[3.942s] [01m[K/home/kargla/robot_movement/src/movement_info/include/movement_info/movement.hpp:11:1:[m[K [01;31m[Kerror: [m[Kexpected class-name before â€˜[01m[K{[m[Kâ€™ token
[3.942s]    11 | [01;31m[K{[m[K
[3.942s]       | [01;31m[K^[m[K
[3.943s] [01m[K/home/kargla/robot_movement/src/movement_info/include/movement_info/movement.hpp:13:20:[m[K [01;31m[Kerror: [m[Kexpected â€˜[01m[K)[m[Kâ€™ before â€˜[01m[Knode[m[Kâ€™
[3.943s]    13 |     Movement[34m[K([m[KString[01;31m[K [m[K[32m[Knode[m[K);
[3.943s]       |             [34m[K~[m[K      [01;31m[K^[m[K[32m[K~~~~[m[K
[3.943s]       |                    [32m[K)[m[K
[3.990s] [01m[K/home/kargla/robot_movement/src/movement_info/include/movement_info/movement.hpp:14:10:[m[K [01;31m[Kerror: [m[Kâ€˜[01m[Kvoid Movement::publish_movement_info()[m[Kâ€™ marked â€˜[01m[Koverride[m[Kâ€™, but does not override
[3.990s]    14 |     void [01;31m[Kpublish_movement_info[m[K() override;
[3.990s]       |          [01;31m[K^~~~~~~~~~~~~~~~~~~~~[m[K
[3.990s] [01m[K/home/kargla/robot_movement/src/movement_info/src/movement.cpp:3:19:[m[K [01;31m[Kerror: [m[Kexpected constructor, destructor, or type conversion before â€˜[01m[K([m[Kâ€™ token
[3.991s]     3 | Movement::Movement[01;31m[K([m[KString node) : MovementInterface(node)
[3.991s]       |                   [01;31m[K^[m[K
[3.992s] In file included from [01m[K/opt/ros/humble/include/rclcpp/rclcpp/client.hpp:40[m[K,
[3.992s]                  from [01m[K/opt/ros/humble/include/rclcpp/rclcpp/callback_group.hpp:24[m[K,
[3.992s]                  from [01m[K/opt/ros/humble/include/rclcpp/rclcpp/any_executable.hpp:20[m[K,
[3.992s]                  from [01m[K/opt/ros/humble/include/rclcpp/rclcpp/memory_strategy.hpp:25[m[K,
[3.993s]                  from [01m[K/opt/ros/humble/include/rclcpp/rclcpp/memory_strategies.hpp:18[m[K,
[3.993s]                  from [01m[K/opt/ros/humble/include/rclcpp/rclcpp/executor_options.hpp:20[m[K,
[3.993s]                  from [01m[K/opt/ros/humble/include/rclcpp/rclcpp/executor.hpp:37[m[K,
[3.993s]                  from [01m[K/opt/ros/humble/include/rclcpp/rclcpp/executors/multi_threaded_executor.hpp:25[m[K,
[3.993s]                  from [01m[K/opt/ros/humble/include/rclcpp/rclcpp/executors.hpp:21[m[K,
[3.993s]                  from [01m[K/opt/ros/humble/include/rclcpp/rclcpp/rclcpp.hpp:155[m[K,
[3.993s]                  from [01m[K/home/kargla/robot_movement/src/movement_info/include/movement_info/movement.hpp:4[m[K,
[3.993s]                  from [01m[K/home/kargla/robot_movement/src/movement_info/src/movement.cpp:1[m[K:
[3.993s] [01m[K/home/kargla/robot_movement/src/movement_info/src/movement.cpp:[m[K In member function â€˜[01m[Kvoid Movement::publish_movement_info()[m[Kâ€™:
[3.993s] [01m[K/home/kargla/robot_movement/src/movement_info/src/movement.cpp:54:23:[m[K [01;31m[Kerror: [m[Kâ€˜[01m[Kclass Movement[m[Kâ€™ has no member named â€˜[01m[Kget_logger[m[Kâ€™
[3.993s]    54 |     RCLCPP_INFO(this->[01;31m[Kget_logger[m[K(), "Publishing: '%s'", message_.movement.c_str());
[3.994s]       |                       [01;31m[K^~~~~~~~~~[m[K
[3.994s] [01m[K/home/kargla/robot_movement/src/movement_info/src/movement.cpp:54:23:[m[K [01;31m[Kerror: [m[Kâ€˜[01m[Kclass Movement[m[Kâ€™ has no member named â€˜[01m[Kget_logger[m[Kâ€™
[3.994s] [01m[K/home/kargla/robot_movement/src/movement_info/src/movement.cpp:54:5:[m[K [01;31m[Kerror: [m[Ktemplate argument 1 is invalid
[3.994s]    54 |     [01;31m[KRCLCPP_INFO[m[K(this->get_logger(), "Publishing: '%s'", message_.movement.c_str());
[3.994s]       |     [01;31m[K^~~~~~~~~~~[m[K
[3.994s] [01m[K/home/kargla/robot_movement/src/movement_info/src/movement.cpp:54:5:[m[K [01;31m[Kerror: [m[Ktemplate argument 1 is invalid
[3.994s]    54 |     [01;31m[KRCLCPP_INFO[m[K(this->get_logger(), "Publishing: '%s'", message_.movement.c_str());
[3.994s]       |     [01;31m[K^~~~~~~~~~~[m[K
[3.994s] [01m[K/home/kargla/robot_movement/src/movement_info/src/movement.cpp:54:5:[m[K [01;31m[Kerror: [m[Ktemplate argument 1 is invalid
[3.994s]    54 |     [01;31m[KRCLCPP_INFO[m[K(this->get_logger(), "Publishing: '%s'", message_.movement.c_str());
[3.994s]       |     [01;31m[K^~~~~~~~~~~[m[K
[3.994s] In file included from [01m[K/opt/ros/humble/include/rclcpp/rclcpp/logging.hpp:24[m[K,
[3.994s]                  from [01m[K/opt/ros/humble/include/rclcpp/rclcpp/client.hpp:40[m[K,
[3.994s]                  from [01m[K/opt/ros/humble/include/rclcpp/rclcpp/callback_group.hpp:24[m[K,
[3.994s]                  from [01m[K/opt/ros/humble/include/rclcpp/rclcpp/any_executable.hpp:20[m[K,
[3.995s]                  from [01m[K/opt/ros/humble/include/rclcpp/rclcpp/memory_strategy.hpp:25[m[K,
[3.995s]                  from [01m[K/opt/ros/humble/include/rclcpp/rclcpp/memory_strategies.hpp:18[m[K,
[3.995s]                  from [01m[K/opt/ros/humble/include/rclcpp/rclcpp/executor_options.hpp:20[m[K,
[3.995s]                  from [01m[K/opt/ros/humble/include/rclcpp/rclcpp/executor.hpp:37[m[K,
[3.995s]                  from [01m[K/opt/ros/humble/include/rclcpp/rclcpp/executors/multi_threaded_executor.hpp:25[m[K,
[3.995s]                  from [01m[K/opt/ros/humble/include/rclcpp/rclcpp/executors.hpp:21[m[K,
[3.995s]                  from [01m[K/opt/ros/humble/include/rclcpp/rclcpp/rclcpp.hpp:155[m[K,
[3.995s]                  from [01m[K/home/kargla/robot_movement/src/movement_info/include/movement_info/movement.hpp:4[m[K,
[3.995s]                  from [01m[K/home/kargla/robot_movement/src/movement_info/src/movement.cpp:1[m[K:
[3.995s] [01m[K/home/kargla/robot_movement/src/movement_info/src/movement.cpp:54:23:[m[K [01;31m[Kerror: [m[Kâ€˜[01m[Kclass Movement[m[Kâ€™ has no member named â€˜[01m[Kget_logger[m[Kâ€™
[3.995s]    54 |     RCLCPP_INFO(this->[01;31m[Kget_logger[m[K(), "Publishing: '%s'", message_.movement.c_str());
[3.995s]       |                       [01;31m[K^~~~~~~~~~[m[K
[3.995s] [01m[K/home/kargla/robot_movement/src/movement_info/src/movement.cpp:54:23:[m[K [01;31m[Kerror: [m[Kâ€˜[01m[Kclass Movement[m[Kâ€™ has no member named â€˜[01m[Kget_logger[m[Kâ€™
[3.995s]    54 |     RCLCPP_INFO(this->[01;31m[Kget_logger[m[K(), "Publishing: '%s'", message_.movement.c_str());
[3.996s]       |                       [01;31m[K^~~~~~~~~~[m[K
[3.996s] In file included from [01m[K/opt/ros/humble/include/rclcpp/rclcpp/client.hpp:40[m[K,
[3.996s]                  from [01m[K/opt/ros/humble/include/rclcpp/rclcpp/callback_group.hpp:24[m[K,
[3.996s]                  from [01m[K/opt/ros/humble/include/rclcpp/rclcpp/any_executable.hpp:20[m[K,
[3.996s]                  from [01m[K/opt/ros/humble/include/rclcpp/rclcpp/memory_strategy.hpp:25[m[K,
[3.996s]                  from [01m[K/opt/ros/humble/include/rclcpp/rclcpp/memory_strategies.hpp:18[m[K,
[3.996s]                  from [01m[K/opt/ros/humble/include/rclcpp/rclcpp/executor_options.hpp:20[m[K,
[3.996s]                  from [01m[K/opt/ros/humble/include/rclcpp/rclcpp/executor.hpp:37[m[K,
[3.996s]                  from [01m[K/opt/ros/humble/include/rclcpp/rclcpp/executors/multi_threaded_executor.hpp:25[m[K,
[3.996s]                  from [01m[K/opt/ros/humble/include/rclcpp/rclcpp/executors.hpp:21[m[K,
[3.996s]                  from [01m[K/opt/ros/humble/include/rclcpp/rclcpp/rclcpp.hpp:155[m[K,
[3.996s]                  from [01m[K/home/kargla/robot_movement/src/movement_info/include/movement_info/movement.hpp:4[m[K,
[3.996s]                  from [01m[K/home/kargla/robot_movement/src/movement_info/src/movement.cpp:1[m[K:
[3.996s] [01m[K/home/kargla/robot_movement/src/movement_info/src/movement.cpp:55:23:[m[K [01;31m[Kerror: [m[Kâ€˜[01m[Kclass Movement[m[Kâ€™ has no member named â€˜[01m[Kget_logger[m[Kâ€™
[3.997s]    55 |     RCLCPP_INFO(this->[01;31m[Kget_logger[m[K(), "Publishing: '%s'", message_.heading.c_str());
[3.997s]       |                       [01;31m[K^~~~~~~~~~[m[K
[3.997s] [01m[K/home/kargla/robot_movement/src/movement_info/src/movement.cpp:55:23:[m[K [01;31m[Kerror: [m[Kâ€˜[01m[Kclass Movement[m[Kâ€™ has no member named â€˜[01m[Kget_logger[m[Kâ€™
[3.997s] [01m[K/home/kargla/robot_movement/src/movement_info/src/movement.cpp:55:5:[m[K [01;31m[Kerror: [m[Ktemplate argument 1 is invalid
[3.997s]    55 |     [01;31m[KRCLCPP_INFO[m[K(this->get_logger(), "Publishing: '%s'", message_.heading.c_str());
[3.997s]       |     [01;31m[K^~~~~~~~~~~[m[K
[3.997s] [01m[K/home/kargla/robot_movement/src/movement_info/src/movement.cpp:55:5:[m[K [01;31m[Kerror: [m[Ktemplate argument 1 is invalid
[3.997s]    55 |     [01;31m[KRCLCPP_INFO[m[K(this->get_logger(), "Publishing: '%s'", message_.heading.c_str());
[3.997s]       |     [01;31m[K^~~~~~~~~~~[m[K
[3.997s] [01m[K/home/kargla/robot_movement/src/movement_info/src/movement.cpp:55:5:[m[K [01;31m[Kerror: [m[Ktemplate argument 1 is invalid
[3.997s]    55 |     [01;31m[KRCLCPP_INFO[m[K(this->get_logger(), "Publishing: '%s'", message_.heading.c_str());
[3.997s]       |     [01;31m[K^~~~~~~~~~~[m[K
[3.998s] In file included from [01m[K/opt/ros/humble/include/rclcpp/rclcpp/logging.hpp:24[m[K,
[3.998s]                  from [01m[K/opt/ros/humble/include/rclcpp/rclcpp/client.hpp:40[m[K,
[3.998s]                  from [01m[K/opt/ros/humble/include/rclcpp/rclcpp/callback_group.hpp:24[m[K,
[3.998s]                  from [01m[K/opt/ros/humble/include/rclcpp/rclcpp/any_executable.hpp:20[m[K,
[3.998s]                  from [01m[K/opt/ros/humble/include/rclcpp/rclcpp/memory_strategy.hpp:25[m[K,
[3.998s]                  from [01m[K/opt/ros/humble/include/rclcpp/rclcpp/memory_strategies.hpp:18[m[K,
[3.998s]                  from [01m[K/opt/ros/humble/include/rclcpp/rclcpp/executor_options.hpp:20[m[K,
[3.998s]                  from [01m[K/opt/ros/humble/include/rclcpp/rclcpp/executor.hpp:37[m[K,
[3.998s]                  from [01m[K/opt/ros/humble/include/rclcpp/rclcpp/executors/multi_threaded_executor.hpp:25[m[K,
[3.998s]                  from [01m[K/opt/ros/humble/include/rclcpp/rclcpp/executors.hpp:21[m[K,
[3.998s]                  from [01m[K/opt/ros/humble/include/rclcpp/rclcpp/rclcpp.hpp:155[m[K,
[3.999s]                  from [01m[K/home/kargla/robot_movement/src/movement_info/include/movement_info/movement.hpp:4[m[K,
[3.999s]                  from [01m[K/home/kargla/robot_movement/src/movement_info/src/movement.cpp:1[m[K:
[3.999s] [01m[K/home/kargla/robot_movement/src/movement_info/src/movement.cpp:55:23:[m[K [01;31m[Kerror: [m[Kâ€˜[01m[Kclass Movement[m[Kâ€™ has no member named â€˜[01m[Kget_logger[m[Kâ€™
[3.999s]    55 |     RCLCPP_INFO(this->[01;31m[Kget_logger[m[K(), "Publishing: '%s'", message_.heading.c_str());
[3.999s]       |                       [01;31m[K^~~~~~~~~~[m[K
[3.999s] [01m[K/home/kargla/robot_movement/src/movement_info/src/movement.cpp:55:23:[m[K [01;31m[Kerror: [m[Kâ€˜[01m[Kclass Movement[m[Kâ€™ has no member named â€˜[01m[Kget_logger[m[Kâ€™
[3.999s]    55 |     RCLCPP_INFO(this->[01;31m[Kget_logger[m[K(), "Publishing: '%s'", message_.heading.c_str());
[3.999s]       |                       [01;31m[K^~~~~~~~~~[m[K
[3.999s] In file included from [01m[K/home/kargla/robot_movement/src/movement_info/src/movement.cpp:1[m[K:
[3.999s] [01m[K/home/kargla/robot_movement/src/movement_info/include/movement_info/movement.hpp:11:1:[m[K [01;31m[Kerror: [m[Kexpected class-name before â€˜[01m[K{[m[Kâ€™ token
[3.999s]    11 | [01;31m[K{[m[K
[4.000s]       | [01;31m[K^[m[K
[4.000s] [01m[K/home/kargla/robot_movement/src/movement_info/include/movement_info/movement.hpp:13:20:[m[K [01;31m[Kerror: [m[Kexpected â€˜[01m[K)[m[Kâ€™ before â€˜[01m[Knode[m[Kâ€™
[4.000s]    13 |     Movement[34m[K([m[KString[01;31m[K [m[K[32m[Knode[m[K);
[4.000s]       |             [34m[K~[m[K      [01;31m[K^[m[K[32m[K~~~~[m[K
[4.000s]       |                    [32m[K)[m[K
[4.062s] [01m[K/home/kargla/robot_movement/src/movement_info/include/movement_info/movement.hpp:14:10:[m[K [01;31m[Kerror: [m[Kâ€˜[01m[Kvoid Movement::publish_movement_info()[m[Kâ€™ marked â€˜[01m[Koverride[m[Kâ€™, but does not override
[4.063s]    14 |     void [01;31m[Kpublish_movement_info[m[K() override;
[4.063s]       |          [01;31m[K^~~~~~~~~~~~~~~~~~~~~[m[K
[4.067s] [01m[K/home/kargla/robot_movement/src/movement_info/src/main.cpp:[m[K In function â€˜[01m[Kint main(int, char**)[m[Kâ€™:
[4.067s] [01m[K/home/kargla/robot_movement/src/movement_info/src/main.cpp:6:17:[m[K [01;31m[Kerror: [m[Kno matching function for call to â€˜[01m[Kspin(std::shared_ptr<Movement>)[m[Kâ€™
[4.067s]     6 |     [01;31m[Krclcpp::spin(std::make_shared<Movement>())[m[K;
[4.067s]       |     [01;31m[K~~~~~~~~~~~~^~~~~~~~~~~~~~~~~~~~~~~~~~~~~~[m[K
[4.067s] In file included from [01m[K/opt/ros/humble/include/rclcpp/rclcpp/rclcpp.hpp:155[m[K,
[4.068s]                  from [01m[K/home/kargla/robot_movement/src/movement_info/include/movement_info/movement.hpp:4[m[K,
[4.068s]                  from [01m[K/home/kargla/robot_movement/src/movement_info/src/main.cpp:1[m[K:
[4.068s] [01m[K/opt/ros/humble/include/rclcpp/rclcpp/executors.hpp:45:1:[m[K [01;36m[Knote: [m[Kcandidate: â€˜[01m[Kvoid rclcpp::spin(rclcpp::node_interfaces::NodeBaseInterface::SharedPtr)[m[Kâ€™
[4.068s]    45 | [01;36m[Kspin[m[K(rclcpp::node_interfaces::NodeBaseInterface::SharedPtr node_ptr);
[4.068s]       | [01;36m[K^~~~[m[K
[4.068s] [01m[K/opt/ros/humble/include/rclcpp/rclcpp/executors.hpp:45:60:[m[K [01;36m[Knote: [m[K  no known conversion for argument 1 from â€˜[01m[Kshared_ptr<[01;32m[KMovement[m[K>[m[Kâ€™ to â€˜[01m[Kshared_ptr<[01;32m[Krclcpp::node_interfaces::NodeBaseInterface[m[K>[m[Kâ€™
[4.068s]    45 | spin([01;36m[Krclcpp::node_interfaces::NodeBaseInterface::SharedPtr node_ptr[m[K);
[4.068s]       |      [01;36m[K~~~~~~~~~~~~~~~~~~~~~~~~~~~~~~~~~~~~~~~~~~~~~~~~~~~~~~^~~~~~~~[m[K
[4.068s] [01m[K/opt/ros/humble/include/rclcpp/rclcpp/executors.hpp:49:1:[m[K [01;36m[Knote: [m[Kcandidate: â€˜[01m[Kvoid rclcpp::spin(rclcpp::Node::SharedPtr)[m[Kâ€™
[4.068s]    49 | [01;36m[Kspin[m[K(rclcpp::Node::SharedPtr node_ptr);
[4.069s]       | [01;36m[K^~~~[m[K
[4.069s] [01m[K/opt/ros/humble/include/rclcpp/rclcpp/executors.hpp:49:30:[m[K [01;36m[Knote: [m[K  no known conversion for argument 1 from â€˜[01m[Kshared_ptr<[01;32m[KMovement[m[K>[m[Kâ€™ to â€˜[01m[Kshared_ptr<[01;32m[Krclcpp::Node[m[K>[m[Kâ€™
[4.069s]    49 | spin([01;36m[Krclcpp::Node::SharedPtr node_ptr[m[K);
[4.069s]       |      [01;36m[K~~~~~~~~~~~~~~~~~~~~~~~~^~~~~~~~[m[K
[4.118s] [01m[K/home/kargla/robot_movement/src/movement_info/include/movement_info/movement.hpp:14:10:[m[K [01;31m[Kerror: [m[Kâ€˜[01m[Kvoid Movement::publish_movement_info()[m[Kâ€™ marked â€˜[01m[Koverride[m[Kâ€™, but does not override
[4.118s]    14 |     void [01;31m[Kpublish_movement_info[m[K() override;
[4.119s]       |          [01;31m[K^~~~~~~~~~~~~~~~~~~~~[m[K
[4.119s] [01m[K/home/kargla/robot_movement/src/movement_info/src/movement.cpp:3:19:[m[K [01;31m[Kerror: [m[Kexpected constructor, destructor, or type conversion before â€˜[01m[K([m[Kâ€™ token
[4.119s]     3 | Movement::Movement[01;31m[K([m[KString node) : MovementInterface(node)
[4.119s]       |                   [01;31m[K^[m[K
[4.119s] In file included from [01m[K/opt/ros/humble/include/rclcpp/rclcpp/client.hpp:40[m[K,
[4.119s]                  from [01m[K/opt/ros/humble/include/rclcpp/rclcpp/callback_group.hpp:24[m[K,
[4.120s]                  from [01m[K/opt/ros/humble/include/rclcpp/rclcpp/any_executable.hpp:20[m[K,
[4.120s]                  from [01m[K/opt/ros/humble/include/rclcpp/rclcpp/memory_strategy.hpp:25[m[K,
[4.120s]                  from [01m[K/opt/ros/humble/include/rclcpp/rclcpp/memory_strategies.hpp:18[m[K,
[4.120s]                  from [01m[K/opt/ros/humble/include/rclcpp/rclcpp/executor_options.hpp:20[m[K,
[4.120s]                  from [01m[K/opt/ros/humble/include/rclcpp/rclcpp/executor.hpp:37[m[K,
[4.120s]                  from [01m[K/opt/ros/humble/include/rclcpp/rclcpp/executors/multi_threaded_executor.hpp:25[m[K,
[4.120s]                  from [01m[K/opt/ros/humble/include/rclcpp/rclcpp/executors.hpp:21[m[K,
[4.120s]                  from [01m[K/opt/ros/humble/include/rclcpp/rclcpp/rclcpp.hpp:155[m[K,
[4.120s]                  from [01m[K/home/kargla/robot_movement/src/movement_info/include/movement_info/movement.hpp:4[m[K,
[4.120s]                  from [01m[K/home/kargla/robot_movement/src/movement_info/src/movement.cpp:1[m[K:
[4.121s] [01m[K/home/kargla/robot_movement/src/movement_info/src/movement.cpp:[m[K In member function â€˜[01m[Kvoid Movement::publish_movement_info()[m[Kâ€™:
[4.121s] [01m[K/home/kargla/robot_movement/src/movement_info/src/movement.cpp:54:23:[m[K [01;31m[Kerror: [m[Kâ€˜[01m[Kclass Movement[m[Kâ€™ has no member named â€˜[01m[Kget_logger[m[Kâ€™
[4.121s]    54 |     RCLCPP_INFO(this->[01;31m[Kget_logger[m[K(), "Publishing: '%s'", message_.movement.c_str());
[4.121s]       |                       [01;31m[K^~~~~~~~~~[m[K
[4.121s] [01m[K/home/kargla/robot_movement/src/movement_info/src/movement.cpp:54:23:[m[K [01;31m[Kerror: [m[Kâ€˜[01m[Kclass Movement[m[Kâ€™ has no member named â€˜[01m[Kget_logger[m[Kâ€™
[4.121s] [01m[K/home/kargla/robot_movement/src/movement_info/src/movement.cpp:54:5:[m[K [01;31m[Kerror: [m[Ktemplate argument 1 is invalid
[4.121s]    54 |     [01;31m[KRCLCPP_INFO[m[K(this->get_logger(), "Publishing: '%s'", message_.movement.c_str());
[4.121s]       |     [01;31m[K^~~~~~~~~~~[m[K
[4.121s] [01m[K/home/kargla/robot_movement/src/movement_info/src/movement.cpp:54:5:[m[K [01;31m[Kerror: [m[Ktemplate argument 1 is invalid
[4.122s]    54 |     [01;31m[KRCLCPP_INFO[m[K(this->get_logger(), "Publishing: '%s'", message_.movement.c_str());
[4.122s]       |     [01;31m[K^~~~~~~~~~~[m[K
[4.122s] [01m[K/home/kargla/robot_movement/src/movement_info/src/movement.cpp:54:5:[m[K [01;31m[Kerror: [m[Ktemplate argument 1 is invalid
[4.122s]    54 |     [01;31m[KRCLCPP_INFO[m[K(this->get_logger(), "Publishing: '%s'", message_.movement.c_str());
[4.122s]       |     [01;31m[K^~~~~~~~~~~[m[K
[4.122s] In file included from [01m[K/opt/ros/humble/include/rclcpp/rclcpp/logging.hpp:24[m[K,
[4.122s]                  from [01m[K/opt/ros/humble/include/rclcpp/rclcpp/client.hpp:40[m[K,
[4.122s]                  from [01m[K/opt/ros/humble/include/rclcpp/rclcpp/callback_group.hpp:24[m[K,
[4.122s]                  from [01m[K/opt/ros/humble/include/rclcpp/rclcpp/any_executable.hpp:20[m[K,
[4.122s]                  from [01m[K/opt/ros/humble/include/rclcpp/rclcpp/memory_strategy.hpp:25[m[K,
[4.123s]                  from [01m[K/opt/ros/humble/include/rclcpp/rclcpp/memory_strategies.hpp:18[m[K,
[4.123s]                  from [01m[K/opt/ros/humble/include/rclcpp/rclcpp/executor_options.hpp:20[m[K,
[4.123s]                  from [01m[K/opt/ros/humble/include/rclcpp/rclcpp/executor.hpp:37[m[K,
[4.123s]                  from [01m[K/opt/ros/humble/include/rclcpp/rclcpp/executors/multi_threaded_executor.hpp:25[m[K,
[4.123s]                  from [01m[K/opt/ros/humble/include/rclcpp/rclcpp/executors.hpp:21[m[K,
[4.123s]                  from [01m[K/opt/ros/humble/include/rclcpp/rclcpp/rclcpp.hpp:155[m[K,
[4.123s]                  from [01m[K/home/kargla/robot_movement/src/movement_info/include/movement_info/movement.hpp:4[m[K,
[4.123s]                  from [01m[K/home/kargla/robot_movement/src/movement_info/src/movement.cpp:1[m[K:
[4.123s] [01m[K/home/kargla/robot_movement/src/movement_info/src/movement.cpp:54:23:[m[K [01;31m[Kerror: [m[Kâ€˜[01m[Kclass Movement[m[Kâ€™ has no member named â€˜[01m[Kget_logger[m[Kâ€™
[4.124s]    54 |     RCLCPP_INFO(this->[01;31m[Kget_logger[m[K(), "Publishing: '%s'", message_.movement.c_str());
[4.124s]       |                       [01;31m[K^~~~~~~~~~[m[K
[4.124s] [01m[K/home/kargla/robot_movement/src/movement_info/src/movement.cpp:54:23:[m[K [01;31m[Kerror: [m[Kâ€˜[01m[Kclass Movement[m[Kâ€™ has no member named â€˜[01m[Kget_logger[m[Kâ€™
[4.124s]    54 |     RCLCPP_INFO(this->[01;31m[Kget_logger[m[K(), "Publishing: '%s'", message_.movement.c_str());
[4.124s]       |                       [01;31m[K^~~~~~~~~~[m[K
[4.124s] In file included from [01m[K/opt/ros/humble/include/rclcpp/rclcpp/client.hpp:40[m[K,
[4.124s]                  from [01m[K/opt/ros/humble/include/rclcpp/rclcpp/callback_group.hpp:24[m[K,
[4.124s]                  from [01m[K/opt/ros/humble/include/rclcpp/rclcpp/any_executable.hpp:20[m[K,
[4.124s]                  from [01m[K/opt/ros/humble/include/rclcpp/rclcpp/memory_strategy.hpp:25[m[K,
[4.124s]                  from [01m[K/opt/ros/humble/include/rclcpp/rclcpp/memory_strategies.hpp:18[m[K,
[4.125s]                  from [01m[K/opt/ros/humble/include/rclcpp/rclcpp/executor_options.hpp:20[m[K,
[4.125s]                  from [01m[K/opt/ros/humble/include/rclcpp/rclcpp/executor.hpp:37[m[K,
[4.125s]                  from [01m[K/opt/ros/humble/include/rclcpp/rclcpp/executors/multi_threaded_executor.hpp:25[m[K,
[4.125s]                  from [01m[K/opt/ros/humble/include/rclcpp/rclcpp/executors.hpp:21[m[K,
[4.125s]                  from [01m[K/opt/ros/humble/include/rclcpp/rclcpp/rclcpp.hpp:155[m[K,
[4.125s]                  from [01m[K/home/kargla/robot_movement/src/movement_info/include/movement_info/movement.hpp:4[m[K,
[4.125s]                  from [01m[K/home/kargla/robot_movement/src/movement_info/src/movement.cpp:1[m[K:
[4.125s] [01m[K/home/kargla/robot_movement/src/movement_info/src/movement.cpp:55:23:[m[K [01;31m[Kerror: [m[Kâ€˜[01m[Kclass Movement[m[Kâ€™ has no member named â€˜[01m[Kget_logger[m[Kâ€™
[4.125s]    55 |     RCLCPP_INFO(this->[01;31m[Kget_logger[m[K(), "Publishing: '%s'", message_.heading.c_str());
[4.125s]       |                       [01;31m[K^~~~~~~~~~[m[K
[4.126s] [01m[K/home/kargla/robot_movement/src/movement_info/src/movement.cpp:55:23:[m[K [01;31m[Kerror: [m[Kâ€˜[01m[Kclass Movement[m[Kâ€™ has no member named â€˜[01m[Kget_logger[m[Kâ€™
[4.126s] [01m[K/home/kargla/robot_movement/src/movement_info/src/movement.cpp:55:5:[m[K [01;31m[Kerror: [m[Ktemplate argument 1 is invalid
[4.126s]    55 |     [01;31m[KRCLCPP_INFO[m[K(this->get_logger(), "Publishing: '%s'", message_.heading.c_str());
[4.126s]       |     [01;31m[K^~~~~~~~~~~[m[K
[4.126s] [01m[K/home/kargla/robot_movement/src/movement_info/src/movement.cpp:55:5:[m[K [01;31m[Kerror: [m[Ktemplate argument 1 is invalid
[4.126s]    55 |     [01;31m[KRCLCPP_INFO[m[K(this->get_logger(), "Publishing: '%s'", message_.heading.c_str());
[4.126s]       |     [01;31m[K^~~~~~~~~~~[m[K
[4.126s] [01m[K/home/kargla/robot_movement/src/movement_info/src/movement.cpp:55:5:[m[K [01;31m[Kerror: [m[Ktemplate argument 1 is invalid
[4.126s]    55 |     [01;31m[KRCLCPP_INFO[m[K(this->get_logger(), "Publishing: '%s'", message_.heading.c_str());
[4.127s]       |     [01;31m[K^~~~~~~~~~~[m[K
[4.127s] In file included from [01m[K/opt/ros/humble/include/rclcpp/rclcpp/logging.hpp:24[m[K,
[4.127s]                  from [01m[K/opt/ros/humble/include/rclcpp/rclcpp/client.hpp:40[m[K,
[4.127s]                  from [01m[K/opt/ros/humble/include/rclcpp/rclcpp/callback_group.hpp:24[m[K,
[4.127s]                  from [01m[K/opt/ros/humble/include/rclcpp/rclcpp/any_executable.hpp:20[m[K,
[4.127s]                  from [01m[K/opt/ros/humble/include/rclcpp/rclcpp/memory_strategy.hpp:25[m[K,
[4.127s]                  from [01m[K/opt/ros/humble/include/rclcpp/rclcpp/memory_strategies.hpp:18[m[K,
[4.127s]                  from [01m[K/opt/ros/humble/include/rclcpp/rclcpp/executor_options.hpp:20[m[K,
[4.127s]                  from [01m[K/opt/ros/humble/include/rclcpp/rclcpp/executor.hpp:37[m[K,
[4.128s]                  from [01m[K/opt/ros/humble/include/rclcpp/rclcpp/executors/multi_threaded_executor.hpp:25[m[K,
[4.128s]                  from [01m[K/opt/ros/humble/include/rclcpp/rclcpp/executors.hpp:21[m[K,
[4.128s]                  from [01m[K/opt/ros/humble/include/rclcpp/rclcpp/rclcpp.hpp:155[m[K,
[4.128s]                  from [01m[K/home/kargla/robot_movement/src/movement_info/include/movement_info/movement.hpp:4[m[K,
[4.128s]                  from [01m[K/home/kargla/robot_movement/src/movement_info/src/movement.cpp:1[m[K:
[4.128s] [01m[K/home/kargla/robot_movement/src/movement_info/src/movement.cpp:55:23:[m[K [01;31m[Kerror: [m[Kâ€˜[01m[Kclass Movement[m[Kâ€™ has no member named â€˜[01m[Kget_logger[m[Kâ€™
[4.128s]    55 |     RCLCPP_INFO(this->[01;31m[Kget_logger[m[K(), "Publishing: '%s'", message_.heading.c_str());
[4.128s]       |                       [01;31m[K^~~~~~~~~~[m[K
[4.128s] [01m[K/home/kargla/robot_movement/src/movement_info/src/movement.cpp:55:23:[m[K [01;31m[Kerror: [m[Kâ€˜[01m[Kclass Movement[m[Kâ€™ has no member named â€˜[01m[Kget_logger[m[Kâ€™
[4.128s]    55 |     RCLCPP_INFO(this->[01;31m[Kget_logger[m[K(), "Publishing: '%s'", message_.heading.c_str());
[4.129s]       |                       [01;31m[K^~~~~~~~~~[m[K
[4.712s] gmake[2]: *** [CMakeFiles/movement.dir/build.make:90: CMakeFiles/movement.dir/src/main.cpp.o] Error 1
[4.732s] gmake[2]: *** [CMakeFiles/movement_info_library.dir/build.make:76: CMakeFiles/movement_info_library.dir/src/movement.cpp.o] Error 1
[4.732s] gmake[1]: *** [CMakeFiles/Makefile2:206: CMakeFiles/movement_info_library.dir/all] Error 2
[4.733s] gmake[1]: *** Waiting for unfinished jobs....
[4.836s] gmake[2]: *** [CMakeFiles/movement.dir/build.make:76: CMakeFiles/movement.dir/src/movement.cpp.o] Error 1
[4.836s] gmake[1]: *** [CMakeFiles/Makefile2:180: CMakeFiles/movement.dir/all] Error 2
[4.837s] gmake: *** [Makefile:146: all] Error 2
[4.842s] Invoked command in '/home/kargla/robot_movement/build/movement_info' returned '2': CMAKE_PREFIX_PATH=/opt/ros/humble /usr/bin/cmake --build /home/kargla/robot_movement/build/movement_info -- -j12 -l12
