<?xml version="1.0" encoding="UTF-8"?>
<Site BuildName="(empty)"
	BuildStamp="20250101-1356-Experimental"
	Name="kargla-ideapad"
	Generator="ctest-3.22.1"
	CompilerName="/usr/bin/c++"
	CompilerVersion="11.4.0"
	OSName="Linux"
	Hostname="kargla-ideapad"
	OSRelease="6.8.0-50-generic"
	OSVersion="#51~22.04.1-Ubuntu SMP PREEMPT_DYNAMIC Thu Nov 21 12:03:03 UTC 2"
	OSPlatform="x86_64"
	Is64Bits="1"
	VendorString="AuthenticAMD"
	VendorID="Advanced Micro Devices"
	FamilyID="23"
	ModelID="104"
	ProcessorCacheSize="512"
	NumberOfLogicalCPU="12"
	NumberOfPhysicalCPU="6"
	TotalVirtualMemory="2047"
	TotalPhysicalMemory="15319"
	LogicalProcessorsPerPhysical="2"
	ProcessorClockFrequency="1354.58"
	>
	<Testing>
		<StartDateTime>Jan 01 14:56 CET</StartDateTime>
		<StartTestTime>1735739817</StartTestTime>
		<TestList>
			<Test>./movement_info_movement_gtest</Test>
			<Test>./movement_info_movement_gmock</Test>
		</TestList>
		<Test Status="passed">
			<Name>movement_info_movement_gtest</Name>
			<Path>.</Path>
			<FullName>./movement_info_movement_gtest</FullName>
			<FullCommandLine>/usr/bin/python3 "-u" "/opt/ros/humble/share/ament_cmake_test/cmake/run_test.py" "/home/kargla/robot_movement/build/movement_info/test_results/movement_info/movement_info_movement_gtest.gtest.xml" "--package-name" "movement_info" "--output-file" "/home/kargla/robot_movement/build/movement_info/ament_cmake_gtest/movement_info_movement_gtest.txt" "--command" "/home/kargla/robot_movement/build/movement_info/movement_info_movement_gtest" "--gtest_output=xml:/home/kargla/robot_movement/build/movement_info/test_results/movement_info/movement_info_movement_gtest.gtest.xml"</FullCommandLine>
			<Results>
				<NamedMeasurement type="numeric/double" name="Execution Time">
					<Value>0.255198</Value>
				</NamedMeasurement>
				<NamedMeasurement type="numeric/double" name="Processors">
					<Value>1</Value>
				</NamedMeasurement>
				<NamedMeasurement type="text/string" name="Completion Status">
					<Value>Completed</Value>
				</NamedMeasurement>
				<NamedMeasurement type="text/string" name="Command Line">
					<Value>/usr/bin/python3 "-u" "/opt/ros/humble/share/ament_cmake_test/cmake/run_test.py" "/home/kargla/robot_movement/build/movement_info/test_results/movement_info/movement_info_movement_gtest.gtest.xml" "--package-name" "movement_info" "--output-file" "/home/kargla/robot_movement/build/movement_info/ament_cmake_gtest/movement_info_movement_gtest.txt" "--command" "/home/kargla/robot_movement/build/movement_info/movement_info_movement_gtest" "--gtest_output=xml:/home/kargla/robot_movement/build/movement_info/test_results/movement_info/movement_info_movement_gtest.gtest.xml"</Value>
				</NamedMeasurement>
				<NamedMeasurement type="text/string" name="Environment">
					<Value>#CTEST_RESOURCE_GROUP_COUNT=</Value>
				</NamedMeasurement>
				<Measurement>
					<Value>-- run_test.py: invoking following command in '/home/kargla/robot_movement/build/movement_info':
 - /home/kargla/robot_movement/build/movement_info/movement_info_movement_gtest --gtest_output=xml:/home/kargla/robot_movement/build/movement_info/test_results/movement_info/movement_info_movement_gtest.gtest.xml
[==========] Running 2 tests from 2 test suites.
[----------] Global test environment set-up.
[----------] 1 test from MovementTest
[ RUN      ] MovementTest.HeadingDeterminationTest
[INFO] [1735739817.888811989] [movement]: Direction treshold: '0.100000'
[INFO] [1735739817.889096314] [movement]: Heading treshold: '0.100000'
[INFO] [1735739817.889115450] [movement]: Movement topic: '/movement_info'
[INFO] [1735739817.889130676] [movement]: Odometry topic: '/diff_drive/odom'
[INFO] [1735739817.889144155] [movement]: Velocity topic: '/diff_drive/cmd_vel'
[       OK ] MovementTest.HeadingDeterminationTest (27 ms)
[----------] 1 test from MovementTest (27 ms total)

[----------] 1 test from MovementTEST
[ RUN      ] MovementTEST.DirectionDeterminationTest
[INFO] [1735739817.902269678] [movement]: Direction treshold: '0.100000'
[INFO] [1735739817.902336377] [movement]: Heading treshold: '0.100000'
[INFO] [1735739817.902351672] [movement]: Movement topic: '/movement_info'
[INFO] [1735739817.902366339] [movement]: Odometry topic: '/diff_drive/odom'
[INFO] [1735739817.902378282] [movement]: Velocity topic: '/diff_drive/cmd_vel'
[       OK ] MovementTEST.DirectionDeterminationTest (16 ms)
[----------] 1 test from MovementTEST (16 ms total)

[----------] Global test environment tear-down
[==========] 2 tests from 2 test suites ran. (43 ms total)
[  PASSED  ] 2 tests.
-- run_test.py: return code 0
-- run_test.py: inject classname prefix into gtest result file '/home/kargla/robot_movement/build/movement_info/test_results/movement_info/movement_info_movement_gtest.gtest.xml'
-- run_test.py: verify result file '/home/kargla/robot_movement/build/movement_info/test_results/movement_info/movement_info_movement_gtest.gtest.xml'
</Value>
				</Measurement>
			</Results>
			<Labels>
				<Label>gtest</Label>
			</Labels>
		</Test>
		<Test Status="passed">
			<Name>movement_info_movement_gmock</Name>
			<Path>.</Path>
			<FullName>./movement_info_movement_gmock</FullName>
			<FullCommandLine>/usr/bin/python3 "-u" "/opt/ros/humble/share/ament_cmake_test/cmake/run_test.py" "/home/kargla/robot_movement/build/movement_info/test_results/movement_info/movement_info_movement_gmock.gtest.xml" "--package-name" "movement_info" "--output-file" "/home/kargla/robot_movement/build/movement_info/ament_cmake_gmock/movement_info_movement_gmock.txt" "--command" "/home/kargla/robot_movement/build/movement_info/movement_info_movement_gmock" "--gtest_output=xml:/home/kargla/robot_movement/build/movement_info/test_results/movement_info/movement_info_movement_gmock.gtest.xml"</FullCommandLine>
			<Results>
				<NamedMeasurement type="numeric/double" name="Execution Time">
					<Value>0.299046</Value>
				</NamedMeasurement>
				<NamedMeasurement type="numeric/double" name="Processors">
					<Value>1</Value>
				</NamedMeasurement>
				<NamedMeasurement type="text/string" name="Completion Status">
					<Value>Completed</Value>
				</NamedMeasurement>
				<NamedMeasurement type="text/string" name="Command Line">
					<Value>/usr/bin/python3 "-u" "/opt/ros/humble/share/ament_cmake_test/cmake/run_test.py" "/home/kargla/robot_movement/build/movement_info/test_results/movement_info/movement_info_movement_gmock.gtest.xml" "--package-name" "movement_info" "--output-file" "/home/kargla/robot_movement/build/movement_info/ament_cmake_gmock/movement_info_movement_gmock.txt" "--command" "/home/kargla/robot_movement/build/movement_info/movement_info_movement_gmock" "--gtest_output=xml:/home/kargla/robot_movement/build/movement_info/test_results/movement_info/movement_info_movement_gmock.gtest.xml"</Value>
				</NamedMeasurement>
				<NamedMeasurement type="text/string" name="Environment">
					<Value>#CTEST_RESOURCE_GROUP_COUNT=</Value>
				</NamedMeasurement>
				<Measurement>
					<Value>-- run_test.py: invoking following command in '/home/kargla/robot_movement/build/movement_info':
 - /home/kargla/robot_movement/build/movement_info/movement_info_movement_gmock --gtest_output=xml:/home/kargla/robot_movement/build/movement_info/test_results/movement_info/movement_info_movement_gmock.gtest.xml
[==========] Running 2 tests from 2 test suites.
[----------] Global test environment set-up.
[----------] 1 test from MovementTest
[ RUN      ] MovementTest.HeadingDeterminationTest
[INFO] [1735739818.167362250] [movement]: Direction treshold: '0.100000'
[INFO] [1735739818.167948988] [movement]: Heading treshold: '0.100000'
[INFO] [1735739818.168023020] [movement]: Movement topic: '/movement_info'
[INFO] [1735739818.168060176] [movement]: Odometry topic: '/diff_drive/odom'
[INFO] [1735739818.168097192] [movement]: Velocity topic: '/diff_drive/cmd_vel'
[       OK ] MovementTest.HeadingDeterminationTest (36 ms)
[----------] 1 test from MovementTest (36 ms total)

[----------] 1 test from MovementTEST
[ RUN      ] MovementTEST.DirectionDeterminationTest
[INFO] [1735739818.187482190] [movement]: Direction treshold: '0.100000'
[INFO] [1735739818.187555942] [movement]: Heading treshold: '0.100000'
[INFO] [1735739818.187573333] [movement]: Movement topic: '/movement_info'
[INFO] [1735739818.187587371] [movement]: Odometry topic: '/diff_drive/odom'
[INFO] [1735739818.187602107] [movement]: Velocity topic: '/diff_drive/cmd_vel'
[       OK ] MovementTEST.DirectionDeterminationTest (21 ms)
[----------] 1 test from MovementTEST (21 ms total)

[----------] Global test environment tear-down
[==========] 2 tests from 2 test suites ran. (57 ms total)
[  PASSED  ] 2 tests.
-- run_test.py: return code 0
-- run_test.py: inject classname prefix into gtest result file '/home/kargla/robot_movement/build/movement_info/test_results/movement_info/movement_info_movement_gmock.gtest.xml'
-- run_test.py: verify result file '/home/kargla/robot_movement/build/movement_info/test_results/movement_info/movement_info_movement_gmock.gtest.xml'
</Value>
				</Measurement>
			</Results>
			<Labels>
				<Label>gmock</Label>
			</Labels>
		</Test>
		<EndDateTime>Jan 01 14:56 CET</EndDateTime>
		<EndTestTime>1735739818</EndTestTime>
		<ElapsedMinutes>0</ElapsedMinutes>
	</Testing>
</Site>
