[0.013s] Invoking command in '/home/kargla/robot_movement/build/movement_info': CMAKE_PREFIX_PATH=/opt/ros/humble /usr/bin/cmake --build /home/kargla/robot_movement/build/movement_info -- -j12 -l12
[0.050s] -- Found ament_cmake: 1.3.11 (/opt/ros/humble/share/ament_cmake/cmake)
[0.211s] -- Found rosidl_default_generators: 1.2.0 (/opt/ros/humble/share/rosidl_default_generators/cmake)
[0.212s] -- Using all available rosidl_typesupport_c: rosidl_typesupport_fastrtps_c;rosidl_typesupport_introspection_c
[0.215s] -- Found rosidl_adapter: 3.1.6 (/opt/ros/humble/share/rosidl_adapter/cmake)
[0.248s] -- Using all available rosidl_typesupport_cpp: rosidl_typesupport_fastrtps_cpp;rosidl_typesupport_introspection_cpp
[0.278s] -- Found movement_info_msgs: 0.0.0 (/home/kargla/robot_movement/install/movement_info_msgs/share/movement_info_msgs/cmake)
[0.286s] -- Found rclcpp: 16.0.11 (/opt/ros/humble/share/rclcpp/cmake)
[0.321s] -- Found rmw_implementation_cmake: 6.1.2 (/opt/ros/humble/share/rmw_implementation_cmake/cmake)
[0.323s] -- Found rmw_fastrtps_cpp: 6.2.7 (/opt/ros/humble/share/rmw_fastrtps_cpp/cmake)
[0.469s] -- Using RMW implementation 'rmw_fastrtps_cpp' as default
[0.527s] -- Found geometry_msgs: 4.2.4 (/opt/ros/humble/share/geometry_msgs/cmake)
[0.544s] -- Found nav_msgs: 4.2.4 (/opt/ros/humble/share/nav_msgs/cmake)
[0.568s] -- Found ament_lint_auto: 0.12.11 (/opt/ros/humble/share/ament_lint_auto/cmake)
[0.660s] -- Added test 'cppcheck' to perform static code analysis on C / C++ code
[0.660s] -- Configured cppcheck include dirs: 
[0.661s] -- Configured cppcheck exclude dirs and/or files: 
[0.661s] -- Added test 'lint_cmake' to check CMake code style
[0.662s] -- Added test 'uncrustify' to check C / C++ code style
[0.662s] -- Configured uncrustify additional arguments: 
[0.662s] -- Added test 'xmllint' to check XML markup files
[0.663s] -- Configuring done
[0.677s] -- Generating done
[0.682s] -- Build files have been written to: /home/kargla/robot_movement/build/movement_info
[0.723s] [35m[1mConsolidate compiler generated dependencies of target movement[0m
[0.749s] [ 50%] [32mBuilding CXX object CMakeFiles/movement.dir/src/movement.cpp.o[0m
[3.151s] [01m[K/home/kargla/robot_movement/src/movement_info/src/movement.cpp:19:26:[m[K [01;31m[Kerror: [m[Kâ€˜[01m[Knav_msgs[m[Kâ€™ was not declared in this scope
[3.151s]    19 |     rclcpp::Subscription<[01;31m[Knav_msgs[m[K::msg::Odometry>::SharedPtr odom_subscriber;
[3.151s]       |                          [01;31m[K^~~~~~~~[m[K
[3.151s] [01m[K/home/kargla/robot_movement/src/movement_info/src/movement.cpp:19:49:[m[K [01;31m[Kerror: [m[Ktemplate argument 1 is invalid
[3.151s]    19 |     rclcpp::Subscription<nav_msgs::msg::Odometry[01;31m[K>[m[K::SharedPtr odom_subscriber;
[3.151s]       |                                                 [01;31m[K^[m[K
[3.152s] [01m[K/home/kargla/robot_movement/src/movement_info/src/movement.cpp:19:49:[m[K [01;31m[Kerror: [m[Ktemplate argument 3 is invalid
[3.152s] [01m[K/home/kargla/robot_movement/src/movement_info/src/movement.cpp:19:49:[m[K [01;31m[Kerror: [m[Ktemplate argument 4 is invalid
[3.152s] [01m[K/home/kargla/robot_movement/src/movement_info/src/movement.cpp:19:49:[m[K [01;31m[Kerror: [m[Ktemplate argument 5 is invalid
[3.152s] [01m[K/home/kargla/robot_movement/src/movement_info/src/movement.cpp:19:52:[m[K [01;31m[Kerror: [m[Kexpected â€˜[01m[K;[m[Kâ€™ at end of member declaration
[3.152s]    19 |     rclcpp::Subscription<nav_msgs::msg::Odometry>::[01;31m[KSharedPtr[m[K odom_subscriber;
[3.152s]       |                                                    [01;31m[K^~~~~~~~~[m[K
[3.153s]       |                                                             [32m[K;[m[K
[3.157s] [01m[K/home/kargla/robot_movement/src/movement_info/src/movement.cpp:19:62:[m[K [01;31m[Kerror: [m[Kâ€˜[01m[Kodom_subscriber[m[Kâ€™ does not name a type
[3.157s]    19 |     rclcpp::Subscription<nav_msgs::msg::Odometry>::SharedPtr [01;31m[Kodom_subscriber[m[K;
[3.157s]       |                                                              [01;31m[K^~~~~~~~~~~~~~~[m[K
[3.161s] [01m[K/home/kargla/robot_movement/src/movement_info/src/movement.cpp:20:26:[m[K [01;31m[Kerror: [m[Kâ€˜[01m[Kgeometry_msgs[m[Kâ€™ was not declared in this scope
[3.161s]    20 |     rclcpp::Subscription<[01;31m[Kgeometry_msgs[m[K::msg::Twist>::SharedPtr vel_subscriber;
[3.161s]       |                          [01;31m[K^~~~~~~~~~~~~[m[K
[3.161s] [01m[K/home/kargla/robot_movement/src/movement_info/src/movement.cpp:20:51:[m[K [01;31m[Kerror: [m[Ktemplate argument 1 is invalid
[3.161s]    20 |     rclcpp::Subscription<geometry_msgs::msg::Twist[01;31m[K>[m[K::SharedPtr vel_subscriber;
[3.162s]       |                                                   [01;31m[K^[m[K
[3.162s] [01m[K/home/kargla/robot_movement/src/movement_info/src/movement.cpp:20:51:[m[K [01;31m[Kerror: [m[Ktemplate argument 3 is invalid
[3.162s] [01m[K/home/kargla/robot_movement/src/movement_info/src/movement.cpp:20:51:[m[K [01;31m[Kerror: [m[Ktemplate argument 4 is invalid
[3.162s] [01m[K/home/kargla/robot_movement/src/movement_info/src/movement.cpp:20:51:[m[K [01;31m[Kerror: [m[Ktemplate argument 5 is invalid
[3.162s] [01m[K/home/kargla/robot_movement/src/movement_info/src/movement.cpp:20:54:[m[K [01;31m[Kerror: [m[Kexpected â€˜[01m[K;[m[Kâ€™ at end of member declaration
[3.162s]    20 |     rclcpp::Subscription<geometry_msgs::msg::Twist>::[01;31m[KSharedPtr[m[K vel_subscriber;
[3.162s]       |                                                      [01;31m[K^~~~~~~~~[m[K
[3.162s]       |                                                               [32m[K;[m[K
[3.162s] [01m[K/home/kargla/robot_movement/src/movement_info/src/movement.cpp:20:54:[m[K [01;31m[Kerror: [m[Kredeclaration of â€˜[01m[Kint Movement::SharedPtr[m[Kâ€™
[3.162s] [01m[K/home/kargla/robot_movement/src/movement_info/src/movement.cpp:19:52:[m[K [01;36m[Knote: [m[Kprevious declaration â€˜[01m[Kint Movement::SharedPtr[m[Kâ€™
[3.162s]    19 |     rclcpp::Subscription<nav_msgs::msg::Odometry>::[01;36m[KSharedPtr[m[K odom_subscriber;
[3.162s]       |                                                    [01;36m[K^~~~~~~~~[m[K
[3.163s] [01m[K/home/kargla/robot_movement/src/movement_info/src/movement.cpp:20:64:[m[K [01;31m[Kerror: [m[Kâ€˜[01m[Kvel_subscriber[m[Kâ€™ does not name a type
[3.163s]    20 |     rclcpp::Subscription<geometry_msgs::msg::Twist>::SharedPtr [01;31m[Kvel_subscriber[m[K;
[3.163s]       |                                                                [01;31m[K^~~~~~~~~~~~~~[m[K
[3.164s] [01m[K/home/kargla/robot_movement/src/movement_info/src/movement.cpp:31:34:[m[K [01;31m[Kerror: [m[Kâ€˜[01m[Knav_msgs[m[Kâ€™ does not name a type
[3.164s]    31 |     void odometry_callback(const [01;31m[Knav_msgs[m[K::msg::Odometry::SharedPtr msg)
[3.164s]       |                                  [01;31m[K^~~~~~~~[m[K
[3.164s] [01m[K/home/kargla/robot_movement/src/movement_info/src/movement.cpp:31:47:[m[K [01;31m[Kerror: [m[Kexpected unqualified-id before â€˜[01m[K::[m[Kâ€™ token
[3.164s]    31 |     void odometry_callback(const nav_msgs::msg[01;31m[K::[m[KOdometry::SharedPtr msg)
[3.165s]       |                                               [01;31m[K^~[m[K
[3.165s] [01m[K/home/kargla/robot_movement/src/movement_info/src/movement.cpp:31:47:[m[K [01;31m[Kerror: [m[Kexpected â€˜[01m[K)[m[Kâ€™ before â€˜[01m[K::[m[Kâ€™ token
[3.165s]    31 |     void odometry_callback[34m[K([m[Kconst nav_msgs::msg[01;31m[K:[m[K[32m[K:[m[KOdometry::SharedPtr msg)
[3.165s]       |                           [34m[K~[m[K                   [01;31m[K^[m[K[32m[K~[m[K
[3.165s]       |                                               [32m[K)[m[K
[3.165s] [01m[K/home/kargla/robot_movement/src/movement_info/src/movement.cpp:31:44:[m[K [01;31m[Kerror: [m[Kexpected â€˜[01m[K;[m[Kâ€™ at end of member declaration
[3.166s]    31 |     void odometry_callback(const nav_msgs::[01;31m[Kmsg[m[K::Odometry::SharedPtr msg)
[3.166s]       |                                            [01;31m[K^~~[m[K
[3.166s]       |                                               [32m[K;[m[K
[3.166s] [01m[K/home/kargla/robot_movement/src/movement_info/src/movement.cpp:31:49:[m[K [01;31m[Kerror: [m[Kâ€˜[01m[KOdometry[m[Kâ€™ in namespace â€˜[01m[K::[m[Kâ€™ does not name a type
[3.166s]    31 |     void odometry_callback(const nav_msgs::msg::[01;31m[KOdometry[m[K::SharedPtr msg)
[3.166s]       |                                                 [01;31m[K^~~~~~~~[m[K
[3.168s] [01m[K/home/kargla/robot_movement/src/movement_info/src/movement.cpp:44:34:[m[K [01;31m[Kerror: [m[Kâ€˜[01m[Kgeometry_msgs[m[Kâ€™ does not name a type
[3.168s]    44 |     void velocity_callback(const [01;31m[Kgeometry_msgs[m[K::msg::Twist::SharedPtr msg)
[3.168s]       |                                  [01;31m[K^~~~~~~~~~~~~[m[K
[3.168s] [01m[K/home/kargla/robot_movement/src/movement_info/src/movement.cpp:44:52:[m[K [01;31m[Kerror: [m[Kexpected unqualified-id before â€˜[01m[K::[m[Kâ€™ token
[3.169s]    44 |     void velocity_callback(const geometry_msgs::msg[01;31m[K::[m[KTwist::SharedPtr msg)
[3.169s]       |                                                    [01;31m[K^~[m[K
[3.169s] [01m[K/home/kargla/robot_movement/src/movement_info/src/movement.cpp:44:52:[m[K [01;31m[Kerror: [m[Kexpected â€˜[01m[K)[m[Kâ€™ before â€˜[01m[K::[m[Kâ€™ token
[3.169s]    44 |     void velocity_callback[34m[K([m[Kconst geometry_msgs::msg[01;31m[K:[m[K[32m[K:[m[KTwist::SharedPtr msg)
[3.169s]       |                           [34m[K~[m[K                        [01;31m[K^[m[K[32m[K~[m[K
[3.169s]       |                                                    [32m[K)[m[K
[3.169s] [01m[K/home/kargla/robot_movement/src/movement_info/src/movement.cpp:44:49:[m[K [01;31m[Kerror: [m[Kexpected â€˜[01m[K;[m[Kâ€™ at end of member declaration
[3.169s]    44 |     void velocity_callback(const geometry_msgs::[01;31m[Kmsg[m[K::Twist::SharedPtr msg)
[3.169s]       |                                                 [01;31m[K^~~[m[K
[3.169s]       |                                                    [32m[K;[m[K
[3.169s] [01m[K/home/kargla/robot_movement/src/movement_info/src/movement.cpp:44:54:[m[K [01;31m[Kerror: [m[Kâ€˜[01m[KTwist[m[Kâ€™ in namespace â€˜[01m[K::[m[Kâ€™ does not name a type
[3.169s]    44 |     void velocity_callback(const geometry_msgs::msg::[01;31m[KTwist[m[K::SharedPtr msg)
[3.169s]       |                                                      [01;31m[K^~~~~[m[K
[3.179s] [01m[K/home/kargla/robot_movement/src/movement_info/src/movement.cpp:[m[K In constructor â€˜[01m[KMovement::Movement()[m[Kâ€™:
[3.179s] [01m[K/home/kargla/robot_movement/src/movement_info/src/movement.cpp:10:9:[m[K [01;31m[Kerror: [m[Kâ€˜[01m[Kodom_subscriber[m[Kâ€™ was not declared in this scope; did you mean â€˜[01m[Kcount_subscribers[m[Kâ€™?
[3.179s]    10 |         [01;31m[Kodom_subscriber[m[K = this->create_subscription<nav_msgs::msg::Odometry>("/ibp3/diff_drive/odom", 10, std::bind(&Movement::odometry_callback, this, std::placeholders::_1));
[3.179s]       |         [01;31m[K^~~~~~~~~~~~~~~[m[K
[3.179s]       |         [32m[Kcount_subscribers[m[K
[3.184s] [01m[K/home/kargla/robot_movement/src/movement_info/src/movement.cpp:10:53:[m[K [01;31m[Kerror: [m[Kâ€˜[01m[Knav_msgs[m[Kâ€™ was not declared in this scope
[3.184s]    10 |         odom_subscriber = this->create_subscription<[01;31m[Knav_msgs[m[K::msg::Odometry>("/ibp3/diff_drive/odom", 10, std::bind(&Movement::odometry_callback, this, std::placeholders::_1));
[3.184s]       |                                                     [01;31m[K^~~~~~~~[m[K
[3.184s] [01m[K/home/kargla/robot_movement/src/movement_info/src/movement.cpp:10:33:[m[K [01;31m[Kerror: [m[Kparse error in template argument list
[3.184s]    10 |         odom_subscriber = this->[01;31m[Kcreate_subscription<nav_msgs::msg::Odometry>[m[K("/ibp3/diff_drive/odom", 10, std::bind(&Movement::odometry_callback, this, std::placeholders::_1));
[3.184s]       |                                 [01;31m[K^~~~~~~~~~~~~~~~~~~~~~~~~~~~~~~~~~~~~~~~~~~~[m[K
[3.188s] [01m[K/home/kargla/robot_movement/src/movement_info/src/movement.cpp:10:77:[m[K [01;31m[Kerror: [m[Kno matching function for call to â€˜[01m[KMovement::create_subscription<<expression error> >(const char [22], int, std::_Bind_helper<false, void (Movement::*)(...), Movement*, const std::_Placeholder<1>&>::type)[m[Kâ€™
[3.188s]    10 |         odom_subscriber = [01;31m[Kthis->create_subscription<nav_msgs::msg::Odometry>("/ibp3/diff_drive/odom", 10, std::bind(&Movement::odometry_callback, this, std::placeholders::_1))[m[K;
[3.189s]       |                           [01;31m[K~~~~~~~~~~~~~~~~~~~~~~~~~~~~~~~~~~~~~~~~~~~~~~~~~~^~~~~~~~~~~~~~~~~~~~~~~~~~~~~~~~~~~~~~~~~~~~~~~~~~~~~~~~~~~~~~~~~~~~~~~~~~~~~~~~~~~~~~~~~~~~~~~~~~~[m[K
[3.189s] In file included from [01m[K/opt/ros/humble/include/rclcpp/rclcpp/executors/single_threaded_executor.hpp:28[m[K,
[3.189s]                  from [01m[K/opt/ros/humble/include/rclcpp/rclcpp/executors.hpp:22[m[K,
[3.189s]                  from [01m[K/opt/ros/humble/include/rclcpp/rclcpp/rclcpp.hpp:155[m[K,
[3.189s]                  from [01m[K/home/kargla/robot_movement/src/movement_info/src/movement.cpp:1[m[K:
[3.189s] [01m[K/opt/ros/humble/include/rclcpp/rclcpp/node.hpp:219:3:[m[K [01;36m[Knote: [m[Kcandidate: â€˜[01m[Ktemplate<class MessageT, class CallbackT, class AllocatorT, class SubscriptionT, class MessageMemoryStrategyT> std::shared_ptr<ROSMessageT> rclcpp::Node::create_subscription(const string&, const rclcpp::QoS&, CallbackT&&, const rclcpp::SubscriptionOptionsWithAllocator<AllocatorT>&, typename MessageMemoryStrategyT::SharedPtr)[m[Kâ€™
[3.190s]   219 |   [01;36m[Kcreate_subscription[m[K(
[3.190s]       |   [01;36m[K^~~~~~~~~~~~~~~~~~~[m[K
[3.190s] [01m[K/opt/ros/humble/include/rclcpp/rclcpp/node.hpp:219:3:[m[K [01;36m[Knote: [m[K  template argument deduction/substitution failed:
[3.190s] [01m[K/home/kargla/robot_movement/src/movement_info/src/movement.cpp:10:77:[m[K [01;31m[Kerror: [m[Ktemplate argument 1 is invalid
[3.190s]    10 |         odom_subscriber = [01;31m[Kthis->create_subscription<nav_msgs::msg::Odometry>("/ibp3/diff_drive/odom", 10, std::bind(&Movement::odometry_callback, this, std::placeholders::_1))[m[K;
[3.190s]       |                           [01;31m[K~~~~~~~~~~~~~~~~~~~~~~~~~~~~~~~~~~~~~~~~~~~~~~~~~~^~~~~~~~~~~~~~~~~~~~~~~~~~~~~~~~~~~~~~~~~~~~~~~~~~~~~~~~~~~~~~~~~~~~~~~~~~~~~~~~~~~~~~~~~~~~~~~~~~~[m[K
[3.194s] [01m[K/home/kargla/robot_movement/src/movement_info/src/movement.cpp:11:9:[m[K [01;31m[Kerror: [m[Kâ€˜[01m[Kvel_subscriber[m[Kâ€™ was not declared in this scope; did you mean â€˜[01m[Kcount_subscribers[m[Kâ€™?
[3.195s]    11 |         [01;31m[Kvel_subscriber[m[K = this->create_subscription<geometry_msgs::msg::Twist>("/ibp3/diff_drive/cmd_vel", 10, std::bind(&Movement::velocity_callback, this, std::placeholders::_1));
[3.195s]       |         [01;31m[K^~~~~~~~~~~~~~[m[K
[3.195s]       |         [32m[Kcount_subscribers[m[K
[3.201s] [01m[K/home/kargla/robot_movement/src/movement_info/src/movement.cpp:11:52:[m[K [01;31m[Kerror: [m[Kâ€˜[01m[Kgeometry_msgs[m[Kâ€™ was not declared in this scope
[3.202s]    11 |         vel_subscriber = this->create_subscription<[01;31m[Kgeometry_msgs[m[K::msg::Twist>("/ibp3/diff_drive/cmd_vel", 10, std::bind(&Movement::velocity_callback, this, std::placeholders::_1));
[3.202s]       |                                                    [01;31m[K^~~~~~~~~~~~~[m[K
[3.202s] [01m[K/home/kargla/robot_movement/src/movement_info/src/movement.cpp:11:32:[m[K [01;31m[Kerror: [m[Kparse error in template argument list
[3.202s]    11 |         vel_subscriber = this->[01;31m[Kcreate_subscription<geometry_msgs::msg::Twist>[m[K("/ibp3/diff_drive/cmd_vel", 10, std::bind(&Movement::velocity_callback, this, std::placeholders::_1));
[3.202s]       |                                [01;31m[K^~~~~~~~~~~~~~~~~~~~~~~~~~~~~~~~~~~~~~~~~~~~~~[m[K
[3.202s] [01m[K/home/kargla/robot_movement/src/movement_info/src/movement.cpp:11:78:[m[K [01;31m[Kerror: [m[Kno matching function for call to â€˜[01m[KMovement::create_subscription<<expression error> >(const char [25], int, std::_Bind_helper<false, void (Movement::*)(...), Movement*, const std::_Placeholder<1>&>::type)[m[Kâ€™
[3.202s]    11 |         vel_subscriber = [01;31m[Kthis->create_subscription<geometry_msgs::msg::Twist>("/ibp3/diff_drive/cmd_vel", 10, std::bind(&Movement::velocity_callback, this, std::placeholders::_1))[m[K;
[3.203s]       |                          [01;31m[K~~~~~~~~~~~~~~~~~~~~~~~~~~~~~~~~~~~~~~~~~~~~~~~~~~~~^~~~~~~~~~~~~~~~~~~~~~~~~~~~~~~~~~~~~~~~~~~~~~~~~~~~~~~~~~~~~~~~~~~~~~~~~~~~~~~~~~~~~~~~~~~~~~~~~~~~~~[m[K
[3.203s] In file included from [01m[K/opt/ros/humble/include/rclcpp/rclcpp/executors/single_threaded_executor.hpp:28[m[K,
[3.203s]                  from [01m[K/opt/ros/humble/include/rclcpp/rclcpp/executors.hpp:22[m[K,
[3.203s]                  from [01m[K/opt/ros/humble/include/rclcpp/rclcpp/rclcpp.hpp:155[m[K,
[3.203s]                  from [01m[K/home/kargla/robot_movement/src/movement_info/src/movement.cpp:1[m[K:
[3.203s] [01m[K/opt/ros/humble/include/rclcpp/rclcpp/node.hpp:219:3:[m[K [01;36m[Knote: [m[Kcandidate: â€˜[01m[Ktemplate<class MessageT, class CallbackT, class AllocatorT, class SubscriptionT, class MessageMemoryStrategyT> std::shared_ptr<ROSMessageT> rclcpp::Node::create_subscription(const string&, const rclcpp::QoS&, CallbackT&&, const rclcpp::SubscriptionOptionsWithAllocator<AllocatorT>&, typename MessageMemoryStrategyT::SharedPtr)[m[Kâ€™
[3.203s]   219 |   [01;36m[Kcreate_subscription[m[K(
[3.203s]       |   [01;36m[K^~~~~~~~~~~~~~~~~~~[m[K
[3.203s] [01m[K/opt/ros/humble/include/rclcpp/rclcpp/node.hpp:219:3:[m[K [01;36m[Knote: [m[K  template argument deduction/substitution failed:
[3.203s] [01m[K/home/kargla/robot_movement/src/movement_info/src/movement.cpp:11:78:[m[K [01;31m[Kerror: [m[Ktemplate argument 1 is invalid
[3.203s]    11 |         vel_subscriber = [01;31m[Kthis->create_subscription<geometry_msgs::msg::Twist>("/ibp3/diff_drive/cmd_vel", 10, std::bind(&Movement::velocity_callback, this, std::placeholders::_1))[m[K;
[3.203s]       |                          [01;31m[K~~~~~~~~~~~~~~~~~~~~~~~~~~~~~~~~~~~~~~~~~~~~~~~~~~~~^~~~~~~~~~~~~~~~~~~~~~~~~~~~~~~~~~~~~~~~~~~~~~~~~~~~~~~~~~~~~~~~~~~~~~~~~~~~~~~~~~~~~~~~~~~~~~~~~~~~~~[m[K
[4.021s] gmake[2]: *** [CMakeFiles/movement.dir/build.make:76: CMakeFiles/movement.dir/src/movement.cpp.o] Error 1
[4.022s] gmake[1]: *** [CMakeFiles/Makefile2:137: CMakeFiles/movement.dir/all] Error 2
[4.022s] gmake: *** [Makefile:146: all] Error 2
[4.027s] Invoked command in '/home/kargla/robot_movement/build/movement_info' returned '2': CMAKE_PREFIX_PATH=/opt/ros/humble /usr/bin/cmake --build /home/kargla/robot_movement/build/movement_info -- -j12 -l12
