[01m[K/home/kargla/robot_movement/src/movement_info/src/movement.cpp:[m[K In member function â€˜[01m[Kvoid Movement::velocity_callback(geometry_msgs::msg::TwistStamped_<std::allocator<void> >::SharedPtr)[m[Kâ€™:
[01m[K/home/kargla/robot_movement/src/movement_info/src/movement.cpp:49:24:[m[K [01;31m[Kerror: [m[Kâ€˜[01m[Kusing element_type = struct geometry_msgs::msg::TwistStamped_<std::allocator<void> >[m[Kâ€™ {aka â€˜[01m[Kstruct geometry_msgs::msg::TwistStamped_<std::allocator<void> >[m[Kâ€™} has no member named â€˜[01m[Klinear[m[Kâ€™
   49 |         float x = msg->[01;31m[Klinear[m[K.x;
      |                        [01;31m[K^~~~~~[m[K
[01m[K/home/kargla/robot_movement/src/movement_info/src/movement.cpp:52:18:[m[K [01;31m[Kerror: [m[Kâ€˜[01m[Kusing element_type = struct geometry_msgs::msg::TwistStamped_<std::allocator<void> >[m[Kâ€™ {aka â€˜[01m[Kstruct geometry_msgs::msg::TwistStamped_<std::allocator<void> >[m[Kâ€™} has no member named â€˜[01m[Klinear[m[Kâ€™
   52 |         if (msg->[01;31m[Klinear[m[K.x == 0)
      |                  [01;31m[K^~~~~~[m[K
[01m[K/home/kargla/robot_movement/src/movement_info/src/movement.cpp:56:23:[m[K [01;31m[Kerror: [m[Kâ€˜[01m[Kusing element_type = struct geometry_msgs::msg::TwistStamped_<std::allocator<void> >[m[Kâ€™ {aka â€˜[01m[Kstruct geometry_msgs::msg::TwistStamped_<std::allocator<void> >[m[Kâ€™} has no member named â€˜[01m[Klinear[m[Kâ€™
   56 |         else if (msg->[01;31m[Klinear[m[K.x > 0)
      |                       [01;31m[K^~~~~~[m[K
[01m[K/home/kargla/robot_movement/src/movement_info/src/movement.cpp:60:22:[m[K [01;31m[Kerror: [m[Kâ€˜[01m[Kusing element_type = struct geometry_msgs::msg::TwistStamped_<std::allocator<void> >[m[Kâ€™ {aka â€˜[01m[Kstruct geometry_msgs::msg::TwistStamped_<std::allocator<void> >[m[Kâ€™} has no member named â€˜[01m[Klinear[m[Kâ€™
   60 |         else if(msg->[01;31m[Klinear[m[K.x < 0)
      |                      [01;31m[K^~~~~~[m[K
gmake[2]: *** [CMakeFiles/movement.dir/build.make:76: CMakeFiles/movement.dir/src/movement.cpp.o] Error 1
gmake[1]: *** [CMakeFiles/Makefile2:137: CMakeFiles/movement.dir/all] Error 2
gmake: *** [Makefile:146: all] Error 2
