-- Found ament_cmake: 1.3.11 (/opt/ros/humble/share/ament_cmake/cmake)
-- Found rosidl_default_generators: 1.2.0 (/opt/ros/humble/share/rosidl_default_generators/cmake)
-- Using all available rosidl_typesupport_c: rosidl_typesupport_fastrtps_c;rosidl_typesupport_introspection_c
-- Found rosidl_adapter: 3.1.6 (/opt/ros/humble/share/rosidl_adapter/cmake)
-- Using all available rosidl_typesupport_cpp: rosidl_typesupport_fastrtps_cpp;rosidl_typesupport_introspection_cpp
-- Found movement_info_msgs: 0.0.0 (/home/kargla/robot_movement/install/movement_info_msgs/share/movement_info_msgs/cmake)
-- Found rclcpp: 16.0.11 (/opt/ros/humble/share/rclcpp/cmake)
-- Found rmw_implementation_cmake: 6.1.2 (/opt/ros/humble/share/rmw_implementation_cmake/cmake)
-- Found rmw_fastrtps_cpp: 6.2.7 (/opt/ros/humble/share/rmw_fastrtps_cpp/cmake)
-- Using RMW implementation 'rmw_fastrtps_cpp' as default
-- Found geometry_msgs: 4.2.4 (/opt/ros/humble/share/geometry_msgs/cmake)
-- Found nav_msgs: 4.2.4 (/opt/ros/humble/share/nav_msgs/cmake)
-- Found ament_lint_auto: 0.12.11 (/opt/ros/humble/share/ament_lint_auto/cmake)
-- Added test 'cppcheck' to perform static code analysis on C / C++ code
-- Configured cppcheck include dirs: 
-- Configured cppcheck exclude dirs and/or files: 
-- Added test 'lint_cmake' to check CMake code style
-- Added test 'uncrustify' to check C / C++ code style
-- Configured uncrustify additional arguments: 
-- Added test 'xmllint' to check XML markup files
-- Configuring done
-- Generating done
-- Build files have been written to: /home/kargla/robot_movement/build/movement_info
[35m[1mConsolidate compiler generated dependencies of target movement[0m
[ 50%] [32mBuilding CXX object CMakeFiles/movement.dir/src/movement.cpp.o[0m
[01m[K/home/kargla/robot_movement/src/movement_info/src/movement.cpp:[m[K In member function â€˜[01m[Kvoid Movement::velocity_callback(geometry_msgs::msg::TwistStamped_<std::allocator<void> >::SharedPtr)[m[Kâ€™:
[01m[K/home/kargla/robot_movement/src/movement_info/src/movement.cpp:49:24:[m[K [01;31m[Kerror: [m[Kâ€˜[01m[Kusing element_type = struct geometry_msgs::msg::TwistStamped_<std::allocator<void> >[m[Kâ€™ {aka â€˜[01m[Kstruct geometry_msgs::msg::TwistStamped_<std::allocator<void> >[m[Kâ€™} has no member named â€˜[01m[Klinear[m[Kâ€™
   49 |         float x = msg->[01;31m[Klinear[m[K.x;
      |                        [01;31m[K^~~~~~[m[K
[01m[K/home/kargla/robot_movement/src/movement_info/src/movement.cpp:52:18:[m[K [01;31m[Kerror: [m[Kâ€˜[01m[Kusing element_type = struct geometry_msgs::msg::TwistStamped_<std::allocator<void> >[m[Kâ€™ {aka â€˜[01m[Kstruct geometry_msgs::msg::TwistStamped_<std::allocator<void> >[m[Kâ€™} has no member named â€˜[01m[Klinear[m[Kâ€™
   52 |         if (msg->[01;31m[Klinear[m[K.x == 0)
      |                  [01;31m[K^~~~~~[m[K
[01m[K/home/kargla/robot_movement/src/movement_info/src/movement.cpp:56:23:[m[K [01;31m[Kerror: [m[Kâ€˜[01m[Kusing element_type = struct geometry_msgs::msg::TwistStamped_<std::allocator<void> >[m[Kâ€™ {aka â€˜[01m[Kstruct geometry_msgs::msg::TwistStamped_<std::allocator<void> >[m[Kâ€™} has no member named â€˜[01m[Klinear[m[Kâ€™
   56 |         else if (msg->[01;31m[Klinear[m[K.x > 0)
      |                       [01;31m[K^~~~~~[m[K
[01m[K/home/kargla/robot_movement/src/movement_info/src/movement.cpp:60:22:[m[K [01;31m[Kerror: [m[Kâ€˜[01m[Kusing element_type = struct geometry_msgs::msg::TwistStamped_<std::allocator<void> >[m[Kâ€™ {aka â€˜[01m[Kstruct geometry_msgs::msg::TwistStamped_<std::allocator<void> >[m[Kâ€™} has no member named â€˜[01m[Klinear[m[Kâ€™
   60 |         else if(msg->[01;31m[Klinear[m[K.x < 0)
      |                      [01;31m[K^~~~~~[m[K
gmake[2]: *** [CMakeFiles/movement.dir/build.make:76: CMakeFiles/movement.dir/src/movement.cpp.o] Error 1
gmake[1]: *** [CMakeFiles/Makefile2:137: CMakeFiles/movement.dir/all] Error 2
gmake: *** [Makefile:146: all] Error 2
