[35m[1mConsolidate compiler generated dependencies of target movement_info_library[0m
[35m[1mConsolidate compiler generated dependencies of target movement[0m
[ 15%] Built target gmock
[ 26%] Built target gmock_main
[ 36%] Built target gtest_main
[ 52%] [32mBuilding CXX object CMakeFiles/movement_info_library.dir/src/movement.cpp.o[0m
[ 52%] Built target gtest
[ 57%] [32mBuilding CXX object CMakeFiles/movement.dir/src/main.cpp.o[0m
[ 63%] [32mBuilding CXX object CMakeFiles/movement.dir/src/movement.cpp.o[0m
In file included from [01m[K/home/kargla/robot_movement/src/movement_info/src/main.cpp:1[m[K:
[01m[K/home/kargla/robot_movement/src/movement_info/include/movement_info/movement.hpp:15:10:[m[K [01;31m[Kerror: [m[Kâ€˜[01m[Kvoid Movement::publish_movement_info()[m[Kâ€™ marked â€˜[01m[Koverride[m[Kâ€™, but does not override
   15 |     void [01;31m[Kpublish_movement_info[m[K() override;
      |          [01;31m[K^~~~~~~~~~~~~~~~~~~~~[m[K
In file included from [01m[K/home/kargla/robot_movement/src/movement_info/src/movement.cpp:1[m[K:
[01m[K/home/kargla/robot_movement/src/movement_info/include/movement_info/movement.hpp:15:10:[m[K [01;31m[Kerror: [m[Kâ€˜[01m[Kvoid Movement::publish_movement_info()[m[Kâ€™ marked â€˜[01m[Koverride[m[Kâ€™, but does not override
   15 |     void [01;31m[Kpublish_movement_info[m[K() override;
      |          [01;31m[K^~~~~~~~~~~~~~~~~~~~~[m[K
In file included from [01m[K/home/kargla/robot_movement/src/movement_info/src/movement.cpp:1[m[K:
[01m[K/home/kargla/robot_movement/src/movement_info/include/movement_info/movement.hpp:15:10:[m[K [01;31m[Kerror: [m[Kâ€˜[01m[Kvoid Movement::publish_movement_info()[m[Kâ€™ marked â€˜[01m[Koverride[m[Kâ€™, but does not override
   15 |     void [01;31m[Kpublish_movement_info[m[K() override;
      |          [01;31m[K^~~~~~~~~~~~~~~~~~~~~[m[K
gmake[2]: *** [CMakeFiles/movement.dir/build.make:90: CMakeFiles/movement.dir/src/main.cpp.o] Error 1
gmake[2]: *** Waiting for unfinished jobs....
gmake[2]: *** [CMakeFiles/movement.dir/build.make:76: CMakeFiles/movement.dir/src/movement.cpp.o] Error 1
gmake[1]: *** [CMakeFiles/Makefile2:180: CMakeFiles/movement.dir/all] Error 2
gmake[1]: *** Waiting for unfinished jobs....
gmake[2]: *** [CMakeFiles/movement_info_library.dir/build.make:76: CMakeFiles/movement_info_library.dir/src/movement.cpp.o] Error 1
gmake[1]: *** [CMakeFiles/Makefile2:206: CMakeFiles/movement_info_library.dir/all] Error 2
gmake: *** [Makefile:146: all] Error 2
