[0.018s] Invoking command in '/home/kargla/robot_movement/build/movement_info': CMAKE_PREFIX_PATH=${CMAKE_PREFIX_PATH}:/opt/ros/humble /usr/bin/cmake --build /home/kargla/robot_movement/build/movement_info -- -j12 -l12
[0.088s] [35m[1mConsolidate compiler generated dependencies of target movement[0m
[0.095s] [35m[1mConsolidate compiler generated dependencies of target movement_info_library[0m
[0.113s] [ 11%] Built target gtest_main
[0.117s] [ 44%] Built target gmock_main
[0.117s] [ 44%] Built target gtest
[0.117s] [ 50%] Built target gmock
[0.132s] [ 66%] Built target movement
[0.136s] [ 77%] Built target movement_info_library
[0.165s] [35m[1mConsolidate compiler generated dependencies of target movement_info_movement_gmock[0m
[0.171s] [35m[1mConsolidate compiler generated dependencies of target movement_info_movement_gtest[0m
[0.198s] [ 83%] [32mBuilding CXX object CMakeFiles/movement_info_movement_gmock.dir/test/movement_test.cpp.o[0m
[0.206s] [ 88%] [32mBuilding CXX object CMakeFiles/movement_info_movement_gtest.dir/test/movement_test.cpp.o[0m
[4.383s] [01m[K/home/kargla/robot_movement/src/movement_info/test/movement_test.cpp:[m[K In member function â€˜[01m[Kvirtual void MovementTest_HeadingDeterminationTest1_Test::TestBody()[m[Kâ€™:
[4.383s] [01m[K/home/kargla/robot_movement/src/movement_info/test/movement_test.cpp:20:38:[m[K [01;31m[Kerror: [m[Kexpected â€˜[01m[K;[m[Kâ€™ before â€˜[01m[Kmovement[m[Kâ€™
[4.383s]    20 |     msg->twist.twist.angular.z = 0.11
[4.383s]       |                                      [01;31m[K^[m[K
[4.383s]       |                                      [32m[K;[m[K
[4.383s]    21 |     [32m[Kmovement[m[K.odometry_callback(msg);
[4.383s]       |     [32m[K~~~~~~~~[m[K                          
[4.471s] [01m[K/home/kargla/robot_movement/src/movement_info/test/movement_test.cpp:[m[K In member function â€˜[01m[Kvirtual void MovementTest_HeadingDeterminationTest1_Test::TestBody()[m[Kâ€™:
[4.471s] [01m[K/home/kargla/robot_movement/src/movement_info/test/movement_test.cpp:20:38:[m[K [01;31m[Kerror: [m[Kexpected â€˜[01m[K;[m[Kâ€™ before â€˜[01m[Kmovement[m[Kâ€™
[4.471s]    20 |     msg->twist.twist.angular.z = 0.11
[4.471s]       |                                      [01;31m[K^[m[K
[4.471s]       |                                      [32m[K;[m[K
[4.471s]    21 |     [32m[Kmovement[m[K.odometry_callback(msg);
[4.471s]       |     [32m[K~~~~~~~~[m[K                          
[5.406s] gmake[2]: *** [CMakeFiles/movement_info_movement_gmock.dir/build.make:76: CMakeFiles/movement_info_movement_gmock.dir/test/movement_test.cpp.o] Error 1
[5.406s] gmake[1]: *** [CMakeFiles/Makefile2:264: CMakeFiles/movement_info_movement_gmock.dir/all] Error 2
[5.407s] gmake[1]: *** Waiting for unfinished jobs....
[5.459s] gmake[2]: *** [CMakeFiles/movement_info_movement_gtest.dir/build.make:76: CMakeFiles/movement_info_movement_gtest.dir/test/movement_test.cpp.o] Error 1
[5.459s] gmake[1]: *** [CMakeFiles/Makefile2:235: CMakeFiles/movement_info_movement_gtest.dir/all] Error 2
[5.460s] gmake: *** [Makefile:146: all] Error 2
[5.464s] Invoked command in '/home/kargla/robot_movement/build/movement_info' returned '2': CMAKE_PREFIX_PATH=${CMAKE_PREFIX_PATH}:/opt/ros/humble /usr/bin/cmake --build /home/kargla/robot_movement/build/movement_info -- -j12 -l12
