/usr/bin/ld: cannot find -lgmock: No such file or directory
collect2: error: ld returned 1 exit status
gmake[2]: *** [CMakeFiles/movement_info_movement_test.dir/build.make:187: movement_info_movement_test] Error 1
gmake[1]: *** [CMakeFiles/Makefile2:213: CMakeFiles/movement_info_movement_test.dir/all] Error 2
gmake: *** [Makefile:146: all] Error 2
