[ 18%] Built target gtest_main
[ 54%] Built target gtest
[ 72%] Built target movement_info_library
[ 81%] Built target movement
[ 90%] [32mBuilding CXX object CMakeFiles/movement_info_movement_test.dir/test/movement_test.cpp.o[0m
[100%] [32m[1mLinking CXX executable movement_info_movement_test[0m
/usr/bin/ld: cannot find -lgmock: No such file or directory
collect2: error: ld returned 1 exit status
gmake[2]: *** [CMakeFiles/movement_info_movement_test.dir/build.make:187: movement_info_movement_test] Error 1
gmake[1]: *** [CMakeFiles/Makefile2:213: CMakeFiles/movement_info_movement_test.dir/all] Error 2
gmake: *** [Makefile:146: all] Error 2
