[0.012s] Invoking command in '/home/kargla/robot_movement/build/movement_info': CMAKE_PREFIX_PATH=${CMAKE_PREFIX_PATH}:/opt/ros/humble /usr/bin/cmake --build /home/kargla/robot_movement/build/movement_info -- -j12 -l12
[0.072s] [ 18%] Built target gtest_main
[0.073s] [ 54%] Built target gtest
[0.073s] [ 72%] Built target movement_info_library
[0.073s] [ 81%] Built target movement
[0.100s] [ 90%] [32mBuilding CXX object CMakeFiles/movement_info_movement_test.dir/test/movement_test.cpp.o[0m
[1.031s] [100%] [32m[1mLinking CXX executable movement_info_movement_test[0m
[1.066s] /usr/bin/ld: cannot find -lgmock: No such file or directory
[1.116s] collect2: error: ld returned 1 exit status
[1.119s] gmake[2]: *** [CMakeFiles/movement_info_movement_test.dir/build.make:187: movement_info_movement_test] Error 1
[1.119s] gmake[1]: *** [CMakeFiles/Makefile2:213: CMakeFiles/movement_info_movement_test.dir/all] Error 2
[1.119s] gmake: *** [Makefile:146: all] Error 2
[1.123s] Invoked command in '/home/kargla/robot_movement/build/movement_info' returned '2': CMAKE_PREFIX_PATH=${CMAKE_PREFIX_PATH}:/opt/ros/humble /usr/bin/cmake --build /home/kargla/robot_movement/build/movement_info -- -j12 -l12
