[0.035s] Invoking command in '/home/kargla/robot_movement/build/movement_info': CMAKE_PREFIX_PATH=/home/kargla/robot_movement/install/movement_info:/home/kargla/robot_movement/install/movement_info_msgs /usr/bin/ctest -C Release -D ExperimentalTest --no-compress-output -V --force-new-ctest-process
[0.046s] UpdateCTestConfiguration  from :/home/kargla/robot_movement/build/movement_info/CTestConfiguration.ini
[0.046s] Parse Config file:/home/kargla/robot_movement/build/movement_info/CTestConfiguration.ini
[0.046s]    Site: kargla-ideapad
[0.046s]    Build name: (empty)
[0.046s]  Add coverage exclude regular expressions.
[0.046s] Create new tag: 20250101-1340 - Experimental
[0.046s] UpdateCTestConfiguration  from :/home/kargla/robot_movement/build/movement_info/CTestConfiguration.ini
[0.046s] Parse Config file:/home/kargla/robot_movement/build/movement_info/CTestConfiguration.ini
[0.047s] Test project /home/kargla/robot_movement/build/movement_info
[0.050s] Constructing a list of tests
[0.050s] Done constructing a list of tests
[0.051s] Updating test list for fixtures
[0.051s] Added 0 tests to meet fixture requirements
[0.051s] Checking test dependency graph...
[0.051s] Checking test dependency graph end
[0.051s] test 1
[0.051s]     Start 1: movement_info_movement_gtest
[0.051s] 
[0.051s] 1: Test command: /usr/bin/python3 "-u" "/opt/ros/humble/share/ament_cmake_test/cmake/run_test.py" "/home/kargla/robot_movement/build/movement_info/test_results/movement_info/movement_info_movement_gtest.gtest.xml" "--package-name" "movement_info" "--output-file" "/home/kargla/robot_movement/build/movement_info/ament_cmake_gtest/movement_info_movement_gtest.txt" "--command" "/home/kargla/robot_movement/build/movement_info/movement_info_movement_gtest" "--gtest_output=xml:/home/kargla/robot_movement/build/movement_info/test_results/movement_info/movement_info_movement_gtest.gtest.xml"
[0.051s] 1: Test timeout computed to be: 60
[0.107s] 1: -- run_test.py: invoking following command in '/home/kargla/robot_movement/build/movement_info':
[0.107s] 1:  - /home/kargla/robot_movement/build/movement_info/movement_info_movement_gtest --gtest_output=xml:/home/kargla/robot_movement/build/movement_info/test_results/movement_info/movement_info_movement_gtest.gtest.xml
[0.122s] 1: [==========] Running 1 test from 1 test suite.
[0.122s] 1: [----------] Global test environment set-up.
[0.122s] 1: [----------] 1 test from MovementTest
[0.122s] 1: [ RUN      ] MovementTest.HeadingDeterminationTest1
[0.133s] 1: [INFO] [1735738835.507338085] [movement]: Direction treshold: '0.100000'
[0.133s] 1: [INFO] [1735738835.507476021] [movement]: Heading treshold: '0.100000'
[0.133s] 1: [INFO] [1735738835.507491176] [movement]: Movement topic: '/movement_info'
[0.134s] 1: [INFO] [1735738835.507503189] [movement]: Odometry topic: '/diff_drive/odom'
[0.134s] 1: [INFO] [1735738835.507515481] [movement]: Velocity topic: '/diff_drive/cmd_vel'
[0.135s] 1: /home/kargla/robot_movement/src/movement_info/test/movement_test.cpp:15: Failure
[0.135s] 1: Expected equality of these values:
[0.135s] 1:   1
[0.135s] 1:   0
[0.144s] 1: [  FAILED  ] MovementTest.HeadingDeterminationTest1 (22 ms)
[0.145s] 1: [----------] 1 test from MovementTest (22 ms total)
[0.145s] 1: 
[0.145s] 1: [----------] Global test environment tear-down
[0.145s] 1: [==========] 1 test from 1 test suite ran. (22 ms total)
[0.145s] 1: [  PASSED  ] 0 tests.
[0.145s] 1: [  FAILED  ] 1 test, listed below:
[0.145s] 1: [  FAILED  ] MovementTest.HeadingDeterminationTest1
[0.145s] 1: 
[0.145s] 1:  1 FAILED TEST
[0.250s] 1: -- run_test.py: return code 1
[0.250s] 1: -- run_test.py: inject classname prefix into gtest result file '/home/kargla/robot_movement/build/movement_info/test_results/movement_info/movement_info_movement_gtest.gtest.xml'
[0.250s] 1: -- run_test.py: verify result file '/home/kargla/robot_movement/build/movement_info/test_results/movement_info/movement_info_movement_gtest.gtest.xml'
[0.271s] 1/2 Test #1: movement_info_movement_gtest .....***Failed    0.22 sec
[0.271s] test 2
[0.272s]     Start 2: movement_info_movement_gmock
[0.272s] 
[0.272s] 2: Test command: /usr/bin/python3 "-u" "/opt/ros/humble/share/ament_cmake_test/cmake/run_test.py" "/home/kargla/robot_movement/build/movement_info/test_results/movement_info/movement_info_movement_gmock.gtest.xml" "--package-name" "movement_info" "--output-file" "/home/kargla/robot_movement/build/movement_info/ament_cmake_gmock/movement_info_movement_gmock.txt" "--command" "/home/kargla/robot_movement/build/movement_info/movement_info_movement_gmock" "--gtest_output=xml:/home/kargla/robot_movement/build/movement_info/test_results/movement_info/movement_info_movement_gmock.gtest.xml"
[0.272s] 2: Test timeout computed to be: 60
[0.336s] 2: -- run_test.py: invoking following command in '/home/kargla/robot_movement/build/movement_info':
[0.336s] 2:  - /home/kargla/robot_movement/build/movement_info/movement_info_movement_gmock --gtest_output=xml:/home/kargla/robot_movement/build/movement_info/test_results/movement_info/movement_info_movement_gmock.gtest.xml
[0.352s] 2: [==========] Running 1 test from 1 test suite.
[0.352s] 2: [----------] Global test environment set-up.
[0.352s] 2: [----------] 1 test from MovementTest
[0.352s] 2: [ RUN      ] MovementTest.HeadingDeterminationTest1
[0.365s] 2: [INFO] [1735738835.739302498] [movement]: Direction treshold: '0.100000'
[0.365s] 2: [INFO] [1735738835.739424231] [movement]: Heading treshold: '0.100000'
[0.365s] 2: [INFO] [1735738835.739438618] [movement]: Movement topic: '/movement_info'
[0.365s] 2: [INFO] [1735738835.739450980] [movement]: Odometry topic: '/diff_drive/odom'
[0.365s] 2: [INFO] [1735738835.739463342] [movement]: Velocity topic: '/diff_drive/cmd_vel'
[0.368s] 2: /home/kargla/robot_movement/src/movement_info/test/movement_test.cpp:15: Failure
[0.368s] 2: Expected equality of these values:
[0.368s] 2:   1
[0.368s] 2:   0
[0.371s] 2: [  FAILED  ] MovementTest.HeadingDeterminationTest1 (20 ms)
[0.371s] 2: [----------] 1 test from MovementTest (20 ms total)
[0.371s] 2: 
[0.371s] 2: [----------] Global test environment tear-down
[0.372s] 2: [==========] 1 test from 1 test suite ran. (20 ms total)
[0.372s] 2: [  PASSED  ] 0 tests.
[0.372s] 2: [  FAILED  ] 1 test, listed below:
[0.372s] 2: [  FAILED  ] MovementTest.HeadingDeterminationTest1
[0.372s] 2: 
[0.372s] 2:  1 FAILED TEST
[0.476s] 2: -- run_test.py: return code 1
[0.477s] 2: -- run_test.py: inject classname prefix into gtest result file '/home/kargla/robot_movement/build/movement_info/test_results/movement_info/movement_info_movement_gmock.gtest.xml'
[0.477s] 2: -- run_test.py: verify result file '/home/kargla/robot_movement/build/movement_info/test_results/movement_info/movement_info_movement_gmock.gtest.xml'
[0.494s] 2/2 Test #2: movement_info_movement_gmock .....***Failed    0.22 sec
[0.494s] 
[0.494s] 0% tests passed[0;0m, [0;31m2 tests failed[0;0m out of 2
[0.494s] 
[0.495s] Label Time Summary:
[0.495s] gmock    =   0.22 sec*proc (1 test)
[0.495s] gtest    =   0.22 sec*proc (1 test)
[0.495s] 
[0.495s] Total Test time (real) =   0.44 sec
[0.495s] 
[0.495s] The following tests FAILED:
[0.495s] 	[0;31m  1 - movement_info_movement_gtest (Failed)[0;0m
[0.495s] 	[0;31m  2 - movement_info_movement_gmock (Failed)[0;0m
[0.495s] Errors while running CTest
[0.496s] Output from these tests are in: /home/kargla/robot_movement/build/movement_info/Testing/Temporary/LastTest.log
[0.496s] Use "--rerun-failed --output-on-failure" to re-run the failed cases verbosely.
[0.499s] Invoked command in '/home/kargla/robot_movement/build/movement_info' returned '8': CMAKE_PREFIX_PATH=/home/kargla/robot_movement/install/movement_info:/home/kargla/robot_movement/install/movement_info_msgs /usr/bin/ctest -C Release -D ExperimentalTest --no-compress-output -V --force-new-ctest-process
