Start testing: Jan 02 16:18 CET
----------------------------------------------------------
1/2 Testing: movement_info_movement_gtest
1/2 Test: movement_info_movement_gtest
Command: "/usr/bin/python3" "-u" "/opt/ros/humble/share/ament_cmake_test/cmake/run_test.py" "/home/kargla/robot_movement/build/movement_info/test_results/movement_info/movement_info_movement_gtest.gtest.xml" "--package-name" "movement_info" "--output-file" "/home/kargla/robot_movement/build/movement_info/ament_cmake_gtest/movement_info_movement_gtest.txt" "--command" "/home/kargla/robot_movement/build/movement_info/movement_info_movement_gtest" "--gtest_output=xml:/home/kargla/robot_movement/build/movement_info/test_results/movement_info/movement_info_movement_gtest.gtest.xml"
Directory: /home/kargla/robot_movement/build/movement_info
"movement_info_movement_gtest" start time: Jan 02 16:18 CET
Output:
----------------------------------------------------------
-- run_test.py: invoking following command in '/home/kargla/robot_movement/build/movement_info':
 - /home/kargla/robot_movement/build/movement_info/movement_info_movement_gtest --gtest_output=xml:/home/kargla/robot_movement/build/movement_info/test_results/movement_info/movement_info_movement_gtest.gtest.xml
[==========] Running 3 tests from 2 test suites.
[----------] Global test environment set-up.
[----------] 2 tests from MovementTest
[ RUN      ] MovementTest.HeadingDeterminationTest
[INFO] [1735831131.441701282] [movement]: Direction treshold: '0.100000'
[INFO] [1735831131.441886780] [movement]: Heading treshold: '0.100000'
[INFO] [1735831131.441902704] [movement]: Movement topic: '/movement_info'
[INFO] [1735831131.441915834] [movement]: Odometry topic: '/diff_drive/odom'
[INFO] [1735831131.441929104] [movement]: Velocity topic: '/diff_drive/cmd_vel'
[       OK ] MovementTest.HeadingDeterminationTest (28 ms)
[ RUN      ] MovementTest.MovementInfoPublishingTest
[       OK ] MovementTest.MovementInfoPublishingTest (8 ms)
[----------] 2 tests from MovementTest (36 ms total)

[----------] 1 test from MovementTEST
[ RUN      ] MovementTEST.DirectionDeterminationTest
[INFO] [1735831131.464416426] [movement]: Direction treshold: '0.100000'
[INFO] [1735831131.464471740] [movement]: Heading treshold: '0.100000'
[INFO] [1735831131.464485987] [movement]: Movement topic: '/movement_info'
[INFO] [1735831131.464498489] [movement]: Odometry topic: '/diff_drive/odom'
[INFO] [1735831131.464511759] [movement]: Velocity topic: '/diff_drive/cmd_vel'
[       OK ] MovementTEST.DirectionDeterminationTest (8 ms)
[----------] 1 test from MovementTEST (8 ms total)

[----------] Global test environment tear-down
[==========] 3 tests from 2 test suites ran. (44 ms total)
[  PASSED  ] 3 tests.
-- run_test.py: return code 0
-- run_test.py: inject classname prefix into gtest result file '/home/kargla/robot_movement/build/movement_info/test_results/movement_info/movement_info_movement_gtest.gtest.xml'
-- run_test.py: verify result file '/home/kargla/robot_movement/build/movement_info/test_results/movement_info/movement_info_movement_gtest.gtest.xml'
<end of output>
Test time =   0.25 sec
----------------------------------------------------------
Test Passed.
"movement_info_movement_gtest" end time: Jan 02 16:18 CET
"movement_info_movement_gtest" time elapsed: 00:00:00
----------------------------------------------------------

2/2 Testing: movement_info_movement_gmock
2/2 Test: movement_info_movement_gmock
Command: "/usr/bin/python3" "-u" "/opt/ros/humble/share/ament_cmake_test/cmake/run_test.py" "/home/kargla/robot_movement/build/movement_info/test_results/movement_info/movement_info_movement_gmock.gtest.xml" "--package-name" "movement_info" "--output-file" "/home/kargla/robot_movement/build/movement_info/ament_cmake_gmock/movement_info_movement_gmock.txt" "--command" "/home/kargla/robot_movement/build/movement_info/movement_info_movement_gmock" "--gtest_output=xml:/home/kargla/robot_movement/build/movement_info/test_results/movement_info/movement_info_movement_gmock.gtest.xml"
Directory: /home/kargla/robot_movement/build/movement_info
"movement_info_movement_gmock" start time: Jan 02 16:18 CET
Output:
----------------------------------------------------------
-- run_test.py: invoking following command in '/home/kargla/robot_movement/build/movement_info':
 - /home/kargla/robot_movement/build/movement_info/movement_info_movement_gmock --gtest_output=xml:/home/kargla/robot_movement/build/movement_info/test_results/movement_info/movement_info_movement_gmock.gtest.xml
[==========] Running 3 tests from 2 test suites.
[----------] Global test environment set-up.
[----------] 2 tests from MovementTest
[ RUN      ] MovementTest.HeadingDeterminationTest
[INFO] [1735831131.708523340] [movement]: Direction treshold: '0.100000'
[INFO] [1735831131.708828267] [movement]: Heading treshold: '0.100000'
[INFO] [1735831131.708848242] [movement]: Movement topic: '/movement_info'
[INFO] [1735831131.708864654] [movement]: Odometry topic: '/diff_drive/odom'
[INFO] [1735831131.708880438] [movement]: Velocity topic: '/diff_drive/cmd_vel'
[       OK ] MovementTest.HeadingDeterminationTest (30 ms)
[ RUN      ] MovementTest.MovementInfoPublishingTest
[       OK ] MovementTest.MovementInfoPublishingTest (9 ms)
[----------] 2 tests from MovementTest (39 ms total)

[----------] 1 test from MovementTEST
[ RUN      ] MovementTEST.DirectionDeterminationTest
[INFO] [1735831131.733815204] [movement]: Direction treshold: '0.100000'
[INFO] [1735831131.733918639] [movement]: Heading treshold: '0.100000'
[INFO] [1735831131.733935820] [movement]: Movement topic: '/movement_info'
[INFO] [1735831131.733950067] [movement]: Odometry topic: '/diff_drive/odom'
[INFO] [1735831131.733963407] [movement]: Velocity topic: '/diff_drive/cmd_vel'
[       OK ] MovementTEST.DirectionDeterminationTest (12 ms)
[----------] 1 test from MovementTEST (13 ms total)

[----------] Global test environment tear-down
[==========] 3 tests from 2 test suites ran. (52 ms total)
[  PASSED  ] 3 tests.
-- run_test.py: return code 0
-- run_test.py: inject classname prefix into gtest result file '/home/kargla/robot_movement/build/movement_info/test_results/movement_info/movement_info_movement_gmock.gtest.xml'
-- run_test.py: verify result file '/home/kargla/robot_movement/build/movement_info/test_results/movement_info/movement_info_movement_gmock.gtest.xml'
<end of output>
Test time =   0.29 sec
----------------------------------------------------------
Test Passed.
"movement_info_movement_gmock" end time: Jan 02 16:18 CET
"movement_info_movement_gmock" time elapsed: 00:00:00
----------------------------------------------------------

End testing: Jan 02 16:18 CET

gmock =   0.29 sec*proc

gtest =   0.25 sec*proc

