Start testing: Jan 02 17:33 CET
----------------------------------------------------------
1/2 Testing: movement_info_movement_gtest
1/2 Test: movement_info_movement_gtest
Command: "/usr/bin/python3" "-u" "/opt/ros/humble/share/ament_cmake_test/cmake/run_test.py" "/home/kargla/robot_movement/build/movement_info/test_results/movement_info/movement_info_movement_gtest.gtest.xml" "--package-name" "movement_info" "--output-file" "/home/kargla/robot_movement/build/movement_info/ament_cmake_gtest/movement_info_movement_gtest.txt" "--command" "/home/kargla/robot_movement/build/movement_info/movement_info_movement_gtest" "--gtest_output=xml:/home/kargla/robot_movement/build/movement_info/test_results/movement_info/movement_info_movement_gtest.gtest.xml"
Directory: /home/kargla/robot_movement/build/movement_info
"movement_info_movement_gtest" start time: Jan 02 17:33 CET
Output:
----------------------------------------------------------
-- run_test.py: invoking following command in '/home/kargla/robot_movement/build/movement_info':
 - /home/kargla/robot_movement/build/movement_info/movement_info_movement_gtest --gtest_output=xml:/home/kargla/robot_movement/build/movement_info/test_results/movement_info/movement_info_movement_gtest.gtest.xml
[==========] Running 3 tests from 2 test suites.
[----------] Global test environment set-up.
[----------] 2 tests from MovementTest
[ RUN      ] MovementTest.HeadingDeterminationTest
[INFO] [1735835586.041505075] [movement]: Direction treshold: '0.100000'
[INFO] [1735835586.041599991] [movement]: Heading treshold: '0.100000'
[INFO] [1735835586.041613960] [movement]: Movement topic: '/movement_info'
[INFO] [1735835586.041624786] [movement]: Odometry topic: '/diff_drive/odom'
[INFO] [1735835586.041635262] [movement]: Velocity topic: '/diff_drive/cmd_vel'
/home/kargla/robot_movement/src/movement_info/test/movement_test.cpp:16: Failure
Expected equality of these values:
  movement.getMessage().heading
    Which is: ""
  movement_info_msgs::msg::MovementInfo::STRAIGHT
    Which is: "straight"
[  FAILED  ] MovementTest.HeadingDeterminationTest (21 ms)
[ RUN      ] MovementTest.MovementInfoPublishingTest
[       OK ] MovementTest.MovementInfoPublishingTest (7 ms)
[----------] 2 tests from MovementTest (28 ms total)

[----------] 1 test from MovementTEST
[ RUN      ] MovementTEST.DirectionDeterminationTest
[INFO] [1735835586.062426096] [movement]: Direction treshold: '0.100000'
[INFO] [1735835586.062614671] [movement]: Heading treshold: '0.100000'
[INFO] [1735835586.062632202] [movement]: Movement topic: '/movement_info'
[INFO] [1735835586.062644703] [movement]: Odometry topic: '/diff_drive/odom'
[INFO] [1735835586.062656507] [movement]: Velocity topic: '/diff_drive/cmd_vel'
/home/kargla/robot_movement/src/movement_info/test/movement_test.cpp:40: Failure
Expected equality of these values:
  movement.getMessage().movement
    Which is: ""
  movement_info_msgs::msg::MovementInfo::STANDSTILL
    Which is: "standstill"
[  FAILED  ] MovementTEST.DirectionDeterminationTest (8 ms)
[----------] 1 test from MovementTEST (8 ms total)

[----------] Global test environment tear-down
[==========] 3 tests from 2 test suites ran. (36 ms total)
[  PASSED  ] 1 test.
[  FAILED  ] 2 tests, listed below:
[  FAILED  ] MovementTest.HeadingDeterminationTest
[  FAILED  ] MovementTEST.DirectionDeterminationTest

 2 FAILED TESTS
-- run_test.py: return code 1
-- run_test.py: inject classname prefix into gtest result file '/home/kargla/robot_movement/build/movement_info/test_results/movement_info/movement_info_movement_gtest.gtest.xml'
-- run_test.py: verify result file '/home/kargla/robot_movement/build/movement_info/test_results/movement_info/movement_info_movement_gtest.gtest.xml'
<end of output>
Test time =   0.22 sec
----------------------------------------------------------
Test Failed.
"movement_info_movement_gtest" end time: Jan 02 17:33 CET
"movement_info_movement_gtest" time elapsed: 00:00:00
----------------------------------------------------------

2/2 Testing: movement_info_movement_gmock
2/2 Test: movement_info_movement_gmock
Command: "/usr/bin/python3" "-u" "/opt/ros/humble/share/ament_cmake_test/cmake/run_test.py" "/home/kargla/robot_movement/build/movement_info/test_results/movement_info/movement_info_movement_gmock.gtest.xml" "--package-name" "movement_info" "--output-file" "/home/kargla/robot_movement/build/movement_info/ament_cmake_gmock/movement_info_movement_gmock.txt" "--command" "/home/kargla/robot_movement/build/movement_info/movement_info_movement_gmock" "--gtest_output=xml:/home/kargla/robot_movement/build/movement_info/test_results/movement_info/movement_info_movement_gmock.gtest.xml"
Directory: /home/kargla/robot_movement/build/movement_info
"movement_info_movement_gmock" start time: Jan 02 17:33 CET
Output:
----------------------------------------------------------
-- run_test.py: invoking following command in '/home/kargla/robot_movement/build/movement_info':
 - /home/kargla/robot_movement/build/movement_info/movement_info_movement_gmock --gtest_output=xml:/home/kargla/robot_movement/build/movement_info/test_results/movement_info/movement_info_movement_gmock.gtest.xml
[==========] Running 3 tests from 2 test suites.
[----------] Global test environment set-up.
[----------] 2 tests from MovementTest
[ RUN      ] MovementTest.HeadingDeterminationTest
[INFO] [1735835586.263051941] [movement]: Direction treshold: '0.100000'
[INFO] [1735835586.263162641] [movement]: Heading treshold: '0.100000'
[INFO] [1735835586.263177867] [movement]: Movement topic: '/movement_info'
[INFO] [1735835586.263188483] [movement]: Odometry topic: '/diff_drive/odom'
[INFO] [1735835586.263199728] [movement]: Velocity topic: '/diff_drive/cmd_vel'
/home/kargla/robot_movement/src/movement_info/test/movement_test.cpp:16: Failure
Expected equality of these values:
  movement.getMessage().heading
    Which is: ""
  movement_info_msgs::msg::MovementInfo::STRAIGHT
    Which is: "straight"
[  FAILED  ] MovementTest.HeadingDeterminationTest (24 ms)
[ RUN      ] MovementTest.MovementInfoPublishingTest
[       OK ] MovementTest.MovementInfoPublishingTest (8 ms)
[----------] 2 tests from MovementTest (32 ms total)

[----------] 1 test from MovementTEST
[ RUN      ] MovementTEST.DirectionDeterminationTest
[INFO] [1735835586.287219109] [movement]: Direction treshold: '0.100000'
[INFO] [1735835586.287265135] [movement]: Heading treshold: '0.100000'
[INFO] [1735835586.287277497] [movement]: Movement topic: '/movement_info'
[INFO] [1735835586.287290977] [movement]: Odometry topic: '/diff_drive/odom'
[INFO] [1735835586.287303269] [movement]: Velocity topic: '/diff_drive/cmd_vel'
/home/kargla/robot_movement/src/movement_info/test/movement_test.cpp:40: Failure
Expected equality of these values:
  movement.getMessage().movement
    Which is: ""
  movement_info_msgs::msg::MovementInfo::STANDSTILL
    Which is: "standstill"
[  FAILED  ] MovementTEST.DirectionDeterminationTest (7 ms)
[----------] 1 test from MovementTEST (7 ms total)

[----------] Global test environment tear-down
[==========] 3 tests from 2 test suites ran. (39 ms total)
[  PASSED  ] 1 test.
[  FAILED  ] 2 tests, listed below:
[  FAILED  ] MovementTest.HeadingDeterminationTest
[  FAILED  ] MovementTEST.DirectionDeterminationTest

 2 FAILED TESTS
-- run_test.py: return code 1
-- run_test.py: inject classname prefix into gtest result file '/home/kargla/robot_movement/build/movement_info/test_results/movement_info/movement_info_movement_gmock.gtest.xml'
-- run_test.py: verify result file '/home/kargla/robot_movement/build/movement_info/test_results/movement_info/movement_info_movement_gmock.gtest.xml'
<end of output>
Test time =   0.22 sec
----------------------------------------------------------
Test Failed.
"movement_info_movement_gmock" end time: Jan 02 17:33 CET
"movement_info_movement_gmock" time elapsed: 00:00:00
----------------------------------------------------------

End testing: Jan 02 17:33 CET

gmock =   0.22 sec*proc

gtest =   0.22 sec*proc

