Start testing: Jan 02 16:19 CET
----------------------------------------------------------
1/2 Testing: movement_info_movement_gtest
1/2 Test: movement_info_movement_gtest
Command: "/usr/bin/python3" "-u" "/opt/ros/humble/share/ament_cmake_test/cmake/run_test.py" "/home/kargla/robot_movement/build/movement_info/test_results/movement_info/movement_info_movement_gtest.gtest.xml" "--package-name" "movement_info" "--output-file" "/home/kargla/robot_movement/build/movement_info/ament_cmake_gtest/movement_info_movement_gtest.txt" "--command" "/home/kargla/robot_movement/build/movement_info/movement_info_movement_gtest" "--gtest_output=xml:/home/kargla/robot_movement/build/movement_info/test_results/movement_info/movement_info_movement_gtest.gtest.xml"
Directory: /home/kargla/robot_movement/build/movement_info
"movement_info_movement_gtest" start time: Jan 02 16:19 CET
Output:
----------------------------------------------------------
-- run_test.py: invoking following command in '/home/kargla/robot_movement/build/movement_info':
 - /home/kargla/robot_movement/build/movement_info/movement_info_movement_gtest --gtest_output=xml:/home/kargla/robot_movement/build/movement_info/test_results/movement_info/movement_info_movement_gtest.gtest.xml
[==========] Running 3 tests from 2 test suites.
[----------] Global test environment set-up.
[----------] 2 tests from MovementTest
[ RUN      ] MovementTest.HeadingDeterminationTest
[INFO] [1735831179.247758825] [movement]: Direction treshold: '0.100000'
[INFO] [1735831179.247945860] [movement]: Heading treshold: '0.100000'
[INFO] [1735831179.247963111] [movement]: Movement topic: '/movement_info'
[INFO] [1735831179.247976800] [movement]: Odometry topic: '/diff_drive/odom'
[INFO] [1735831179.247990279] [movement]: Velocity topic: '/diff_drive/cmd_vel'
[       OK ] MovementTest.HeadingDeterminationTest (25 ms)
[ RUN      ] MovementTest.MovementInfoPublishingTest
/home/kargla/robot_movement/src/movement_info/test/movement_test.cpp:59: Failure
Actual function call count doesn't match EXPECT_CALL(mockPublisher, publish_movement_info())...
         Expected: to be called once
           Actual: never called - unsatisfied and active
[  FAILED  ] MovementTest.MovementInfoPublishingTest (9 ms)
[----------] 2 tests from MovementTest (34 ms total)

[----------] 1 test from MovementTEST
[ RUN      ] MovementTEST.DirectionDeterminationTest
[INFO] [1735831179.273494544] [movement]: Direction treshold: '0.100000'
[INFO] [1735831179.273566131] [movement]: Heading treshold: '0.100000'
[INFO] [1735831179.273579401] [movement]: Movement topic: '/movement_info'
[INFO] [1735831179.273590925] [movement]: Odometry topic: '/diff_drive/odom'
[INFO] [1735831179.273602798] [movement]: Velocity topic: '/diff_drive/cmd_vel'
[       OK ] MovementTEST.DirectionDeterminationTest (10 ms)
[----------] 1 test from MovementTEST (10 ms total)

[----------] Global test environment tear-down
[==========] 3 tests from 2 test suites ran. (44 ms total)
[  PASSED  ] 2 tests.
[  FAILED  ] 1 test, listed below:
[  FAILED  ] MovementTest.MovementInfoPublishingTest

 1 FAILED TEST
-- run_test.py: return code 1
-- run_test.py: inject classname prefix into gtest result file '/home/kargla/robot_movement/build/movement_info/test_results/movement_info/movement_info_movement_gtest.gtest.xml'
-- run_test.py: verify result file '/home/kargla/robot_movement/build/movement_info/test_results/movement_info/movement_info_movement_gtest.gtest.xml'
<end of output>
Test time =   0.29 sec
----------------------------------------------------------
Test Failed.
"movement_info_movement_gtest" end time: Jan 02 16:19 CET
"movement_info_movement_gtest" time elapsed: 00:00:00
----------------------------------------------------------

2/2 Testing: movement_info_movement_gmock
2/2 Test: movement_info_movement_gmock
Command: "/usr/bin/python3" "-u" "/opt/ros/humble/share/ament_cmake_test/cmake/run_test.py" "/home/kargla/robot_movement/build/movement_info/test_results/movement_info/movement_info_movement_gmock.gtest.xml" "--package-name" "movement_info" "--output-file" "/home/kargla/robot_movement/build/movement_info/ament_cmake_gmock/movement_info_movement_gmock.txt" "--command" "/home/kargla/robot_movement/build/movement_info/movement_info_movement_gmock" "--gtest_output=xml:/home/kargla/robot_movement/build/movement_info/test_results/movement_info/movement_info_movement_gmock.gtest.xml"
Directory: /home/kargla/robot_movement/build/movement_info
"movement_info_movement_gmock" start time: Jan 02 16:19 CET
Output:
----------------------------------------------------------
-- run_test.py: invoking following command in '/home/kargla/robot_movement/build/movement_info':
 - /home/kargla/robot_movement/build/movement_info/movement_info_movement_gmock --gtest_output=xml:/home/kargla/robot_movement/build/movement_info/test_results/movement_info/movement_info_movement_gmock.gtest.xml
[==========] Running 3 tests from 2 test suites.
[----------] Global test environment set-up.
[----------] 2 tests from MovementTest
[ RUN      ] MovementTest.HeadingDeterminationTest
[INFO] [1735831179.519729794] [movement]: Direction treshold: '0.100000'
[INFO] [1735831179.520022568] [movement]: Heading treshold: '0.100000'
[INFO] [1735831179.520043451] [movement]: Movement topic: '/movement_info'
[INFO] [1735831179.520058397] [movement]: Odometry topic: '/diff_drive/odom'
[INFO] [1735831179.520074041] [movement]: Velocity topic: '/diff_drive/cmd_vel'
[       OK ] MovementTest.HeadingDeterminationTest (27 ms)
[ RUN      ] MovementTest.MovementInfoPublishingTest
/home/kargla/robot_movement/src/movement_info/test/movement_test.cpp:59: Failure
Actual function call count doesn't match EXPECT_CALL(mockPublisher, publish_movement_info())...
         Expected: to be called once
           Actual: never called - unsatisfied and active
[  FAILED  ] MovementTest.MovementInfoPublishingTest (12 ms)
[----------] 2 tests from MovementTest (39 ms total)

[----------] 1 test from MovementTEST
[ RUN      ] MovementTEST.DirectionDeterminationTest
[INFO] [1735831179.546864641] [movement]: Direction treshold: '0.100000'
[INFO] [1735831179.546973593] [movement]: Heading treshold: '0.100000'
[INFO] [1735831179.546989238] [movement]: Movement topic: '/movement_info'
[INFO] [1735831179.547004603] [movement]: Odometry topic: '/diff_drive/odom'
[INFO] [1735831179.547020666] [movement]: Velocity topic: '/diff_drive/cmd_vel'
[       OK ] MovementTEST.DirectionDeterminationTest (19 ms)
[----------] 1 test from MovementTEST (19 ms total)

[----------] Global test environment tear-down
[==========] 3 tests from 2 test suites ran. (58 ms total)
[  PASSED  ] 2 tests.
[  FAILED  ] 1 test, listed below:
[  FAILED  ] MovementTest.MovementInfoPublishingTest

 1 FAILED TEST
-- run_test.py: return code 1
-- run_test.py: inject classname prefix into gtest result file '/home/kargla/robot_movement/build/movement_info/test_results/movement_info/movement_info_movement_gmock.gtest.xml'
-- run_test.py: verify result file '/home/kargla/robot_movement/build/movement_info/test_results/movement_info/movement_info_movement_gmock.gtest.xml'
<end of output>
Test time =   0.28 sec
----------------------------------------------------------
Test Failed.
"movement_info_movement_gmock" end time: Jan 02 16:19 CET
"movement_info_movement_gmock" time elapsed: 00:00:00
----------------------------------------------------------

End testing: Jan 02 16:19 CET

gmock =   0.28 sec*proc

gtest =   0.29 sec*proc

