Start testing: Dec 27 16:50 CET
----------------------------------------------------------
1/1 Testing: movement_info_movement_test
1/1 Test: movement_info_movement_test
Command: "/usr/bin/python3" "-u" "/opt/ros/humble/share/ament_cmake_test/cmake/run_test.py" "/home/kargla/robot_movement/build/movement_info/test_results/movement_info/movement_info_movement_test.gtest.xml" "--package-name" "movement_info" "--output-file" "/home/kargla/robot_movement/build/movement_info/ament_cmake_gtest/movement_info_movement_test.txt" "--command" "/home/kargla/robot_movement/build/movement_info/movement_info_movement_test" "--gtest_output=xml:/home/kargla/robot_movement/build/movement_info/test_results/movement_info/movement_info_movement_test.gtest.xml"
Directory: /home/kargla/robot_movement/build/movement_info
"movement_info_movement_test" start time: Dec 27 16:50 CET
Output:
----------------------------------------------------------
-- run_test.py: invoking following command in '/home/kargla/robot_movement/build/movement_info':
 - /home/kargla/robot_movement/build/movement_info/movement_info_movement_test --gtest_output=xml:/home/kargla/robot_movement/build/movement_info/test_results/movement_info/movement_info_movement_test.gtest.xml
[==========] Running 1 test from 1 test suite.
[----------] Global test environment set-up.
[----------] 1 test from MovementTest
[ RUN      ] MovementTest.test1
/home/kargla/robot_movement/src/movement_info/test/movement_test.cpp:5: Failure
Expected equality of these values:
  1
  0
[  FAILED  ] MovementTest.test1 (0 ms)
[----------] 1 test from MovementTest (0 ms total)

[----------] Global test environment tear-down
[==========] 1 test from 1 test suite ran. (1 ms total)
[  PASSED  ] 0 tests.
[  FAILED  ] 1 test, listed below:
[  FAILED  ] MovementTest.test1

 1 FAILED TEST
-- run_test.py: return code 1
-- run_test.py: inject classname prefix into gtest result file '/home/kargla/robot_movement/build/movement_info/test_results/movement_info/movement_info_movement_test.gtest.xml'
-- run_test.py: verify result file '/home/kargla/robot_movement/build/movement_info/test_results/movement_info/movement_info_movement_test.gtest.xml'
<end of output>
Test time =   0.07 sec
----------------------------------------------------------
Test Failed.
"movement_info_movement_test" end time: Dec 27 16:50 CET
"movement_info_movement_test" time elapsed: 00:00:00
----------------------------------------------------------

End testing: Dec 27 16:50 CET

gtest =   0.07 sec*proc

