Start testing: Jan 01 14:48 CET
----------------------------------------------------------
1/2 Testing: movement_info_movement_gtest
1/2 Test: movement_info_movement_gtest
Command: "/usr/bin/python3" "-u" "/opt/ros/humble/share/ament_cmake_test/cmake/run_test.py" "/home/kargla/robot_movement/build/movement_info/test_results/movement_info/movement_info_movement_gtest.gtest.xml" "--package-name" "movement_info" "--output-file" "/home/kargla/robot_movement/build/movement_info/ament_cmake_gtest/movement_info_movement_gtest.txt" "--command" "/home/kargla/robot_movement/build/movement_info/movement_info_movement_gtest" "--gtest_output=xml:/home/kargla/robot_movement/build/movement_info/test_results/movement_info/movement_info_movement_gtest.gtest.xml"
Directory: /home/kargla/robot_movement/build/movement_info
"movement_info_movement_gtest" start time: Jan 01 14:48 CET
Output:
----------------------------------------------------------
-- run_test.py: invoking following command in '/home/kargla/robot_movement/build/movement_info':
 - /home/kargla/robot_movement/build/movement_info/movement_info_movement_gtest --gtest_output=xml:/home/kargla/robot_movement/build/movement_info/test_results/movement_info/movement_info_movement_gtest.gtest.xml
[==========] Running 1 test from 1 test suite.
[----------] Global test environment set-up.
[----------] 1 test from MovementTest
[ RUN      ] MovementTest.HeadingDeterminationTest1
[INFO] [1735739283.693692254] [movement]: Direction treshold: '0.100000'
[INFO] [1735739283.693891441] [movement]: Heading treshold: '0.100000'
[INFO] [1735739283.693907784] [movement]: Movement topic: '/movement_info'
[INFO] [1735739283.693921054] [movement]: Odometry topic: '/diff_drive/odom'
[INFO] [1735739283.693934045] [movement]: Velocity topic: '/diff_drive/cmd_vel'
[       OK ] MovementTest.HeadingDeterminationTest1 (24 ms)
[----------] 1 test from MovementTest (24 ms total)

[----------] Global test environment tear-down
[==========] 1 test from 1 test suite ran. (24 ms total)
[  PASSED  ] 1 test.
-- run_test.py: return code 0
-- run_test.py: inject classname prefix into gtest result file '/home/kargla/robot_movement/build/movement_info/test_results/movement_info/movement_info_movement_gtest.gtest.xml'
-- run_test.py: verify result file '/home/kargla/robot_movement/build/movement_info/test_results/movement_info/movement_info_movement_gtest.gtest.xml'
<end of output>
Test time =   0.24 sec
----------------------------------------------------------
Test Passed.
"movement_info_movement_gtest" end time: Jan 01 14:48 CET
"movement_info_movement_gtest" time elapsed: 00:00:00
----------------------------------------------------------

2/2 Testing: movement_info_movement_gmock
2/2 Test: movement_info_movement_gmock
Command: "/usr/bin/python3" "-u" "/opt/ros/humble/share/ament_cmake_test/cmake/run_test.py" "/home/kargla/robot_movement/build/movement_info/test_results/movement_info/movement_info_movement_gmock.gtest.xml" "--package-name" "movement_info" "--output-file" "/home/kargla/robot_movement/build/movement_info/ament_cmake_gmock/movement_info_movement_gmock.txt" "--command" "/home/kargla/robot_movement/build/movement_info/movement_info_movement_gmock" "--gtest_output=xml:/home/kargla/robot_movement/build/movement_info/test_results/movement_info/movement_info_movement_gmock.gtest.xml"
Directory: /home/kargla/robot_movement/build/movement_info
"movement_info_movement_gmock" start time: Jan 01 14:48 CET
Output:
----------------------------------------------------------
-- run_test.py: invoking following command in '/home/kargla/robot_movement/build/movement_info':
 - /home/kargla/robot_movement/build/movement_info/movement_info_movement_gmock --gtest_output=xml:/home/kargla/robot_movement/build/movement_info/test_results/movement_info/movement_info_movement_gmock.gtest.xml
[==========] Running 1 test from 1 test suite.
[----------] Global test environment set-up.
[----------] 1 test from MovementTest
[ RUN      ] MovementTest.HeadingDeterminationTest1
[INFO] [1735739283.939802479] [movement]: Direction treshold: '0.100000'
[INFO] [1735739283.939980435] [movement]: Heading treshold: '0.100000'
[INFO] [1735739283.940001807] [movement]: Movement topic: '/movement_info'
[INFO] [1735739283.940015705] [movement]: Odometry topic: '/diff_drive/odom'
[INFO] [1735739283.940031769] [movement]: Velocity topic: '/diff_drive/cmd_vel'
[       OK ] MovementTest.HeadingDeterminationTest1 (27 ms)
[----------] 1 test from MovementTest (27 ms total)

[----------] Global test environment tear-down
[==========] 1 test from 1 test suite ran. (27 ms total)
[  PASSED  ] 1 test.
-- run_test.py: return code 0
-- run_test.py: inject classname prefix into gtest result file '/home/kargla/robot_movement/build/movement_info/test_results/movement_info/movement_info_movement_gmock.gtest.xml'
-- run_test.py: verify result file '/home/kargla/robot_movement/build/movement_info/test_results/movement_info/movement_info_movement_gmock.gtest.xml'
<end of output>
Test time =   0.26 sec
----------------------------------------------------------
Test Passed.
"movement_info_movement_gmock" end time: Jan 01 14:48 CET
"movement_info_movement_gmock" time elapsed: 00:00:00
----------------------------------------------------------

End testing: Jan 01 14:48 CET

gmock =   0.26 sec*proc

gtest =   0.24 sec*proc

