Start testing: Jan 02 17:10 CET
----------------------------------------------------------
1/2 Testing: movement_info_movement_gtest
1/2 Test: movement_info_movement_gtest
Command: "/usr/bin/python3" "-u" "/opt/ros/humble/share/ament_cmake_test/cmake/run_test.py" "/home/kargla/robot_movement/build/movement_info/test_results/movement_info/movement_info_movement_gtest.gtest.xml" "--package-name" "movement_info" "--output-file" "/home/kargla/robot_movement/build/movement_info/ament_cmake_gtest/movement_info_movement_gtest.txt" "--command" "/home/kargla/robot_movement/build/movement_info/movement_info_movement_gtest" "--gtest_output=xml:/home/kargla/robot_movement/build/movement_info/test_results/movement_info/movement_info_movement_gtest.gtest.xml"
Directory: /home/kargla/robot_movement/build/movement_info
"movement_info_movement_gtest" start time: Jan 02 17:10 CET
Output:
----------------------------------------------------------
-- run_test.py: invoking following command in '/home/kargla/robot_movement/build/movement_info':
 - /home/kargla/robot_movement/build/movement_info/movement_info_movement_gtest --gtest_output=xml:/home/kargla/robot_movement/build/movement_info/test_results/movement_info/movement_info_movement_gtest.gtest.xml
[==========] Running 3 tests from 2 test suites.
[----------] Global test environment set-up.
[----------] 2 tests from MovementTest
[ RUN      ] MovementTest.HeadingDeterminationTest
[INFO] [1735834225.178937965] [movement]: Direction treshold: '0.100000'
[INFO] [1735834225.179042730] [movement]: Heading treshold: '0.100000'
[INFO] [1735834225.179057327] [movement]: Movement topic: '/movement_info'
[INFO] [1735834225.179069689] [movement]: Odometry topic: '/diff_drive/odom'
[INFO] [1735834225.179081702] [movement]: Velocity topic: '/diff_drive/cmd_vel'
[       OK ] MovementTest.HeadingDeterminationTest (17 ms)
[ RUN      ] MovementTest.MovementInfoPublishingTest
/home/kargla/robot_movement/src/movement_info/test/movement_test.cpp:65: Failure
Expected equality of these values:
  message.heading
    Which is: "straight"
  movement_info_msgs::msg::MovementInfo::FORWARD
    Which is: "forward"
[  FAILED  ] MovementTest.MovementInfoPublishingTest (7 ms)
[----------] 2 tests from MovementTest (24 ms total)

[----------] 1 test from MovementTEST
[ RUN      ] MovementTEST.DirectionDeterminationTest
[INFO] [1735834225.197138066] [movement]: Direction treshold: '0.100000'
[INFO] [1735834225.197229560] [movement]: Heading treshold: '0.100000'
[INFO] [1735834225.197243808] [movement]: Movement topic: '/movement_info'
[INFO] [1735834225.197256590] [movement]: Odometry topic: '/diff_drive/odom'
[INFO] [1735834225.197268812] [movement]: Velocity topic: '/diff_drive/cmd_vel'
[       OK ] MovementTEST.DirectionDeterminationTest (8 ms)
[----------] 1 test from MovementTEST (8 ms total)

[----------] Global test environment tear-down
[==========] 3 tests from 2 test suites ran. (33 ms total)
[  PASSED  ] 2 tests.
[  FAILED  ] 1 test, listed below:
[  FAILED  ] MovementTest.MovementInfoPublishingTest

 1 FAILED TEST
-- run_test.py: return code 1
-- run_test.py: inject classname prefix into gtest result file '/home/kargla/robot_movement/build/movement_info/test_results/movement_info/movement_info_movement_gtest.gtest.xml'
-- run_test.py: verify result file '/home/kargla/robot_movement/build/movement_info/test_results/movement_info/movement_info_movement_gtest.gtest.xml'
<end of output>
Test time =   0.22 sec
----------------------------------------------------------
Test Failed.
"movement_info_movement_gtest" end time: Jan 02 17:10 CET
"movement_info_movement_gtest" time elapsed: 00:00:00
----------------------------------------------------------

2/2 Testing: movement_info_movement_gmock
2/2 Test: movement_info_movement_gmock
Command: "/usr/bin/python3" "-u" "/opt/ros/humble/share/ament_cmake_test/cmake/run_test.py" "/home/kargla/robot_movement/build/movement_info/test_results/movement_info/movement_info_movement_gmock.gtest.xml" "--package-name" "movement_info" "--output-file" "/home/kargla/robot_movement/build/movement_info/ament_cmake_gmock/movement_info_movement_gmock.txt" "--command" "/home/kargla/robot_movement/build/movement_info/movement_info_movement_gmock" "--gtest_output=xml:/home/kargla/robot_movement/build/movement_info/test_results/movement_info/movement_info_movement_gmock.gtest.xml"
Directory: /home/kargla/robot_movement/build/movement_info
"movement_info_movement_gmock" start time: Jan 02 17:10 CET
Output:
----------------------------------------------------------
-- run_test.py: invoking following command in '/home/kargla/robot_movement/build/movement_info':
 - /home/kargla/robot_movement/build/movement_info/movement_info_movement_gmock --gtest_output=xml:/home/kargla/robot_movement/build/movement_info/test_results/movement_info/movement_info_movement_gmock.gtest.xml
[==========] Running 3 tests from 2 test suites.
[----------] Global test environment set-up.
[----------] 2 tests from MovementTest
[ RUN      ] MovementTest.HeadingDeterminationTest
[INFO] [1735834225.396633267] [movement]: Direction treshold: '0.100000'
[INFO] [1735834225.396731048] [movement]: Heading treshold: '0.100000'
[INFO] [1735834225.396744947] [movement]: Movement topic: '/movement_info'
[INFO] [1735834225.396756331] [movement]: Odometry topic: '/diff_drive/odom'
[INFO] [1735834225.396767786] [movement]: Velocity topic: '/diff_drive/cmd_vel'
[       OK ] MovementTest.HeadingDeterminationTest (16 ms)
[ RUN      ] MovementTest.MovementInfoPublishingTest
/home/kargla/robot_movement/src/movement_info/test/movement_test.cpp:65: Failure
Expected equality of these values:
  message.heading
    Which is: "straight"
  movement_info_msgs::msg::MovementInfo::FORWARD
    Which is: "forward"
[  FAILED  ] MovementTest.MovementInfoPublishingTest (6 ms)
[----------] 2 tests from MovementTest (22 ms total)

[----------] 1 test from MovementTEST
[ RUN      ] MovementTEST.DirectionDeterminationTest
[INFO] [1735834225.410938141] [movement]: Direction treshold: '0.100000'
[INFO] [1735834225.410985983] [movement]: Heading treshold: '0.100000'
[INFO] [1735834225.411000651] [movement]: Movement topic: '/movement_info'
[INFO] [1735834225.411014619] [movement]: Odometry topic: '/diff_drive/odom'
[INFO] [1735834225.411028797] [movement]: Velocity topic: '/diff_drive/cmd_vel'
[       OK ] MovementTEST.DirectionDeterminationTest (11 ms)
[----------] 1 test from MovementTEST (11 ms total)

[----------] Global test environment tear-down
[==========] 3 tests from 2 test suites ran. (33 ms total)
[  PASSED  ] 2 tests.
[  FAILED  ] 1 test, listed below:
[  FAILED  ] MovementTest.MovementInfoPublishingTest

 1 FAILED TEST
-- run_test.py: return code 1
-- run_test.py: inject classname prefix into gtest result file '/home/kargla/robot_movement/build/movement_info/test_results/movement_info/movement_info_movement_gmock.gtest.xml'
-- run_test.py: verify result file '/home/kargla/robot_movement/build/movement_info/test_results/movement_info/movement_info_movement_gmock.gtest.xml'
<end of output>
Test time =   0.21 sec
----------------------------------------------------------
Test Failed.
"movement_info_movement_gmock" end time: Jan 02 17:10 CET
"movement_info_movement_gmock" time elapsed: 00:00:00
----------------------------------------------------------

End testing: Jan 02 17:10 CET

gmock =   0.21 sec*proc

gtest =   0.22 sec*proc

