Start testing: Jan 01 14:56 CET
----------------------------------------------------------
1/2 Testing: movement_info_movement_gtest
1/2 Test: movement_info_movement_gtest
Command: "/usr/bin/python3" "-u" "/opt/ros/humble/share/ament_cmake_test/cmake/run_test.py" "/home/kargla/robot_movement/build/movement_info/test_results/movement_info/movement_info_movement_gtest.gtest.xml" "--package-name" "movement_info" "--output-file" "/home/kargla/robot_movement/build/movement_info/ament_cmake_gtest/movement_info_movement_gtest.txt" "--command" "/home/kargla/robot_movement/build/movement_info/movement_info_movement_gtest" "--gtest_output=xml:/home/kargla/robot_movement/build/movement_info/test_results/movement_info/movement_info_movement_gtest.gtest.xml"
Directory: /home/kargla/robot_movement/build/movement_info
"movement_info_movement_gtest" start time: Jan 01 14:56 CET
Output:
----------------------------------------------------------
-- run_test.py: invoking following command in '/home/kargla/robot_movement/build/movement_info':
 - /home/kargla/robot_movement/build/movement_info/movement_info_movement_gtest --gtest_output=xml:/home/kargla/robot_movement/build/movement_info/test_results/movement_info/movement_info_movement_gtest.gtest.xml
[==========] Running 2 tests from 2 test suites.
[----------] Global test environment set-up.
[----------] 1 test from MovementTest
[ RUN      ] MovementTest.HeadingDeterminationTest
[INFO] [1735739817.888811989] [movement]: Direction treshold: '0.100000'
[INFO] [1735739817.889096314] [movement]: Heading treshold: '0.100000'
[INFO] [1735739817.889115450] [movement]: Movement topic: '/movement_info'
[INFO] [1735739817.889130676] [movement]: Odometry topic: '/diff_drive/odom'
[INFO] [1735739817.889144155] [movement]: Velocity topic: '/diff_drive/cmd_vel'
[       OK ] MovementTest.HeadingDeterminationTest (27 ms)
[----------] 1 test from MovementTest (27 ms total)

[----------] 1 test from MovementTEST
[ RUN      ] MovementTEST.DirectionDeterminationTest
[INFO] [1735739817.902269678] [movement]: Direction treshold: '0.100000'
[INFO] [1735739817.902336377] [movement]: Heading treshold: '0.100000'
[INFO] [1735739817.902351672] [movement]: Movement topic: '/movement_info'
[INFO] [1735739817.902366339] [movement]: Odometry topic: '/diff_drive/odom'
[INFO] [1735739817.902378282] [movement]: Velocity topic: '/diff_drive/cmd_vel'
[       OK ] MovementTEST.DirectionDeterminationTest (16 ms)
[----------] 1 test from MovementTEST (16 ms total)

[----------] Global test environment tear-down
[==========] 2 tests from 2 test suites ran. (43 ms total)
[  PASSED  ] 2 tests.
-- run_test.py: return code 0
-- run_test.py: inject classname prefix into gtest result file '/home/kargla/robot_movement/build/movement_info/test_results/movement_info/movement_info_movement_gtest.gtest.xml'
-- run_test.py: verify result file '/home/kargla/robot_movement/build/movement_info/test_results/movement_info/movement_info_movement_gtest.gtest.xml'
<end of output>
Test time =   0.26 sec
----------------------------------------------------------
Test Passed.
"movement_info_movement_gtest" end time: Jan 01 14:56 CET
"movement_info_movement_gtest" time elapsed: 00:00:00
----------------------------------------------------------

2/2 Testing: movement_info_movement_gmock
2/2 Test: movement_info_movement_gmock
Command: "/usr/bin/python3" "-u" "/opt/ros/humble/share/ament_cmake_test/cmake/run_test.py" "/home/kargla/robot_movement/build/movement_info/test_results/movement_info/movement_info_movement_gmock.gtest.xml" "--package-name" "movement_info" "--output-file" "/home/kargla/robot_movement/build/movement_info/ament_cmake_gmock/movement_info_movement_gmock.txt" "--command" "/home/kargla/robot_movement/build/movement_info/movement_info_movement_gmock" "--gtest_output=xml:/home/kargla/robot_movement/build/movement_info/test_results/movement_info/movement_info_movement_gmock.gtest.xml"
Directory: /home/kargla/robot_movement/build/movement_info
"movement_info_movement_gmock" start time: Jan 01 14:56 CET
Output:
----------------------------------------------------------
-- run_test.py: invoking following command in '/home/kargla/robot_movement/build/movement_info':
 - /home/kargla/robot_movement/build/movement_info/movement_info_movement_gmock --gtest_output=xml:/home/kargla/robot_movement/build/movement_info/test_results/movement_info/movement_info_movement_gmock.gtest.xml
[==========] Running 2 tests from 2 test suites.
[----------] Global test environment set-up.
[----------] 1 test from MovementTest
[ RUN      ] MovementTest.HeadingDeterminationTest
[INFO] [1735739818.167362250] [movement]: Direction treshold: '0.100000'
[INFO] [1735739818.167948988] [movement]: Heading treshold: '0.100000'
[INFO] [1735739818.168023020] [movement]: Movement topic: '/movement_info'
[INFO] [1735739818.168060176] [movement]: Odometry topic: '/diff_drive/odom'
[INFO] [1735739818.168097192] [movement]: Velocity topic: '/diff_drive/cmd_vel'
[       OK ] MovementTest.HeadingDeterminationTest (36 ms)
[----------] 1 test from MovementTest (36 ms total)

[----------] 1 test from MovementTEST
[ RUN      ] MovementTEST.DirectionDeterminationTest
[INFO] [1735739818.187482190] [movement]: Direction treshold: '0.100000'
[INFO] [1735739818.187555942] [movement]: Heading treshold: '0.100000'
[INFO] [1735739818.187573333] [movement]: Movement topic: '/movement_info'
[INFO] [1735739818.187587371] [movement]: Odometry topic: '/diff_drive/odom'
[INFO] [1735739818.187602107] [movement]: Velocity topic: '/diff_drive/cmd_vel'
[       OK ] MovementTEST.DirectionDeterminationTest (21 ms)
[----------] 1 test from MovementTEST (21 ms total)

[----------] Global test environment tear-down
[==========] 2 tests from 2 test suites ran. (57 ms total)
[  PASSED  ] 2 tests.
-- run_test.py: return code 0
-- run_test.py: inject classname prefix into gtest result file '/home/kargla/robot_movement/build/movement_info/test_results/movement_info/movement_info_movement_gmock.gtest.xml'
-- run_test.py: verify result file '/home/kargla/robot_movement/build/movement_info/test_results/movement_info/movement_info_movement_gmock.gtest.xml'
<end of output>
Test time =   0.30 sec
----------------------------------------------------------
Test Passed.
"movement_info_movement_gmock" end time: Jan 01 14:56 CET
"movement_info_movement_gmock" time elapsed: 00:00:00
----------------------------------------------------------

End testing: Jan 01 14:56 CET

gmock =   0.30 sec*proc

gtest =   0.26 sec*proc

