Start testing: Jan 02 16:16 CET
----------------------------------------------------------
1/2 Testing: movement_info_movement_gtest
1/2 Test: movement_info_movement_gtest
Command: "/usr/bin/python3" "-u" "/opt/ros/humble/share/ament_cmake_test/cmake/run_test.py" "/home/kargla/robot_movement/build/movement_info/test_results/movement_info/movement_info_movement_gtest.gtest.xml" "--package-name" "movement_info" "--output-file" "/home/kargla/robot_movement/build/movement_info/ament_cmake_gtest/movement_info_movement_gtest.txt" "--command" "/home/kargla/robot_movement/build/movement_info/movement_info_movement_gtest" "--gtest_output=xml:/home/kargla/robot_movement/build/movement_info/test_results/movement_info/movement_info_movement_gtest.gtest.xml"
Directory: /home/kargla/robot_movement/build/movement_info
"movement_info_movement_gtest" start time: Jan 02 16:16 CET
Output:
----------------------------------------------------------
-- run_test.py: invoking following command in '/home/kargla/robot_movement/build/movement_info':
 - /home/kargla/robot_movement/build/movement_info/movement_info_movement_gtest --gtest_output=xml:/home/kargla/robot_movement/build/movement_info/test_results/movement_info/movement_info_movement_gtest.gtest.xml
[==========] Running 3 tests from 2 test suites.
[----------] Global test environment set-up.
[----------] 2 tests from MovementTest
[ RUN      ] MovementTest.HeadingDeterminationTest
[INFO] [1735831004.240770680] [movement]: Direction treshold: '0.100000'
[INFO] [1735831004.240905755] [movement]: Heading treshold: '0.100000'
[INFO] [1735831004.240921051] [movement]: Movement topic: '/movement_info'
[INFO] [1735831004.240934321] [movement]: Odometry topic: '/diff_drive/odom'
[INFO] [1735831004.240947870] [movement]: Velocity topic: '/diff_drive/cmd_vel'
[       OK ] MovementTest.HeadingDeterminationTest (18 ms)
[ RUN      ] MovementTest.MovementInfoPublishingTest
[       OK ] MovementTest.MovementInfoPublishingTest (8 ms)
[----------] 2 tests from MovementTest (26 ms total)

[----------] 1 test from MovementTEST
[ RUN      ] MovementTEST.DirectionDeterminationTest
[INFO] [1735831004.258433585] [movement]: Direction treshold: '0.100000'
[INFO] [1735831004.258489039] [movement]: Heading treshold: '0.100000'
[INFO] [1735831004.258501681] [movement]: Movement topic: '/movement_info'
[INFO] [1735831004.258514113] [movement]: Odometry topic: '/diff_drive/odom'
[INFO] [1735831004.258525637] [movement]: Velocity topic: '/diff_drive/cmd_vel'
[       OK ] MovementTEST.DirectionDeterminationTest (8 ms)
[----------] 1 test from MovementTEST (8 ms total)

[----------] Global test environment tear-down
[==========] 3 tests from 2 test suites ran. (34 ms total)
[  PASSED  ] 3 tests.
-- run_test.py: return code 0
-- run_test.py: inject classname prefix into gtest result file '/home/kargla/robot_movement/build/movement_info/test_results/movement_info/movement_info_movement_gtest.gtest.xml'
-- run_test.py: verify result file '/home/kargla/robot_movement/build/movement_info/test_results/movement_info/movement_info_movement_gtest.gtest.xml'
<end of output>
Test time =   0.23 sec
----------------------------------------------------------
Test Passed.
"movement_info_movement_gtest" end time: Jan 02 16:16 CET
"movement_info_movement_gtest" time elapsed: 00:00:00
----------------------------------------------------------

2/2 Testing: movement_info_movement_gmock
2/2 Test: movement_info_movement_gmock
Command: "/usr/bin/python3" "-u" "/opt/ros/humble/share/ament_cmake_test/cmake/run_test.py" "/home/kargla/robot_movement/build/movement_info/test_results/movement_info/movement_info_movement_gmock.gtest.xml" "--package-name" "movement_info" "--output-file" "/home/kargla/robot_movement/build/movement_info/ament_cmake_gmock/movement_info_movement_gmock.txt" "--command" "/home/kargla/robot_movement/build/movement_info/movement_info_movement_gmock" "--gtest_output=xml:/home/kargla/robot_movement/build/movement_info/test_results/movement_info/movement_info_movement_gmock.gtest.xml"
Directory: /home/kargla/robot_movement/build/movement_info
"movement_info_movement_gmock" start time: Jan 02 16:16 CET
Output:
----------------------------------------------------------
-- run_test.py: invoking following command in '/home/kargla/robot_movement/build/movement_info':
 - /home/kargla/robot_movement/build/movement_info/movement_info_movement_gmock --gtest_output=xml:/home/kargla/robot_movement/build/movement_info/test_results/movement_info/movement_info_movement_gmock.gtest.xml
[==========] Running 3 tests from 2 test suites.
[----------] Global test environment set-up.
[----------] 2 tests from MovementTest
[ RUN      ] MovementTest.HeadingDeterminationTest
[INFO] [1735831004.464569736] [movement]: Direction treshold: '0.100000'
[INFO] [1735831004.464729605] [movement]: Heading treshold: '0.100000'
[INFO] [1735831004.464742875] [movement]: Movement topic: '/movement_info'
[INFO] [1735831004.464754818] [movement]: Odometry topic: '/diff_drive/odom'
[INFO] [1735831004.464767739] [movement]: Velocity topic: '/diff_drive/cmd_vel'
[       OK ] MovementTest.HeadingDeterminationTest (19 ms)
[ RUN      ] MovementTest.MovementInfoPublishingTest
[       OK ] MovementTest.MovementInfoPublishingTest (7 ms)
[----------] 2 tests from MovementTest (26 ms total)

[----------] 1 test from MovementTEST
[ RUN      ] MovementTEST.DirectionDeterminationTest
[INFO] [1735831004.481762602] [movement]: Direction treshold: '0.100000'
[INFO] [1735831004.481815193] [movement]: Heading treshold: '0.100000'
[INFO] [1735831004.481828882] [movement]: Movement topic: '/movement_info'
[INFO] [1735831004.481841663] [movement]: Odometry topic: '/diff_drive/odom'
[INFO] [1735831004.481853048] [movement]: Velocity topic: '/diff_drive/cmd_vel'
[       OK ] MovementTEST.DirectionDeterminationTest (7 ms)
[----------] 1 test from MovementTEST (7 ms total)

[----------] Global test environment tear-down
[==========] 3 tests from 2 test suites ran. (33 ms total)
[  PASSED  ] 3 tests.
-- run_test.py: return code 0
-- run_test.py: inject classname prefix into gtest result file '/home/kargla/robot_movement/build/movement_info/test_results/movement_info/movement_info_movement_gmock.gtest.xml'
-- run_test.py: verify result file '/home/kargla/robot_movement/build/movement_info/test_results/movement_info/movement_info_movement_gmock.gtest.xml'
<end of output>
Test time =   0.23 sec
----------------------------------------------------------
Test Passed.
"movement_info_movement_gmock" end time: Jan 02 16:16 CET
"movement_info_movement_gmock" time elapsed: 00:00:00
----------------------------------------------------------

End testing: Jan 02 16:16 CET

gmock =   0.23 sec*proc

gtest =   0.23 sec*proc

