Start testing: Jan 02 17:03 CET
----------------------------------------------------------
1/2 Testing: movement_info_movement_gtest
1/2 Test: movement_info_movement_gtest
Command: "/usr/bin/python3" "-u" "/opt/ros/humble/share/ament_cmake_test/cmake/run_test.py" "/home/kargla/robot_movement/build/movement_info/test_results/movement_info/movement_info_movement_gtest.gtest.xml" "--package-name" "movement_info" "--output-file" "/home/kargla/robot_movement/build/movement_info/ament_cmake_gtest/movement_info_movement_gtest.txt" "--command" "/home/kargla/robot_movement/build/movement_info/movement_info_movement_gtest" "--gtest_output=xml:/home/kargla/robot_movement/build/movement_info/test_results/movement_info/movement_info_movement_gtest.gtest.xml"
Directory: /home/kargla/robot_movement/build/movement_info
"movement_info_movement_gtest" start time: Jan 02 17:03 CET
Output:
----------------------------------------------------------
-- run_test.py: invoking following command in '/home/kargla/robot_movement/build/movement_info':
 - /home/kargla/robot_movement/build/movement_info/movement_info_movement_gtest --gtest_output=xml:/home/kargla/robot_movement/build/movement_info/test_results/movement_info/movement_info_movement_gtest.gtest.xml
[==========] Running 3 tests from 2 test suites.
[----------] Global test environment set-up.
[----------] 2 tests from MovementTest
[ RUN      ] MovementTest.HeadingDeterminationTest
[INFO] [1735833808.368179059] [movement]: Direction treshold: '0.100000'
[INFO] [1735833808.368318258] [movement]: Heading treshold: '0.100000'
[INFO] [1735833808.368332437] [movement]: Movement topic: '/movement_info'
[INFO] [1735833808.368344031] [movement]: Odometry topic: '/diff_drive/odom'
[INFO] [1735833808.368355905] [movement]: Velocity topic: '/diff_drive/cmd_vel'
[       OK ] MovementTest.HeadingDeterminationTest (18 ms)
[ RUN      ] MovementTest.MovementInfoPublishingTest
/home/kargla/robot_movement/src/movement_info/test/movement_test.cpp:59: Failure
Actual function call count doesn't match EXPECT_CALL(mockPublisher, publish_movement_info())...
         Expected: to be called once
           Actual: never called - unsatisfied and active
[  FAILED  ] MovementTest.MovementInfoPublishingTest (7 ms)
[----------] 2 tests from MovementTest (25 ms total)

[----------] 1 test from MovementTEST
[ RUN      ] MovementTEST.DirectionDeterminationTest
[INFO] [1735833808.385428849] [movement]: Direction treshold: '0.100000'
[INFO] [1735833808.385598501] [movement]: Heading treshold: '0.100000'
[INFO] [1735833808.385636496] [movement]: Movement topic: '/movement_info'
[INFO] [1735833808.385672257] [movement]: Odometry topic: '/diff_drive/odom'
[INFO] [1735833808.385701591] [movement]: Velocity topic: '/diff_drive/cmd_vel'
[       OK ] MovementTEST.DirectionDeterminationTest (8 ms)
[----------] 1 test from MovementTEST (8 ms total)

[----------] Global test environment tear-down
[==========] 3 tests from 2 test suites ran. (33 ms total)
[  PASSED  ] 2 tests.
[  FAILED  ] 1 test, listed below:
[  FAILED  ] MovementTest.MovementInfoPublishingTest

 1 FAILED TEST
-- run_test.py: return code 1
-- run_test.py: inject classname prefix into gtest result file '/home/kargla/robot_movement/build/movement_info/test_results/movement_info/movement_info_movement_gtest.gtest.xml'
-- run_test.py: verify result file '/home/kargla/robot_movement/build/movement_info/test_results/movement_info/movement_info_movement_gtest.gtest.xml'
<end of output>
Test time =   0.22 sec
----------------------------------------------------------
Test Failed.
"movement_info_movement_gtest" end time: Jan 02 17:03 CET
"movement_info_movement_gtest" time elapsed: 00:00:00
----------------------------------------------------------

2/2 Testing: movement_info_movement_gmock
2/2 Test: movement_info_movement_gmock
Command: "/usr/bin/python3" "-u" "/opt/ros/humble/share/ament_cmake_test/cmake/run_test.py" "/home/kargla/robot_movement/build/movement_info/test_results/movement_info/movement_info_movement_gmock.gtest.xml" "--package-name" "movement_info" "--output-file" "/home/kargla/robot_movement/build/movement_info/ament_cmake_gmock/movement_info_movement_gmock.txt" "--command" "/home/kargla/robot_movement/build/movement_info/movement_info_movement_gmock" "--gtest_output=xml:/home/kargla/robot_movement/build/movement_info/test_results/movement_info/movement_info_movement_gmock.gtest.xml"
Directory: /home/kargla/robot_movement/build/movement_info
"movement_info_movement_gmock" start time: Jan 02 17:03 CET
Output:
----------------------------------------------------------
-- run_test.py: invoking following command in '/home/kargla/robot_movement/build/movement_info':
 - /home/kargla/robot_movement/build/movement_info/movement_info_movement_gmock --gtest_output=xml:/home/kargla/robot_movement/build/movement_info/test_results/movement_info/movement_info_movement_gmock.gtest.xml
[==========] Running 3 tests from 2 test suites.
[----------] Global test environment set-up.
[----------] 2 tests from MovementTest
[ RUN      ] MovementTest.HeadingDeterminationTest
[INFO] [1735833808.591365399] [movement]: Direction treshold: '0.100000'
[INFO] [1735833808.591609156] [movement]: Heading treshold: '0.100000'
[INFO] [1735833808.591627664] [movement]: Movement topic: '/movement_info'
[INFO] [1735833808.591639887] [movement]: Odometry topic: '/diff_drive/odom'
[INFO] [1735833808.591652389] [movement]: Velocity topic: '/diff_drive/cmd_vel'
[       OK ] MovementTest.HeadingDeterminationTest (21 ms)
[ RUN      ] MovementTest.MovementInfoPublishingTest
/home/kargla/robot_movement/src/movement_info/test/movement_test.cpp:59: Failure
Actual function call count doesn't match EXPECT_CALL(mockPublisher, publish_movement_info())...
         Expected: to be called once
           Actual: never called - unsatisfied and active
[  FAILED  ] MovementTest.MovementInfoPublishingTest (7 ms)
[----------] 2 tests from MovementTest (29 ms total)

[----------] 1 test from MovementTEST
[ RUN      ] MovementTEST.DirectionDeterminationTest
[INFO] [1735833808.609596991] [movement]: Direction treshold: '0.100000'
[INFO] [1735833808.609684226] [movement]: Heading treshold: '0.100000'
[INFO] [1735833808.609700081] [movement]: Movement topic: '/movement_info'
[INFO] [1735833808.609712443] [movement]: Odometry topic: '/diff_drive/odom'
[INFO] [1735833808.609725783] [movement]: Velocity topic: '/diff_drive/cmd_vel'
[       OK ] MovementTEST.DirectionDeterminationTest (7 ms)
[----------] 1 test from MovementTEST (7 ms total)

[----------] Global test environment tear-down
[==========] 3 tests from 2 test suites ran. (36 ms total)
[  PASSED  ] 2 tests.
[  FAILED  ] 1 test, listed below:
[  FAILED  ] MovementTest.MovementInfoPublishingTest

 1 FAILED TEST
-- run_test.py: return code 1
-- run_test.py: inject classname prefix into gtest result file '/home/kargla/robot_movement/build/movement_info/test_results/movement_info/movement_info_movement_gmock.gtest.xml'
-- run_test.py: verify result file '/home/kargla/robot_movement/build/movement_info/test_results/movement_info/movement_info_movement_gmock.gtest.xml'
<end of output>
Test time =   0.23 sec
----------------------------------------------------------
Test Failed.
"movement_info_movement_gmock" end time: Jan 02 17:03 CET
"movement_info_movement_gmock" time elapsed: 00:00:00
----------------------------------------------------------

End testing: Jan 02 17:03 CET

gmock =   0.23 sec*proc

gtest =   0.22 sec*proc

